<?xml version="1.0" encoding="utf-8"?>
<TestRun id="09f39e70-cde5-4323-8b70-612f43cce1a2" name="danii@LAPTOP-D4AU3L2H 2026-09-21 20:19:11" runUser="LAPTOP-D4AU3L2H\danii" xmlns="http://microsoft.com/schemas/VisualStudio/TeamTest/2010">
  <Times creation="2026-09-21T20:19:11.9524157+03:00" queuing="2026-09-21T20:19:11.9524165+03:00" start="2026-09-21T20:19:09.5775272+03:00" finish="2026-09-21T20:19:12.5897026+03:00" />
  <TestSettings name="default" id="cce9298d-fecc-4301-92b7-b84d96d84e28">
    <Deployment runDeploymentRoot="danii_LAPTOP-D4AU3L2H_2026-09-21_20_19_11" />
  </TestSettings>
  <Results>
    <UnitTestResult executionId="96334000-cee8-47b2-a700-cfe4af8a69c5" testId="67ee0a83-9986-4c4c-72eb-2a6f65a4b193" testName="KooliProjekt.Application.UnitTests.Features.MaitsmineTests.List_should_propagate_database_failure" computerName="LAPTOP-D4AU3L2H" duration="00:00:00.0010996" startTime="2026-09-21T20:19:11.9353506+03:00" endTime="2026-09-21T20:19:11.9353508+03:00" testType="13cdc9d9-ddb5-4fa4-a97d-d965ccfc6d4b" outcome="Passed" testListId="8c84fa94-04c1-424b-9868-57a2d4851a1d" relativeResultsDirectory="96334000-cee8-47b2-a700-cfe4af8a69c5" />
    <UnitTestResult executionId="8e135744-2723-493b-8943-137b3ec177bb" testId="bfd05650-e61c-031d-fd5a-c5330ff1b608" testName="KooliProjekt.Application.UnitTests.Features.PartiiTests.Delete_should_return_id_error_without_query_when_id_is_invalid(id: 0)" computerName="LAPTOP-D4AU3L2H" duration="00:00:00.0002245" startTime="2026-09-21T20:19:12.3757047+03:00" endTime="2026-09-21T20:19:12.3757048+03:00" testType="13cdc9d9-ddb5-4fa4-a97d-d965ccfc6d4b" outcome="Passed" testListId="8c84fa94-04c1-424b-9868-57a2d4851a1d" relativeResultsDirectory="8e135744-2723-493b-8943-137b3ec177bb" />
    <UnitTestResult executionId="1e28f75f-208d-4767-a151-11119a745486" testId="74be7f98-a7e4-b325-fabe-8d54c43f4edb" testName="KooliProjekt.Application.UnitTests.Features.OluTests.Get_should_return_dto_when_entity_exists" computerName="LAPTOP-D4AU3L2H" duration="00:00:00.0017695" startTime="2026-09-21T20:19:12.3978111+03:00" endTime="2026-09-21T20:19:12.3978112+03:00" testType="13cdc9d9-ddb5-4fa4-a97d-d965ccfc6d4b" outcome="Passed" testListId="8c84fa94-04c1-424b-9868-57a2d4851a1d" relativeResultsDirectory="1e28f75f-208d-4767-a151-11119a745486" />
    <UnitTestResult executionId="82b43d50-4fe9-4dab-a0eb-c1a9f95b100d" testId="db98b7cd-9310-039c-e020-9c8b447c2076" testName="KooliProjekt.Application.UnitTests.Features.MaitsmineTests.Delete_should_return_id_error_without_query_when_id_is_invalid(id: -10)" computerName="LAPTOP-D4AU3L2H" duration="00:00:00.0003056" startTime="2026-09-21T20:19:11.9323629+03:00" endTime="2026-09-21T20:19:11.9323630+03:00" testType="13cdc9d9-ddb5-4fa4-a97d-d965ccfc6d4b" outcome="Passed" testListId="8c84fa94-04c1-424b-9868-57a2d4851a1d" relativeResultsDirectory="82b43d50-4fe9-4dab-a0eb-c1a9f95b100d" />
    <UnitTestResult executionId="120a44bd-bea0-4e9d-846c-b421d73249fe" testId="b30cc9fb-dc48-d33f-ac8d-81723dafffe8" testName="KooliProjekt.Application.UnitTests.Features.OluTests.List_should_throw_ArgumentNullException_when_request_is_null" computerName="LAPTOP-D4AU3L2H" duration="00:00:00.0009771" startTime="2026-09-21T20:19:12.3524547+03:00" endTime="2026-09-21T20:19:12.3524548+03:00" testType="13cdc9d9-ddb5-4fa4-a97d-d965ccfc6d4b" outcome="Passed" testListId="8c84fa94-04c1-424b-9868-57a2d4851a1d" relativeResultsDirectory="120a44bd-bea0-4e9d-846c-b421d73249fe" />
    <UnitTestResult executionId="446e2406-9cef-4e76-99ef-b1c2149c8f27" testId="249d53dd-9d8b-a5f3-5774-2c8b5c04a260" testName="KooliProjekt.Application.UnitTests.Features.OluTests.List_should_return_requested_page_in_id_order(page: 3, expectedCount: 2, firstId: 11)" computerName="LAPTOP-D4AU3L2H" duration="00:00:00.0016033" startTime="2026-09-21T20:19:12.3136173+03:00" endTime="2026-09-21T20:19:12.3136174+03:00" testType="13cdc9d9-ddb5-4fa4-a97d-d965ccfc6d4b" outcome="Passed" testListId="8c84fa94-04c1-424b-9868-57a2d4851a1d" relativeResultsDirectory="446e2406-9cef-4e76-99ef-b1c2149c8f27" />
    <UnitTestResult executionId="ddc9df1e-df7e-4997-9207-51d04a22cbe2" testId="00719bfe-e6f4-b1f4-f379-25a5e3204807" testName="KooliProjekt.Application.UnitTests.Features.PartiiTests.List_should_return_empty_page_when_database_is_empty" computerName="LAPTOP-D4AU3L2H" duration="00:00:00.0012784" startTime="2026-09-21T20:19:12.3948453+03:00" endTime="2026-09-21T20:19:12.3948453+03:00" testType="13cdc9d9-ddb5-4fa4-a97d-d965ccfc6d4b" outcome="Passed" testListId="8c84fa94-04c1-424b-9868-57a2d4851a1d" relativeResultsDirectory="ddc9df1e-df7e-4997-9207-51d04a22cbe2" />
    <UnitTestResult executionId="22d5a781-2571-46da-952a-926793d23dea" testId="49b7d31e-bc12-b527-7098-64bc91b1e536" testName="KooliProjekt.Application.UnitTests.Features.OluTests.List_should_throw_ArgumentException_when_page_size_is_invalid(pageSize: 0)" computerName="LAPTOP-D4AU3L2H" duration="00:00:00.0002927" startTime="2026-09-21T20:19:12.1653215+03:00" endTime="2026-09-21T20:19:12.1653217+03:00" testType="13cdc9d9-ddb5-4fa4-a97d-d965ccfc6d4b" outcome="Passed" testListId="8c84fa94-04c1-424b-9868-57a2d4851a1d" relativeResultsDirectory="22d5a781-2571-46da-952a-926793d23dea" />
    <UnitTestResult executionId="a76d43e4-6880-4d82-8148-b05e93407e76" testId="e7dceb88-be93-d447-a02a-e5d7a3b10682" testName="KooliProjekt.Application.UnitTests.Features.MaitsmineTests.Get_should_throw_ArgumentNullException_when_request_is_null" computerName="LAPTOP-D4AU3L2H" duration="00:00:00.0009326" startTime="2026-09-21T20:19:12.3589735+03:00" endTime="2026-09-21T20:19:12.3589736+03:00" testType="13cdc9d9-ddb5-4fa4-a97d-d965ccfc6d4b" outcome="Passed" testListId="8c84fa94-04c1-424b-9868-57a2d4851a1d" relativeResultsDirectory="a76d43e4-6880-4d82-8148-b05e93407e76" />
    <UnitTestResult executionId="198ce32d-80c0-4718-a315-4ba4b9527523" testId="ddd84849-4778-fbde-af50-9c294d23a445" testName="KooliProjekt.Application.UnitTests.Features.PruulimisLogiTests.Get_should_not_call_repository_when_id_is_zero_or_negative(id: 0)" computerName="LAPTOP-D4AU3L2H" duration="00:00:00.0001638" startTime="2026-09-21T20:19:12.3887234+03:00" endTime="2026-09-21T20:19:12.3887235+03:00" testType="13cdc9d9-ddb5-4fa4-a97d-d965ccfc6d4b" outcome="Passed" testListId="8c84fa94-04c1-424b-9868-57a2d4851a1d" relativeResultsDirectory="198ce32d-80c0-4718-a315-4ba4b9527523" />
    <UnitTestResult executionId="e867b070-241e-4b7e-a255-fc851357e474" testId="7f2abe29-8722-d6c5-35e4-453cda8fe0d8" testName="KooliProjekt.Application.UnitTests.Features.MaitsmineTests.Delete_should_propagate_save_failure_without_persisting_delete" computerName="LAPTOP-D4AU3L2H" duration="00:00:00.0251646" startTime="2026-09-21T20:19:12.3860203+03:00" endTime="2026-09-21T20:19:12.3860204+03:00" testType="13cdc9d9-ddb5-4fa4-a97d-d965ccfc6d4b" outcome="Passed" testListId="8c84fa94-04c1-424b-9868-57a2d4851a1d" relativeResultsDirectory="e867b070-241e-4b7e-a255-fc851357e474" />
    <UnitTestResult executionId="28b5e095-fa59-47f0-83ec-e720c597a7e9" testId="f5478696-552c-c6f1-dfef-1a3fcb236716" testName="KooliProjekt.Application.UnitTests.Features.KoostisosaTests.Get_should_return_null_value_when_entity_does_not_exist" computerName="LAPTOP-D4AU3L2H" duration="00:00:00.0015129" startTime="2026-09-21T20:19:12.3945311+03:00" endTime="2026-09-21T20:19:12.3945311+03:00" testType="13cdc9d9-ddb5-4fa4-a97d-d965ccfc6d4b" outcome="Passed" testListId="8c84fa94-04c1-424b-9868-57a2d4851a1d" relativeResultsDirectory="28b5e095-fa59-47f0-83ec-e720c597a7e9" />
    <UnitTestResult executionId="b113a2a9-d918-45b7-9841-972290555ec3" testId="90808403-c424-4a19-5264-5e2980976265" testName="KooliProjekt.Application.UnitTests.Features.PartiiTests.Get_should_propagate_repository_exception" computerName="LAPTOP-D4AU3L2H" duration="00:00:00.0020566" startTime="2026-09-21T20:19:12.3793213+03:00" endTime="2026-09-21T20:19:12.3793214+03:00" testType="13cdc9d9-ddb5-4fa4-a97d-d965ccfc6d4b" outcome="Passed" testListId="8c84fa94-04c1-424b-9868-57a2d4851a1d" relativeResultsDirectory="b113a2a9-d918-45b7-9841-972290555ec3" />
    <UnitTestResult executionId="c8a84af6-d959-4690-9496-a58a43384a2e" testId="fd106a70-f062-e94a-4c03-55d71ccf737a" testName="KooliProjekt.Application.UnitTests.Features.KoostisosaTests.Delete_should_succeed_when_entity_does_not_exist" computerName="LAPTOP-D4AU3L2H" duration="00:00:00.0205348" startTime="2026-09-21T20:19:12.3527047+03:00" endTime="2026-09-21T20:19:12.3527048+03:00" testType="13cdc9d9-ddb5-4fa4-a97d-d965ccfc6d4b" outcome="Passed" testListId="8c84fa94-04c1-424b-9868-57a2d4851a1d" relativeResultsDirectory="c8a84af6-d959-4690-9496-a58a43384a2e" />
    <UnitTestResult executionId="f575f14c-5145-4424-b3f0-093d3111d4fd" testId="747da318-a500-fc1c-0c7e-f9eed80d9b87" testName="KooliProjekt.Application.UnitTests.Features.MaitsmineTests.Delete_should_succeed_when_entity_does_not_exist" computerName="LAPTOP-D4AU3L2H" duration="00:00:00.3583723" startTime="2026-09-21T20:19:12.2907998+03:00" endTime="2026-09-21T20:19:12.2908002+03:00" testType="13cdc9d9-ddb5-4fa4-a97d-d965ccfc6d4b" outcome="Passed" testListId="8c84fa94-04c1-424b-9868-57a2d4851a1d" relativeResultsDirectory="f575f14c-5145-4424-b3f0-093d3111d4fd" />
    <UnitTestResult executionId="ea1d193b-61e0-4db3-b9f3-1340fcde5072" testId="fc5e74df-e43f-2b70-5dbb-c2e84e44864d" testName="KooliProjekt.Application.UnitTests.Features.PruulimisLogiTests.Get_should_return_null_value_when_entity_does_not_exist" computerName="LAPTOP-D4AU3L2H" duration="00:00:00.0013819" startTime="2026-09-21T20:19:12.3876439+03:00" endTime="2026-09-21T20:19:12.3876440+03:00" testType="13cdc9d9-ddb5-4fa4-a97d-d965ccfc6d4b" outcome="Passed" testListId="8c84fa94-04c1-424b-9868-57a2d4851a1d" relativeResultsDirectory="ea1d193b-61e0-4db3-b9f3-1340fcde5072" />
    <UnitTestResult executionId="d7c988e7-cd75-48ab-ba88-96761baefaa2" testId="7bd9f260-3bd2-a9dc-0a10-6031c3383e87" testName="KooliProjekt.Application.UnitTests.Features.OluTests.List_should_accept_maximum_page_size" computerName="LAPTOP-D4AU3L2H" duration="00:00:00.0012555" startTime="2026-09-21T20:19:12.3563669+03:00" endTime="2026-09-21T20:19:12.3563669+03:00" testType="13cdc9d9-ddb5-4fa4-a97d-d965ccfc6d4b" outcome="Passed" testListId="8c84fa94-04c1-424b-9868-57a2d4851a1d" relativeResultsDirectory="d7c988e7-cd75-48ab-ba88-96761baefaa2" />
    <UnitTestResult executionId="5f5bd797-3d28-43c7-890a-11eab8c1d227" testId="60dbf925-1d6f-d531-6c01-86b420eec0e6" testName="KooliProjekt.Application.UnitTests.Features.PruulimisLogiTests.List_should_return_requested_page_in_id_order(page: 4, expectedCount: 0, firstId: 16)" computerName="LAPTOP-D4AU3L2H" duration="00:00:00.0009258" startTime="2026-09-21T20:19:12.3183603+03:00" endTime="2026-09-21T20:19:12.3183604+03:00" testType="13cdc9d9-ddb5-4fa4-a97d-d965ccfc6d4b" outcome="Passed" testListId="8c84fa94-04c1-424b-9868-57a2d4851a1d" relativeResultsDirectory="5f5bd797-3d28-43c7-890a-11eab8c1d227" />
    <UnitTestResult executionId="fd0a8bdc-6a00-4d3f-834c-63e34511829a" testId="03ac8ab6-19bb-3b6b-cd8d-514fb3dd3d91" testName="KooliProjekt.Application.UnitTests.Features.OluTests.Delete_should_return_id_error_without_query_when_id_is_invalid(id: -10)" computerName="LAPTOP-D4AU3L2H" duration="00:00:00.0003519" startTime="2026-09-21T20:19:12.3453440+03:00" endTime="2026-09-21T20:19:12.3453441+03:00" testType="13cdc9d9-ddb5-4fa4-a97d-d965ccfc6d4b" outcome="Passed" testListId="8c84fa94-04c1-424b-9868-57a2d4851a1d" relativeResultsDirectory="fd0a8bdc-6a00-4d3f-834c-63e34511829a" />
    <UnitTestResult executionId="439e51bf-421d-4483-9a77-afa8dde2a38d" testId="bc5cba5d-9894-4de0-b024-ad1222acd9af" testName="KooliProjekt.Application.UnitTests.Features.MaitsmineTests.Delete_should_succeed_when_called_twice" computerName="LAPTOP-D4AU3L2H" duration="00:00:00.0168851" startTime="2026-09-21T20:19:12.3560599+03:00" endTime="2026-09-21T20:19:12.3560600+03:00" testType="13cdc9d9-ddb5-4fa4-a97d-d965ccfc6d4b" outcome="Passed" testListId="8c84fa94-04c1-424b-9868-57a2d4851a1d" relativeResultsDirectory="439e51bf-421d-4483-9a77-afa8dde2a38d" />
    <UnitTestResult executionId="7841a8b5-b5ea-4bd3-9df8-02edb13df5ea" testId="4592c965-07c2-8d66-36ef-18f3ea9ab0ce" testName="KooliProjekt.Application.UnitTests.Features.PartiiTests.Get_should_not_call_repository_when_id_is_zero_or_negative(id: 0)" computerName="LAPTOP-D4AU3L2H" duration="00:00:00.0002988" startTime="2026-09-21T20:19:12.3783987+03:00" endTime="2026-09-21T20:19:12.3783989+03:00" testType="13cdc9d9-ddb5-4fa4-a97d-d965ccfc6d4b" outcome="Passed" testListId="8c84fa94-04c1-424b-9868-57a2d4851a1d" relativeResultsDirectory="7841a8b5-b5ea-4bd3-9df8-02edb13df5ea" />
    <UnitTestResult executionId="d8b5312b-bbb7-4f8b-8e0a-38bbdaacf5e8" testId="dcaf6f4f-a9d7-2720-106e-c953b91f8c44" testName="KooliProjekt.Application.UnitTests.Features.OluTests.List_should_return_empty_page_when_database_is_empty" computerName="LAPTOP-D4AU3L2H" duration="00:00:00.0017650" startTime="2026-09-21T20:19:12.3445746+03:00" endTime="2026-09-21T20:19:12.3445746+03:00" testType="13cdc9d9-ddb5-4fa4-a97d-d965ccfc6d4b" outcome="Passed" testListId="8c84fa94-04c1-424b-9868-57a2d4851a1d" relativeResultsDirectory="d8b5312b-bbb7-4f8b-8e0a-38bbdaacf5e8" />
    <UnitTestResult executionId="e1c82ba1-4c2f-492d-a53c-00c7d148a90c" testId="e7b97f44-dbcd-f8c4-91e2-0a37362f210a" testName="KooliProjekt.Application.UnitTests.Features.MaitsmineTests.Get_should_not_call_repository_when_id_is_zero_or_negative(id: 0)" computerName="LAPTOP-D4AU3L2H" duration="00:00:00.0006657" startTime="2026-09-21T20:19:12.2964843+03:00" endTime="2026-09-21T20:19:12.2964845+03:00" testType="13cdc9d9-ddb5-4fa4-a97d-d965ccfc6d4b" outcome="Passed" testListId="8c84fa94-04c1-424b-9868-57a2d4851a1d" relativeResultsDirectory="e1c82ba1-4c2f-492d-a53c-00c7d148a90c" />
    <UnitTestResult executionId="d527726e-5bec-4f6f-915c-ab4934fd7e7a" testId="f83fe7f8-3b09-b85e-26c7-2d2647faba0e" testName="KooliProjekt.Application.UnitTests.Features.KoostisosaTests.List_should_throw_ArgumentException_when_page_is_invalid(page: 0)" computerName="LAPTOP-D4AU3L2H" duration="00:00:00.0005882" startTime="2026-09-21T20:19:12.3052995+03:00" endTime="2026-09-21T20:19:12.3052996+03:00" testType="13cdc9d9-ddb5-4fa4-a97d-d965ccfc6d4b" outcome="Passed" testListId="8c84fa94-04c1-424b-9868-57a2d4851a1d" relativeResultsDirectory="d527726e-5bec-4f6f-915c-ab4934fd7e7a" />
    <UnitTestResult executionId="a5554640-14e3-4c45-8fe6-1acb6dc349c4" testId="37197aea-b2a8-ef3d-398a-fa8862a7f566" testName="KooliProjekt.Application.UnitTests.Features.PruulimisLogiTests.List_should_return_requested_page_in_id_order(page: 1, expectedCount: 5, firstId: 1)" computerName="LAPTOP-D4AU3L2H" duration="00:00:00.4356031" startTime="2026-09-21T20:19:12.3085941+03:00" endTime="2026-09-21T20:19:12.3085942+03:00" testType="13cdc9d9-ddb5-4fa4-a97d-d965ccfc6d4b" outcome="Passed" testListId="8c84fa94-04c1-424b-9868-57a2d4851a1d" relativeResultsDirectory="a5554640-14e3-4c45-8fe6-1acb6dc349c4" />
    <UnitTestResult executionId="887b4c95-3a3b-4844-aa4f-c5517d934e35" testId="b9b5ed6d-caf9-c998-b0bc-17d4260f440a" testName="KooliProjekt.Application.UnitTests.Features.OluTests.Delete_should_return_id_error_without_query_when_id_is_invalid(id: 0)" computerName="LAPTOP-D4AU3L2H" duration="00:00:00.0103780" startTime="2026-09-21T20:19:12.3449910+03:00" endTime="2026-09-21T20:19:12.3449911+03:00" testType="13cdc9d9-ddb5-4fa4-a97d-d965ccfc6d4b" outcome="Passed" testListId="8c84fa94-04c1-424b-9868-57a2d4851a1d" relativeResultsDirectory="887b4c95-3a3b-4844-aa4f-c5517d934e35" />
    <UnitTestResult executionId="c39ff21f-4cf9-401c-8b3a-66204e50aec4" testId="7b7abb90-1192-f8ee-e78e-2681362e6260" testName="KooliProjekt.Application.UnitTests.Features.PruulimisLogiTests.Delete_should_succeed_when_entity_does_not_exist" computerName="LAPTOP-D4AU3L2H" duration="00:00:00.0036680" startTime="2026-09-21T20:19:12.3645212+03:00" endTime="2026-09-21T20:19:12.3645213+03:00" testType="13cdc9d9-ddb5-4fa4-a97d-d965ccfc6d4b" outcome="Passed" testListId="8c84fa94-04c1-424b-9868-57a2d4851a1d" relativeResultsDirectory="c39ff21f-4cf9-401c-8b3a-66204e50aec4" />
    <UnitTestResult executionId="fb648548-1ceb-4156-99d7-82f6f9630996" testId="9e457fc7-3fab-45c8-aabf-79acb6f8e345" testName="KooliProjekt.Application.UnitTests.Features.MaitsmineTests.List_should_return_requested_page_in_id_order(page: 4, expectedCount: 0, firstId: 16)" computerName="LAPTOP-D4AU3L2H" duration="00:00:00.0007012" startTime="2026-09-21T20:19:12.3425634+03:00" endTime="2026-09-21T20:19:12.3425636+03:00" testType="13cdc9d9-ddb5-4fa4-a97d-d965ccfc6d4b" outcome="Passed" testListId="8c84fa94-04c1-424b-9868-57a2d4851a1d" relativeResultsDirectory="fb648548-1ceb-4156-99d7-82f6f9630996" />
    <UnitTestResult executionId="a323e4b3-309e-4f43-bbf1-263c73886581" testId="c9adc110-a89f-dc5f-bd18-59705c919447" testName="KooliProjekt.Application.UnitTests.Features.KoostisosaTests.List_should_throw_ArgumentNullException_when_request_is_null" computerName="LAPTOP-D4AU3L2H" duration="00:00:00.0004381" startTime="2026-09-21T20:19:12.3765661+03:00" endTime="2026-09-21T20:19:12.3765661+03:00" testType="13cdc9d9-ddb5-4fa4-a97d-d965ccfc6d4b" outcome="Passed" testListId="8c84fa94-04c1-424b-9868-57a2d4851a1d" relativeResultsDirectory="a323e4b3-309e-4f43-bbf1-263c73886581" />
    <UnitTestResult executionId="9d299c6b-b9d2-4098-98e0-34164f9be60a" testId="8999a76f-b531-a9ab-1b01-7191d7c3e8a8" testName="KooliProjekt.Application.UnitTests.Features.PartiiTests.Get_should_return_dto_when_entity_exists" computerName="LAPTOP-D4AU3L2H" duration="00:00:00.0065716" startTime="2026-09-21T20:19:12.3816093+03:00" endTime="2026-09-21T20:19:12.3816094+03:00" testType="13cdc9d9-ddb5-4fa4-a97d-d965ccfc6d4b" outcome="Passed" testListId="8c84fa94-04c1-424b-9868-57a2d4851a1d" relativeResultsDirectory="9d299c6b-b9d2-4098-98e0-34164f9be60a" />
    <UnitTestResult executionId="342a1d50-331e-4546-bfea-caf24ad30d53" testId="ac14b9ff-8c40-dfe4-2235-edf2dab2f9a8" testName="KooliProjekt.Application.UnitTests.Features.PruulimisLogiTests.List_should_propagate_database_failure" computerName="LAPTOP-D4AU3L2H" duration="00:00:00.0006165" startTime="2026-09-21T20:19:12.3889575+03:00" endTime="2026-09-21T20:19:12.3889576+03:00" testType="13cdc9d9-ddb5-4fa4-a97d-d965ccfc6d4b" outcome="Passed" testListId="8c84fa94-04c1-424b-9868-57a2d4851a1d" relativeResultsDirectory="342a1d50-331e-4546-bfea-caf24ad30d53" />
    <UnitTestResult executionId="7fb910bb-b163-42ae-a6b8-fff6855f12a6" testId="8a4fd653-3aac-9946-c0cd-ce718f278509" testName="KooliProjekt.Application.UnitTests.Features.OluTests.Delete_should_succeed_when_entity_does_not_exist" computerName="LAPTOP-D4AU3L2H" duration="00:00:00.0083845" startTime="2026-09-21T20:19:12.3950624+03:00" endTime="2026-09-21T20:19:12.3950625+03:00" testType="13cdc9d9-ddb5-4fa4-a97d-d965ccfc6d4b" outcome="Passed" testListId="8c84fa94-04c1-424b-9868-57a2d4851a1d" relativeResultsDirectory="7fb910bb-b163-42ae-a6b8-fff6855f12a6" />
    <UnitTestResult executionId="ab81115d-c989-48f4-9c63-0166df4615b0" testId="a72d9644-e202-a5eb-abbe-dc93e33af996" testName="KooliProjekt.Application.UnitTests.Features.MaitsmineTests.List_should_return_requested_page_in_id_order(page: 1, expectedCount: 5, firstId: 1)" computerName="LAPTOP-D4AU3L2H" duration="00:00:00.0137132" startTime="2026-09-21T20:19:12.3155832+03:00" endTime="2026-09-21T20:19:12.3155833+03:00" testType="13cdc9d9-ddb5-4fa4-a97d-d965ccfc6d4b" outcome="Passed" testListId="8c84fa94-04c1-424b-9868-57a2d4851a1d" relativeResultsDirectory="ab81115d-c989-48f4-9c63-0166df4615b0" />
    <UnitTestResult executionId="18bb7d7d-eb6f-4ed6-b15c-ef938bfcac3b" testId="b868c675-42d3-5cf9-34d0-1594b1e3b407" testName="KooliProjekt.Application.UnitTests.Features.PartiiFotoTests.List_should_throw_ArgumentException_when_page_size_is_invalid(pageSize: 101)" computerName="LAPTOP-D4AU3L2H" duration="00:00:00.0248369" startTime="2026-09-21T20:19:12.1647915+03:00" endTime="2026-09-21T20:19:12.1647916+03:00" testType="13cdc9d9-ddb5-4fa4-a97d-d965ccfc6d4b" outcome="Passed" testListId="8c84fa94-04c1-424b-9868-57a2d4851a1d" relativeResultsDirectory="18bb7d7d-eb6f-4ed6-b15c-ef938bfcac3b" />
    <UnitTestResult executionId="8a1e6348-f7df-4fd1-8c39-a6ad61573e33" testId="cb9adffe-c409-b9ce-0aa2-5dbadce7b5b6" testName="KooliProjekt.Application.UnitTests.Features.OluTests.Delete_should_propagate_database_query_failure" computerName="LAPTOP-D4AU3L2H" duration="00:00:00.0005295" startTime="2026-09-21T20:19:12.3980035+03:00" endTime="2026-09-21T20:19:12.3980035+03:00" testType="13cdc9d9-ddb5-4fa4-a97d-d965ccfc6d4b" outcome="Passed" testListId="8c84fa94-04c1-424b-9868-57a2d4851a1d" relativeResultsDirectory="8a1e6348-f7df-4fd1-8c39-a6ad61573e33" />
    <UnitTestResult executionId="f5e3c41f-7191-4415-9b60-190c480d56ad" testId="d5bae500-cab8-a3ae-08d4-7bfdb0aa6210" testName="KooliProjekt.Application.UnitTests.Features.KoostisosaTests.List_should_return_requested_page_in_id_order(page: 3, expectedCount: 2, firstId: 11)" computerName="LAPTOP-D4AU3L2H" duration="00:00:00.0009477" startTime="2026-09-21T20:19:12.3141705+03:00" endTime="2026-09-21T20:19:12.3141706+03:00" testType="13cdc9d9-ddb5-4fa4-a97d-d965ccfc6d4b" outcome="Passed" testListId="8c84fa94-04c1-424b-9868-57a2d4851a1d" relativeResultsDirectory="f5e3c41f-7191-4415-9b60-190c480d56ad" />
    <UnitTestResult executionId="e70b6b81-6dfa-4c9e-bfd7-ebfd384d7429" testId="afa76484-5cc8-ea81-4479-949f68ad1a9f" testName="KooliProjekt.Application.UnitTests.Features.PartiiFotoTests.Delete_should_propagate_database_query_failure" computerName="LAPTOP-D4AU3L2H" duration="00:00:00.0006371" startTime="2026-09-21T20:19:12.3862177+03:00" endTime="2026-09-21T20:19:12.3862177+03:00" testType="13cdc9d9-ddb5-4fa4-a97d-d965ccfc6d4b" outcome="Passed" testListId="8c84fa94-04c1-424b-9868-57a2d4851a1d" relativeResultsDirectory="e70b6b81-6dfa-4c9e-bfd7-ebfd384d7429" />
    <UnitTestResult executionId="bd75b8c1-ca82-477d-ac10-bd3a14725d9f" testId="1242fc24-91b3-7393-8407-95cd3eb277eb" testName="KooliProjekt.Application.UnitTests.Features.KoostisosaTests.List_should_return_requested_page_in_id_order(page: 4, expectedCount: 0, firstId: 16)" computerName="LAPTOP-D4AU3L2H" duration="00:00:00.0096853" startTime="2026-09-21T20:19:12.3103800+03:00" endTime="2026-09-21T20:19:12.3103800+03:00" testType="13cdc9d9-ddb5-4fa4-a97d-d965ccfc6d4b" outcome="Passed" testListId="8c84fa94-04c1-424b-9868-57a2d4851a1d" relativeResultsDirectory="bd75b8c1-ca82-477d-ac10-bd3a14725d9f" />
    <UnitTestResult executionId="fbf7fcba-ac58-44cb-9205-c1afea3b3cf3" testId="13063da8-0cba-34df-bc70-c1e280dced2d" testName="KooliProjekt.Application.UnitTests.Features.KoostisosaTests.List_should_propagate_database_failure" computerName="LAPTOP-D4AU3L2H" duration="00:00:00.0009196" startTime="2026-09-21T20:19:12.2959274+03:00" endTime="2026-09-21T20:19:12.2959274+03:00" testType="13cdc9d9-ddb5-4fa4-a97d-d965ccfc6d4b" outcome="Passed" testListId="8c84fa94-04c1-424b-9868-57a2d4851a1d" relativeResultsDirectory="fbf7fcba-ac58-44cb-9205-c1afea3b3cf3" />
    <UnitTestResult executionId="194910f6-0d87-4659-96e3-4213bf665ec9" testId="a88ca59c-41e6-43e2-a7b4-33a8d9f8873f" testName="KooliProjekt.Application.UnitTests.Features.PruulimisLogiTests.Delete_should_propagate_database_query_failure" computerName="LAPTOP-D4AU3L2H" duration="00:00:00.0009379" startTime="2026-09-21T20:19:12.3826338+03:00" endTime="2026-09-21T20:19:12.3826339+03:00" testType="13cdc9d9-ddb5-4fa4-a97d-d965ccfc6d4b" outcome="Passed" testListId="8c84fa94-04c1-424b-9868-57a2d4851a1d" relativeResultsDirectory="194910f6-0d87-4659-96e3-4213bf665ec9" />
    <UnitTestResult executionId="6f411c14-83ec-463e-a469-a4280f727bf0" testId="c9c588e3-1841-f357-6222-92ed0b4eaf91" testName="KooliProjekt.Application.UnitTests.Features.KoostisosaTests.Get_should_propagate_repository_exception" computerName="LAPTOP-D4AU3L2H" duration="00:00:00.0029310" startTime="2026-09-21T20:19:11.9190077+03:00" endTime="2026-09-21T20:19:11.9190078+03:00" testType="13cdc9d9-ddb5-4fa4-a97d-d965ccfc6d4b" outcome="Passed" testListId="8c84fa94-04c1-424b-9868-57a2d4851a1d" relativeResultsDirectory="6f411c14-83ec-463e-a469-a4280f727bf0" />
    <UnitTestResult executionId="e8816438-c4e9-4e8d-99e3-55adebd1d60e" testId="86ffc7ec-1174-df43-bfaf-9de45b370e2c" testName="KooliProjekt.Application.UnitTests.Features.KoostisosaTests.Delete_should_throw_ArgumentNullException_when_request_is_null" computerName="LAPTOP-D4AU3L2H" duration="00:00:00.0032916" startTime="2026-09-21T20:19:12.3926528+03:00" endTime="2026-09-21T20:19:12.3926528+03:00" testType="13cdc9d9-ddb5-4fa4-a97d-d965ccfc6d4b" outcome="Passed" testListId="8c84fa94-04c1-424b-9868-57a2d4851a1d" relativeResultsDirectory="e8816438-c4e9-4e8d-99e3-55adebd1d60e" />
    <UnitTestResult executionId="873374c1-c16d-42b4-a6a9-3079b43addd0" testId="17e2a709-5297-7837-c3f1-f262e2621f2b" testName="KooliProjekt.Application.UnitTests.Features.OluTests.Delete_should_succeed_when_called_twice" computerName="LAPTOP-D4AU3L2H" duration="00:00:00.0097483" startTime="2026-09-21T20:19:12.3795373+03:00" endTime="2026-09-21T20:19:12.3795373+03:00" testType="13cdc9d9-ddb5-4fa4-a97d-d965ccfc6d4b" outcome="Passed" testListId="8c84fa94-04c1-424b-9868-57a2d4851a1d" relativeResultsDirectory="873374c1-c16d-42b4-a6a9-3079b43addd0" />
    <UnitTestResult executionId="b345471a-3b0e-4cd0-b04b-8b46732b4e58" testId="9c8fbeec-e15d-4a12-a167-8f59fb870daf" testName="KooliProjekt.Application.UnitTests.Features.MaitsmineTests.Delete_should_throw_ArgumentNullException_when_request_is_null" computerName="LAPTOP-D4AU3L2H" duration="00:00:00.0011907" startTime="2026-09-21T20:19:11.9330799+03:00" endTime="2026-09-21T20:19:11.9330800+03:00" testType="13cdc9d9-ddb5-4fa4-a97d-d965ccfc6d4b" outcome="Passed" testListId="8c84fa94-04c1-424b-9868-57a2d4851a1d" relativeResultsDirectory="b345471a-3b0e-4cd0-b04b-8b46732b4e58" />
    <UnitTestResult executionId="851649ce-9a1c-4fe9-af9a-e5c1e24b2ce7" testId="17206f68-c784-0c89-e684-58d20b12329e" testName="KooliProjekt.Application.UnitTests.Features.OluTests.List_should_throw_ArgumentException_when_page_is_invalid(page: -10)" computerName="LAPTOP-D4AU3L2H" duration="00:00:00.0013645" startTime="2026-09-21T20:19:12.3480412+03:00" endTime="2026-09-21T20:19:12.3480415+03:00" testType="13cdc9d9-ddb5-4fa4-a97d-d965ccfc6d4b" outcome="Passed" testListId="8c84fa94-04c1-424b-9868-57a2d4851a1d" relativeResultsDirectory="851649ce-9a1c-4fe9-af9a-e5c1e24b2ce7" />
    <UnitTestResult executionId="85aa0ac8-2121-4536-a2f1-b93a5d846de1" testId="c0ad2319-e830-2242-6c18-ee398396f2b5" testName="KooliProjekt.Application.UnitTests.Features.PartiiFotoTests.Get_should_return_null_value_when_entity_does_not_exist" computerName="LAPTOP-D4AU3L2H" duration="00:00:00.0014117" startTime="2026-09-21T20:19:12.3683358+03:00" endTime="2026-09-21T20:19:12.3683358+03:00" testType="13cdc9d9-ddb5-4fa4-a97d-d965ccfc6d4b" outcome="Passed" testListId="8c84fa94-04c1-424b-9868-57a2d4851a1d" relativeResultsDirectory="85aa0ac8-2121-4536-a2f1-b93a5d846de1" />
    <UnitTestResult executionId="2043fb84-6afb-4eb0-a03d-46dd5981efe5" testId="690c10ca-5ea9-9b82-0540-f9cf3e6f1be4" testName="KooliProjekt.Application.UnitTests.Features.KoostisosaTests.Delete_should_propagate_save_failure_without_persisting_delete" computerName="LAPTOP-D4AU3L2H" duration="00:00:00.0247985" startTime="2026-09-21T20:19:12.3905001+03:00" endTime="2026-09-21T20:19:12.3905002+03:00" testType="13cdc9d9-ddb5-4fa4-a97d-d965ccfc6d4b" outcome="Passed" testListId="8c84fa94-04c1-424b-9868-57a2d4851a1d" relativeResultsDirectory="2043fb84-6afb-4eb0-a03d-46dd5981efe5" />
    <UnitTestResult executionId="2ac6442b-edea-4f14-8d48-3ea2f7198e36" testId="6adfc5f1-b795-1d9b-cf2d-f05744636241" testName="KooliProjekt.Application.UnitTests.Features.PruulimisLogiTests.Delete_should_succeed_when_called_twice" computerName="LAPTOP-D4AU3L2H" duration="00:00:00.0202490" startTime="2026-09-21T20:19:12.3569618+03:00" endTime="2026-09-21T20:19:12.3569619+03:00" testType="13cdc9d9-ddb5-4fa4-a97d-d965ccfc6d4b" outcome="Passed" testListId="8c84fa94-04c1-424b-9868-57a2d4851a1d" relativeResultsDirectory="2ac6442b-edea-4f14-8d48-3ea2f7198e36" />
    <UnitTestResult executionId="1ec09118-2f9b-4bb9-95a0-051949a8103b" testId="67be39e3-e2dd-2142-8d92-885951edbc84" testName="KooliProjekt.Application.UnitTests.Features.PartiiFotoTests.Delete_should_succeed_when_called_twice" computerName="LAPTOP-D4AU3L2H" duration="00:00:00.0040866" startTime="2026-09-21T20:19:12.3597368+03:00" endTime="2026-09-21T20:19:12.3597369+03:00" testType="13cdc9d9-ddb5-4fa4-a97d-d965ccfc6d4b" outcome="Passed" testListId="8c84fa94-04c1-424b-9868-57a2d4851a1d" relativeResultsDirectory="1ec09118-2f9b-4bb9-95a0-051949a8103b" />
    <UnitTestResult executionId="82b48c24-f471-42da-ac9b-e1d96485da45" testId="758c8ada-e9fe-0d4b-e9a7-eb5b0912bba1" testName="KooliProjekt.Application.UnitTests.Features.PartiiFotoTests.List_should_throw_ArgumentException_when_page_is_invalid(page: 0)" computerName="LAPTOP-D4AU3L2H" duration="00:00:00.0008659" startTime="2026-09-21T20:19:12.3606955+03:00" endTime="2026-09-21T20:19:12.3606956+03:00" testType="13cdc9d9-ddb5-4fa4-a97d-d965ccfc6d4b" outcome="Passed" testListId="8c84fa94-04c1-424b-9868-57a2d4851a1d" relativeResultsDirectory="82b48c24-f471-42da-ac9b-e1d96485da45" />
    <UnitTestResult executionId="17a683e3-33f7-4f31-ac26-a11efa94cc3c" testId="ad9237ff-61a4-30fb-896d-a34077b90d85" testName="KooliProjekt.Application.UnitTests.Features.MaitsmineTests.List_should_throw_ArgumentException_when_page_is_invalid(page: 0)" computerName="LAPTOP-D4AU3L2H" duration="00:00:00.0007957" startTime="2026-09-21T20:19:12.3046339+03:00" endTime="2026-09-21T20:19:12.3046339+03:00" testType="13cdc9d9-ddb5-4fa4-a97d-d965ccfc6d4b" outcome="Passed" testListId="8c84fa94-04c1-424b-9868-57a2d4851a1d" relativeResultsDirectory="17a683e3-33f7-4f31-ac26-a11efa94cc3c" />
    <UnitTestResult executionId="4c37a3a6-112c-47c9-b3ca-f6ce87c6c473" testId="6986950d-e64b-cdf3-3028-cdcd9291ee09" testName="KooliProjekt.Application.UnitTests.Features.KoostisosaTests.List_should_throw_ArgumentException_when_page_size_is_invalid(pageSize: 101)" computerName="LAPTOP-D4AU3L2H" duration="00:00:00.0001426" startTime="2026-09-21T20:19:12.3750864+03:00" endTime="2026-09-21T20:19:12.3750865+03:00" testType="13cdc9d9-ddb5-4fa4-a97d-d965ccfc6d4b" outcome="Passed" testListId="8c84fa94-04c1-424b-9868-57a2d4851a1d" relativeResultsDirectory="4c37a3a6-112c-47c9-b3ca-f6ce87c6c473" />
    <UnitTestResult executionId="c06f1cef-d590-479b-95a0-ad4bc850fa23" testId="e9218918-8668-54d3-d399-e6e88ac03073" testName="KooliProjekt.Application.UnitTests.Features.OluTests.Get_should_return_null_value_when_entity_does_not_exist" computerName="LAPTOP-D4AU3L2H" duration="00:00:00.0045898" startTime="2026-09-21T20:19:11.9180785+03:00" endTime="2026-09-21T20:19:11.9180785+03:00" testType="13cdc9d9-ddb5-4fa4-a97d-d965ccfc6d4b" outcome="Passed" testListId="8c84fa94-04c1-424b-9868-57a2d4851a1d" relativeResultsDirectory="c06f1cef-d590-479b-95a0-ad4bc850fa23" />
    <UnitTestResult executionId="4877fecb-89b7-4619-92cd-29d072a886bc" testId="dcc0d9fd-0b0b-c3cf-8421-90d2d4538b5b" testName="KooliProjekt.Application.UnitTests.Features.PruulimisLogiTests.List_should_accept_maximum_page_size" computerName="LAPTOP-D4AU3L2H" duration="00:00:00.0011395" startTime="2026-09-21T20:19:12.3943208+03:00" endTime="2026-09-21T20:19:12.3943208+03:00" testType="13cdc9d9-ddb5-4fa4-a97d-d965ccfc6d4b" outcome="Passed" testListId="8c84fa94-04c1-424b-9868-57a2d4851a1d" relativeResultsDirectory="4877fecb-89b7-4619-92cd-29d072a886bc" />
    <UnitTestResult executionId="2c9a3814-f904-4817-b774-ac327b8ae3fb" testId="1c777894-47af-8cbe-40ca-955ef3a0f8a5" testName="KooliProjekt.Application.UnitTests.Features.MaitsmineTests.List_should_throw_ArgumentException_when_page_size_is_invalid(pageSize: 101)" computerName="LAPTOP-D4AU3L2H" duration="00:00:00.0011011" startTime="2026-09-21T20:19:12.2919572+03:00" endTime="2026-09-21T20:19:12.2919573+03:00" testType="13cdc9d9-ddb5-4fa4-a97d-d965ccfc6d4b" outcome="Passed" testListId="8c84fa94-04c1-424b-9868-57a2d4851a1d" relativeResultsDirectory="2c9a3814-f904-4817-b774-ac327b8ae3fb" />
    <UnitTestResult executionId="70ad1cc0-d3f0-45f2-9e36-65b13d0e74a2" testId="0ab395ce-e8ce-62f3-bc1b-87f8726260ef" testName="KooliProjekt.Application.UnitTests.Features.KoostisosaTests.List_should_return_empty_page_when_database_is_empty" computerName="LAPTOP-D4AU3L2H" duration="00:00:00.0009706" startTime="2026-09-21T20:19:12.3306933+03:00" endTime="2026-09-21T20:19:12.3306934+03:00" testType="13cdc9d9-ddb5-4fa4-a97d-d965ccfc6d4b" outcome="Passed" testListId="8c84fa94-04c1-424b-9868-57a2d4851a1d" relativeResultsDirectory="70ad1cc0-d3f0-45f2-9e36-65b13d0e74a2" />
    <UnitTestResult executionId="1f04e14d-20e7-46a9-ba43-4c4d9d1dd7c6" testId="c5c59c74-27b0-17cb-2c9c-8409369d9d16" testName="KooliProjekt.Application.UnitTests.Features.OluTests.List_should_throw_ArgumentException_when_page_size_is_invalid(pageSize: -10)" computerName="LAPTOP-D4AU3L2H" duration="00:00:00.2244091" startTime="2026-09-21T20:19:12.1394240+03:00" endTime="2026-09-21T20:19:12.1394244+03:00" testType="13cdc9d9-ddb5-4fa4-a97d-d965ccfc6d4b" outcome="Passed" testListId="8c84fa94-04c1-424b-9868-57a2d4851a1d" relativeResultsDirectory="1f04e14d-20e7-46a9-ba43-4c4d9d1dd7c6" />
    <UnitTestResult executionId="68a03905-440d-46ae-98fc-caa873363aac" testId="735afef4-fc32-f784-ce8f-3f8d473c0a5f" testName="KooliProjekt.Application.UnitTests.Features.PartiiTests.Delete_should_succeed_when_entity_does_not_exist" computerName="LAPTOP-D4AU3L2H" duration="00:00:00.0017638" startTime="2026-09-21T20:19:12.3953877+03:00" endTime="2026-09-21T20:19:12.3953878+03:00" testType="13cdc9d9-ddb5-4fa4-a97d-d965ccfc6d4b" outcome="Passed" testListId="8c84fa94-04c1-424b-9868-57a2d4851a1d" relativeResultsDirectory="68a03905-440d-46ae-98fc-caa873363aac" />
    <UnitTestResult executionId="6846b6db-cd8e-4622-a114-56f8d5e18e53" testId="97981767-b0c8-235f-6f8b-cb2c649de992" testName="KooliProjekt.Application.UnitTests.Features.MaitsmineTests.Delete_should_return_id_error_without_query_when_id_is_invalid(id: 0)" computerName="LAPTOP-D4AU3L2H" duration="00:00:00.0519409" startTime="2026-09-21T20:19:11.9316137+03:00" endTime="2026-09-21T20:19:11.9316137+03:00" testType="13cdc9d9-ddb5-4fa4-a97d-d965ccfc6d4b" outcome="Passed" testListId="8c84fa94-04c1-424b-9868-57a2d4851a1d" relativeResultsDirectory="6846b6db-cd8e-4622-a114-56f8d5e18e53" />
    <UnitTestResult executionId="a75ef900-ba8d-4432-bdfc-6afaba7be164" testId="843fce6a-7bc9-93ff-4a77-c6fd525aab6a" testName="KooliProjekt.Application.UnitTests.Features.PartiiTests.List_should_throw_ArgumentNullException_when_request_is_null" computerName="LAPTOP-D4AU3L2H" duration="00:00:00.0007957" startTime="2026-09-21T20:19:11.9327597+03:00" endTime="2026-09-21T20:19:11.9327597+03:00" testType="13cdc9d9-ddb5-4fa4-a97d-d965ccfc6d4b" outcome="Passed" testListId="8c84fa94-04c1-424b-9868-57a2d4851a1d" relativeResultsDirectory="a75ef900-ba8d-4432-bdfc-6afaba7be164" />
    <UnitTestResult executionId="86baeb12-0473-4364-abc8-33a94c5379e0" testId="652a88f3-f53d-47ea-6858-ad7035fa9f3a" testName="KooliProjekt.Application.UnitTests.Features.MaitsmineTests.Delete_should_propagate_database_query_failure" computerName="LAPTOP-D4AU3L2H" duration="00:00:00.0007542" startTime="2026-09-21T20:19:12.2957725+03:00" endTime="2026-09-21T20:19:12.2957726+03:00" testType="13cdc9d9-ddb5-4fa4-a97d-d965ccfc6d4b" outcome="Passed" testListId="8c84fa94-04c1-424b-9868-57a2d4851a1d" relativeResultsDirectory="86baeb12-0473-4364-abc8-33a94c5379e0" />
    <UnitTestResult executionId="ffe3da1c-e0f9-4e3f-abed-e45691534acc" testId="1b867575-b0f6-f93d-fc42-b5a7f721fbd7" testName="KooliProjekt.Application.UnitTests.Features.PartiiTests.List_should_throw_ArgumentException_when_page_is_invalid(page: -10)" computerName="LAPTOP-D4AU3L2H" duration="00:00:00.0008055" startTime="2026-09-21T20:19:12.3647619+03:00" endTime="2026-09-21T20:19:12.3647619+03:00" testType="13cdc9d9-ddb5-4fa4-a97d-d965ccfc6d4b" outcome="Passed" testListId="8c84fa94-04c1-424b-9868-57a2d4851a1d" relativeResultsDirectory="ffe3da1c-e0f9-4e3f-abed-e45691534acc" />
    <UnitTestResult executionId="343047d8-c6f2-4584-96cf-74447669a339" testId="f931dbc8-c16c-2899-e00a-b9716ecde604" testName="KooliProjekt.Application.UnitTests.Features.PruulimisLogiTests.Delete_should_propagate_save_failure_without_persisting_delete" computerName="LAPTOP-D4AU3L2H" duration="00:00:00.0181739" startTime="2026-09-21T20:19:12.3822618+03:00" endTime="2026-09-21T20:19:12.3822619+03:00" testType="13cdc9d9-ddb5-4fa4-a97d-d965ccfc6d4b" outcome="Passed" testListId="8c84fa94-04c1-424b-9868-57a2d4851a1d" relativeResultsDirectory="343047d8-c6f2-4584-96cf-74447669a339" />
    <UnitTestResult executionId="a4601804-e949-4fed-a722-0995fc502cb5" testId="2d23b2b5-b30b-80f2-7e90-2c4670c1e3a2" testName="KooliProjekt.Application.UnitTests.Features.OluTests.List_should_throw_ArgumentException_when_page_size_is_invalid(pageSize: 101)" computerName="LAPTOP-D4AU3L2H" duration="00:00:00.0247889" startTime="2026-09-21T20:19:12.1642975+03:00" endTime="2026-09-21T20:19:12.1642978+03:00" testType="13cdc9d9-ddb5-4fa4-a97d-d965ccfc6d4b" outcome="Passed" testListId="8c84fa94-04c1-424b-9868-57a2d4851a1d" relativeResultsDirectory="a4601804-e949-4fed-a722-0995fc502cb5" />
    <UnitTestResult executionId="6432cf8a-ef62-4e2f-a2a0-dfd15165d0fa" testId="5eab064a-9465-bbff-07db-f4b2d92a8586" testName="KooliProjekt.Application.UnitTests.Features.KoostisosaTests.List_should_throw_ArgumentException_when_page_is_invalid(page: -10)" computerName="LAPTOP-D4AU3L2H" duration="00:00:00.0012278" startTime="2026-09-21T20:19:12.3048427+03:00" endTime="2026-09-21T20:19:12.3048428+03:00" testType="13cdc9d9-ddb5-4fa4-a97d-d965ccfc6d4b" outcome="Passed" testListId="8c84fa94-04c1-424b-9868-57a2d4851a1d" relativeResultsDirectory="6432cf8a-ef62-4e2f-a2a0-dfd15165d0fa" />
    <UnitTestResult executionId="c41d78bc-2ca0-40cc-9566-1bfbfc613e85" testId="1a44fc25-1a82-3314-0a33-0c71e6f109d1" testName="KooliProjekt.Application.UnitTests.Features.PartiiTests.Delete_should_propagate_database_query_failure" computerName="LAPTOP-D4AU3L2H" duration="00:00:00.0008821" startTime="2026-09-21T20:19:12.3146764+03:00" endTime="2026-09-21T20:19:12.3146765+03:00" testType="13cdc9d9-ddb5-4fa4-a97d-d965ccfc6d4b" outcome="Passed" testListId="8c84fa94-04c1-424b-9868-57a2d4851a1d" relativeResultsDirectory="c41d78bc-2ca0-40cc-9566-1bfbfc613e85" />
    <UnitTestResult executionId="41135604-336b-462a-b3b7-186c3c0a3bc4" testId="f411a178-3bd1-71f7-f7ce-eaf2363e1395" testName="KooliProjekt.Application.UnitTests.Features.PruulimisLogiTests.Get_should_propagate_repository_exception" computerName="LAPTOP-D4AU3L2H" duration="00:00:00.0049955" startTime="2026-09-21T20:19:12.3386460+03:00" endTime="2026-09-21T20:19:12.3386463+03:00" testType="13cdc9d9-ddb5-4fa4-a97d-d965ccfc6d4b" outcome="Passed" testListId="8c84fa94-04c1-424b-9868-57a2d4851a1d" relativeResultsDirectory="41135604-336b-462a-b3b7-186c3c0a3bc4" />
    <UnitTestResult executionId="97432ed2-6423-4e87-8951-27cac70b6f8a" testId="d858c531-4ad4-4758-29ee-3d589d29e5bd" testName="KooliProjekt.Application.UnitTests.Features.MaitsmineTests.List_should_throw_ArgumentNullException_when_request_is_null" computerName="LAPTOP-D4AU3L2H" duration="00:00:00.0004617" startTime="2026-09-21T20:19:12.3043779+03:00" endTime="2026-09-21T20:19:12.3043780+03:00" testType="13cdc9d9-ddb5-4fa4-a97d-d965ccfc6d4b" outcome="Passed" testListId="8c84fa94-04c1-424b-9868-57a2d4851a1d" relativeResultsDirectory="97432ed2-6423-4e87-8951-27cac70b6f8a" />
    <UnitTestResult executionId="225f2b9c-0823-4232-9e0b-db6d3e1b5c46" testId="7e22c68d-258d-85f4-0f53-3af01cc62b77" testName="KooliProjekt.Application.UnitTests.Features.KoostisosaTests.List_should_return_requested_page_in_id_order(page: 1, expectedCount: 5, firstId: 1)" computerName="LAPTOP-D4AU3L2H" duration="00:00:00.0006662" startTime="2026-09-21T20:19:12.3299234+03:00" endTime="2026-09-21T20:19:12.3299235+03:00" testType="13cdc9d9-ddb5-4fa4-a97d-d965ccfc6d4b" outcome="Passed" testListId="8c84fa94-04c1-424b-9868-57a2d4851a1d" relativeResultsDirectory="225f2b9c-0823-4232-9e0b-db6d3e1b5c46" />
    <UnitTestResult executionId="1f969d2d-9303-4f87-b061-5a57607a19eb" testId="7c1a8a72-13ee-330b-21ae-89f72256ed9d" testName="KooliProjekt.Application.UnitTests.Features.OluTests.List_should_return_requested_page_in_id_order(page: 4, expectedCount: 0, firstId: 16)" computerName="LAPTOP-D4AU3L2H" duration="00:00:00.0016207" startTime="2026-09-21T20:19:12.3365921+03:00" endTime="2026-09-21T20:19:12.3365922+03:00" testType="13cdc9d9-ddb5-4fa4-a97d-d965ccfc6d4b" outcome="Passed" testListId="8c84fa94-04c1-424b-9868-57a2d4851a1d" relativeResultsDirectory="1f969d2d-9303-4f87-b061-5a57607a19eb" />
    <UnitTestResult executionId="40482ea6-a658-4397-9a76-1d752cd09158" testId="d9bb146a-2975-fb60-1aa6-88dbc991b0a6" testName="KooliProjekt.Application.UnitTests.Features.OluTests.Delete_should_propagate_save_failure_without_persisting_delete" computerName="LAPTOP-D4AU3L2H" duration="00:00:00.0196976" startTime="2026-09-21T20:19:12.3878619+03:00" endTime="2026-09-21T20:19:12.3878620+03:00" testType="13cdc9d9-ddb5-4fa4-a97d-d965ccfc6d4b" outcome="Passed" testListId="8c84fa94-04c1-424b-9868-57a2d4851a1d" relativeResultsDirectory="40482ea6-a658-4397-9a76-1d752cd09158" />
    <UnitTestResult executionId="cacecc20-a096-4b81-bb09-cf6135b869d9" testId="b8deeaa2-06f8-d2e4-8186-6ed11afad877" testName="KooliProjekt.Application.UnitTests.Features.MaitsmineTests.List_should_return_empty_page_when_database_is_empty" computerName="LAPTOP-D4AU3L2H" duration="00:00:00.0015066" startTime="2026-09-21T20:19:12.3602481+03:00" endTime="2026-09-21T20:19:12.3602482+03:00" testType="13cdc9d9-ddb5-4fa4-a97d-d965ccfc6d4b" outcome="Passed" testListId="8c84fa94-04c1-424b-9868-57a2d4851a1d" relativeResultsDirectory="cacecc20-a096-4b81-bb09-cf6135b869d9" />
    <UnitTestResult executionId="3558c451-c182-4c4d-966c-5653e84fa71b" testId="f8dbed48-dc13-956f-ed28-29f877e95db1" testName="KooliProjekt.Application.UnitTests.Features.PartiiTests.List_should_propagate_database_failure" computerName="LAPTOP-D4AU3L2H" duration="00:00:00.0519647" startTime="2026-09-21T20:19:11.9319973+03:00" endTime="2026-09-21T20:19:11.9319973+03:00" testType="13cdc9d9-ddb5-4fa4-a97d-d965ccfc6d4b" outcome="Passed" testListId="8c84fa94-04c1-424b-9868-57a2d4851a1d" relativeResultsDirectory="3558c451-c182-4c4d-966c-5653e84fa71b" />
    <UnitTestResult executionId="60b3a8dd-913b-4303-a445-23a2333a463b" testId="2e4b967e-3bb7-36b8-aed1-a272fb298bc3" testName="KooliProjekt.Application.UnitTests.Features.PartiiFotoTests.List_should_return_requested_page_in_id_order(page: 2, expectedCount: 5, firstId: 6)" computerName="LAPTOP-D4AU3L2H" duration="00:00:00.0158227" startTime="2026-09-21T20:19:12.3457031+03:00" endTime="2026-09-21T20:19:12.3457031+03:00" testType="13cdc9d9-ddb5-4fa4-a97d-d965ccfc6d4b" outcome="Passed" testListId="8c84fa94-04c1-424b-9868-57a2d4851a1d" relativeResultsDirectory="60b3a8dd-913b-4303-a445-23a2333a463b" />
    <UnitTestResult executionId="1c5fedc0-5428-4b13-b7d4-ead9b16b3781" testId="b7f9a392-964b-2f32-e0de-2f7e1aad328c" testName="KooliProjekt.Application.UnitTests.Features.OluTests.List_should_return_requested_page_in_id_order(page: 1, expectedCount: 5, firstId: 1)" computerName="LAPTOP-D4AU3L2H" duration="00:00:00.1403140" startTime="2026-09-21T20:19:12.3088378+03:00" endTime="2026-09-21T20:19:12.3088379+03:00" testType="13cdc9d9-ddb5-4fa4-a97d-d965ccfc6d4b" outcome="Passed" testListId="8c84fa94-04c1-424b-9868-57a2d4851a1d" relativeResultsDirectory="1c5fedc0-5428-4b13-b7d4-ead9b16b3781" />
    <UnitTestResult executionId="cd037ccd-f8fa-44d5-89fd-1182a3209dc2" testId="eedffacd-87ee-f473-8f3b-c1a2df6f2989" testName="KooliProjekt.Application.UnitTests.Features.PartiiTests.List_should_throw_ArgumentException_when_page_size_is_invalid(pageSize: -10)" computerName="LAPTOP-D4AU3L2H" duration="00:00:00.0015809" startTime="2026-09-21T20:19:12.3094990+03:00" endTime="2026-09-21T20:19:12.3094992+03:00" testType="13cdc9d9-ddb5-4fa4-a97d-d965ccfc6d4b" outcome="Passed" testListId="8c84fa94-04c1-424b-9868-57a2d4851a1d" relativeResultsDirectory="cd037ccd-f8fa-44d5-89fd-1182a3209dc2" />
    <UnitTestResult executionId="ae35ebab-2fee-4d5e-999c-a317eaf7a108" testId="da1af719-def5-7e98-ba88-5d27e0455706" testName="KooliProjekt.Application.UnitTests.Features.PartiiTests.Get_should_return_null_value_when_entity_does_not_exist" computerName="LAPTOP-D4AU3L2H" duration="00:00:00.0013729" startTime="2026-09-21T20:19:12.3971119+03:00" endTime="2026-09-21T20:19:12.3971119+03:00" testType="13cdc9d9-ddb5-4fa4-a97d-d965ccfc6d4b" outcome="Passed" testListId="8c84fa94-04c1-424b-9868-57a2d4851a1d" relativeResultsDirectory="ae35ebab-2fee-4d5e-999c-a317eaf7a108" />
    <UnitTestResult executionId="d877b8cd-a12c-48b1-bca3-2d7214fa31a6" testId="2caef3ef-6a3c-b5a9-33ea-75c52f4d11ac" testName="KooliProjekt.Application.UnitTests.Features.MaitsmineTests.Get_should_return_dto_when_entity_exists" computerName="LAPTOP-D4AU3L2H" duration="00:00:00.0035742" startTime="2026-09-21T20:19:12.3920382+03:00" endTime="2026-09-21T20:19:12.3920382+03:00" testType="13cdc9d9-ddb5-4fa4-a97d-d965ccfc6d4b" outcome="Passed" testListId="8c84fa94-04c1-424b-9868-57a2d4851a1d" relativeResultsDirectory="d877b8cd-a12c-48b1-bca3-2d7214fa31a6" />
    <UnitTestResult executionId="01fb757e-875e-4f96-93c5-979398849b95" testId="cbc9fa74-7cc6-eca1-5b51-02dd03f63294" testName="KooliProjekt.Application.UnitTests.Features.PruulimisLogiTests.Delete_should_return_id_error_without_query_when_id_is_invalid(id: 0)" computerName="LAPTOP-D4AU3L2H" duration="00:00:00.0001896" startTime="2026-09-21T20:19:12.3883490+03:00" endTime="2026-09-21T20:19:12.3883490+03:00" testType="13cdc9d9-ddb5-4fa4-a97d-d965ccfc6d4b" outcome="Passed" testListId="8c84fa94-04c1-424b-9868-57a2d4851a1d" relativeResultsDirectory="01fb757e-875e-4f96-93c5-979398849b95" />
    <UnitTestResult executionId="fa377dec-538d-4a0d-8cb8-2b7a055a5c59" testId="d93f27ca-68f7-b3f7-972e-7a0cc106882a" testName="KooliProjekt.Application.UnitTests.Features.PruulimisLogiTests.List_should_return_empty_page_when_database_is_empty" computerName="LAPTOP-D4AU3L2H" duration="00:00:00.0007323" startTime="2026-09-21T20:19:12.3763544+03:00" endTime="2026-09-21T20:19:12.3763547+03:00" testType="13cdc9d9-ddb5-4fa4-a97d-d965ccfc6d4b" outcome="Passed" testListId="8c84fa94-04c1-424b-9868-57a2d4851a1d" relativeResultsDirectory="fa377dec-538d-4a0d-8cb8-2b7a055a5c59" />
    <UnitTestResult executionId="eca60780-3a37-4f00-8d6e-d61c5be65bfc" testId="72df6d5d-3d2c-affb-6ce9-25f031b594a5" testName="KooliProjekt.Application.UnitTests.Features.PartiiTests.List_should_throw_ArgumentException_when_page_size_is_invalid(pageSize: 101)" computerName="LAPTOP-D4AU3L2H" duration="00:00:00.0003681" startTime="2026-09-21T20:19:12.3107720+03:00" endTime="2026-09-21T20:19:12.3107720+03:00" testType="13cdc9d9-ddb5-4fa4-a97d-d965ccfc6d4b" outcome="Passed" testListId="8c84fa94-04c1-424b-9868-57a2d4851a1d" relativeResultsDirectory="eca60780-3a37-4f00-8d6e-d61c5be65bfc" />
    <UnitTestResult executionId="b13429ee-0272-4877-925e-44292f04781d" testId="b01033cd-2ae0-4494-f0c0-ae3cdb1dbaa0" testName="KooliProjekt.Application.UnitTests.Features.OluTests.Delete_should_throw_ArgumentNullException_when_request_is_null" computerName="LAPTOP-D4AU3L2H" duration="00:00:00.0020641" startTime="2026-09-21T20:19:12.3432382+03:00" endTime="2026-09-21T20:19:12.3432385+03:00" testType="13cdc9d9-ddb5-4fa4-a97d-d965ccfc6d4b" outcome="Passed" testListId="8c84fa94-04c1-424b-9868-57a2d4851a1d" relativeResultsDirectory="b13429ee-0272-4877-925e-44292f04781d" />
    <UnitTestResult executionId="2822785a-49da-42f4-97d4-17a818a16a55" testId="6329f12a-df3f-1974-9990-77a617043046" testName="KooliProjekt.Application.UnitTests.Features.PruulimisLogiTests.Get_should_return_dto_when_entity_exists" computerName="LAPTOP-D4AU3L2H" duration="00:00:00.0022567" startTime="2026-09-21T20:19:12.3977012+03:00" endTime="2026-09-21T20:19:12.3977012+03:00" testType="13cdc9d9-ddb5-4fa4-a97d-d965ccfc6d4b" outcome="Passed" testListId="8c84fa94-04c1-424b-9868-57a2d4851a1d" relativeResultsDirectory="2822785a-49da-42f4-97d4-17a818a16a55" />
    <UnitTestResult executionId="18dbc5fb-9fba-412e-822f-92fb9be7d0f7" testId="6e072852-d6fa-9e33-ef13-7b28068dd74b" testName="KooliProjekt.Application.UnitTests.Features.PruulimisLogiTests.Delete_should_throw_ArgumentNullException_when_request_is_null" computerName="LAPTOP-D4AU3L2H" duration="00:00:00.0005010" startTime="2026-09-21T20:19:12.3652225+03:00" endTime="2026-09-21T20:19:12.3652226+03:00" testType="13cdc9d9-ddb5-4fa4-a97d-d965ccfc6d4b" outcome="Passed" testListId="8c84fa94-04c1-424b-9868-57a2d4851a1d" relativeResultsDirectory="18dbc5fb-9fba-412e-822f-92fb9be7d0f7" />
    <UnitTestResult executionId="b6b68b0b-45f4-4304-8810-4119a67f786a" testId="5ae9d7db-c193-069b-a2b8-98aeca589328" testName="KooliProjekt.Application.UnitTests.Features.PruulimisLogiTests.List_should_throw_ArgumentException_when_page_size_is_invalid(pageSize: 101)" computerName="LAPTOP-D4AU3L2H" duration="00:00:00.0002909" startTime="2026-09-21T20:19:12.3724396+03:00" endTime="2026-09-21T20:19:12.3724398+03:00" testType="13cdc9d9-ddb5-4fa4-a97d-d965ccfc6d4b" outcome="Passed" testListId="8c84fa94-04c1-424b-9868-57a2d4851a1d" relativeResultsDirectory="b6b68b0b-45f4-4304-8810-4119a67f786a" />
    <UnitTestResult executionId="bfda1076-f825-4edd-b475-7aa35c3bd9ae" testId="f6f92fca-6901-f850-a958-297c8d3c46ba" testName="KooliProjekt.Application.UnitTests.Features.MaitsmineTests.List_should_accept_maximum_page_size" computerName="LAPTOP-D4AU3L2H" duration="00:00:00.0013546" startTime="2026-09-21T20:19:12.3566543+03:00" endTime="2026-09-21T20:19:12.3566543+03:00" testType="13cdc9d9-ddb5-4fa4-a97d-d965ccfc6d4b" outcome="Passed" testListId="8c84fa94-04c1-424b-9868-57a2d4851a1d" relativeResultsDirectory="bfda1076-f825-4edd-b475-7aa35c3bd9ae" />
    <UnitTestResult executionId="22118e63-113b-4a48-abfb-c5d5efd3895a" testId="4401f7b0-3155-9965-ebdf-81039e126bcf" testName="KooliProjekt.Application.UnitTests.Features.PruulimisLogiTests.List_should_throw_ArgumentException_when_page_size_is_invalid(pageSize: 0)" computerName="LAPTOP-D4AU3L2H" duration="00:00:00.0005601" startTime="2026-09-21T20:19:12.3680569+03:00" endTime="2026-09-21T20:19:12.3680570+03:00" testType="13cdc9d9-ddb5-4fa4-a97d-d965ccfc6d4b" outcome="Passed" testListId="8c84fa94-04c1-424b-9868-57a2d4851a1d" relativeResultsDirectory="22118e63-113b-4a48-abfb-c5d5efd3895a" />
    <UnitTestResult executionId="8d2f9342-f598-4b0f-81f6-0a1720410979" testId="e2fff2da-1f0c-b499-1eba-799f88d955a4" testName="KooliProjekt.Application.UnitTests.Features.PartiiTests.Delete_should_throw_ArgumentNullException_when_request_is_null" computerName="LAPTOP-D4AU3L2H" duration="00:00:00.0006546" startTime="2026-09-21T20:19:12.3973105+03:00" endTime="2026-09-21T20:19:12.3973106+03:00" testType="13cdc9d9-ddb5-4fa4-a97d-d965ccfc6d4b" outcome="Passed" testListId="8c84fa94-04c1-424b-9868-57a2d4851a1d" relativeResultsDirectory="8d2f9342-f598-4b0f-81f6-0a1720410979" />
    <UnitTestResult executionId="8506974f-95df-49fd-9f3e-dbb8b7de0cae" testId="0c031f88-7a8b-a1a1-c895-f3afac4d6918" testName="KooliProjekt.Application.UnitTests.Features.PartiiFotoTests.Delete_should_return_id_error_without_query_when_id_is_invalid(id: 0)" computerName="LAPTOP-D4AU3L2H" duration="00:00:00.0002513" startTime="2026-09-21T20:19:12.3358988+03:00" endTime="2026-09-21T20:19:12.3358990+03:00" testType="13cdc9d9-ddb5-4fa4-a97d-d965ccfc6d4b" outcome="Passed" testListId="8c84fa94-04c1-424b-9868-57a2d4851a1d" relativeResultsDirectory="8506974f-95df-49fd-9f3e-dbb8b7de0cae" />
    <UnitTestResult executionId="a01e5388-1f78-4154-a7a5-bd148dda05a3" testId="3951b66c-d150-81cb-9ce2-f9e90d99db1c" testName="KooliProjekt.Application.UnitTests.Features.PartiiTests.List_should_return_requested_page_in_id_order(page: 3, expectedCount: 2, firstId: 11)" computerName="LAPTOP-D4AU3L2H" duration="00:00:00.0022229" startTime="2026-09-21T20:19:12.3830336+03:00" endTime="2026-09-21T20:19:12.3830337+03:00" testType="13cdc9d9-ddb5-4fa4-a97d-d965ccfc6d4b" outcome="Passed" testListId="8c84fa94-04c1-424b-9868-57a2d4851a1d" relativeResultsDirectory="a01e5388-1f78-4154-a7a5-bd148dda05a3" />
    <UnitTestResult executionId="2302ee20-b4f2-4da4-a827-ae4c6485cf2c" testId="2fd2ddf5-5488-4f2c-684a-04149fc15c20" testName="KooliProjekt.Application.UnitTests.Features.OluTests.Delete_should_remove_only_requested_entity_and_persist_changes" computerName="LAPTOP-D4AU3L2H" duration="00:00:00.0035089" startTime="2026-09-21T20:19:12.3975070+03:00" endTime="2026-09-21T20:19:12.3975071+03:00" testType="13cdc9d9-ddb5-4fa4-a97d-d965ccfc6d4b" outcome="Passed" testListId="8c84fa94-04c1-424b-9868-57a2d4851a1d" relativeResultsDirectory="2302ee20-b4f2-4da4-a827-ae4c6485cf2c" />
    <UnitTestResult executionId="61fb78dc-5047-4e3c-a6e5-a3a9ec73bb18" testId="0b4b1bcd-c44e-582d-e21b-6833ce2e2c39" testName="KooliProjekt.Application.UnitTests.Features.PartiiTests.Get_should_throw_ArgumentNullException_when_request_is_null" computerName="LAPTOP-D4AU3L2H" duration="00:00:00.0090078" startTime="2026-09-21T20:19:12.3057028+03:00" endTime="2026-09-21T20:19:12.3057028+03:00" testType="13cdc9d9-ddb5-4fa4-a97d-d965ccfc6d4b" outcome="Passed" testListId="8c84fa94-04c1-424b-9868-57a2d4851a1d" relativeResultsDirectory="61fb78dc-5047-4e3c-a6e5-a3a9ec73bb18" />
    <UnitTestResult executionId="2c955042-ef81-4f8e-9e68-56bc18e1174c" testId="d08c0ef7-92cf-13da-11a6-5309b439ed4f" testName="KooliProjekt.Application.UnitTests.Features.PruulimisLogiTests.List_should_return_requested_page_in_id_order(page: 3, expectedCount: 2, firstId: 11)" computerName="LAPTOP-D4AU3L2H" duration="00:00:00.0007782" startTime="2026-09-21T20:19:12.3193420+03:00" endTime="2026-09-21T20:19:12.3193421+03:00" testType="13cdc9d9-ddb5-4fa4-a97d-d965ccfc6d4b" outcome="Passed" testListId="8c84fa94-04c1-424b-9868-57a2d4851a1d" relativeResultsDirectory="2c955042-ef81-4f8e-9e68-56bc18e1174c" />
    <UnitTestResult executionId="1c8033f3-638d-4a28-b2f0-9567b7f0d08c" testId="c1e4f33e-1b21-a804-31b7-aae627dc206b" testName="KooliProjekt.Application.UnitTests.Features.PartiiFotoTests.Delete_should_succeed_when_entity_does_not_exist" computerName="LAPTOP-D4AU3L2H" duration="00:00:00.0011115" startTime="2026-09-21T20:19:12.3882477+03:00" endTime="2026-09-21T20:19:12.3882478+03:00" testType="13cdc9d9-ddb5-4fa4-a97d-d965ccfc6d4b" outcome="Passed" testListId="8c84fa94-04c1-424b-9868-57a2d4851a1d" relativeResultsDirectory="1c8033f3-638d-4a28-b2f0-9567b7f0d08c" />
    <UnitTestResult executionId="33bd42ef-5d01-4ef1-8130-3008d8f7e51e" testId="5f15a2bc-05a1-eb70-ef68-b4a612eacfe1" testName="KooliProjekt.Application.UnitTests.Features.OluTests.List_should_return_requested_page_in_id_order(page: 2, expectedCount: 5, firstId: 6)" computerName="LAPTOP-D4AU3L2H" duration="00:00:00.0063445" startTime="2026-09-21T20:19:12.3311564+03:00" endTime="2026-09-21T20:19:12.3311565+03:00" testType="13cdc9d9-ddb5-4fa4-a97d-d965ccfc6d4b" outcome="Passed" testListId="8c84fa94-04c1-424b-9868-57a2d4851a1d" relativeResultsDirectory="33bd42ef-5d01-4ef1-8130-3008d8f7e51e" />
    <UnitTestResult executionId="6bfec59c-aa14-4884-a139-0ba52f80b3ea" testId="41fb5c46-3ffd-c3a6-61f6-d3d3068cc9cf" testName="KooliProjekt.Application.UnitTests.Features.KoostisosaTests.List_should_throw_ArgumentException_when_page_size_is_invalid(pageSize: -10)" computerName="LAPTOP-D4AU3L2H" duration="00:00:00.0003404" startTime="2026-09-21T20:19:12.3718235+03:00" endTime="2026-09-21T20:19:12.3718237+03:00" testType="13cdc9d9-ddb5-4fa4-a97d-d965ccfc6d4b" outcome="Passed" testListId="8c84fa94-04c1-424b-9868-57a2d4851a1d" relativeResultsDirectory="6bfec59c-aa14-4884-a139-0ba52f80b3ea" />
    <UnitTestResult executionId="020c0ce1-88cd-4b6b-b135-30a46be40b65" testId="a9d844a8-33ce-ace8-a4b9-11f2418b30bb" testName="KooliProjekt.Application.UnitTests.Features.PartiiFotoTests.Get_should_not_call_repository_when_id_is_zero_or_negative(id: 0)" computerName="LAPTOP-D4AU3L2H" duration="00:00:00.0001812" startTime="2026-09-21T20:19:12.3791078+03:00" endTime="2026-09-21T20:19:12.3791078+03:00" testType="13cdc9d9-ddb5-4fa4-a97d-d965ccfc6d4b" outcome="Passed" testListId="8c84fa94-04c1-424b-9868-57a2d4851a1d" relativeResultsDirectory="020c0ce1-88cd-4b6b-b135-30a46be40b65" />
    <UnitTestResult executionId="ab103cc4-edb4-4bc6-a545-c335b790221a" testId="c6585de0-e704-3fc2-bf12-d49f20738e43" testName="KooliProjekt.Application.UnitTests.Features.KoostisosaTests.List_should_accept_maximum_page_size" computerName="LAPTOP-D4AU3L2H" duration="00:00:00.3705962" startTime="2026-09-21T20:19:12.2927884+03:00" endTime="2026-09-21T20:19:12.2927886+03:00" testType="13cdc9d9-ddb5-4fa4-a97d-d965ccfc6d4b" outcome="Passed" testListId="8c84fa94-04c1-424b-9868-57a2d4851a1d" relativeResultsDirectory="ab103cc4-edb4-4bc6-a545-c335b790221a" />
    <UnitTestResult executionId="b12451e3-662f-431b-9fd9-42fadf44749c" testId="9e4bf46c-60b0-3df5-e0da-2700929e5403" testName="KooliProjekt.Application.UnitTests.Features.PartiiFotoTests.List_should_return_requested_page_in_id_order(page: 3, expectedCount: 2, firstId: 11)" computerName="LAPTOP-D4AU3L2H" duration="00:00:00.0010115" startTime="2026-09-21T20:19:12.3529331+03:00" endTime="2026-09-21T20:19:12.3529332+03:00" testType="13cdc9d9-ddb5-4fa4-a97d-d965ccfc6d4b" outcome="Passed" testListId="8c84fa94-04c1-424b-9868-57a2d4851a1d" relativeResultsDirectory="b12451e3-662f-431b-9fd9-42fadf44749c" />
    <UnitTestResult executionId="239ab765-a1cb-4b3c-9589-ec6732818e29" testId="f3c485c1-d1c3-6640-00f6-bc8415f2519a" testName="KooliProjekt.Application.UnitTests.Features.PartiiFotoTests.List_should_return_empty_page_when_database_is_empty" computerName="LAPTOP-D4AU3L2H" duration="00:00:00.0011861" startTime="2026-09-21T20:19:12.3811692+03:00" endTime="2026-09-21T20:19:12.3811693+03:00" testType="13cdc9d9-ddb5-4fa4-a97d-d965ccfc6d4b" outcome="Passed" testListId="8c84fa94-04c1-424b-9868-57a2d4851a1d" relativeResultsDirectory="239ab765-a1cb-4b3c-9589-ec6732818e29" />
    <UnitTestResult executionId="e5847d3e-800d-4bf2-85bd-56cc3f0c6d2a" testId="6ce23900-8b6b-60fd-35cd-2660743e1884" testName="KooliProjekt.Application.UnitTests.Features.KoostisosaTests.Delete_should_return_id_error_without_query_when_id_is_invalid(id: -10)" computerName="LAPTOP-D4AU3L2H" duration="00:00:00.0051247" startTime="2026-09-21T20:19:11.9314878+03:00" endTime="2026-09-21T20:19:11.9314880+03:00" testType="13cdc9d9-ddb5-4fa4-a97d-d965ccfc6d4b" outcome="Passed" testListId="8c84fa94-04c1-424b-9868-57a2d4851a1d" relativeResultsDirectory="e5847d3e-800d-4bf2-85bd-56cc3f0c6d2a" />
    <UnitTestResult executionId="14d28a0e-051e-4036-afbb-2c3015875347" testId="6cfa55a1-af06-fa86-6692-7ff4b6c70f57" testName="KooliProjekt.Application.UnitTests.Features.PartiiFotoTests.Get_should_propagate_repository_exception" computerName="LAPTOP-D4AU3L2H" duration="00:00:00.0095602" startTime="2026-09-21T20:19:12.1744885+03:00" endTime="2026-09-21T20:19:12.1744887+03:00" testType="13cdc9d9-ddb5-4fa4-a97d-d965ccfc6d4b" outcome="Passed" testListId="8c84fa94-04c1-424b-9868-57a2d4851a1d" relativeResultsDirectory="14d28a0e-051e-4036-afbb-2c3015875347" />
    <UnitTestResult executionId="edecb6ea-ae51-427e-ad57-b8d1173fbd5f" testId="e1bcd52c-ba05-dc0e-4753-3e0e535b88b6" testName="KooliProjekt.Application.UnitTests.Features.KoostisosaTests.Delete_should_propagate_database_query_failure" computerName="LAPTOP-D4AU3L2H" duration="00:00:00.0010570" startTime="2026-09-21T20:19:12.3040066+03:00" endTime="2026-09-21T20:19:12.3040066+03:00" testType="13cdc9d9-ddb5-4fa4-a97d-d965ccfc6d4b" outcome="Passed" testListId="8c84fa94-04c1-424b-9868-57a2d4851a1d" relativeResultsDirectory="edecb6ea-ae51-427e-ad57-b8d1173fbd5f" />
    <UnitTestResult executionId="f64f1322-64f3-4778-bfbe-978ec44ed80d" testId="b1db9edf-c90e-cb99-5a14-5f2a9faa9cc7" testName="KooliProjekt.Application.UnitTests.Features.PartiiTests.Delete_should_propagate_save_failure_without_persisting_delete" computerName="LAPTOP-D4AU3L2H" duration="00:00:00.3721027" startTime="2026-09-21T20:19:12.2970202+03:00" endTime="2026-09-21T20:19:12.2970202+03:00" testType="13cdc9d9-ddb5-4fa4-a97d-d965ccfc6d4b" outcome="Passed" testListId="8c84fa94-04c1-424b-9868-57a2d4851a1d" relativeResultsDirectory="f64f1322-64f3-4778-bfbe-978ec44ed80d" />
    <UnitTestResult executionId="c02bdaa7-ebbd-44bd-8338-421133fc7086" testId="b3945f58-b31c-30b0-3a54-76c802178086" testName="KooliProjekt.Application.UnitTests.Features.PruulimisLogiTests.Get_should_throw_ArgumentNullException_when_request_is_null" computerName="LAPTOP-D4AU3L2H" duration="00:00:00.0033326" startTime="2026-09-21T20:19:12.3924547+03:00" endTime="2026-09-21T20:19:12.3924548+03:00" testType="13cdc9d9-ddb5-4fa4-a97d-d965ccfc6d4b" outcome="Passed" testListId="8c84fa94-04c1-424b-9868-57a2d4851a1d" relativeResultsDirectory="c02bdaa7-ebbd-44bd-8338-421133fc7086" />
    <UnitTestResult executionId="6a0d1a4c-68b5-4f10-a015-d435bfd33f21" testId="f9610d99-271d-40a2-837c-292ec55ffa10" testName="KooliProjekt.Application.UnitTests.Features.OluTests.Get_should_propagate_repository_exception" computerName="LAPTOP-D4AU3L2H" duration="00:00:00.0029347" startTime="2026-09-21T20:19:11.9187529+03:00" endTime="2026-09-21T20:19:11.9187530+03:00" testType="13cdc9d9-ddb5-4fa4-a97d-d965ccfc6d4b" outcome="Passed" testListId="8c84fa94-04c1-424b-9868-57a2d4851a1d" relativeResultsDirectory="6a0d1a4c-68b5-4f10-a015-d435bfd33f21" />
    <UnitTestResult executionId="6a8cc59e-05fe-4abb-8343-a79b352b4345" testId="d8942630-b89f-acc5-7b8e-a26e79dc734a" testName="KooliProjekt.Application.UnitTests.Features.MaitsmineTests.Get_should_propagate_repository_exception" computerName="LAPTOP-D4AU3L2H" duration="00:00:00.0080394" startTime="2026-09-21T20:19:11.9356580+03:00" endTime="2026-09-21T20:19:11.9356583+03:00" testType="13cdc9d9-ddb5-4fa4-a97d-d965ccfc6d4b" outcome="Passed" testListId="8c84fa94-04c1-424b-9868-57a2d4851a1d" relativeResultsDirectory="6a8cc59e-05fe-4abb-8343-a79b352b4345" />
    <UnitTestResult executionId="673bb10a-eb60-465d-99e5-7597ef11328a" testId="b8e741a6-5d29-a74f-a28e-bad289aa24a7" testName="KooliProjekt.Application.UnitTests.Features.PruulimisLogiTests.Delete_should_return_id_error_without_query_when_id_is_invalid(id: -10)" computerName="LAPTOP-D4AU3L2H" duration="00:00:00.0005121" startTime="2026-09-21T20:19:12.3880604+03:00" endTime="2026-09-21T20:19:12.3880605+03:00" testType="13cdc9d9-ddb5-4fa4-a97d-d965ccfc6d4b" outcome="Passed" testListId="8c84fa94-04c1-424b-9868-57a2d4851a1d" relativeResultsDirectory="673bb10a-eb60-465d-99e5-7597ef11328a" />
    <UnitTestResult executionId="ca4c2481-85ea-4a47-902d-5698401f02b7" testId="cec22d98-de03-e7d0-03bd-62dd3268aab3" testName="KooliProjekt.Application.UnitTests.Features.PartiiFotoTests.Delete_should_throw_ArgumentNullException_when_request_is_null" computerName="LAPTOP-D4AU3L2H" duration="00:00:00.0006343" startTime="2026-09-21T20:19:12.3552195+03:00" endTime="2026-09-21T20:19:12.3552196+03:00" testType="13cdc9d9-ddb5-4fa4-a97d-d965ccfc6d4b" outcome="Passed" testListId="8c84fa94-04c1-424b-9868-57a2d4851a1d" relativeResultsDirectory="ca4c2481-85ea-4a47-902d-5698401f02b7" />
    <UnitTestResult executionId="ba1a47c6-9c91-4b6f-8fc3-b7ff6b3941b6" testId="0cba1f86-1e63-0f9f-860e-2318c99d2a70" testName="KooliProjekt.Application.UnitTests.Features.PruulimisLogiTests.List_should_throw_ArgumentException_when_page_is_invalid(page: -10)" computerName="LAPTOP-D4AU3L2H" duration="00:00:00.0011938" startTime="2026-09-21T20:19:12.3852016+03:00" endTime="2026-09-21T20:19:12.3852017+03:00" testType="13cdc9d9-ddb5-4fa4-a97d-d965ccfc6d4b" outcome="Passed" testListId="8c84fa94-04c1-424b-9868-57a2d4851a1d" relativeResultsDirectory="ba1a47c6-9c91-4b6f-8fc3-b7ff6b3941b6" />
    <UnitTestResult executionId="1007ecc4-a884-4de3-932f-4ba2cd513c38" testId="0f2e0bf1-6dc2-1186-21fb-432685257a55" testName="KooliProjekt.Application.UnitTests.Features.PartiiTests.Delete_should_remove_only_requested_entity_and_persist_changes" computerName="LAPTOP-D4AU3L2H" duration="00:00:00.0328093" startTime="2026-09-21T20:19:12.3638446+03:00" endTime="2026-09-21T20:19:12.3638446+03:00" testType="13cdc9d9-ddb5-4fa4-a97d-d965ccfc6d4b" outcome="Passed" testListId="8c84fa94-04c1-424b-9868-57a2d4851a1d" relativeResultsDirectory="1007ecc4-a884-4de3-932f-4ba2cd513c38" />
    <UnitTestResult executionId="d439468f-39a9-4579-94f3-9e3eccdee7db" testId="6fa3a8db-303c-0004-9b53-d5fce0706f64" testName="KooliProjekt.Application.UnitTests.Features.PartiiTests.List_should_return_requested_page_in_id_order(page: 2, expectedCount: 5, firstId: 6)" computerName="LAPTOP-D4AU3L2H" duration="00:00:00.0067534" startTime="2026-09-21T20:19:12.3922584+03:00" endTime="2026-09-21T20:19:12.3922584+03:00" testType="13cdc9d9-ddb5-4fa4-a97d-d965ccfc6d4b" outcome="Passed" testListId="8c84fa94-04c1-424b-9868-57a2d4851a1d" relativeResultsDirectory="d439468f-39a9-4579-94f3-9e3eccdee7db" />
    <UnitTestResult executionId="9f933587-0931-4ad8-b830-fed46490e261" testId="ddaa20ee-1818-da60-711e-6d7e540a5d76" testName="KooliProjekt.Application.UnitTests.Features.KoostisosaTests.List_should_return_requested_page_in_id_order(page: 2, expectedCount: 5, firstId: 6)" computerName="LAPTOP-D4AU3L2H" duration="00:00:00.0037941" startTime="2026-09-21T20:19:12.3188877+03:00" endTime="2026-09-21T20:19:12.3188878+03:00" testType="13cdc9d9-ddb5-4fa4-a97d-d965ccfc6d4b" outcome="Passed" testListId="8c84fa94-04c1-424b-9868-57a2d4851a1d" relativeResultsDirectory="9f933587-0931-4ad8-b830-fed46490e261" />
    <UnitTestResult executionId="bc176d48-ff49-4355-93d6-4e246728a59a" testId="dfb80e32-3f5e-1e91-6fb0-fb74c72e4de5" testName="KooliProjekt.Application.UnitTests.Features.KoostisosaTests.Get_should_not_call_repository_when_id_is_zero_or_negative(id: 0)" computerName="LAPTOP-D4AU3L2H" duration="00:00:00.0003307" startTime="2026-09-21T20:19:11.9195261+03:00" endTime="2026-09-21T20:19:11.9195262+03:00" testType="13cdc9d9-ddb5-4fa4-a97d-d965ccfc6d4b" outcome="Passed" testListId="8c84fa94-04c1-424b-9868-57a2d4851a1d" relativeResultsDirectory="bc176d48-ff49-4355-93d6-4e246728a59a" />
    <UnitTestResult executionId="b7ffc5d5-a06b-4ac6-af05-81017056012a" testId="b76dabdb-66c0-9ceb-759f-f32e227be641" testName="KooliProjekt.Application.UnitTests.Features.KoostisosaTests.Get_should_not_call_repository_when_id_is_zero_or_negative(id: -10)" computerName="LAPTOP-D4AU3L2H" duration="00:00:00.0006697" startTime="2026-09-21T20:19:11.9192689+03:00" endTime="2026-09-21T20:19:11.9192690+03:00" testType="13cdc9d9-ddb5-4fa4-a97d-d965ccfc6d4b" outcome="Passed" testListId="8c84fa94-04c1-424b-9868-57a2d4851a1d" relativeResultsDirectory="b7ffc5d5-a06b-4ac6-af05-81017056012a" />
    <UnitTestResult executionId="4a53221d-3ddb-4435-b00f-fde2cae73c62" testId="40a0bcd9-21ed-0b30-754e-172d2f1fc472" testName="KooliProjekt.Application.UnitTests.Features.PartiiTests.List_should_return_requested_page_in_id_order(page: 4, expectedCount: 0, firstId: 16)" computerName="LAPTOP-D4AU3L2H" duration="00:00:00.0010604" startTime="2026-09-21T20:19:12.3858359+03:00" endTime="2026-09-21T20:19:12.3858359+03:00" testType="13cdc9d9-ddb5-4fa4-a97d-d965ccfc6d4b" outcome="Passed" testListId="8c84fa94-04c1-424b-9868-57a2d4851a1d" relativeResultsDirectory="4a53221d-3ddb-4435-b00f-fde2cae73c62" />
    <UnitTestResult executionId="cd5a6554-62ee-42dd-822d-fd60b48d225b" testId="46897cd3-492f-0388-72e3-6e3f2904d4a0" testName="KooliProjekt.Application.UnitTests.Features.KoostisosaTests.Delete_should_return_id_error_without_query_when_id_is_invalid(id: 0)" computerName="LAPTOP-D4AU3L2H" duration="00:00:00.0003075" startTime="2026-09-21T20:19:11.9322604+03:00" endTime="2026-09-21T20:19:11.9322605+03:00" testType="13cdc9d9-ddb5-4fa4-a97d-d965ccfc6d4b" outcome="Passed" testListId="8c84fa94-04c1-424b-9868-57a2d4851a1d" relativeResultsDirectory="cd5a6554-62ee-42dd-822d-fd60b48d225b" />
    <UnitTestResult executionId="52539666-40cc-4e7e-bb6e-5fce273cc78a" testId="7e8e44cb-8c26-801c-5bd9-5c1f1e62209a" testName="KooliProjekt.Application.UnitTests.Features.PartiiTests.List_should_throw_ArgumentException_when_page_is_invalid(page: 0)" computerName="LAPTOP-D4AU3L2H" duration="00:00:00.0004163" startTime="2026-09-21T20:19:12.3672602+03:00" endTime="2026-09-21T20:19:12.3672603+03:00" testType="13cdc9d9-ddb5-4fa4-a97d-d965ccfc6d4b" outcome="Passed" testListId="8c84fa94-04c1-424b-9868-57a2d4851a1d" relativeResultsDirectory="52539666-40cc-4e7e-bb6e-5fce273cc78a" />
    <UnitTestResult executionId="50c5697a-88e5-4406-a510-d33e97f7e56f" testId="b94ecb6e-592d-43d1-52a9-da130aef20f3" testName="KooliProjekt.Application.UnitTests.Features.PartiiFotoTests.List_should_throw_ArgumentException_when_page_size_is_invalid(pageSize: 0)" computerName="LAPTOP-D4AU3L2H" duration="00:00:00.2699933" startTime="2026-09-21T20:19:12.1396935+03:00" endTime="2026-09-21T20:19:12.1396935+03:00" testType="13cdc9d9-ddb5-4fa4-a97d-d965ccfc6d4b" outcome="Passed" testListId="8c84fa94-04c1-424b-9868-57a2d4851a1d" relativeResultsDirectory="50c5697a-88e5-4406-a510-d33e97f7e56f" />
    <UnitTestResult executionId="a4e86213-e8e7-40fb-9b2b-714ef414d23f" testId="1649f0a3-1df5-abac-8fe7-25f4818870f4" testName="KooliProjekt.Application.UnitTests.Features.PartiiTests.List_should_return_requested_page_in_id_order(page: 1, expectedCount: 5, firstId: 1)" computerName="LAPTOP-D4AU3L2H" duration="00:00:00.0009152" startTime="2026-09-21T20:19:12.3928515+03:00" endTime="2026-09-21T20:19:12.3928516+03:00" testType="13cdc9d9-ddb5-4fa4-a97d-d965ccfc6d4b" outcome="Passed" testListId="8c84fa94-04c1-424b-9868-57a2d4851a1d" relativeResultsDirectory="a4e86213-e8e7-40fb-9b2b-714ef414d23f" />
    <UnitTestResult executionId="38fe32cf-4908-4d16-a91c-ca94a876cfdc" testId="b5781588-976f-1487-a0ff-20c66a94c57e" testName="KooliProjekt.Application.UnitTests.Features.MaitsmineTests.List_should_return_requested_page_in_id_order(page: 3, expectedCount: 2, firstId: 11)" computerName="LAPTOP-D4AU3L2H" duration="00:00:00.0010223" startTime="2026-09-21T20:19:12.3379882+03:00" endTime="2026-09-21T20:19:12.3379884+03:00" testType="13cdc9d9-ddb5-4fa4-a97d-d965ccfc6d4b" outcome="Passed" testListId="8c84fa94-04c1-424b-9868-57a2d4851a1d" relativeResultsDirectory="38fe32cf-4908-4d16-a91c-ca94a876cfdc" />
    <UnitTestResult executionId="970d177b-452f-4c2f-ab6d-85bf1d00c8f7" testId="c717ba61-f9c4-c459-11a9-98ff2fd9bde8" testName="KooliProjekt.Application.UnitTests.Features.PartiiFotoTests.List_should_accept_maximum_page_size" computerName="LAPTOP-D4AU3L2H" duration="00:00:00.1178349" startTime="2026-09-21T20:19:12.2923998+03:00" endTime="2026-09-21T20:19:12.2924001+03:00" testType="13cdc9d9-ddb5-4fa4-a97d-d965ccfc6d4b" outcome="Passed" testListId="8c84fa94-04c1-424b-9868-57a2d4851a1d" relativeResultsDirectory="970d177b-452f-4c2f-ab6d-85bf1d00c8f7" />
    <UnitTestResult executionId="10af9f1e-3feb-4ccb-8124-f686d5b4d17c" testId="d3c61003-2698-9ba1-f963-20e8b364df2a" testName="KooliProjekt.Application.UnitTests.Features.PruulimisLogiTests.Get_should_not_call_repository_when_id_is_zero_or_negative(id: -10)" computerName="LAPTOP-D4AU3L2H" duration="00:00:00.0007287" startTime="2026-09-21T20:19:12.3885412+03:00" endTime="2026-09-21T20:19:12.3885413+03:00" testType="13cdc9d9-ddb5-4fa4-a97d-d965ccfc6d4b" outcome="Passed" testListId="8c84fa94-04c1-424b-9868-57a2d4851a1d" relativeResultsDirectory="10af9f1e-3feb-4ccb-8124-f686d5b4d17c" />
    <UnitTestResult executionId="a185a61a-e1b0-446f-926f-368132c5d55e" testId="91b7d28b-8e9b-4276-2cd1-e4491fd036e6" testName="KooliProjekt.Application.UnitTests.Features.PruulimisLogiTests.List_should_return_requested_page_in_id_order(page: 2, expectedCount: 5, firstId: 6)" computerName="LAPTOP-D4AU3L2H" duration="00:00:00.0046774" startTime="2026-09-21T20:19:12.3151459+03:00" endTime="2026-09-21T20:19:12.3151460+03:00" testType="13cdc9d9-ddb5-4fa4-a97d-d965ccfc6d4b" outcome="Passed" testListId="8c84fa94-04c1-424b-9868-57a2d4851a1d" relativeResultsDirectory="a185a61a-e1b0-446f-926f-368132c5d55e" />
    <UnitTestResult executionId="fbb48869-f9ec-41ec-afe2-ad0c81ab5407" testId="f34d9fbc-acd2-89de-6c25-b1f462b620ad" testName="KooliProjekt.Application.UnitTests.Features.MaitsmineTests.List_should_throw_ArgumentException_when_page_size_is_invalid(pageSize: 0)" computerName="LAPTOP-D4AU3L2H" duration="00:00:00.0001352" startTime="2026-09-21T20:19:12.2952606+03:00" endTime="2026-09-21T20:19:12.2952607+03:00" testType="13cdc9d9-ddb5-4fa4-a97d-d965ccfc6d4b" outcome="Passed" testListId="8c84fa94-04c1-424b-9868-57a2d4851a1d" relativeResultsDirectory="fbb48869-f9ec-41ec-afe2-ad0c81ab5407" />
    <UnitTestResult executionId="b21e05ce-84e6-4587-894c-d23ec0b8cb3f" testId="b698cf23-bd92-a945-b679-3f6124fd8a6f" testName="KooliProjekt.Application.UnitTests.Features.MaitsmineTests.List_should_throw_ArgumentException_when_page_is_invalid(page: -10)" computerName="LAPTOP-D4AU3L2H" duration="00:00:00.0005204" startTime="2026-09-21T20:19:12.3050734+03:00" endTime="2026-09-21T20:19:12.3050735+03:00" testType="13cdc9d9-ddb5-4fa4-a97d-d965ccfc6d4b" outcome="Passed" testListId="8c84fa94-04c1-424b-9868-57a2d4851a1d" relativeResultsDirectory="b21e05ce-84e6-4587-894c-d23ec0b8cb3f" />
    <UnitTestResult executionId="48d5dc6e-2beb-4af8-a8d6-d2e7e306815d" testId="4609c947-4635-82f9-e1b1-abf3a72172e9" testName="KooliProjekt.Application.UnitTests.Features.MaitsmineTests.Delete_should_remove_only_requested_entity_and_persist_changes" computerName="LAPTOP-D4AU3L2H" duration="00:00:00.0067825" startTime="2026-09-21T20:19:12.3952762+03:00" endTime="2026-09-21T20:19:12.3952763+03:00" testType="13cdc9d9-ddb5-4fa4-a97d-d965ccfc6d4b" outcome="Passed" testListId="8c84fa94-04c1-424b-9868-57a2d4851a1d" relativeResultsDirectory="48d5dc6e-2beb-4af8-a8d6-d2e7e306815d" />
    <UnitTestResult executionId="f083cf8e-ddaa-4b67-8a0c-e9f5064dcb57" testId="d8e16160-0639-c863-3e22-bdf48cc47401" testName="KooliProjekt.Application.UnitTests.Features.KoostisosaTests.Get_should_return_dto_when_entity_exists" computerName="LAPTOP-D4AU3L2H" duration="00:00:00.0424961" startTime="2026-09-21T20:19:11.9183202+03:00" endTime="2026-09-21T20:19:11.9183203+03:00" testType="13cdc9d9-ddb5-4fa4-a97d-d965ccfc6d4b" outcome="Passed" testListId="8c84fa94-04c1-424b-9868-57a2d4851a1d" relativeResultsDirectory="f083cf8e-ddaa-4b67-8a0c-e9f5064dcb57" />
    <UnitTestResult executionId="b481bbb7-bea4-485a-9268-ac363b80119b" testId="c2e16d5f-4a5d-3157-6214-b999f79e578d" testName="KooliProjekt.Application.UnitTests.Features.KoostisosaTests.List_should_throw_ArgumentException_when_page_size_is_invalid(pageSize: 0)" computerName="LAPTOP-D4AU3L2H" duration="00:00:00.0006881" startTime="2026-09-21T20:19:12.3677029+03:00" endTime="2026-09-21T20:19:12.3677030+03:00" testType="13cdc9d9-ddb5-4fa4-a97d-d965ccfc6d4b" outcome="Passed" testListId="8c84fa94-04c1-424b-9868-57a2d4851a1d" relativeResultsDirectory="b481bbb7-bea4-485a-9268-ac363b80119b" />
    <UnitTestResult executionId="3d628ba1-98a6-4b23-8a4f-38f6c48410aa" testId="8fc97949-8dc9-8d54-efba-92918ae498c1" testName="KooliProjekt.Application.UnitTests.Features.OluTests.List_should_throw_ArgumentException_when_page_is_invalid(page: 0)" computerName="LAPTOP-D4AU3L2H" duration="00:00:00.0007644" startTime="2026-09-21T20:19:12.3487855+03:00" endTime="2026-09-21T20:19:12.3487856+03:00" testType="13cdc9d9-ddb5-4fa4-a97d-d965ccfc6d4b" outcome="Passed" testListId="8c84fa94-04c1-424b-9868-57a2d4851a1d" relativeResultsDirectory="3d628ba1-98a6-4b23-8a4f-38f6c48410aa" />
    <UnitTestResult executionId="e38ced02-bf29-480c-8022-04789304c088" testId="336c9dc1-74f1-cb62-a3d4-7d10ae25c4bc" testName="KooliProjekt.Application.UnitTests.Features.OluTests.List_should_propagate_database_failure" computerName="LAPTOP-D4AU3L2H" duration="00:00:00.0007826" startTime="2026-09-21T20:19:12.3547965+03:00" endTime="2026-09-21T20:19:12.3547967+03:00" testType="13cdc9d9-ddb5-4fa4-a97d-d965ccfc6d4b" outcome="Passed" testListId="8c84fa94-04c1-424b-9868-57a2d4851a1d" relativeResultsDirectory="e38ced02-bf29-480c-8022-04789304c088" />
    <UnitTestResult executionId="806aa2d1-728c-4438-a0a6-66bd31c9a8a1" testId="c28b936b-2ea4-4f8b-b2be-8cc1bfdf378a" testName="KooliProjekt.Application.UnitTests.Features.KoostisosaTests.Get_should_throw_ArgumentNullException_when_request_is_null" computerName="LAPTOP-D4AU3L2H" duration="00:00:00.0004844" startTime="2026-09-21T20:19:12.3760770+03:00" endTime="2026-09-21T20:19:12.3760771+03:00" testType="13cdc9d9-ddb5-4fa4-a97d-d965ccfc6d4b" outcome="Passed" testListId="8c84fa94-04c1-424b-9868-57a2d4851a1d" relativeResultsDirectory="806aa2d1-728c-4438-a0a6-66bd31c9a8a1" />
    <UnitTestResult executionId="e3475bf6-91e0-42f2-b74d-0ab4893dd053" testId="25e44f5c-37d9-d96a-c5fe-e6beebe6b191" testName="KooliProjekt.Application.UnitTests.Features.OluTests.Get_should_not_call_repository_when_id_is_zero_or_negative(id: 0)" computerName="LAPTOP-D4AU3L2H" duration="00:00:00.0347244" startTime="2026-09-21T20:19:11.9067704+03:00" endTime="2026-09-21T20:19:11.9067911+03:00" testType="13cdc9d9-ddb5-4fa4-a97d-d965ccfc6d4b" outcome="Passed" testListId="8c84fa94-04c1-424b-9868-57a2d4851a1d" relativeResultsDirectory="e3475bf6-91e0-42f2-b74d-0ab4893dd053" />
    <UnitTestResult executionId="f0e9e922-ed44-4ff4-bce6-71d0cbc39c50" testId="e91a5c90-23e5-6882-90ec-ddaf81ed6ef7" testName="KooliProjekt.Application.UnitTests.Features.PartiiFotoTests.Delete_should_return_id_error_without_query_when_id_is_invalid(id: -10)" computerName="LAPTOP-D4AU3L2H" duration="00:00:00.0006863" startTime="2026-09-21T20:19:12.3351106+03:00" endTime="2026-09-21T20:19:12.3351107+03:00" testType="13cdc9d9-ddb5-4fa4-a97d-d965ccfc6d4b" outcome="Passed" testListId="8c84fa94-04c1-424b-9868-57a2d4851a1d" relativeResultsDirectory="f0e9e922-ed44-4ff4-bce6-71d0cbc39c50" />
    <UnitTestResult executionId="164d1a79-4f90-49f2-a991-cdf24d8e70ca" testId="3605a666-ec19-2f45-4ca7-895a3be9eaad" testName="KooliProjekt.Application.UnitTests.Features.PruulimisLogiTests.List_should_throw_ArgumentException_when_page_size_is_invalid(pageSize: -10)" computerName="LAPTOP-D4AU3L2H" duration="00:00:00.0001324" startTime="2026-09-21T20:19:12.3752155+03:00" endTime="2026-09-21T20:19:12.3752156+03:00" testType="13cdc9d9-ddb5-4fa4-a97d-d965ccfc6d4b" outcome="Passed" testListId="8c84fa94-04c1-424b-9868-57a2d4851a1d" relativeResultsDirectory="164d1a79-4f90-49f2-a991-cdf24d8e70ca" />
    <UnitTestResult executionId="bfb401c4-3bc3-4f2f-a5e7-ccc8b2d7cc6b" testId="22c24f36-a263-6196-3c38-2db2dab6d512" testName="KooliProjekt.Application.UnitTests.Features.KoostisosaTests.Delete_should_remove_only_requested_entity_and_persist_changes" computerName="LAPTOP-D4AU3L2H" duration="00:00:00.0030217" startTime="2026-09-21T20:19:12.3649689+03:00" endTime="2026-09-21T20:19:12.3649690+03:00" testType="13cdc9d9-ddb5-4fa4-a97d-d965ccfc6d4b" outcome="Passed" testListId="8c84fa94-04c1-424b-9868-57a2d4851a1d" relativeResultsDirectory="bfb401c4-3bc3-4f2f-a5e7-ccc8b2d7cc6b" />
[...]
    <TestEntry testId="758c8ada-e9fe-0d4b-e9a7-eb5b0912bba1" executionId="82b48c24-f471-42da-ac9b-e1d96485da45" testListId="8c84fa94-04c1-424b-9868-57a2d4851a1d" />
    <TestEntry testId="ad9237ff-61a4-30fb-896d-a34077b90d85" executionId="17a683e3-33f7-4f31-ac26-a11efa94cc3c" testListId="8c84fa94-04c1-424b-9868-57a2d4851a1d" />
    <TestEntry testId="6986950d-e64b-cdf3-3028-cdcd9291ee09" executionId="4c37a3a6-112c-47c9-b3ca-f6ce87c6c473" testListId="8c84fa94-04c1-424b-9868-57a2d4851a1d" />
    <TestEntry testId="e9218918-8668-54d3-d399-e6e88ac03073" executionId="c06f1cef-d590-479b-95a0-ad4bc850fa23" testListId="8c84fa94-04c1-424b-9868-57a2d4851a1d" />
    <TestEntry testId="dcc0d9fd-0b0b-c3cf-8421-90d2d4538b5b" executionId="4877fecb-89b7-4619-92cd-29d072a886bc" testListId="8c84fa94-04c1-424b-9868-57a2d4851a1d" />
    <TestEntry testId="1c777894-47af-8cbe-40ca-955ef3a0f8a5" executionId="2c9a3814-f904-4817-b774-ac327b8ae3fb" testListId="8c84fa94-04c1-424b-9868-57a2d4851a1d" />
    <TestEntry testId="0ab395ce-e8ce-62f3-bc1b-87f8726260ef" executionId="70ad1cc0-d3f0-45f2-9e36-65b13d0e74a2" testListId="8c84fa94-04c1-424b-9868-57a2d4851a1d" />
    <TestEntry testId="c5c59c74-27b0-17cb-2c9c-8409369d9d16" executionId="1f04e14d-20e7-46a9-ba43-4c4d9d1dd7c6" testListId="8c84fa94-04c1-424b-9868-57a2d4851a1d" />
    <TestEntry testId="735afef4-fc32-f784-ce8f-3f8d473c0a5f" executionId="68a03905-440d-46ae-98fc-caa873363aac" testListId="8c84fa94-04c1-424b-9868-57a2d4851a1d" />
    <TestEntry testId="97981767-b0c8-235f-6f8b-cb2c649de992" executionId="6846b6db-cd8e-4622-a114-56f8d5e18e53" testListId="8c84fa94-04c1-424b-9868-57a2d4851a1d" />
    <TestEntry testId="843fce6a-7bc9-93ff-4a77-c6fd525aab6a" executionId="a75ef900-ba8d-4432-bdfc-6afaba7be164" testListId="8c84fa94-04c1-424b-9868-57a2d4851a1d" />
    <TestEntry testId="652a88f3-f53d-47ea-6858-ad7035fa9f3a" executionId="86baeb12-0473-4364-abc8-33a94c5379e0" testListId="8c84fa94-04c1-424b-9868-57a2d4851a1d" />
    <TestEntry testId="1b867575-b0f6-f93d-fc42-b5a7f721fbd7" executionId="ffe3da1c-e0f9-4e3f-abed-e45691534acc" testListId="8c84fa94-04c1-424b-9868-57a2d4851a1d" />
    <TestEntry testId="f931dbc8-c16c-2899-e00a-b9716ecde604" executionId="343047d8-c6f2-4584-96cf-74447669a339" testListId="8c84fa94-04c1-424b-9868-57a2d4851a1d" />
    <TestEntry testId="2d23b2b5-b30b-80f2-7e90-2c4670c1e3a2" executionId="a4601804-e949-4fed-a722-0995fc502cb5" testListId="8c84fa94-04c1-424b-9868-57a2d4851a1d" />
    <TestEntry testId="5eab064a-9465-bbff-07db-f4b2d92a8586" executionId="6432cf8a-ef62-4e2f-a2a0-dfd15165d0fa" testListId="8c84fa94-04c1-424b-9868-57a2d4851a1d" />
    <TestEntry testId="1a44fc25-1a82-3314-0a33-0c71e6f109d1" executionId="c41d78bc-2ca0-40cc-9566-1bfbfc613e85" testListId="8c84fa94-04c1-424b-9868-57a2d4851a1d" />
    <TestEntry testId="f411a178-3bd1-71f7-f7ce-eaf2363e1395" executionId="41135604-336b-462a-b3b7-186c3c0a3bc4" testListId="8c84fa94-04c1-424b-9868-57a2d4851a1d" />
    <TestEntry testId="d858c531-4ad4-4758-29ee-3d589d29e5bd" executionId="97432ed2-6423-4e87-8951-27cac70b6f8a" testListId="8c84fa94-04c1-424b-9868-57a2d4851a1d" />
    <TestEntry testId="7e22c68d-258d-85f4-0f53-3af01cc62b77" executionId="225f2b9c-0823-4232-9e0b-db6d3e1b5c46" testListId="8c84fa94-04c1-424b-9868-57a2d4851a1d" />
    <TestEntry testId="7c1a8a72-13ee-330b-21ae-89f72256ed9d" executionId="1f969d2d-9303-4f87-b061-5a57607a19eb" testListId="8c84fa94-04c1-424b-9868-57a2d4851a1d" />
    <TestEntry testId="d9bb146a-2975-fb60-1aa6-88dbc991b0a6" executionId="40482ea6-a658-4397-9a76-1d752cd09158" testListId="8c84fa94-04c1-424b-9868-57a2d4851a1d" />
    <TestEntry testId="b8deeaa2-06f8-d2e4-8186-6ed11afad877" executionId="cacecc20-a096-4b81-bb09-cf6135b869d9" testListId="8c84fa94-04c1-424b-9868-57a2d4851a1d" />
    <TestEntry testId="f8dbed48-dc13-956f-ed28-29f877e95db1" executionId="3558c451-c182-4c4d-966c-5653e84fa71b" testListId="8c84fa94-04c1-424b-9868-57a2d4851a1d" />
    <TestEntry testId="2e4b967e-3bb7-36b8-aed1-a272fb298bc3" executionId="60b3a8dd-913b-4303-a445-23a2333a463b" testListId="8c84fa94-04c1-424b-9868-57a2d4851a1d" />
    <TestEntry testId="b7f9a392-964b-2f32-e0de-2f7e1aad328c" executionId="1c5fedc0-5428-4b13-b7d4-ead9b16b3781" testListId="8c84fa94-04c1-424b-9868-57a2d4851a1d" />
    <TestEntry testId="eedffacd-87ee-f473-8f3b-c1a2df6f2989" executionId="cd037ccd-f8fa-44d5-89fd-1182a3209dc2" testListId="8c84fa94-04c1-424b-9868-57a2d4851a1d" />
    <TestEntry testId="da1af719-def5-7e98-ba88-5d27e0455706" executionId="ae35ebab-2fee-4d5e-999c-a317eaf7a108" testListId="8c84fa94-04c1-424b-9868-57a2d4851a1d" />
    <TestEntry testId="2caef3ef-6a3c-b5a9-33ea-75c52f4d11ac" executionId="d877b8cd-a12c-48b1-bca3-2d7214fa31a6" testListId="8c84fa94-04c1-424b-9868-57a2d4851a1d" />
    <TestEntry testId="cbc9fa74-7cc6-eca1-5b51-02dd03f63294" executionId="01fb757e-875e-4f96-93c5-979398849b95" testListId="8c84fa94-04c1-424b-9868-57a2d4851a1d" />
    <TestEntry testId="d93f27ca-68f7-b3f7-972e-7a0cc106882a" executionId="fa377dec-538d-4a0d-8cb8-2b7a055a5c59" testListId="8c84fa94-04c1-424b-9868-57a2d4851a1d" />
    <TestEntry testId="72df6d5d-3d2c-affb-6ce9-25f031b594a5" executionId="eca60780-3a37-4f00-8d6e-d61c5be65bfc" testListId="8c84fa94-04c1-424b-9868-57a2d4851a1d" />
    <TestEntry testId="b01033cd-2ae0-4494-f0c0-ae3cdb1dbaa0" executionId="b13429ee-0272-4877-925e-44292f04781d" testListId="8c84fa94-04c1-424b-9868-57a2d4851a1d" />
    <TestEntry testId="6329f12a-df3f-1974-9990-77a617043046" executionId="2822785a-49da-42f4-97d4-17a818a16a55" testListId="8c84fa94-04c1-424b-9868-57a2d4851a1d" />
    <TestEntry testId="6e072852-d6fa-9e33-ef13-7b28068dd74b" executionId="18dbc5fb-9fba-412e-822f-92fb9be7d0f7" testListId="8c84fa94-04c1-424b-9868-57a2d4851a1d" />
    <TestEntry testId="5ae9d7db-c193-069b-a2b8-98aeca589328" executionId="b6b68b0b-45f4-4304-8810-4119a67f786a" testListId="8c84fa94-04c1-424b-9868-57a2d4851a1d" />
    <TestEntry testId="f6f92fca-6901-f850-a958-297c8d3c46ba" executionId="bfda1076-f825-4edd-b475-7aa35c3bd9ae" testListId="8c84fa94-04c1-424b-9868-57a2d4851a1d" />
    <TestEntry testId="4401f7b0-3155-9965-ebdf-81039e126bcf" executionId="22118e63-113b-4a48-abfb-c5d5efd3895a" testListId="8c84fa94-04c1-424b-9868-57a2d4851a1d" />
    <TestEntry testId="e2fff2da-1f0c-b499-1eba-799f88d955a4" executionId="8d2f9342-f598-4b0f-81f6-0a1720410979" testListId="8c84fa94-04c1-424b-9868-57a2d4851a1d" />
    <TestEntry testId="0c031f88-7a8b-a1a1-c895-f3afac4d6918" executionId="8506974f-95df-49fd-9f3e-dbb8b7de0cae" testListId="8c84fa94-04c1-424b-9868-57a2d4851a1d" />
    <TestEntry testId="3951b66c-d150-81cb-9ce2-f9e90d99db1c" executionId="a01e5388-1f78-4154-a7a5-bd148dda05a3" testListId="8c84fa94-04c1-424b-9868-57a2d4851a1d" />
    <TestEntry testId="2fd2ddf5-5488-4f2c-684a-04149fc15c20" executionId="2302ee20-b4f2-4da4-a827-ae4c6485cf2c" testListId="8c84fa94-04c1-424b-9868-57a2d4851a1d" />
    <TestEntry testId="0b4b1bcd-c44e-582d-e21b-6833ce2e2c39" executionId="61fb78dc-5047-4e3c-a6e5-a3a9ec73bb18" testListId="8c84fa94-04c1-424b-9868-57a2d4851a1d" />
    <TestEntry testId="d08c0ef7-92cf-13da-11a6-5309b439ed4f" executionId="2c955042-ef81-4f8e-9e68-56bc18e1174c" testListId="8c84fa94-04c1-424b-9868-57a2d4851a1d" />
    <TestEntry testId="c1e4f33e-1b21-a804-31b7-aae627dc206b" executionId="1c8033f3-638d-4a28-b2f0-9567b7f0d08c" testListId="8c84fa94-04c1-424b-9868-57a2d4851a1d" />
    <TestEntry testId="5f15a2bc-05a1-eb70-ef68-b4a612eacfe1" executionId="33bd42ef-5d01-4ef1-8130-3008d8f7e51e" testListId="8c84fa94-04c1-424b-9868-57a2d4851a1d" />
    <TestEntry testId="41fb5c46-3ffd-c3a6-61f6-d3d3068cc9cf" executionId="6bfec59c-aa14-4884-a139-0ba52f80b3ea" testListId="8c84fa94-04c1-424b-9868-57a2d4851a1d" />
    <TestEntry testId="a9d844a8-33ce-ace8-a4b9-11f2418b30bb" executionId="020c0ce1-88cd-4b6b-b135-30a46be40b65" testListId="8c84fa94-04c1-424b-9868-57a2d4851a1d" />
    <TestEntry testId="c6585de0-e704-3fc2-bf12-d49f20738e43" executionId="ab103cc4-edb4-4bc6-a545-c335b790221a" testListId="8c84fa94-04c1-424b-9868-57a2d4851a1d" />
    <TestEntry testId="9e4bf46c-60b0-3df5-e0da-2700929e5403" executionId="b12451e3-662f-431b-9fd9-42fadf44749c" testListId="8c84fa94-04c1-424b-9868-57a2d4851a1d" />
    <TestEntry testId="f3c485c1-d1c3-6640-00f6-bc8415f2519a" executionId="239ab765-a1cb-4b3c-9589-ec6732818e29" testListId="8c84fa94-04c1-424b-9868-57a2d4851a1d" />
    <TestEntry testId="6ce23900-8b6b-60fd-35cd-2660743e1884" executionId="e5847d3e-800d-4bf2-85bd-56cc3f0c6d2a" testListId="8c84fa94-04c1-424b-9868-57a2d4851a1d" />
    <TestEntry testId="6cfa55a1-af06-fa86-6692-7ff4b6c70f57" executionId="14d28a0e-051e-4036-afbb-2c3015875347" testListId="8c84fa94-04c1-424b-9868-57a2d4851a1d" />
    <TestEntry testId="e1bcd52c-ba05-dc0e-4753-3e0e535b88b6" executionId="edecb6ea-ae51-427e-ad57-b8d1173fbd5f" testListId="8c84fa94-04c1-424b-9868-57a2d4851a1d" />
    <TestEntry testId="b1db9edf-c90e-cb99-5a14-5f2a9faa9cc7" executionId="f64f1322-64f3-4778-bfbe-978ec44ed80d" testListId="8c84fa94-04c1-424b-9868-57a2d4851a1d" />
    <TestEntry testId="b3945f58-b31c-30b0-3a54-76c802178086" executionId="c02bdaa7-ebbd-44bd-8338-421133fc7086" testListId="8c84fa94-04c1-424b-9868-57a2d4851a1d" />
    <TestEntry testId="f9610d99-271d-40a2-837c-292ec55ffa10" executionId="6a0d1a4c-68b5-4f10-a015-d435bfd33f21" testListId="8c84fa94-04c1-424b-9868-57a2d4851a1d" />
    <TestEntry testId="d8942630-b89f-acc5-7b8e-a26e79dc734a" executionId="6a8cc59e-05fe-4abb-8343-a79b352b4345" testListId="8c84fa94-04c1-424b-9868-57a2d4851a1d" />
    <TestEntry testId="b8e741a6-5d29-a74f-a28e-bad289aa24a7" executionId="673bb10a-eb60-465d-99e5-7597ef11328a" testListId="8c84fa94-04c1-424b-9868-57a2d4851a1d" />
    <TestEntry testId="cec22d98-de03-e7d0-03bd-62dd3268aab3" executionId="ca4c2481-85ea-4a47-902d-5698401f02b7" testListId="8c84fa94-04c1-424b-9868-57a2d4851a1d" />
    <TestEntry testId="0cba1f86-1e63-0f9f-860e-2318c99d2a70" executionId="ba1a47c6-9c91-4b6f-8fc3-b7ff6b3941b6" testListId="8c84fa94-04c1-424b-9868-57a2d4851a1d" />
    <TestEntry testId="0f2e0bf1-6dc2-1186-21fb-432685257a55" executionId="1007ecc4-a884-4de3-932f-4ba2cd513c38" testListId="8c84fa94-04c1-424b-9868-57a2d4851a1d" />
    <TestEntry testId="6fa3a8db-303c-0004-9b53-d5fce0706f64" executionId="d439468f-39a9-4579-94f3-9e3eccdee7db" testListId="8c84fa94-04c1-424b-9868-57a2d4851a1d" />
    <TestEntry testId="ddaa20ee-1818-da60-711e-6d7e540a5d76" executionId="9f933587-0931-4ad8-b830-fed46490e261" testListId="8c84fa94-04c1-424b-9868-57a2d4851a1d" />
    <TestEntry testId="dfb80e32-3f5e-1e91-6fb0-fb74c72e4de5" executionId="bc176d48-ff49-4355-93d6-4e246728a59a" testListId="8c84fa94-04c1-424b-9868-57a2d4851a1d" />
    <TestEntry testId="b76dabdb-66c0-9ceb-759f-f32e227be641" executionId="b7ffc5d5-a06b-4ac6-af05-81017056012a" testListId="8c84fa94-04c1-424b-9868-57a2d4851a1d" />
    <TestEntry testId="40a0bcd9-21ed-0b30-754e-172d2f1fc472" executionId="4a53221d-3ddb-4435-b00f-fde2cae73c62" testListId="8c84fa94-04c1-424b-9868-57a2d4851a1d" />
    <TestEntry testId="46897cd3-492f-0388-72e3-6e3f2904d4a0" executionId="cd5a6554-62ee-42dd-822d-fd60b48d225b" testListId="8c84fa94-04c1-424b-9868-57a2d4851a1d" />
    <TestEntry testId="7e8e44cb-8c26-801c-5bd9-5c1f1e62209a" executionId="52539666-40cc-4e7e-bb6e-5fce273cc78a" testListId="8c84fa94-04c1-424b-9868-57a2d4851a1d" />
    <TestEntry testId="b94ecb6e-592d-43d1-52a9-da130aef20f3" executionId="50c5697a-88e5-4406-a510-d33e97f7e56f" testListId="8c84fa94-04c1-424b-9868-57a2d4851a1d" />
    <TestEntry testId="1649f0a3-1df5-abac-8fe7-25f4818870f4" executionId="a4e86213-e8e7-40fb-9b2b-714ef414d23f" testListId="8c84fa94-04c1-424b-9868-57a2d4851a1d" />
    <TestEntry testId="b5781588-976f-1487-a0ff-20c66a94c57e" executionId="38fe32cf-4908-4d16-a91c-ca94a876cfdc" testListId="8c84fa94-04c1-424b-9868-57a2d4851a1d" />
    <TestEntry testId="c717ba61-f9c4-c459-11a9-98ff2fd9bde8" executionId="970d177b-452f-4c2f-ab6d-85bf1d00c8f7" testListId="8c84fa94-04c1-424b-9868-57a2d4851a1d" />
    <TestEntry testId="d3c61003-2698-9ba1-f963-20e8b364df2a" executionId="10af9f1e-3feb-4ccb-8124-f686d5b4d17c" testListId="8c84fa94-04c1-424b-9868-57a2d4851a1d" />
    <TestEntry testId="91b7d28b-8e9b-4276-2cd1-e4491fd036e6" executionId="a185a61a-e1b0-446f-926f-368132c5d55e" testListId="8c84fa94-04c1-424b-9868-57a2d4851a1d" />
    <TestEntry testId="f34d9fbc-acd2-89de-6c25-b1f462b620ad" executionId="fbb48869-f9ec-41ec-afe2-ad0c81ab5407" testListId="8c84fa94-04c1-424b-9868-57a2d4851a1d" />
    <TestEntry testId="b698cf23-bd92-a945-b679-3f6124fd8a6f" executionId="b21e05ce-84e6-4587-894c-d23ec0b8cb3f" testListId="8c84fa94-04c1-424b-9868-57a2d4851a1d" />
    <TestEntry testId="4609c947-4635-82f9-e1b1-abf3a72172e9" executionId="48d5dc6e-2beb-4af8-a8d6-d2e7e306815d" testListId="8c84fa94-04c1-424b-9868-57a2d4851a1d" />
    <TestEntry testId="d8e16160-0639-c863-3e22-bdf48cc47401" executionId="f083cf8e-ddaa-4b67-8a0c-e9f5064dcb57" testListId="8c84fa94-04c1-424b-9868-57a2d4851a1d" />
    <TestEntry testId="c2e16d5f-4a5d-3157-6214-b999f79e578d" executionId="b481bbb7-bea4-485a-9268-ac363b80119b" testListId="8c84fa94-04c1-424b-9868-57a2d4851a1d" />
    <TestEntry testId="8fc97949-8dc9-8d54-efba-92918ae498c1" executionId="3d628ba1-98a6-4b23-8a4f-38f6c48410aa" testListId="8c84fa94-04c1-424b-9868-57a2d4851a1d" />
    <TestEntry testId="336c9dc1-74f1-cb62-a3d4-7d10ae25c4bc" executionId="e38ced02-bf29-480c-8022-04789304c088" testListId="8c84fa94-04c1-424b-9868-57a2d4851a1d" />
    <TestEntry testId="c28b936b-2ea4-4f8b-b2be-8cc1bfdf378a" executionId="806aa2d1-728c-4438-a0a6-66bd31c9a8a1" testListId="8c84fa94-04c1-424b-9868-57a2d4851a1d" />
    <TestEntry testId="25e44f5c-37d9-d96a-c5fe-e6beebe6b191" executionId="e3475bf6-91e0-42f2-b74d-0ab4893dd053" testListId="8c84fa94-04c1-424b-9868-57a2d4851a1d" />
    <TestEntry testId="e91a5c90-23e5-6882-90ec-ddaf81ed6ef7" executionId="f0e9e922-ed44-4ff4-bce6-71d0cbc39c50" testListId="8c84fa94-04c1-424b-9868-57a2d4851a1d" />
    <TestEntry testId="3605a666-ec19-2f45-4ca7-895a3be9eaad" executionId="164d1a79-4f90-49f2-a991-cdf24d8e70ca" testListId="8c84fa94-04c1-424b-9868-57a2d4851a1d" />
    <TestEntry testId="22c24f36-a263-6196-3c38-2db2dab6d512" executionId="bfb401c4-3bc3-4f2f-a5e7-ccc8b2d7cc6b" testListId="8c84fa94-04c1-424b-9868-57a2d4851a1d" />
    <TestEntry testId="f8f44872-471c-1f3f-d9b9-2e6ac7903d5a" executionId="f816116e-ebaf-4858-9113-a7c45ef4ebf7" testListId="8c84fa94-04c1-424b-9868-57a2d4851a1d" />
    <TestEntry testId="f50a1709-cfc4-e506-8de2-13f3e4eebd69" executionId="8ad79006-104e-4fb4-bf57-744b38c59da1" testListId="8c84fa94-04c1-424b-9868-57a2d4851a1d" />
    <TestEntry testId="3a2b1982-68e3-bce3-6e74-801d71454e39" executionId="2d64ab52-593b-4537-abd0-992203ba8b98" testListId="8c84fa94-04c1-424b-9868-57a2d4851a1d" />
    <TestEntry testId="0d4b1d1e-76a8-6f82-0d3c-616bc904316d" executionId="a087850e-c947-40b6-b3be-cbc0a20157f1" testListId="8c84fa94-04c1-424b-9868-57a2d4851a1d" />
    <TestEntry testId="68f00028-12f2-8201-d0fb-46f16831e75a" executionId="4c0a4fe4-e617-4f0e-bc3c-80e543ed892d" testListId="8c84fa94-04c1-424b-9868-57a2d4851a1d" />
    <TestEntry testId="637fa7f1-6a09-b515-d5f9-426807845e7d" executionId="531f5477-39b6-4aad-93d7-2bf6d8027640" testListId="8c84fa94-04c1-424b-9868-57a2d4851a1d" />
    <TestEntry testId="c20f4659-d45b-8886-a22e-df9ae7c79a52" executionId="bdf883b0-a70b-429f-948a-777f7798edbe" testListId="8c84fa94-04c1-424b-9868-57a2d4851a1d" />
    <TestEntry testId="588eefcf-a87e-73bc-66f1-d01f87c18f0c" executionId="4250b55a-0f7c-4eb7-a4e1-01f8ad0d1123" testListId="8c84fa94-04c1-424b-9868-57a2d4851a1d" />
    <TestEntry testId="9db4be8d-2e31-4002-11cb-8bfc80bef400" executionId="51d1fafd-fa20-4a4d-9ce3-6cc2edb9a448" testListId="8c84fa94-04c1-424b-9868-57a2d4851a1d" />
    <TestEntry testId="bcb9002b-ea15-a21f-33bc-7ca1227ba66a" executionId="9f24630b-1824-4492-929b-11315bf3237c" testListId="8c84fa94-04c1-424b-9868-57a2d4851a1d" />
    <TestEntry testId="e3781696-5628-d5f6-4aa0-39278f251893" executionId="bb007152-a2a7-4fb8-a371-6c56e0829311" testListId="8c84fa94-04c1-424b-9868-57a2d4851a1d" />
    <TestEntry testId="56962111-3f2f-f9aa-76bb-1be94d272286" executionId="df872e4c-f37c-4a40-8d41-12f3f4981227" testListId="8c84fa94-04c1-424b-9868-57a2d4851a1d" />
    <TestEntry testId="c30552e6-6b2f-a42f-6d7a-67a70e7a09a8" executionId="24616a15-01ef-4b1f-98d7-8464f411e831" testListId="8c84fa94-04c1-424b-9868-57a2d4851a1d" />
    <TestEntry testId="718f1fe3-5487-3d01-c71a-551ee4a2a09f" executionId="137e6081-a869-42fd-8516-da34b1cc2fec" testListId="8c84fa94-04c1-424b-9868-57a2d4851a1d" />
    <TestEntry testId="b1e83db9-43ea-45d0-1cf4-8ad05e8b6f31" executionId="8615b558-71fd-49fd-bc7a-c92bddae1037" testListId="8c84fa94-04c1-424b-9868-57a2d4851a1d" />
    <TestEntry testId="33699499-3084-0004-6790-bb916846f78f" executionId="2bc9cb76-24cf-447e-910d-0332386217e5" testListId="8c84fa94-04c1-424b-9868-57a2d4851a1d" />
    <TestEntry testId="6eded2f7-cb6a-44f0-d7c5-99a501601dc9" executionId="91b6ae27-6a66-41fb-97a4-41f448985a8b" testListId="8c84fa94-04c1-424b-9868-57a2d4851a1d" />
    <TestEntry testId="7e8b0410-1cfd-d95d-c66b-4a2b663dee85" executionId="29f46339-658f-45de-b36a-6641dea1d083" testListId="8c84fa94-04c1-424b-9868-57a2d4851a1d" />
    <TestEntry testId="6f3a97a7-052d-6e96-c462-4245c85cb3ad" executionId="61addd34-1095-48e0-b2cc-f678984af315" testListId="8c84fa94-04c1-424b-9868-57a2d4851a1d" />
    <TestEntry testId="fe106b2a-1512-db86-7e8b-4cbda9470240" executionId="bf0af429-741a-43f9-9b2f-d494f2e8a7d5" testListId="8c84fa94-04c1-424b-9868-57a2d4851a1d" />
    <TestEntry testId="4822edc9-e145-c770-92bc-9fc69bc7ac9e" executionId="417c4a70-8f7d-43db-b343-15e45ba2217b" testListId="8c84fa94-04c1-424b-9868-57a2d4851a1d" />
    <TestEntry testId="479a3bda-f0c4-ad33-37c9-ac4e1bc6d6df" executionId="b24e4542-61a1-4e49-930f-6b767e252cc1" testListId="8c84fa94-04c1-424b-9868-57a2d4851a1d" />
    <TestEntry testId="18ea6a01-a281-60c4-92ad-7844ccdde4cb" executionId="b448ab06-3797-4552-93ff-53c5f3d48e75" testListId="8c84fa94-04c1-424b-9868-57a2d4851a1d" />
    <TestEntry testId="5483f8e7-f3f1-cf57-d5a3-502becd00a95" executionId="38da7255-d10c-4ff8-9ec2-e530a2ee5aeb" testListId="8c84fa94-04c1-424b-9868-57a2d4851a1d" />
    <TestEntry testId="fcfd61b3-e077-d1ac-ce6e-e5c28dc0355b" executionId="10b3b4f7-6adb-4236-ab1a-f0458ae38581" testListId="8c84fa94-04c1-424b-9868-57a2d4851a1d" />
    <TestEntry testId="0de1eb5f-c592-aa51-325f-c50ec9649edb" executionId="4634324f-67d1-4762-aa21-418819cd8167" testListId="8c84fa94-04c1-424b-9868-57a2d4851a1d" />
  </TestEntries>
  <TestLists>
    <TestList name="Results Not in a List" id="8c84fa94-04c1-424b-9868-57a2d4851a1d" />
    <TestList name="All Loaded Results" id="19431567-8539-422a-85d7-44ee4e166bda" />
  </TestLists>
  <ResultSummary outcome="Completed">
    <Counters total="162" executed="162" passed="162" failed="0" error="0" timeout="0" aborted="0" inconclusive="0" passedButRunAborted="0" notRunnable="0" notExecuted="0" disconnected="0" warning="0" completed="0" inProgress="0" pending="0" />
    <Output>
      <StdOut>[xUnit.net 00:00:00.00] xUnit.net VSTest Adapter v2.4.5+1caef2f33e (64-bit .NET 9.0.16)&#xD;
[xUnit.net 00:00:01.10]   Discovering: KooliProjekt.UnitTests&#xD;
[xUnit.net 00:00:01.14]   Discovered:  KooliProjekt.UnitTests&#xD;
[xUnit.net 00:00:01.14]   Starting:    KooliProjekt.UnitTests&#xD;
[xUnit.net 00:00:01.70]   Finished:    KooliProjekt.UnitTests&#xD;
</StdOut>
    </Output>
    <CollectorDataEntries>
      <Collector agentName="LAPTOP-D4AU3L2H" uri="datacollector://microsoft/CoverletCodeCoverage/1.0" collectorDisplayName="XPlat code coverage">
        <UriAttachments>
          <UriAttachment>
            <A href="LAPTOP-D4AU3L2H\coverage.cobertura.xml"></A>
          </UriAttachment>
        </UriAttachments>
      </Collector>
    </CollectorDataEntries>
  </ResultSummary>
</TestRun>