<?xml version="1.0" encoding="utf-8"?>
<TestRun id="496a1b7c-a6fc-438c-96a6-5427e5218cf0" name="danii@LAPTOP-D4AU3L2H 2026-09-21 20:49:20" runUser="LAPTOP-D4AU3L2H\danii" xmlns="http://microsoft.com/schemas/VisualStudio/TeamTest/2010">
  <Times creation="2026-09-21T20:49:20.9906255+03:00" queuing="2026-09-21T20:49:20.9906257+03:00" start="2026-09-21T20:49:18.6252204+03:00" finish="2026-09-21T20:49:21.7849675+03:00" />
  <TestSettings name="default" id="f4beb052-65c1-4901-85ba-d27d49561832">
    <Deployment runDeploymentRoot="danii_LAPTOP-D4AU3L2H_2026-09-21_20_49_20" />
  </TestSettings>
  <Results>
    <UnitTestResult executionId="50333566-6334-4a88-8706-ba4e484cd82e" testId="acec3a0a-95e8-908b-47d2-1e86ac17343c" testName="KooliProjekt.Application.UnitTests.Features.PruulimisLogiTests.Save_should_reject_null_request_without_repository_calls" computerName="LAPTOP-D4AU3L2H" duration="00:00:00.0007360" startTime="2026-09-21T20:49:21.5589129+03:00" endTime="2026-09-21T20:49:21.5589130+03:00" testType="13cdc9d9-ddb5-4fa4-a97d-d965ccfc6d4b" outcome="Passed" testListId="8c84fa94-04c1-424b-9868-57a2d4851a1d" relativeResultsDirectory="50333566-6334-4a88-8706-ba4e484cd82e" />
    <UnitTestResult executionId="426972c2-7363-4786-a4f7-3be1f5f41dc3" testId="7188aa68-d806-1d12-26d1-83c53698a03d" testName="KooliProjekt.Application.UnitTests.Features.SaveOluCommandValidatorTests.Alkoholiprotsent_checks_range_and_precision(value: &quot;100&quot;, valid: True)" computerName="LAPTOP-D4AU3L2H" duration="00:00:00.0000616" startTime="2026-09-21T20:49:20.9840569+03:00" endTime="2026-09-21T20:49:20.9840569+03:00" testType="13cdc9d9-ddb5-4fa4-a97d-d965ccfc6d4b" outcome="Passed" testListId="8c84fa94-04c1-424b-9868-57a2d4851a1d" relativeResultsDirectory="426972c2-7363-4786-a4f7-3be1f5f41dc3" />
    <UnitTestResult executionId="f63030d9-1cbb-4962-8578-020d8a9bb26b" testId="747da318-a500-fc1c-0c7e-f9eed80d9b87" testName="KooliProjekt.Application.UnitTests.Features.MaitsmineTests.Delete_should_succeed_when_entity_does_not_exist" computerName="LAPTOP-D4AU3L2H" duration="00:00:00.0207965" startTime="2026-09-21T20:49:21.5337594+03:00" endTime="2026-09-21T20:49:21.5337594+03:00" testType="13cdc9d9-ddb5-4fa4-a97d-d965ccfc6d4b" outcome="Passed" testListId="8c84fa94-04c1-424b-9868-57a2d4851a1d" relativeResultsDirectory="f63030d9-1cbb-4962-8578-020d8a9bb26b" />
    <UnitTestResult executionId="b20fd69a-958a-48d1-8c95-af54d627bd1b" testId="6e072852-d6fa-9e33-ef13-7b28068dd74b" testName="KooliProjekt.Application.UnitTests.Features.PruulimisLogiTests.Delete_should_throw_ArgumentNullException_when_request_is_null" computerName="LAPTOP-D4AU3L2H" duration="00:00:00.0006723" startTime="2026-09-21T20:49:21.5587089+03:00" endTime="2026-09-21T20:49:21.5587090+03:00" testType="13cdc9d9-ddb5-4fa4-a97d-d965ccfc6d4b" outcome="Passed" testListId="8c84fa94-04c1-424b-9868-57a2d4851a1d" relativeResultsDirectory="b20fd69a-958a-48d1-8c95-af54d627bd1b" />
    <UnitTestResult executionId="4902cc42-977f-4b4c-b2f8-905be82f343e" testId="6adfc5f1-b795-1d9b-cf2d-f05744636241" testName="KooliProjekt.Application.UnitTests.Features.PruulimisLogiTests.Delete_should_succeed_when_called_twice" computerName="LAPTOP-D4AU3L2H" duration="00:00:00.0264449" startTime="2026-09-21T20:49:21.5380297+03:00" endTime="2026-09-21T20:49:21.5380297+03:00" testType="13cdc9d9-ddb5-4fa4-a97d-d965ccfc6d4b" outcome="Passed" testListId="8c84fa94-04c1-424b-9868-57a2d4851a1d" relativeResultsDirectory="4902cc42-977f-4b4c-b2f8-905be82f343e" />
    <UnitTestResult executionId="f1ab3a1c-f77a-450b-92e3-5ec1feb1dbb0" testId="29ab4c4a-89f6-b743-7c8a-1282325caf65" testName="KooliProjekt.Application.UnitTests.Features.SaveKoostisosaCommandValidatorTests.Kirjeldus_checks_empty_values(value: &quot;   &quot;, valid: True)" computerName="LAPTOP-D4AU3L2H" duration="00:00:00.0002859" startTime="2026-09-21T20:49:21.0560053+03:00" endTime="2026-09-21T20:49:21.0560053+03:00" testType="13cdc9d9-ddb5-4fa4-a97d-d965ccfc6d4b" outcome="Passed" testListId="8c84fa94-04c1-424b-9868-57a2d4851a1d" relativeResultsDirectory="f1ab3a1c-f77a-450b-92e3-5ec1feb1dbb0" />
    <UnitTestResult executionId="1c0d7c85-f128-459f-9d7a-0d9547698f70" testId="b480ad36-03d7-a3d2-5d3b-3bcd0f5a44bd" testName="KooliProjekt.Application.UnitTests.Features.KoostisosaTests.Search_should_filter_before_paging(page: 2, expectedId: 4)" computerName="LAPTOP-D4AU3L2H" duration="00:00:00.0091752" startTime="2026-09-21T20:49:21.4910042+03:00" endTime="2026-09-21T20:49:21.4910043+03:00" testType="13cdc9d9-ddb5-4fa4-a97d-d965ccfc6d4b" outcome="Passed" testListId="8c84fa94-04c1-424b-9868-57a2d4851a1d" relativeResultsDirectory="1c0d7c85-f128-459f-9d7a-0d9547698f70" />
    <UnitTestResult executionId="799aa379-93b1-4d68-bef9-2a103edc327a" testId="fba1d764-1426-eec3-d99e-2de8a1e0e20a" testName="KooliProjekt.Application.UnitTests.Features.KoostisosaTests.Search_should_apply_individual_and_combined_filters(text: null, second: 7, expected: &quot;1,2,4&quot;)" computerName="LAPTOP-D4AU3L2H" duration="00:00:00.0004869" startTime="2026-09-21T20:49:21.4477889+03:00" endTime="2026-09-21T20:49:21.4477890+03:00" testType="13cdc9d9-ddb5-4fa4-a97d-d965ccfc6d4b" outcome="Passed" testListId="8c84fa94-04c1-424b-9868-57a2d4851a1d" relativeResultsDirectory="799aa379-93b1-4d68-bef9-2a103edc327a" />
    <UnitTestResult executionId="15840de1-a50c-47f0-ba11-619e9e474392" testId="2ff83284-0b4a-117a-4ba3-974ca6cc5daa" testName="KooliProjekt.Application.UnitTests.Features.KoostisosaTests.Save_should_map_fields_and_return_saved_dto(id: 17)" computerName="LAPTOP-D4AU3L2H" duration="00:00:00.0094071" startTime="2026-09-21T20:49:21.5513965+03:00" endTime="2026-09-21T20:49:21.5513966+03:00" testType="13cdc9d9-ddb5-4fa4-a97d-d965ccfc6d4b" outcome="Passed" testListId="8c84fa94-04c1-424b-9868-57a2d4851a1d" relativeResultsDirectory="15840de1-a50c-47f0-ba11-619e9e474392" />
    <UnitTestResult executionId="dadb6fd0-441f-4a33-a307-e377742e88c8" testId="e7f0fbfd-c64a-71f3-16c6-29ee70700bd3" testName="KooliProjekt.Application.UnitTests.Features.SaveOluCommandValidatorTests.Kirjeldus_checks_length_boundary(length: 256, valid: False)" computerName="LAPTOP-D4AU3L2H" duration="00:00:00.0000623" startTime="2026-09-21T20:49:21.0270663+03:00" endTime="2026-09-21T20:49:21.0270663+03:00" testType="13cdc9d9-ddb5-4fa4-a97d-d965ccfc6d4b" outcome="Passed" testListId="8c84fa94-04c1-424b-9868-57a2d4851a1d" relativeResultsDirectory="dadb6fd0-441f-4a33-a307-e377742e88c8" />
    <UnitTestResult executionId="38dda32c-a5b1-4c44-b167-75a6e5394b0d" testId="27095a81-e3d9-ced6-e0b0-de2581df44eb" testName="KooliProjekt.Application.UnitTests.Features.SaveKoostisosaCommandValidatorTests.Hind_checks_range_and_precision(value: &quot;-0.0001&quot;, valid: False)" computerName="LAPTOP-D4AU3L2H" duration="00:00:00.0003999" startTime="2026-09-21T20:49:21.0106302+03:00" endTime="2026-09-21T20:49:21.0106305+03:00" testType="13cdc9d9-ddb5-4fa4-a97d-d965ccfc6d4b" outcome="Passed" testListId="8c84fa94-04c1-424b-9868-57a2d4851a1d" relativeResultsDirectory="38dda32c-a5b1-4c44-b167-75a6e5394b0d" />
    <UnitTestResult executionId="bc07dc49-491e-4525-b5dc-b1df2eb4dae2" testId="4677398c-7676-d9dd-28df-91b4492ee2f9" testName="KooliProjekt.Application.UnitTests.Features.PartiiFotoTests.Save_should_propagate_save_failure(id: 0)" computerName="LAPTOP-D4AU3L2H" duration="00:00:00.0011427" startTime="2026-09-21T20:49:21.5901717+03:00" endTime="2026-09-21T20:49:21.5901718+03:00" testType="13cdc9d9-ddb5-4fa4-a97d-d965ccfc6d4b" outcome="Passed" testListId="8c84fa94-04c1-424b-9868-57a2d4851a1d" relativeResultsDirectory="bc07dc49-491e-4525-b5dc-b1df2eb4dae2" />
    <UnitTestResult executionId="dc4485fc-1a87-4b4a-8092-77c493b6e5e3" testId="d858c531-4ad4-4758-29ee-3d589d29e5bd" testName="KooliProjekt.Application.UnitTests.Features.MaitsmineTests.List_should_throw_ArgumentNullException_when_request_is_null" computerName="LAPTOP-D4AU3L2H" duration="00:00:00.0008408" startTime="2026-09-21T20:49:21.5377217+03:00" endTime="2026-09-21T20:49:21.5377218+03:00" testType="13cdc9d9-ddb5-4fa4-a97d-d965ccfc6d4b" outcome="Passed" testListId="8c84fa94-04c1-424b-9868-57a2d4851a1d" relativeResultsDirectory="dc4485fc-1a87-4b4a-8092-77c493b6e5e3" />
    <UnitTestResult executionId="ad6f6e52-2ab7-4a9b-bf93-70fe0f80eb82" testId="49708705-6cb6-2c61-02fd-a00b62dd280e" testName="KooliProjekt.Application.UnitTests.Features.PruulimisLogiTests.Search_should_filter_before_paging(page: 2, expectedId: 4)" computerName="LAPTOP-D4AU3L2H" duration="00:00:00.0085636" startTime="2026-09-21T20:49:21.6080450+03:00" endTime="2026-09-21T20:49:21.6080452+03:00" testType="13cdc9d9-ddb5-4fa4-a97d-d965ccfc6d4b" outcome="Passed" testListId="8c84fa94-04c1-424b-9868-57a2d4851a1d" relativeResultsDirectory="ad6f6e52-2ab7-4a9b-bf93-70fe0f80eb82" />
    <UnitTestResult executionId="5a518b1a-23b4-49f3-b3ab-6448b90dc3de" testId="b8c0e74f-3c51-4f25-d9e2-d868e1c1931d" testName="KooliProjekt.Application.UnitTests.Features.PartiiFotoTests.Save_should_map_fields_and_return_saved_dto(id: 17)" computerName="LAPTOP-D4AU3L2H" duration="00:00:00.0040297" startTime="2026-09-21T20:49:21.5021022+03:00" endTime="2026-09-21T20:49:21.5021022+03:00" testType="13cdc9d9-ddb5-4fa4-a97d-d965ccfc6d4b" outcome="Passed" testListId="8c84fa94-04c1-424b-9868-57a2d4851a1d" relativeResultsDirectory="5a518b1a-23b4-49f3-b3ab-6448b90dc3de" />
    <UnitTestResult executionId="d4335145-0e7d-4b5e-974c-eedfa50393cc" testId="86d20137-b3ae-854b-0da3-03062abec5a5" testName="KooliProjekt.Application.UnitTests.Features.SaveOluCommandValidatorTests.Nimi_checks_length_boundary(length: 101, valid: False)" computerName="LAPTOP-D4AU3L2H" duration="00:00:00.0001766" startTime="2026-09-21T20:49:21.0414094+03:00" endTime="2026-09-21T20:49:21.0414096+03:00" testType="13cdc9d9-ddb5-4fa4-a97d-d965ccfc6d4b" outcome="Passed" testListId="8c84fa94-04c1-424b-9868-57a2d4851a1d" relativeResultsDirectory="d4335145-0e7d-4b5e-974c-eedfa50393cc" />
    <UnitTestResult executionId="c65fb541-f7ef-4a68-980d-9ff48fba176c" testId="1299b36e-2eab-c01d-1c70-6e7fd5a76caa" testName="KooliProjekt.Application.UnitTests.Features.MaitsmineTests.Search_should_apply_individual_and_combined_filters(text: &quot; Alpha &quot;, second: null, expected: &quot;1,3,4&quot;)" computerName="LAPTOP-D4AU3L2H" duration="00:00:00.0004943" startTime="2026-09-21T20:49:21.4433560+03:00" endTime="2026-09-21T20:49:21.4433561+03:00" testType="13cdc9d9-ddb5-4fa4-a97d-d965ccfc6d4b" outcome="Passed" testListId="8c84fa94-04c1-424b-9868-57a2d4851a1d" relativeResultsDirectory="c65fb541-f7ef-4a68-980d-9ff48fba176c" />
    <UnitTestResult executionId="d763b853-4172-43de-a709-3c9c3c87d54f" testId="7c1a8a72-13ee-330b-21ae-89f72256ed9d" testName="KooliProjekt.Application.UnitTests.Features.OluTests.List_should_return_requested_page_in_id_order(page: 4, expectedCount: 0, firstId: 16)" computerName="LAPTOP-D4AU3L2H" duration="00:00:00.0014702" startTime="2026-09-21T20:49:21.4654748+03:00" endTime="2026-09-21T20:49:21.4654749+03:00" testType="13cdc9d9-ddb5-4fa4-a97d-d965ccfc6d4b" outcome="Passed" testListId="8c84fa94-04c1-424b-9868-57a2d4851a1d" relativeResultsDirectory="d763b853-4172-43de-a709-3c9c3c87d54f" />
    <UnitTestResult executionId="ff952eb2-afac-4a42-98ab-b1f160dcc7e2" testId="fc5e74df-e43f-2b70-5dbb-c2e84e44864d" testName="KooliProjekt.Application.UnitTests.Features.PruulimisLogiTests.Get_should_return_null_value_when_entity_does_not_exist" computerName="LAPTOP-D4AU3L2H" duration="00:00:00.0018390" startTime="2026-09-21T20:49:21.5858034+03:00" endTime="2026-09-21T20:49:21.5858035+03:00" testType="13cdc9d9-ddb5-4fa4-a97d-d965ccfc6d4b" outcome="Passed" testListId="8c84fa94-04c1-424b-9868-57a2d4851a1d" relativeResultsDirectory="ff952eb2-afac-4a42-98ab-b1f160dcc7e2" />
    <UnitTestResult executionId="7be0dd73-5e9c-42ac-aab5-51cfe56bbe13" testId="e2fff2da-1f0c-b499-1eba-799f88d955a4" testName="KooliProjekt.Application.UnitTests.Features.PartiiTests.Delete_should_throw_ArgumentNullException_when_request_is_null" computerName="LAPTOP-D4AU3L2H" duration="00:00:00.0005382" startTime="2026-09-21T20:49:21.6172979+03:00" endTime="2026-09-21T20:49:21.6172979+03:00" testType="13cdc9d9-ddb5-4fa4-a97d-d965ccfc6d4b" outcome="Passed" testListId="8c84fa94-04c1-424b-9868-57a2d4851a1d" relativeResultsDirectory="7be0dd73-5e9c-42ac-aab5-51cfe56bbe13" />
    <UnitTestResult executionId="a5e71276-76d7-4332-be1c-2d225d7c13d2" testId="bc78adda-179a-65b2-37a7-bc8a7f6e190e" testName="KooliProjekt.Application.UnitTests.Features.SavePartiiCommandValidatorTests.Kirjeldus_checks_length_boundary(length: 255, valid: True)" computerName="LAPTOP-D4AU3L2H" duration="00:00:00.0006997" startTime="2026-09-21T20:49:21.0120552+03:00" endTime="2026-09-21T20:49:21.0120552+03:00" testType="13cdc9d9-ddb5-4fa4-a97d-d965ccfc6d4b" outcome="Passed" testListId="8c84fa94-04c1-424b-9868-57a2d4851a1d" relativeResultsDirectory="a5e71276-76d7-4332-be1c-2d225d7c13d2" />
    <UnitTestResult executionId="e72da250-5b56-4b68-92b0-3aac32f29855" testId="0cba1f86-1e63-0f9f-860e-2318c99d2a70" testName="KooliProjekt.Application.UnitTests.Features.PruulimisLogiTests.List_should_throw_ArgumentException_when_page_is_invalid(page: -10)" computerName="LAPTOP-D4AU3L2H" duration="00:00:00.0011297" startTime="2026-09-21T20:49:21.5808119+03:00" endTime="2026-09-21T20:49:21.5808119+03:00" testType="13cdc9d9-ddb5-4fa4-a97d-d965ccfc6d4b" outcome="Passed" testListId="8c84fa94-04c1-424b-9868-57a2d4851a1d" relativeResultsDirectory="e72da250-5b56-4b68-92b0-3aac32f29855" />
    <UnitTestResult executionId="46dbf082-a487-4437-baad-896a6db76e0b" testId="6329f12a-df3f-1974-9990-77a617043046" testName="KooliProjekt.Application.UnitTests.Features.PruulimisLogiTests.Get_should_return_dto_when_entity_exists" computerName="LAPTOP-D4AU3L2H" duration="00:00:00.0012669" startTime="2026-09-21T20:49:21.6133431+03:00" endTime="2026-09-21T20:49:21.6133432+03:00" testType="13cdc9d9-ddb5-4fa4-a97d-d965ccfc6d4b" outcome="Passed" testListId="8c84fa94-04c1-424b-9868-57a2d4851a1d" relativeResultsDirectory="46dbf082-a487-4437-baad-896a6db76e0b" />
    <UnitTestResult executionId="dc4af642-ad1c-4cf5-a649-7d1b28ac15ac" testId="72df6d5d-3d2c-affb-6ce9-25f031b594a5" testName="KooliProjekt.Application.UnitTests.Features.PartiiTests.List_should_throw_ArgumentException_when_page_size_is_invalid(pageSize: 101)" computerName="LAPTOP-D4AU3L2H" duration="00:00:00.0003424" startTime="2026-09-21T20:49:21.5490268+03:00" endTime="2026-09-21T20:49:21.5490269+03:00" testType="13cdc9d9-ddb5-4fa4-a97d-d965ccfc6d4b" outcome="Passed" testListId="8c84fa94-04c1-424b-9868-57a2d4851a1d" relativeResultsDirectory="dc4af642-ad1c-4cf5-a649-7d1b28ac15ac" />
    <UnitTestResult executionId="48df9bbd-90cf-4fd6-8c58-aab422ddbb2f" testId="3a1a547a-fb8e-7cac-16c1-7b52f7127aa2" testName="KooliProjekt.Application.UnitTests.Features.SaveKoostisosaCommandValidatorTests.Kogus_checks_range_and_precision(value: &quot;100000000000000&quot;, valid: False)" computerName="LAPTOP-D4AU3L2H" duration="00:00:00.0002112" startTime="2026-09-21T20:49:21.0479032+03:00" endTime="2026-09-21T20:49:21.0479033+03:00" testType="13cdc9d9-ddb5-4fa4-a97d-d965ccfc6d4b" outcome="Passed" testListId="8c84fa94-04c1-424b-9868-57a2d4851a1d" relativeResultsDirectory="48df9bbd-90cf-4fd6-8c58-aab422ddbb2f" />
    <UnitTestResult executionId="b30e12d1-01d9-4a98-a6b4-ee9178ef3a25" testId="7f2abe29-8722-d6c5-35e4-453cda8fe0d8" testName="KooliProjekt.Application.UnitTests.Features.MaitsmineTests.Delete_should_propagate_save_failure_without_persisting_delete" computerName="LAPTOP-D4AU3L2H" duration="00:00:00.0263729" startTime="2026-09-21T20:49:21.6003172+03:00" endTime="2026-09-21T20:49:21.6003173+03:00" testType="13cdc9d9-ddb5-4fa4-a97d-d965ccfc6d4b" outcome="Passed" testListId="8c84fa94-04c1-424b-9868-57a2d4851a1d" relativeResultsDirectory="b30e12d1-01d9-4a98-a6b4-ee9178ef3a25" />
    <UnitTestResult executionId="77ef76b9-41aa-4ebe-be9a-9474780558f7" testId="bebb2a95-8d05-f4e6-7dab-39ec194935f4" testName="KooliProjekt.Application.UnitTests.Features.SavePartiiCommandValidatorTests.OluId_must_be_positive(value: 2147483647, valid: True)" computerName="LAPTOP-D4AU3L2H" duration="00:00:00.0004627" startTime="2026-09-21T20:49:21.0451835+03:00" endTime="2026-09-21T20:49:21.0451836+03:00" testType="13cdc9d9-ddb5-4fa4-a97d-d965ccfc6d4b" outcome="Passed" testListId="8c84fa94-04c1-424b-9868-57a2d4851a1d" relativeResultsDirectory="77ef76b9-41aa-4ebe-be9a-9474780558f7" />
    <UnitTestResult executionId="6b165dbb-5a01-442a-bad7-263ed348b305" testId="b9b5ed6d-caf9-c998-b0bc-17d4260f440a" testName="KooliProjekt.Application.UnitTests.Features.OluTests.Delete_should_return_id_error_without_query_when_id_is_invalid(id: 0)" computerName="LAPTOP-D4AU3L2H" duration="00:00:00.0009928" startTime="2026-09-21T20:49:21.5308277+03:00" endTime="2026-09-21T20:49:21.5308277+03:00" testType="13cdc9d9-ddb5-4fa4-a97d-d965ccfc6d4b" outcome="Passed" testListId="8c84fa94-04c1-424b-9868-57a2d4851a1d" relativeResultsDirectory="6b165dbb-5a01-442a-bad7-263ed348b305" />
    <UnitTestResult executionId="c1b8b9af-9e4c-4597-8a68-a9120b482a18" testId="03ac8ab6-19bb-3b6b-cd8d-514fb3dd3d91" testName="KooliProjekt.Application.UnitTests.Features.OluTests.Delete_should_return_id_error_without_query_when_id_is_invalid(id: -10)" computerName="LAPTOP-D4AU3L2H" duration="00:00:00.0003139" startTime="2026-09-21T20:49:21.5311560+03:00" endTime="2026-09-21T20:49:21.5311561+03:00" testType="13cdc9d9-ddb5-4fa4-a97d-d965ccfc6d4b" outcome="Passed" testListId="8c84fa94-04c1-424b-9868-57a2d4851a1d" relativeResultsDirectory="c1b8b9af-9e4c-4597-8a68-a9120b482a18" />
    <UnitTestResult executionId="47bb3be6-4ed2-4cd9-9c42-cfcea15735de" testId="1f794d8c-a157-920d-c306-6320d790d05e" testName="KooliProjekt.Application.UnitTests.Features.PartiiFotoTests.Save_should_return_empty_result_when_update_target_is_missing" computerName="LAPTOP-D4AU3L2H" duration="00:00:00.0020503" startTime="2026-09-21T20:49:21.4762463+03:00" endTime="2026-09-21T20:49:21.4762464+03:00" testType="13cdc9d9-ddb5-4fa4-a97d-d965ccfc6d4b" outcome="Passed" testListId="8c84fa94-04c1-424b-9868-57a2d4851a1d" relativeResultsDirectory="47bb3be6-4ed2-4cd9-9c42-cfcea15735de" />
    <UnitTestResult executionId="fe362dcc-2c0e-41bf-851b-880b8b834ee4" testId="d5bae500-cab8-a3ae-08d4-7bfdb0aa6210" testName="KooliProjekt.Application.UnitTests.Features.KoostisosaTests.List_should_return_requested_page_in_id_order(page: 3, expectedCount: 2, firstId: 11)" computerName="LAPTOP-D4AU3L2H" duration="00:00:00.0007439" startTime="2026-09-21T20:49:21.5109670+03:00" endTime="2026-09-21T20:49:21.5109670+03:00" testType="13cdc9d9-ddb5-4fa4-a97d-d965ccfc6d4b" outcome="Passed" testListId="8c84fa94-04c1-424b-9868-57a2d4851a1d" relativeResultsDirectory="fe362dcc-2c0e-41bf-851b-880b8b834ee4" />
    <UnitTestResult executionId="f8a46b7b-1ae1-4223-b26a-a3e45e916d6d" testId="7191f785-a8ec-dccc-bc6f-2a4c44c1c2a3" testName="KooliProjekt.Application.UnitTests.Features.SavePartiiCommandValidatorTests.Kirjeldus_checks_empty_values(value: &quot;   &quot;, valid: True)" computerName="LAPTOP-D4AU3L2H" duration="00:00:00.0001832" startTime="2026-09-21T20:49:21.0440310+03:00" endTime="2026-09-21T20:49:21.0440310+03:00" testType="13cdc9d9-ddb5-4fa4-a97d-d965ccfc6d4b" outcome="Passed" testListId="8c84fa94-04c1-424b-9868-57a2d4851a1d" relativeResultsDirectory="f8a46b7b-1ae1-4223-b26a-a3e45e916d6d" />
    <UnitTestResult executionId="3ecb21fd-565f-4698-ae27-af4feeddd0b8" testId="4c3b27e2-ee4b-0a91-f97f-4118cf6d14ba" testName="KooliProjekt.Application.UnitTests.Features.SaveMaitsmineCommandValidatorTests.PartiiId_must_be_positive(value: 2147483647, valid: True)" computerName="LAPTOP-D4AU3L2H" duration="00:00:00.0003940" startTime="2026-09-21T20:49:21.0384162+03:00" endTime="2026-09-21T20:49:21.0384162+03:00" testType="13cdc9d9-ddb5-4fa4-a97d-d965ccfc6d4b" outcome="Passed" testListId="8c84fa94-04c1-424b-9868-57a2d4851a1d" relativeResultsDirectory="3ecb21fd-565f-4698-ae27-af4feeddd0b8" />
    <UnitTestResult executionId="f78dfd30-5a96-43c1-b356-6dbd044b0433" testId="dfebb5df-e8c0-9f85-b456-d4e743560173" testName="KooliProjekt.Application.UnitTests.Features.SavePartiiCommandValidatorTests.Kirjeldus_checks_empty_values(value: &quot;&quot;, valid: True)" computerName="LAPTOP-D4AU3L2H" duration="00:00:00.0003099" startTime="2026-09-21T20:49:21.0419818+03:00" endTime="2026-09-21T20:49:21.0419818+03:00" testType="13cdc9d9-ddb5-4fa4-a97d-d965ccfc6d4b" outcome="Passed" testListId="8c84fa94-04c1-424b-9868-57a2d4851a1d" relativeResultsDirectory="f78dfd30-5a96-43c1-b356-6dbd044b0433" />
    <UnitTestResult executionId="4d7d4955-1430-46b1-ac06-51c283edf885" testId="8fc97949-8dc9-8d54-efba-92918ae498c1" testName="KooliProjekt.Application.UnitTests.Features.OluTests.List_should_throw_ArgumentException_when_page_is_invalid(page: 0)" computerName="LAPTOP-D4AU3L2H" duration="00:00:00.0005758" startTime="2026-09-21T20:49:21.5365032+03:00" endTime="2026-09-21T20:49:21.5365033+03:00" testType="13cdc9d9-ddb5-4fa4-a97d-d965ccfc6d4b" outcome="Passed" testListId="8c84fa94-04c1-424b-9868-57a2d4851a1d" relativeResultsDirectory="4d7d4955-1430-46b1-ac06-51c283edf885" />
    <UnitTestResult executionId="acaef5e4-a851-48a2-a461-327328b8d6dc" testId="1242fc24-91b3-7393-8407-95cd3eb277eb" testName="KooliProjekt.Application.UnitTests.Features.KoostisosaTests.List_should_return_requested_page_in_id_order(page: 4, expectedCount: 0, firstId: 16)" computerName="LAPTOP-D4AU3L2H" duration="00:00:00.0016283" startTime="2026-09-21T20:49:21.5081267+03:00" endTime="2026-09-21T20:49:21.5081268+03:00" testType="13cdc9d9-ddb5-4fa4-a97d-d965ccfc6d4b" outcome="Passed" testListId="8c84fa94-04c1-424b-9868-57a2d4851a1d" relativeResultsDirectory="acaef5e4-a851-48a2-a461-327328b8d6dc" />
    <UnitTestResult executionId="77fe5841-ffce-4e46-a160-ac5ee1b8df1a" testId="3a2b1982-68e3-bce3-6e74-801d71454e39" testName="KooliProjekt.Application.UnitTests.Features.PartiiFotoTests.List_should_return_requested_page_in_id_order(page: 1, expectedCount: 5, firstId: 1)" computerName="LAPTOP-D4AU3L2H" duration="00:00:00.0014508" startTime="2026-09-21T20:49:21.5711398+03:00" endTime="2026-09-21T20:49:21.5711398+03:00" testType="13cdc9d9-ddb5-4fa4-a97d-d965ccfc6d4b" outcome="Passed" testListId="8c84fa94-04c1-424b-9868-57a2d4851a1d" relativeResultsDirectory="77fe5841-ffce-4e46-a160-ac5ee1b8df1a" />
    <UnitTestResult executionId="61c9667d-ee0a-419b-8d7b-b0fe59eeed6f" testId="4a78f524-af81-13d1-0301-b3cb47669533" testName="KooliProjekt.Application.UnitTests.Features.OluTests.Save_should_normalize_null_Kirjeldus_to_empty_string" computerName="LAPTOP-D4AU3L2H" duration="00:00:00.0026583" startTime="2026-09-21T20:49:21.5304567+03:00" endTime="2026-09-21T20:49:21.5304567+03:00" testType="13cdc9d9-ddb5-4fa4-a97d-d965ccfc6d4b" outcome="Passed" testListId="8c84fa94-04c1-424b-9868-57a2d4851a1d" relativeResultsDirectory="61c9667d-ee0a-419b-8d7b-b0fe59eeed6f" />
    <UnitTestResult executionId="16c1a330-2d53-4f54-8dc1-8b88e4112583" testId="05d620a2-7d40-f840-ec5b-ab396cca1a04" testName="KooliProjekt.Application.UnitTests.Features.SaveKoostisosaCommandValidatorTests.Nimetus_checks_empty_values(value: &quot;&quot;, valid: False)" computerName="LAPTOP-D4AU3L2H" duration="00:00:00.0001927" startTime="2026-09-21T20:49:21.0656578+03:00" endTime="2026-09-21T20:49:21.0656579+03:00" testType="13cdc9d9-ddb5-4fa4-a97d-d965ccfc6d4b" outcome="Passed" testListId="8c84fa94-04c1-424b-9868-57a2d4851a1d" relativeResultsDirectory="16c1a330-2d53-4f54-8dc1-8b88e4112583" />
    <UnitTestResult executionId="5473f52c-7db5-43d6-9f74-d7ac7f96f512" testId="bc5cba5d-9894-4de0-b024-ad1222acd9af" testName="KooliProjekt.Application.UnitTests.Features.MaitsmineTests.Delete_should_succeed_when_called_twice" computerName="LAPTOP-D4AU3L2H" duration="00:00:00.0057663" startTime="2026-09-21T20:49:21.5629499+03:00" endTime="2026-09-21T20:49:21.5629500+03:00" testType="13cdc9d9-ddb5-4fa4-a97d-d965ccfc6d4b" outcome="Passed" testListId="8c84fa94-04c1-424b-9868-57a2d4851a1d" relativeResultsDirectory="5473f52c-7db5-43d6-9f74-d7ac7f96f512" />
    <UnitTestResult executionId="00bda05f-05f0-4eb8-9688-c54973a296ba" testId="04d2e971-a794-5dd4-a974-f5f5562d22d6" testName="KooliProjekt.Application.UnitTests.Features.SavePartiiCommandValidatorTests.Kood_checks_empty_values(value: &quot;   &quot;, valid: False)" computerName="LAPTOP-D4AU3L2H" duration="00:00:00.0317398" startTime="2026-09-21T20:49:20.9698016+03:00" endTime="2026-09-21T20:49:20.9698016+03:00" testType="13cdc9d9-ddb5-4fa4-a97d-d965ccfc6d4b" outcome="Passed" testListId="8c84fa94-04c1-424b-9868-57a2d4851a1d" relativeResultsDirectory="00bda05f-05f0-4eb8-9688-c54973a296ba" />
    <UnitTestResult executionId="65a139da-8311-42be-bdef-4d8831c32da4" testId="7e8e44cb-8c26-801c-5bd9-5c1f1e62209a" testName="KooliProjekt.Application.UnitTests.Features.PartiiTests.List_should_throw_ArgumentException_when_page_is_invalid(page: 0)" computerName="LAPTOP-D4AU3L2H" duration="00:00:00.0002996" startTime="2026-09-21T20:49:21.5820129+03:00" endTime="2026-09-21T20:49:21.5820130+03:00" testType="13cdc9d9-ddb5-4fa4-a97d-d965ccfc6d4b" outcome="Passed" testListId="8c84fa94-04c1-424b-9868-57a2d4851a1d" relativeResultsDirectory="65a139da-8311-42be-bdef-4d8831c32da4" />
    <UnitTestResult executionId="4c2b0e8c-fc98-4e4e-b91f-1f94d1afea6c" testId="79fe65e5-42a8-cc94-3f34-32af4d7a5aa9" testName="KooliProjekt.Application.UnitTests.Features.SavePartiiCommandValidatorTests.Tulemus_checks_length_boundary(length: 501, valid: False)" computerName="LAPTOP-D4AU3L2H" duration="00:00:00.0004242" startTime="2026-09-21T20:49:21.0313902+03:00" endTime="2026-09-21T20:49:21.0313903+03:00" testType="13cdc9d9-ddb5-4fa4-a97d-d965ccfc6d4b" outcome="Passed" testListId="8c84fa94-04c1-424b-9868-57a2d4851a1d" relativeResultsDirectory="4c2b0e8c-fc98-4e4e-b91f-1f94d1afea6c" />
    <UnitTestResult executionId="9915dc1c-bfda-4bba-9d3a-bfc1bc68f31c" testId="8d585571-0c7a-c5f1-c3cf-44fb72e4bc62" testName="KooliProjekt.Application.UnitTests.Features.SavePartiiFotoCommandValidatorTests.FailiTee_checks_length_boundary(length: 1, valid: True)" computerName="LAPTOP-D4AU3L2H" duration="00:00:00.0000932" startTime="2026-09-21T20:49:20.9807090+03:00" endTime="2026-09-21T20:49:20.9807090+03:00" testType="13cdc9d9-ddb5-4fa4-a97d-d965ccfc6d4b" outcome="Passed" testListId="8c84fa94-04c1-424b-9868-57a2d4851a1d" relativeResultsDirectory="9915dc1c-bfda-4bba-9d3a-bfc1bc68f31c" />
    <UnitTestResult executionId="4895257d-fca6-4715-b8d4-48084ed1c67f" testId="25e44f5c-37d9-d96a-c5fe-e6beebe6b191" testName="KooliProjekt.Application.UnitTests.Features.OluTests.Get_should_not_call_repository_when_id_is_zero_or_negative(id: 0)" computerName="LAPTOP-D4AU3L2H" duration="00:00:00.0012663" startTime="2026-09-21T20:49:21.0770043+03:00" endTime="2026-09-21T20:49:21.0770044+03:00" testType="13cdc9d9-ddb5-4fa4-a97d-d965ccfc6d4b" outcome="Passed" testListId="8c84fa94-04c1-424b-9868-57a2d4851a1d" relativeResultsDirectory="4895257d-fca6-4715-b8d4-48084ed1c67f" />
    <UnitTestResult executionId="f229219b-3dfb-40b0-b561-e6d85859c4b0" testId="02ec2d23-a7ea-8aeb-e172-ffdb8c84d745" testName="KooliProjekt.Application.UnitTests.Features.PartiiTests.Search_should_apply_individual_and_combined_filters(text: &quot; Alpha &quot;, second: null, expected: &quot;1,3,4&quot;)" computerName="LAPTOP-D4AU3L2H" duration="00:00:00.0007064" startTime="2026-09-21T20:49:21.4264706+03:00" endTime="2026-09-21T20:49:21.4264707+03:00" testType="13cdc9d9-ddb5-4fa4-a97d-d965ccfc6d4b" outcome="Passed" testListId="8c84fa94-04c1-424b-9868-57a2d4851a1d" relativeResultsDirectory="f229219b-3dfb-40b0-b561-e6d85859c4b0" />
    <UnitTestResult executionId="67f8b18d-f516-4031-a800-2b44f880f3ae" testId="f50a1709-cfc4-e506-8de2-13f3e4eebd69" testName="KooliProjekt.Application.UnitTests.Features.PartiiFotoTests.Get_should_throw_ArgumentNullException_when_request_is_null" computerName="LAPTOP-D4AU3L2H" duration="00:00:00.0006084" startTime="2026-09-21T20:49:21.5948061+03:00" endTime="2026-09-21T20:49:21.5948062+03:00" testType="13cdc9d9-ddb5-4fa4-a97d-d965ccfc6d4b" outcome="Passed" testListId="8c84fa94-04c1-424b-9868-57a2d4851a1d" relativeResultsDirectory="67f8b18d-f516-4031-a800-2b44f880f3ae" />
    <UnitTestResult executionId="85e0b487-0076-4cdf-a7ae-59cfa1803467" testId="95e4b661-d181-45d8-11f9-04e3db2f1a23" testName="KooliProjekt.Application.UnitTests.Features.MaitsmineTests.Search_should_apply_individual_and_combined_filters(text: null, second: 0, expected: &quot;&quot;)" computerName="LAPTOP-D4AU3L2H" duration="00:00:00.0083979" startTime="2026-09-21T20:49:21.4165477+03:00" endTime="2026-09-21T20:49:21.4165479+03:00" testType="13cdc9d9-ddb5-4fa4-a97d-d965ccfc6d4b" outcome="Passed" testListId="8c84fa94-04c1-424b-9868-57a2d4851a1d" relativeResultsDirectory="85e0b487-0076-4cdf-a7ae-59cfa1803467" />
    <UnitTestResult executionId="3e8ace0c-c4d1-4aef-a0e4-1218a6221409" testId="6407b32c-234a-ad78-b4fd-ae136b711d9e" testName="KooliProjekt.Application.UnitTests.Features.MaitsmineTests.Save_should_return_empty_result_when_update_target_is_missing" computerName="LAPTOP-D4AU3L2H" duration="00:00:00.0705138" startTime="2026-09-21T20:49:21.0819198+03:00" endTime="2026-09-21T20:49:21.0819199+03:00" testType="13cdc9d9-ddb5-4fa4-a97d-d965ccfc6d4b" outcome="Passed" testListId="8c84fa94-04c1-424b-9868-57a2d4851a1d" relativeResultsDirectory="3e8ace0c-c4d1-4aef-a0e4-1218a6221409" />
    <UnitTestResult executionId="31231b17-6d42-4c57-b3ba-941f50b3c9b8" testId="718d7b51-02ca-f147-900e-8c69e5bb6f1c" testName="KooliProjekt.Application.UnitTests.Features.KoostisosaTests.Save_should_reject_null_request_without_repository_calls" computerName="LAPTOP-D4AU3L2H" duration="00:00:00.0007345" startTime="2026-09-21T20:49:21.5023199+03:00" endTime="2026-09-21T20:49:21.5023199+03:00" testType="13cdc9d9-ddb5-4fa4-a97d-d965ccfc6d4b" outcome="Passed" testListId="8c84fa94-04c1-424b-9868-57a2d4851a1d" relativeResultsDirectory="31231b17-6d42-4c57-b3ba-941f50b3c9b8" />
    <UnitTestResult executionId="75145e03-de91-46c0-90da-c71b56db0b9a" testId="ba5e5fbb-dd8d-d11a-5675-c05afe147055" testName="KooliProjekt.Application.UnitTests.Features.PartiiFotoTests.Search_should_apply_individual_and_combined_filters(text: &quot;Alpha&quot;, second: 7, expected: &quot;1,4&quot;)" computerName="LAPTOP-D4AU3L2H" duration="00:00:00.0006529" startTime="2026-09-21T20:49:21.4535028+03:00" endTime="2026-09-21T20:49:21.4535029+03:00" testType="13cdc9d9-ddb5-4fa4-a97d-d965ccfc6d4b" outcome="Passed" testListId="8c84fa94-04c1-424b-9868-57a2d4851a1d" relativeResultsDirectory="75145e03-de91-46c0-90da-c71b56db0b9a" />
    <UnitTestResult executionId="f10d3f3c-bb7b-432c-aeef-f6778e9c50dd" testId="901580db-9d51-0fcf-6c83-2a64007828d4" testName="KooliProjekt.Application.UnitTests.Features.SaveKoostisosaCommandValidatorTests.PartiiId_must_be_positive(value: 1, valid: True)" computerName="LAPTOP-D4AU3L2H" duration="00:00:00.0001738" startTime="2026-09-21T20:49:21.0337660+03:00" endTime="2026-09-21T20:49:21.0337660+03:00" testType="13cdc9d9-ddb5-4fa4-a97d-d965ccfc6d4b" outcome="Passed" testListId="8c84fa94-04c1-424b-9868-57a2d4851a1d" relativeResultsDirectory="f10d3f3c-bb7b-432c-aeef-f6778e9c50dd" />
    <UnitTestResult executionId="7eeb8e68-8ebd-4925-8a55-873d9eadf737" testId="74788a2f-a555-cd61-c076-c588015afe47" testName="KooliProjekt.Application.UnitTests.Features.OluTests.Save_should_return_validation_errors_without_repository_calls(id: 17)" computerName="LAPTOP-D4AU3L2H" duration="00:00:00.0489647" startTime="2026-09-21T20:49:21.0725258+03:00" endTime="2026-09-21T20:49:21.0725259+03:00" testType="13cdc9d9-ddb5-4fa4-a97d-d965ccfc6d4b" outcome="Passed" testListId="8c84fa94-04c1-424b-9868-57a2d4851a1d" relativeResultsDirectory="7eeb8e68-8ebd-4925-8a55-873d9eadf737" />
    <UnitTestResult executionId="31971851-c139-4fcf-883d-cfa4deb7f2ec" testId="80ae7a4c-b2f5-40f1-b0a8-99ca7ccb2c47" testName="KooliProjekt.Application.UnitTests.Features.SaveKoostisosaCommandValidatorTests.Uhik_checks_length_boundary(length: 19, valid: True)" computerName="LAPTOP-D4AU3L2H" duration="00:00:00.0000486" startTime="2026-09-21T20:49:21.0217131+03:00" endTime="2026-09-21T20:49:21.0217132+03:00" testType="13cdc9d9-ddb5-4fa4-a97d-d965ccfc6d4b" outcome="Passed" testListId="8c84fa94-04c1-424b-9868-57a2d4851a1d" relativeResultsDirectory="31971851-c139-4fcf-883d-cfa4deb7f2ec" />
    <UnitTestResult executionId="e3868e73-4aca-4f26-8e4a-704bdd21c410" testId="952c7452-24cd-f782-0f6f-284c6449ba6a" testName="KooliProjekt.Application.UnitTests.Features.SaveOluCommandValidatorTests.Tuup_checks_empty_values(value: &quot;&quot;, valid: True)" computerName="LAPTOP-D4AU3L2H" duration="00:00:00.0002103" startTime="2026-09-21T20:49:21.0115616+03:00" endTime="2026-09-21T20:49:21.0115617+03:00" testType="13cdc9d9-ddb5-4fa4-a97d-d965ccfc6d4b" outcome="Passed" testListId="8c84fa94-04c1-424b-9868-57a2d4851a1d" relativeResultsDirectory="e3868e73-4aca-4f26-8e4a-704bdd21c410" />
    <UnitTestResult executionId="c70ca4e5-8496-4c5f-8873-e6ce71a0fe65" testId="fee6c93d-664c-f594-ee3c-fa16f82bd1d9" testName="KooliProjekt.Application.UnitTests.Features.SaveOluCommandValidatorTests.Tuup_checks_length_boundary(length: 49, valid: True)" computerName="LAPTOP-D4AU3L2H" duration="00:00:00.0003115" startTime="2026-09-21T20:49:21.0193035+03:00" endTime="2026-09-21T20:49:21.0193035+03:00" testType="13cdc9d9-ddb5-4fa4-a97d-d965ccfc6d4b" outcome="Passed" testListId="8c84fa94-04c1-424b-9868-57a2d4851a1d" relativeResultsDirectory="c70ca4e5-8496-4c5f-8873-e6ce71a0fe65" />
    <UnitTestResult executionId="01e2692c-8c0e-4265-8b0f-c3e9d0e843a3" testId="0ff4de14-4652-2bdd-099b-04998d0426f8" testName="KooliProjekt.Application.UnitTests.Features.OluTests.Save_should_propagate_save_failure(id: 0)" computerName="LAPTOP-D4AU3L2H" duration="00:00:00.0033383" startTime="2026-09-21T20:49:21.5319127+03:00" endTime="2026-09-21T20:49:21.5319128+03:00" testType="13cdc9d9-ddb5-4fa4-a97d-d965ccfc6d4b" outcome="Passed" testListId="8c84fa94-04c1-424b-9868-57a2d4851a1d" relativeResultsDirectory="01e2692c-8c0e-4265-8b0f-c3e9d0e843a3" />
    <UnitTestResult executionId="70686dca-4dff-4899-9cce-17d481618f83" testId="4fc48307-a538-d660-a65b-ca023d71ac43" testName="KooliProjekt.Application.UnitTests.Features.KoostisosaTests.Save_should_reject_missing_parent_without_saving(id: 0)" computerName="LAPTOP-D4AU3L2H" duration="00:00:00.0012009" startTime="2026-09-21T20:49:21.0823577+03:00" endTime="2026-09-21T20:49:21.0823577+03:00" testType="13cdc9d9-ddb5-4fa4-a97d-d965ccfc6d4b" outcome="Passed" testListId="8c84fa94-04c1-424b-9868-57a2d4851a1d" relativeResultsDirectory="70686dca-4dff-4899-9cce-17d481618f83" />
    <UnitTestResult executionId="448cdea0-a55a-4e88-915d-e116c1394918" testId="a9092bd5-3e57-42de-109b-dc862f72d816" testName="KooliProjekt.Application.UnitTests.Features.SavePartiiFotoCommandValidatorTests.PartiiId_must_be_positive(value: -1, valid: False)" computerName="LAPTOP-D4AU3L2H" duration="00:00:00.0002531" startTime="2026-09-21T20:49:21.0138228+03:00" endTime="2026-09-21T20:49:21.0138229+03:00" testType="13cdc9d9-ddb5-4fa4-a97d-d965ccfc6d4b" outcome="Passed" testListId="8c84fa94-04c1-424b-9868-57a2d4851a1d" relativeResultsDirectory="448cdea0-a55a-4e88-915d-e116c1394918" />
    <UnitTestResult executionId="61a858ba-60bd-4607-bdb1-3d1f3c31e04a" testId="d04ebfd7-46a1-cccc-bd19-12b41a0710a2" testName="KooliProjekt.Application.UnitTests.Features.MaitsmineTests.Save_should_propagate_save_failure(id: 0)" computerName="LAPTOP-D4AU3L2H" duration="00:00:00.0040234" startTime="2026-09-21T20:49:21.5251681+03:00" endTime="2026-09-21T20:49:21.5251683+03:00" testType="13cdc9d9-ddb5-4fa4-a97d-d965ccfc6d4b" outcome="Passed" testListId="8c84fa94-04c1-424b-9868-57a2d4851a1d" relativeResultsDirectory="61a858ba-60bd-4607-bdb1-3d1f3c31e04a" />
    <UnitTestResult executionId="66c0c63b-3e9b-427c-a2db-169262560869" testId="6a77f4d3-bb51-2199-10ae-3f67628f94b7" testName="KooliProjekt.Application.UnitTests.Features.PartiiTests.Search_should_apply_individual_and_combined_filters(text: &quot;&quot;, second: null, expected: &quot;1,2,3,4&quot;)" computerName="LAPTOP-D4AU3L2H" duration="00:00:00.0010477" startTime="2026-09-21T20:49:21.4039692+03:00" endTime="2026-09-21T20:49:21.4039694+03:00" testType="13cdc9d9-ddb5-4fa4-a97d-d965ccfc6d4b" outcome="Passed" testListId="8c84fa94-04c1-424b-9868-57a2d4851a1d" relativeResultsDirectory="66c0c63b-3e9b-427c-a2db-169262560869" />
    <UnitTestResult executionId="06faa182-e7f6-4617-a865-0db5d3232e92" testId="4609c947-4635-82f9-e1b1-abf3a72172e9" testName="KooliProjekt.Application.UnitTests.Features.MaitsmineTests.Delete_should_remove_only_requested_entity_and_persist_changes" computerName="LAPTOP-D4AU3L2H" duration="00:00:00.0030678" startTime="2026-09-21T20:49:21.6054255+03:00" endTime="2026-09-21T20:49:21.6054256+03:00" testType="13cdc9d9-ddb5-4fa4-a97d-d965ccfc6d4b" outcome="Passed" testListId="8c84fa94-04c1-424b-9868-57a2d4851a1d" relativeResultsDirectory="06faa182-e7f6-4617-a865-0db5d3232e92" />
    <UnitTestResult executionId="597196e8-65f9-4085-a35c-43b134738535" testId="bdbb965b-0ed4-00cd-61b7-45d4f3895de4" testName="KooliProjekt.Application.UnitTests.Features.SavePartiiFotoCommandValidatorTests.PartiiId_must_be_positive(value: 0, valid: False)" computerName="LAPTOP-D4AU3L2H" duration="00:00:00.0005462" startTime="2026-09-21T20:49:21.0111808+03:00" endTime="2026-09-21T20:49:21.0111809+03:00" testType="13cdc9d9-ddb5-4fa4-a97d-d965ccfc6d4b" outcome="Passed" testListId="8c84fa94-04c1-424b-9868-57a2d4851a1d" relativeResultsDirectory="597196e8-65f9-4085-a35c-43b134738535" />
    <UnitTestResult executionId="1e3bc1d9-3dab-4e66-8c91-35c5f9ec320c" testId="15336b29-fc95-a837-763f-0cda95672de2" testName="KooliProjekt.Application.UnitTests.Features.SavePruulimisLogiCommandValidatorTests.Kirjeldus_checks_length_boundary(length: 1999, valid: True)" computerName="LAPTOP-D4AU3L2H" duration="00:00:00.0000291" startTime="2026-09-21T20:49:21.0708546+03:00" endTime="2026-09-21T20:49:21.0708546+03:00" testType="13cdc9d9-ddb5-4fa4-a97d-d965ccfc6d4b" outcome="Passed" testListId="8c84fa94-04c1-424b-9868-57a2d4851a1d" relativeResultsDirectory="1e3bc1d9-3dab-4e66-8c91-35c5f9ec320c" />
    <UnitTestResult executionId="f3ccf44e-5bdd-4061-8726-34da89764a7d" testId="b4068447-d7d6-e032-0b7a-be4a56205bdb" testName="KooliProjekt.Application.UnitTests.Features.OluTests.Search_should_apply_individual_and_combined_filters(text: &quot;Alpha&quot;, second: &quot;Lager&quot;, expected: &quot;1,4&quot;)" computerName="LAPTOP-D4AU3L2H" duration="00:00:00.0038993" startTime="2026-09-21T20:49:21.4724592+03:00" endTime="2026-09-21T20:49:21.4724593+03:00" testType="13cdc9d9-ddb5-4fa4-a97d-d965ccfc6d4b" outcome="Passed" testListId="8c84fa94-04c1-424b-9868-57a2d4851a1d" relativeResultsDirectory="f3ccf44e-5bdd-4061-8726-34da89764a7d" />
    <UnitTestResult executionId="3475f053-2bc0-4a86-9dc4-4d4667215881" testId="f6f92fca-6901-f850-a958-297c8d3c46ba" testName="KooliProjekt.Application.UnitTests.Features.MaitsmineTests.List_should_accept_maximum_page_size" computerName="LAPTOP-D4AU3L2H" duration="00:00:00.0011845" startTime="2026-09-21T20:49:21.5713605+03:00" endTime="2026-09-21T20:49:21.5713607+03:00" testType="13cdc9d9-ddb5-4fa4-a97d-d965ccfc6d4b" outcome="Passed" testListId="8c84fa94-04c1-424b-9868-57a2d4851a1d" relativeResultsDirectory="3475f053-2bc0-4a86-9dc4-4d4667215881" />
    <UnitTestResult executionId="a1ecaf25-263d-47b4-80f6-5f1e82987092" testId="5312c340-59e4-3269-dc71-b10afc8077b7" testName="KooliProjekt.Application.UnitTests.Features.SavePruulimisLogiCommandValidatorTests.PartiiId_must_be_positive(value: 2147483647, valid: True)" computerName="LAPTOP-D4AU3L2H" duration="00:00:00.0000226" startTime="2026-09-21T20:49:21.0567420+03:00" endTime="2026-09-21T20:49:21.0567421+03:00" testType="13cdc9d9-ddb5-4fa4-a97d-d965ccfc6d4b" outcome="Passed" testListId="8c84fa94-04c1-424b-9868-57a2d4851a1d" relativeResultsDirectory="a1ecaf25-263d-47b4-80f6-5f1e82987092" />
    <UnitTestResult executionId="014af0de-d80d-4355-96e0-1840253fc3db" testId="9eb8a0d2-7311-d45a-d6b9-1731062dd4c0" testName="KooliProjekt.Application.UnitTests.Features.PartiiFotoTests.Save_should_reject_null_request_without_repository_calls" computerName="LAPTOP-D4AU3L2H" duration="00:00:00.0005203" startTime="2026-09-21T20:49:21.5913787+03:00" endTime="2026-09-21T20:49:21.5913788+03:00" testType="13cdc9d9-ddb5-4fa4-a97d-d965ccfc6d4b" outcome="Passed" testListId="8c84fa94-04c1-424b-9868-57a2d4851a1d" relativeResultsDirectory="014af0de-d80d-4355-96e0-1840253fc3db" />
    <UnitTestResult executionId="c7c7f992-27c3-4bed-8cc3-90bda2e2d52e" testId="3605a666-ec19-2f45-4ca7-895a3be9eaad" testName="KooliProjekt.Application.UnitTests.Features.PruulimisLogiTests.List_should_throw_ArgumentException_when_page_size_is_invalid(pageSize: -10)" computerName="LAPTOP-D4AU3L2H" duration="00:00:00.0003430" startTime="2026-09-21T20:49:21.5661523+03:00" endTime="2026-09-21T20:49:21.5661523+03:00" testType="13cdc9d9-ddb5-4fa4-a97d-d965ccfc6d4b" outcome="Passed" testListId="8c84fa94-04c1-424b-9868-57a2d4851a1d" relativeResultsDirectory="c7c7f992-27c3-4bed-8cc3-90bda2e2d52e" />
    <UnitTestResult executionId="a97ed1c5-887b-496d-b781-e39392977660" testId="25e55f59-d9b7-9240-7175-5fd540923d81" testName="KooliProjekt.Application.UnitTests.Features.SaveMaitsmineCommandValidatorTests.Kommentaar_checks_length_boundary(length: 255, valid: True)" computerName="LAPTOP-D4AU3L2H" duration="00:00:00.0001558" startTime="2026-09-21T20:49:20.9729145+03:00" endTime="2026-09-21T20:49:20.9729146+03:00" testType="13cdc9d9-ddb5-4fa4-a97d-d965ccfc6d4b" outcome="Passed" testListId="8c84fa94-04c1-424b-9868-57a2d4851a1d" relativeResultsDirectory="a97ed1c5-887b-496d-b781-e39392977660" />
    <UnitTestResult executionId="541cb8e8-a0ea-49a3-9caa-7ba637aad848" testId="2038b92d-1f22-4dfb-fd30-6e4bd0a05cdb" testName="KooliProjekt.Application.UnitTests.Features.SavePartiiFotoCommandValidatorTests.FailiTee_checks_length_boundary(length: 500, valid: True)" computerName="LAPTOP-D4AU3L2H" duration="00:00:00.0043936" startTime="2026-09-21T20:49:20.9735311+03:00" endTime="2026-09-21T20:49:20.9735313+03:00" testType="13cdc9d9-ddb5-4fa4-a97d-d965ccfc6d4b" outcome="Passed" testListId="8c84fa94-04c1-424b-9868-57a2d4851a1d" relativeResultsDirectory="541cb8e8-a0ea-49a3-9caa-7ba637aad848" />
    <UnitTestResult executionId="ec0d44d1-0d84-45c2-ba20-2ee247eae187" testId="f411a178-3bd1-71f7-f7ce-eaf2363e1395" testName="KooliProjekt.Application.UnitTests.Features.PruulimisLogiTests.Get_should_propagate_repository_exception" computerName="LAPTOP-D4AU3L2H" duration="00:00:00.0018020" startTime="2026-09-21T20:49:21.5295928+03:00" endTime="2026-09-21T20:49:21.5295929+03:00" testType="13cdc9d9-ddb5-4fa4-a97d-d965ccfc6d4b" outcome="Passed" testListId="8c84fa94-04c1-424b-9868-57a2d4851a1d" relativeResultsDirectory="ec0d44d1-0d84-45c2-ba20-2ee247eae187" />
    <UnitTestResult executionId="e9b67c12-e751-42c8-9974-e372c17706e6" testId="c0f75f1d-b6d7-d630-e35b-e8a895935067" testName="KooliProjekt.Application.UnitTests.Features.SavePartiiFotoCommandValidatorTests.FailiTee_checks_empty_values(value: null, valid: False)" computerName="LAPTOP-D4AU3L2H" duration="00:00:00.0002227" startTime="2026-09-21T20:49:20.9961284+03:00" endTime="2026-09-21T20:49:20.9961285+03:00" testType="13cdc9d9-ddb5-4fa4-a97d-d965ccfc6d4b" outcome="Passed" testListId="8c84fa94-04c1-424b-9868-57a2d4851a1d" relativeResultsDirectory="e9b67c12-e751-42c8-9974-e372c17706e6" />
    <UnitTestResult executionId="7d4fbfe1-c191-4a2a-a32b-bc34608cc4bc" testId="975cf378-06af-c327-ce6c-bde1a9f8b1f8" testName="KooliProjekt.Application.UnitTests.Features.OluTests.Search_should_apply_individual_and_combined_filters(text: null, second: &quot;  &quot;, expected: &quot;1,2,3,4&quot;)" computerName="LAPTOP-D4AU3L2H" duration="00:00:00.0010144" startTime="2026-09-21T20:49:21.5076670+03:00" endTime="2026-09-21T20:49:21.5076671+03:00" testType="13cdc9d9-ddb5-4fa4-a97d-d965ccfc6d4b" outcome="Passed" testListId="8c84fa94-04c1-424b-9868-57a2d4851a1d" relativeResultsDirectory="7d4fbfe1-c191-4a2a-a32b-bc34608cc4bc" />
    <UnitTestResult executionId="8e973ab7-f35e-4421-b91b-2db3e4a6ee02" testId="c717ba61-f9c4-c459-11a9-98ff2fd9bde8" testName="KooliProjekt.Application.UnitTests.Features.PartiiFotoTests.List_should_accept_maximum_page_size" computerName="LAPTOP-D4AU3L2H" duration="00:00:00.0036303" startTime="2026-09-21T20:49:21.4715358+03:00" endTime="2026-09-21T20:49:21.4715359+03:00" testType="13cdc9d9-ddb5-4fa4-a97d-d965ccfc6d4b" outcome="Passed" testListId="8c84fa94-04c1-424b-9868-57a2d4851a1d" relativeResultsDirectory="8e973ab7-f35e-4421-b91b-2db3e4a6ee02" />
    <UnitTestResult executionId="a47b0fef-cc3a-4182-b5ff-9aca995c87dd" testId="eb118cdd-1b9c-176b-0b2f-190f89542b74" testName="KooliProjekt.Application.UnitTests.Features.MaitsmineTests.Save_should_propagate_lookup_failure" computerName="LAPTOP-D4AU3L2H" duration="00:00:00.0023116" startTime="2026-09-21T20:49:21.6077276+03:00" endTime="2026-09-21T20:49:21.6077276+03:00" testType="13cdc9d9-ddb5-4fa4-a97d-d965ccfc6d4b" outcome="Passed" testListId="8c84fa94-04c1-424b-9868-57a2d4851a1d" relativeResultsDirectory="a47b0fef-cc3a-4182-b5ff-9aca995c87dd" />
    <UnitTestResult executionId="d2be4729-5b83-4d20-af7a-1ce30c7ed0b6" testId="97981767-b0c8-235f-6f8b-cb2c649de992" testName="KooliProjekt.Application.UnitTests.Features.MaitsmineTests.Delete_should_return_id_error_without_query_when_id_is_invalid(id: 0)" computerName="LAPTOP-D4AU3L2H" duration="00:00:00.0054613" startTime="2026-09-21T20:49:21.4709420+03:00" endTime="2026-09-21T20:49:21.4709420+03:00" testType="13cdc9d9-ddb5-4fa4-a97d-d965ccfc6d4b" outcome="Passed" testListId="8c84fa94-04c1-424b-9868-57a2d4851a1d" relativeResultsDirectory="d2be4729-5b83-4d20-af7a-1ce30c7ed0b6" />
    <UnitTestResult executionId="0dd3c816-0926-48fc-917e-501950ef7745" testId="72406b28-68f2-990c-7bac-99786aee327d" testName="KooliProjekt.Application.UnitTests.Features.SaveMaitsmineCommandValidatorTests.PartiiId_must_be_positive(value: 1, valid: True)" computerName="LAPTOP-D4AU3L2H" duration="00:00:00.0000334" startTime="2026-09-21T20:49:21.0388195+03:00" endTime="2026-09-21T20:49:21.0388196+03:00" testType="13cdc9d9-ddb5-4fa4-a97d-d965ccfc6d4b" outcome="Passed" testListId="8c84fa94-04c1-424b-9868-57a2d4851a1d" relativeResultsDirectory="0dd3c816-0926-48fc-917e-501950ef7745" />
    <UnitTestResult executionId="b1523fb9-1cdd-40b7-ba71-04d753e6c0c2" testId="3248ce63-46ef-11b7-33c0-aa188bc25bef" testName="KooliProjekt.Application.UnitTests.Features.OluTests.Save_should_return_validation_errors_without_repository_calls(id: 0)" computerName="LAPTOP-D4AU3L2H" duration="00:00:00.0004540" startTime="2026-09-21T20:49:21.0754743+03:00" endTime="2026-09-21T20:49:21.0754744+03:00" testType="13cdc9d9-ddb5-4fa4-a97d-d965ccfc6d4b" outcome="Passed" testListId="8c84fa94-04c1-424b-9868-57a2d4851a1d" relativeResultsDirectory="b1523fb9-1cdd-40b7-ba71-04d753e6c0c2" />
    <UnitTestResult executionId="36d07bfd-d790-4437-b1a3-d9e20628fe10" testId="781a052b-f81a-7bdb-8589-25e6943bd5a1" testName="KooliProjekt.Application.UnitTests.Features.SaveMaitsmineCommandValidatorTests.Hinne_checks_range_boundaries(value: 1, valid: True)" computerName="LAPTOP-D4AU3L2H" duration="00:00:00.0002571" startTime="2026-09-21T20:49:20.9958851+03:00" endTime="2026-09-21T20:49:20.9958852+03:00" testType="13cdc9d9-ddb5-4fa4-a97d-d965ccfc6d4b" outcome="Passed" testListId="8c84fa94-04c1-424b-9868-57a2d4851a1d" relativeResultsDirectory="36d07bfd-d790-4437-b1a3-d9e20628fe10" />
    <UnitTestResult executionId="c8203ba9-b4dc-488e-aeac-78d1a33f2a54" testId="a157349b-86c7-e347-ac15-93d6fb68dc87" testName="KooliProjekt.Application.UnitTests.Features.SaveOluCommandValidatorTests.Kirjeldus_checks_empty_values(value: &quot;   &quot;, valid: True)" computerName="LAPTOP-D4AU3L2H" duration="00:00:00.0001905" startTime="2026-09-21T20:49:21.0166120+03:00" endTime="2026-09-21T20:49:21.0166121+03:00" testType="13cdc9d9-ddb5-4fa4-a97d-d965ccfc6d4b" outcome="Passed" testListId="8c84fa94-04c1-424b-9868-57a2d4851a1d" relativeResultsDirectory="c8203ba9-b4dc-488e-aeac-78d1a33f2a54" />
    <UnitTestResult executionId="4c859b46-4160-4ff1-99f7-470a6d6aaa6c" testId="cbd00e73-f5ec-b790-fe56-59e25268ae9f" testName="KooliProjekt.Application.UnitTests.Features.MaitsmineTests.Search_should_apply_individual_and_combined_filters(text: null, second: 7, expected: &quot;1,2,4&quot;)" computerName="LAPTOP-D4AU3L2H" duration="00:00:00.0011554" startTime="2026-09-21T20:49:21.4178271+03:00" endTime="2026-09-21T20:49:21.4178272+03:00" testType="13cdc9d9-ddb5-4fa4-a97d-d965ccfc6d4b" outcome="Passed" testListId="8c84fa94-04c1-424b-9868-57a2d4851a1d" relativeResultsDirectory="4c859b46-4160-4ff1-99f7-470a6d6aaa6c" />
    <UnitTestResult executionId="def17e38-1f1f-4803-b6a4-13cca8f354de" testId="f222fce2-806e-eed1-b4cb-ccb8329071cb" testName="KooliProjekt.Application.UnitTests.Features.OluTests.Save_should_propagate_save_failure(id: 17)" computerName="LAPTOP-D4AU3L2H" duration="00:00:00.0027826" startTime="2026-09-21T20:49:21.5340785+03:00" endTime="2026-09-21T20:49:21.5340786+03:00" testType="13cdc9d9-ddb5-4fa4-a97d-d965ccfc6d4b" outcome="Passed" testListId="8c84fa94-04c1-424b-9868-57a2d4851a1d" relativeResultsDirectory="def17e38-1f1f-4803-b6a4-13cca8f354de" />
    <UnitTestResult executionId="d1fe2c79-e637-4569-8f97-1bc6ab09dcfa" testId="451aa9df-2d7e-0aa7-f50d-f74f0bdfaf41" testName="KooliProjekt.Application.UnitTests.Features.PruulimisLogiTests.Search_should_apply_individual_and_combined_filters(text: null, second: null, expected: &quot;1,2,3,4&quot;)" computerName="LAPTOP-D4AU3L2H" duration="00:00:00.0022774" startTime="2026-09-21T20:49:21.4974884+03:00" endTime="2026-09-21T20:49:21.4974885+03:00" testType="13cdc9d9-ddb5-4fa4-a97d-d965ccfc6d4b" outcome="Passed" testListId="8c84fa94-04c1-424b-9868-57a2d4851a1d" relativeResultsDirectory="d1fe2c79-e637-4569-8f97-1bc6ab09dcfa" />
    <UnitTestResult executionId="bb7defb0-6815-422a-9dc6-0b7c69cae52b" testId="535a5e58-277c-734c-52fc-367b93207e96" testName="KooliProjekt.Application.UnitTests.Features.SavePruulimisLogiCommandValidatorTests.Kirjeldus_checks_length_boundary(length: 2000, valid: True)" computerName="LAPTOP-D4AU3L2H" duration="00:00:00.0003096" startTime="2026-09-21T20:49:21.0675841+03:00" endTime="2026-09-21T20:49:21.0675842+03:00" testType="13cdc9d9-ddb5-4fa4-a97d-d965ccfc6d4b" outcome="Passed" testListId="8c84fa94-04c1-424b-9868-57a2d4851a1d" relativeResultsDirectory="bb7defb0-6815-422a-9dc6-0b7c69cae52b" />
    <UnitTestResult executionId="15f6507b-8b97-45c4-9ab9-5c9de4995e4b" testId="089bd32b-88e8-c65f-f50f-e6b5fc742da7" testName="KooliProjekt.Application.UnitTests.Features.OluTests.Search_should_filter_before_paging(page: 3, expectedId: 0)" computerName="LAPTOP-D4AU3L2H" duration="00:00:00.0006001" startTime="2026-09-21T20:49:21.4190089+03:00" endTime="2026-09-21T20:49:21.4190091+03:00" testType="13cdc9d9-ddb5-4fa4-a97d-d965ccfc6d4b" outcome="Passed" testListId="8c84fa94-04c1-424b-9868-57a2d4851a1d" relativeResultsDirectory="15f6507b-8b97-45c4-9ab9-5c9de4995e4b" />
    <UnitTestResult executionId="4216ac23-8d01-4103-a5f1-baeb0b86f202" testId="db63c66f-7def-51d1-e6b6-ebbfc7709d7e" testName="KooliProjekt.Application.UnitTests.Features.SaveKoostisosaCommandValidatorTests.Uhik_checks_empty_values(value: &quot;   &quot;, valid: False)" computerName="LAPTOP-D4AU3L2H" duration="00:00:00.0003022" startTime="2026-09-21T20:49:21.0672789+03:00" endTime="2026-09-21T20:49:21.0672790+03:00" testType="13cdc9d9-ddb5-4fa4-a97d-d965ccfc6d4b" outcome="Passed" testListId="8c84fa94-04c1-424b-9868-57a2d4851a1d" relativeResultsDirectory="4216ac23-8d01-4103-a5f1-baeb0b86f202" />
    <UnitTestResult executionId="839ff4be-cdcf-49b3-aeb2-ebf6c1c79ea5" testId="f75ebd40-157a-a9f6-4e8e-8d062734bfdb" testName="KooliProjekt.Application.UnitTests.Features.SaveKoostisosaCommandValidatorTests.Hind_checks_range_and_precision(value: &quot;99999999999999.9999&quot;, valid: True)" computerName="LAPTOP-D4AU3L2H" duration="00:00:00.0001727" startTime="2026-09-21T20:49:20.9953857+03:00" endTime="2026-09-21T20:49:20.9953857+03:00" testType="13cdc9d9-ddb5-4fa4-a97d-d965ccfc6d4b" outcome="Passed" testListId="8c84fa94-04c1-424b-9868-57a2d4851a1d" relativeResultsDirectory="839ff4be-cdcf-49b3-aeb2-ebf6c1c79ea5" />
    <UnitTestResult executionId="c43d6d47-f310-47d5-ba50-4f1dda1c57b4" testId="b34135e2-d35c-8ba7-3aac-b7068d730bba" testName="KooliProjekt.Application.UnitTests.Features.SaveKoostisosaCommandValidatorTests.Nimetus_checks_length_boundary(length: 99, valid: True)" computerName="LAPTOP-D4AU3L2H" duration="00:00:00.0003259" startTime="2026-09-21T20:49:21.0583116+03:00" endTime="2026-09-21T20:49:21.0583118+03:00" testType="13cdc9d9-ddb5-4fa4-a97d-d965ccfc6d4b" outcome="Passed" testListId="8c84fa94-04c1-424b-9868-57a2d4851a1d" relativeResultsDirectory="c43d6d47-f310-47d5-ba50-4f1dda1c57b4" />
    <UnitTestResult executionId="82bb39c4-807b-46da-83f9-5ffa1f88d3fc" testId="f861e280-3fbe-c178-fa15-8550f75e49e4" testName="KooliProjekt.Application.UnitTests.Features.SaveKoostisosaCommandValidatorTests.Kogus_checks_range_and_precision(value: &quot;-1&quot;, valid: False)" computerName="LAPTOP-D4AU3L2H" duration="00:00:00.0003257" startTime="2026-09-21T20:49:21.0444851+03:00" endTime="2026-09-21T20:49:21.0444851+03:00" testType="13cdc9d9-ddb5-4fa4-a97d-d965ccfc6d4b" outcome="Passed" testListId="8c84fa94-04c1-424b-9868-57a2d4851a1d" relativeResultsDirectory="82bb39c4-807b-46da-83f9-5ffa1f88d3fc" />
    <UnitTestResult executionId="d4f30ac5-d5de-4329-bde2-348b93288740" testId="c7611c21-22ab-1d01-c42f-2952f1ebd3a9" testName="KooliProjekt.Application.UnitTests.Features.KoostisosaTests.Search_should_apply_individual_and_combined_filters(text: &quot;Alpha&quot;, second: 7, expected: &quot;1,4&quot;)" computerName="LAPTOP-D4AU3L2H" duration="00:00:00.0089392" startTime="2026-09-21T20:49:21.4437141+03:00" endTime="2026-09-21T20:49:21.4437142+03:00" testType="13cdc9d9-ddb5-4fa4-a97d-d965ccfc6d4b" outcome="Passed" testListId="8c84fa94-04c1-424b-9868-57a2d4851a1d" relativeResultsDirectory="d4f30ac5-d5de-4329-bde2-348b93288740" />
    <UnitTestResult executionId="9b4a24f6-14a3-45ae-b3bc-a2e8e5d84350" testId="cbc9fa74-7cc6-eca1-5b51-02dd03f63294" testName="KooliProjekt.Application.UnitTests.Features.PruulimisLogiTests.Delete_should_return_id_error_without_query_when_id_is_invalid(id: 0)" computerName="LAPTOP-D4AU3L2H" duration="00:00:00.0002453" startTime="2026-09-21T20:49:21.5878749+03:00" endTime="2026-09-21T20:49:21.5878750+03:00" testType="13cdc9d9-ddb5-4fa4-a97d-d965ccfc6d4b" outcome="Passed" testListId="8c84fa94-04c1-424b-9868-57a2d4851a1d" relativeResultsDirectory="9b4a24f6-14a3-45ae-b3bc-a2e8e5d84350" />
    <UnitTestResult executionId="bcca19c0-ecc4-46fc-8a42-390cd2bcbb2c" testId="ca9184af-eec7-e859-5ec1-10174848e8ce" testName="KooliProjekt.Application.UnitTests.Features.SaveKoostisosaCommandValidatorTests.Kirjeldus_checks_empty_values(value: &quot;&quot;, valid: True)" computerName="LAPTOP-D4AU3L2H" duration="00:00:00.0000335" startTime="2026-09-21T20:49:21.0561876+03:00" endTime="2026-09-21T20:49:21.0561876+03:00" testType="13cdc9d9-ddb5-4fa4-a97d-d965ccfc6d4b" outcome="Passed" testListId="8c84fa94-04c1-424b-9868-57a2d4851a1d" relativeResultsDirectory="bcca19c0-ecc4-46fc-8a42-390cd2bcbb2c" />
    <UnitTestResult executionId="b049ae5e-17fb-4d05-8d2f-ea14a7308cd3" testId="a9d3eb38-5185-1ecd-f52f-027cc7b1ea0a" testName="KooliProjekt.Application.UnitTests.Features.OluTests.Search_should_apply_individual_and_combined_filters(text: null, second: null, expected: &quot;1,2,3,4&quot;)" computerName="LAPTOP-D4AU3L2H" duration="00:00:00.0004903" startTime="2026-09-21T20:49:21.4756964+03:00" endTime="2026-09-21T20:49:21.4756965+03:00" testType="13cdc9d9-ddb5-4fa4-a97d-d965ccfc6d4b" outcome="Passed" testListId="8c84fa94-04c1-424b-9868-57a2d4851a1d" relativeResultsDirectory="b049ae5e-17fb-4d05-8d2f-ea14a7308cd3" />
    <UnitTestResult executionId="0281347c-428b-41f8-98aa-737d4640b7e5" testId="6c669065-787a-5226-9356-506533a51083" testName="KooliProjekt.Application.UnitTests.Features.PartiiFotoTests.Search_should_apply_individual_and_combined_filters(text: null, second: null, expected: &quot;1,2,3,4&quot;)" computerName="LAPTOP-D4AU3L2H" duration="00:00:00.0005141" startTime="2026-09-21T20:49:21.4061374+03:00" endTime="2026-09-21T20:49:21.4061375+03:00" testType="13cdc9d9-ddb5-4fa4-a97d-d965ccfc6d4b" outcome="Passed" testListId="8c84fa94-04c1-424b-9868-57a2d4851a1d" relativeResultsDirectory="0281347c-428b-41f8-98aa-737d4640b7e5" />
    <UnitTestResult executionId="cde8b185-647a-4161-9c26-7598c78116b8" testId="4822edc9-e145-c770-92bc-9fc69bc7ac9e" testName="KooliProjekt.Application.UnitTests.Features.PartiiFotoTests.Delete_should_remove_only_requested_entity_and_persist_changes" computerName="LAPTOP-D4AU3L2H" duration="00:00:00.0436062" startTime="2026-09-21T20:49:21.5488053+03:00" endTime="2026-09-21T20:49:21.5488054+03:00" testType="13cdc9d9-ddb5-4fa4-a97d-d965ccfc6d4b" outcome="Passed" testListId="8c84fa94-04c1-424b-9868-57a2d4851a1d" relativeResultsDirectory="cde8b185-647a-4161-9c26-7598c78116b8" />
    <UnitTestResult executionId="190958a5-7a52-486b-854f-6d0dbae29ac7" testId="4cd08efb-0b84-6a54-356b-2a723fac2bb2" testName="KooliProjekt.Application.UnitTests.Features.MaitsmineTests.Search_should_filter_before_paging(page: 1, expectedId: 1)" computerName="LAPTOP-D4AU3L2H" duration="00:00:00.0006407" startTime="2026-09-21T20:49:21.5111783+03:00" endTime="2026-09-21T20:49:21.5111784+03:00" testType="13cdc9d9-ddb5-4fa4-a97d-d965ccfc6d4b" outcome="Passed" testListId="8c84fa94-04c1-424b-9868-57a2d4851a1d" relativeResultsDirectory="190958a5-7a52-486b-854f-6d0dbae29ac7" />
    <UnitTestResult executionId="9cfca546-d877-47b7-a9ec-d5794f9c1ab0" testId="4441a686-a493-85a6-d44c-7e3be5486abf" testName="KooliProjekt.Application.UnitTests.Features.PartiiTests.Search_should_filter_before_paging(page: 2, expectedId: 4)" computerName="LAPTOP-D4AU3L2H" duration="00:00:00.0044199" startTime="2026-09-21T20:49:21.5911815+03:00" endTime="2026-09-21T20:49:21.5911816+03:00" testType="13cdc9d9-ddb5-4fa4-a97d-d965ccfc6d4b" outcome="Passed" testListId="8c84fa94-04c1-424b-9868-57a2d4851a1d" relativeResultsDirectory="9cfca546-d877-47b7-a9ec-d5794f9c1ab0" />
    <UnitTestResult executionId="7c79338f-6d97-4fd4-9f1f-2e86eeeb2be4" testId="36be4cc5-9861-0bf8-683f-2b8cc8a98e1e" testName="KooliProjekt.Application.UnitTests.Features.OluTests.Search_should_apply_individual_and_combined_filters(text: &quot;Alpha&quot;, second: &quot; Lager &quot;, expected: &quot;1,4&quot;)" computerName="LAPTOP-D4AU3L2H" duration="00:00:00.0013944" startTime="2026-09-21T20:49:21.5041393+03:00" endTime="2026-09-21T20:49:21.5041394+03:00" testType="13cdc9d9-ddb5-4fa4-a97d-d965ccfc6d4b" outcome="Passed" testListId="8c84fa94-04c1-424b-9868-57a2d4851a1d" relativeResultsDirectory="7c79338f-6d97-4fd4-9f1f-2e86eeeb2be4" />
    <UnitTestResult executionId="d0456afe-9e7a-41ba-a36b-f6261b53cb9d" testId="d932c9c1-3286-0d54-1830-77e1f4353fed" testName="KooliProjekt.Application.UnitTests.Features.SavePartiiCommandValidatorTests.Kood_checks_length_boundary(length: 50, valid: True)" computerName="LAPTOP-D4AU3L2H" duration="00:00:00.0004151" startTime="2026-09-21T20:49:20.9921692+03:00" endTime="2026-09-21T20:49:20.9921693+03:00" testType="13cdc9d9-ddb5-4fa4-a97d-d965ccfc6d4b" outcome="Passed" testListId="8c84fa94-04c1-424b-9868-57a2d4851a1d" relativeResultsDirectory="d0456afe-9e7a-41ba-a36b-f6261b53cb9d" />
    <UnitTestResult executionId="e0bef27c-4c05-4b83-8cf0-fb9df63c1446" testId="26c4d281-51d7-06fd-98fb-c4426e1fee11" testName="KooliProjekt.Application.UnitTests.Features.SaveOluCommandValidatorTests.Alkoholiprotsent_checks_range_and_precision(value: &quot;5.123&quot;, valid: False)" computerName="LAPTOP-D4AU3L2H" duration="00:00:00.0001303" startTime="2026-09-21T20:49:20.9813124+03:00" endTime="2026-09-21T20:49:20.9813125+03:00" testType="13cdc9d9-ddb5-4fa4-a97d-d965ccfc6d4b" outcome="Passed" testListId="8c84fa94-04c1-424b-9868-57a2d4851a1d" relativeResultsDirectory="e0bef27c-4c05-4b83-8cf0-fb9df63c1446" />
    <UnitTestResult executionId="8c1ca9da-1f25-4036-b9f9-2c2913382d4b" testId="b39746d6-5f52-e5bc-9f3e-fc5b68ba8603" testName="KooliProjekt.Application.UnitTests.Features.SaveOluCommandValidatorTests.Nimi_checks_length_boundary(length: 99, valid: True)" computerName="LAPTOP-D4AU3L2H" duration="00:00:00.0004217" startTime="2026-09-21T20:49:21.0368418+03:00" endTime="2026-09-21T20:49:21.0368419+03:00" testType="13cdc9d9-ddb5-4fa4-a97d-d965ccfc6d4b" outcome="Passed" testListId="8c84fa94-04c1-424b-9868-57a2d4851a1d" relativeResultsDirectory="8c1ca9da-1f25-4036-b9f9-2c2913382d4b" />
    <UnitTestResult executionId="2809bb1c-991d-440e-8195-d7b0414ff752" testId="1784fca4-e028-00f7-dc97-1b3713221abd" testName="KooliProjekt.Application.UnitTests.Features.PartiiTests.Search_should_apply_individual_and_combined_filters(text: &quot;Alpha&quot;, second: 7, expected: &quot;1,4&quot;)" computerName="LAPTOP-D4AU3L2H" duration="00:00:00.0117387" startTime="2026-09-21T20:49:21.4538909+03:00" endTime="2026-09-21T20:49:21.4538910+03:00" testType="13cdc9d9-ddb5-4fa4-a97d-d965ccfc6d4b" outcome="Passed" testListId="8c84fa94-04c1-424b-9868-57a2d4851a1d" relativeResultsDirectory="2809bb1c-991d-440e-8195-d7b0414ff752" />
    <UnitTestResult executionId="327ba477-8067-4138-afe4-d23620098d76" testId="2fd2ddf5-5488-4f2c-684a-04149fc15c20" testName="KooliProjekt.Application.UnitTests.Features.OluTests.Delete_should_remove_only_requested_entity_and_persist_changes" computerName="LAPTOP-D4AU3L2H" duration="00:00:00.0048519" startTime="2026-09-21T20:49:21.5944800+03:00" endTime="2026-09-21T20:49:21.5944801+03:00" testType="13cdc9d9-ddb5-4fa4-a97d-d965ccfc6d4b" outcome="Passed" testListId="8c84fa94-04c1-424b-9868-57a2d4851a1d" relativeResultsDirectory="327ba477-8067-4138-afe4-d23620098d76" />
    <UnitTestResult executionId="4da63100-1d32-4574-80ff-d803d28843cd" testId="e7dceb88-be93-d447-a02a-e5d7a3b10682" testName="KooliProjekt.Application.UnitTests.Features.MaitsmineTests.Get_should_throw_ArgumentNullException_when_request_is_null" computerName="LAPTOP-D4AU3L2H" duration="00:00:00.0007942" startTime="2026-09-21T20:49:21.5717746+03:00" endTime="2026-09-21T20:49:21.5717747+03:00" testType="13cdc9d9-ddb5-4fa4-a97d-d965ccfc6d4b" outcome="Passed" testListId="8c84fa94-04c1-424b-9868-57a2d4851a1d" relativeResultsDirectory="4da63100-1d32-4574-80ff-d803d28843cd" />
    <UnitTestResult executionId="0e33aeb1-fc93-4175-9e98-620263a1cd4b" testId="fa82cd76-f32a-81a9-e0d6-1638c84e984a" testName="KooliProjekt.Application.UnitTests.Features.PartiiFotoTests.Search_should_apply_individual_and_combined_filters(text: null, second: 0, expected: &quot;&quot;)" computerName="LAPTOP-D4AU3L2H" duration="00:00:00.0140203" startTime="2026-09-21T20:49:21.4383194+03:00" endTime="2026-09-21T20:49:21.4383195+03:00" testType="13cdc9d9-ddb5-4fa4-a97d-d965ccfc6d4b" outcome="Passed" testListId="8c84fa94-04c1-424b-9868-57a2d4851a1d" relativeResultsDirectory="0e33aeb1-fc93-4175-9e98-620263a1cd4b" />
    <UnitTestResult executionId="2e7372bc-9fa3-449e-b1ed-47fb3196255b" testId="da1af719-def5-7e98-ba88-5d27e0455706" testName="KooliProjekt.Application.UnitTests.Features.PartiiTests.Get_should_return_null_value_when_entity_does_not_exist" computerName="LAPTOP-D4AU3L2H" duration="00:00:00.0010036" startTime="2026-09-21T20:49:21.6141016+03:00" endTime="2026-09-21T20:49:21.6141018+03:00" testType="13cdc9d9-ddb5-4fa4-a97d-d965ccfc6d4b" outcome="Passed" testListId="8c84fa94-04c1-424b-9868-57a2d4851a1d" relativeResultsDirectory="2e7372bc-9fa3-449e-b1ed-47fb3196255b" />
    <UnitTestResult executionId="a9bbaf3d-d905-4a76-b005-17078e9c19a9" testId="755a47e7-9f26-7a71-853a-89dab63d6c32" testName="KooliProjekt.Application.UnitTests.Features.PruulimisLogiTests.Search_should_filter_before_paging(page: 3, expectedId: 0)" computerName="LAPTOP-D4AU3L2H" duration="00:00:00.0014809" startTime="2026-09-21T20:49:21.6050628+03:00" endTime="2026-09-21T20:49:21.6050628+03:00" testType="13cdc9d9-ddb5-4fa4-a97d-d965ccfc6d4b" outcome="Passed" testListId="8c84fa94-04c1-424b-9868-57a2d4851a1d" relativeResultsDirectory="a9bbaf3d-d905-4a76-b005-17078e9c19a9" />
    <UnitTestResult executionId="fd2d3b33-02b5-46ee-85e2-0ec59e79b7ae" testId="7448451c-e093-351d-3491-e261d43a9da4" testName="KooliProjekt.Application.UnitTests.Features.KoostisosaTests.Search_should_apply_individual_and_combined_filters(text: &quot;Alpha&quot;, second: null, expected: &quot;1,3,4&quot;)" computerName="LAPTOP-D4AU3L2H" duration="00:00:00.0004509" startTime="2026-09-21T20:49:21.4485905+03:00" endTime="2026-09-21T20:49:21.4485905+03:00" testType="13cdc9d9-ddb5-4fa4-a97d-d965ccfc6d4b" outcome="Passed" testListId="8c84fa94-04c1-424b-9868-57a2d4851a1d" relativeResultsDirectory="fd2d3b33-02b5-46ee-85e2-0ec59e79b7ae" />
    <UnitTestResult executionId="bbe0bf02-6479-497c-8273-37dd5b2c6a74" testId="677a8aba-c534-1207-d295-44b478c6854c" testName="KooliProjekt.Application.UnitTests.Features.OluTests.Save_should_map_fields_and_return_saved_dto(id: 0)" computerName="LAPTOP-D4AU3L2H" duration="00:00:00.0044288" startTime="2026-09-21T20:49:21.5485645+03:00" endTime="2026-09-21T20:49:21.5485646+03:00" testType="13cdc9d9-ddb5-4fa4-a97d-d965ccfc6d4b" outcome="Passed" testListId="8c84fa94-04c1-424b-9868-57a2d4851a1d" relativeResultsDirectory="bbe0bf02-6479-497c-8273-37dd5b2c6a74" />
    <UnitTestResult executionId="2670ccd2-eee5-4caa-86e3-60eb2b242cc7" testId="2ce7dae3-e62f-f8b9-d99e-c0c07075a840" testName="KooliProjekt.Application.UnitTests.Features.PartiiTests.Save_should_map_fields_and_return_saved_dto(id: 17)" computerName="LAPTOP-D4AU3L2H" duration="00:00:00.0074727" startTime="2026-09-21T20:49:21.5584734+03:00" endTime="2026-09-21T20:49:21.5584734+03:00" testType="13cdc9d9-ddb5-4fa4-a97d-d965ccfc6d4b" outcome="Passed" testListId="8c84fa94-04c1-424b-9868-57a2d4851a1d" relativeResultsDirectory="2670ccd2-eee5-4caa-86e3-60eb2b242cc7" />
    <UnitTestResult executionId="862a674d-23a9-40ee-86ae-e7042219a29d" testId="f2031027-b5bc-5b6d-b45a-892137bc49fd" testName="KooliProjekt.Application.UnitTests.Features.SavePruulimisLogiCommandValidatorTests.Kirjeldus_checks_empty_values(value: &quot;&quot;, valid: False)" computerName="LAPTOP-D4AU3L2H" duration="00:00:00.0001899" startTime="2026-09-21T20:49:21.0718829+03:00" endTime="2026-09-21T20:49:21.0718830+03:00" testType="13cdc9d9-ddb5-4fa4-a97d-d965ccfc6d4b" outcome="Passed" testListId="8c84fa94-04c1-424b-9868-57a2d4851a1d" relativeResultsDirectory="862a674d-23a9-40ee-86ae-e7042219a29d" />
    <UnitTestResult executionId="b932cdfd-8808-41a3-9785-453ce4102d61" testId="bd40b8b0-4ea4-24ea-af95-b775b7743639" testName="KooliProjekt.Application.UnitTests.Features.SaveMaitsmineCommandValidatorTests.Degusteerija_checks_length_boundary(length: 101, valid: False)" computerName="LAPTOP-D4AU3L2H" duration="00:00:00.0004720" startTime="2026-09-21T20:49:20.9845173+03:00" endTime="2026-09-21T20:49:20.9845175+03:00" testType="13cdc9d9-ddb5-4fa4-a97d-d965ccfc6d4b" outcome="Passed" testListId="8c84fa94-04c1-424b-9868-57a2d4851a1d" relativeResultsDirectory="b932cdfd-8808-41a3-9785-453ce4102d61" />
    <UnitTestResult executionId="b4ee9685-09f5-48f6-b7e4-72b571062271" testId="38401eb1-4f4a-edd2-d961-d1968a35527a" testName="KooliProjekt.Application.UnitTests.Features.SavePartiiCommandValidatorTests.Id_must_be_nonnegative(value: 0, valid: True)" computerName="LAPTOP-D4AU3L2H" duration="00:00:00.0000374" startTime="2026-09-21T20:49:21.0393747+03:00" endTime="2026-09-21T20:49:21.0393747+03:00" testType="13cdc9d9-ddb5-4fa4-a97d-d965ccfc6d4b" outcome="Passed" testListId="8c84fa94-04c1-424b-9868-57a2d4851a1d" relativeResultsDirectory="b4ee9685-09f5-48f6-b7e4-72b571062271" />
    <UnitTestResult executionId="4fa4f39c-fda8-40f3-bf21-b37f3fefd4f0" testId="d81d7fd4-7956-695f-eec6-4b9f70d1e081" testName="KooliProjekt.Application.UnitTests.Features.PartiiTests.Save_should_propagate_parent_lookup_failure" computerName="LAPTOP-D4AU3L2H" duration="00:00:00.0041255" startTime="2026-09-21T20:49:21.6078495+03:00" endTime="2026-09-21T20:49:21.6078496+03:00" testType="13cdc9d9-ddb5-4fa4-a97d-d965ccfc6d4b" outcome="Passed" testListId="8c84fa94-04c1-424b-9868-57a2d4851a1d" relativeResultsDirectory="4fa4f39c-fda8-40f3-bf21-b37f3fefd4f0" />
    <UnitTestResult executionId="dd2b6147-a3f3-42bf-8384-24a49d79e106" testId="74be7f98-a7e4-b325-fabe-8d54c43f4edb" testName="KooliProjekt.Application.UnitTests.Features.OluTests.Get_should_return_dto_when_entity_exists" computerName="LAPTOP-D4AU3L2H" duration="00:00:00.0012065" startTime="2026-09-21T20:49:21.5974675+03:00" endTime="2026-09-21T20:49:21.5974675+03:00" testType="13cdc9d9-ddb5-4fa4-a97d-d965ccfc6d4b" outcome="Passed" testListId="8c84fa94-04c1-424b-9868-57a2d4851a1d" relativeResultsDirectory="dd2b6147-a3f3-42bf-8384-24a49d79e106" />
    <UnitTestResult executionId="5b2a5d96-8b1f-4605-8a1d-f1bee506afce" testId="a04dcc48-67bc-16c4-5ba4-88b3f4c8d256" testName="KooliProjekt.Application.UnitTests.Features.SaveMaitsmineCommandValidatorTests.Degusteerija_checks_length_boundary(length: 1, valid: True)" computerName="LAPTOP-D4AU3L2H" duration="00:00:00.0000483" startTime="2026-09-21T20:49:20.9875092+03:00" endTime="2026-09-21T20:49:20.9875092+03:00" testType="13cdc9d9-ddb5-4fa4-a97d-d965ccfc6d4b" outcome="Passed" testListId="8c84fa94-04c1-424b-9868-57a2d4851a1d" relativeResultsDirectory="5b2a5d96-8b1f-4605-8a1d-f1bee506afce" />
    <UnitTestResult executionId="a05e32ed-1f43-47af-83ce-79b35e66b54e" testId="3ed1cb47-d51c-7c8d-d627-46a93e423129" testName="KooliProjekt.Application.UnitTests.Features.SaveKoostisosaCommandValidatorTests.Nimetus_checks_length_boundary(length: 100, valid: True)" computerName="LAPTOP-D4AU3L2H" duration="00:00:00.0000391" startTime="2026-09-21T20:49:21.0589090+03:00" endTime="2026-09-21T20:49:21.0589090+03:00" testType="13cdc9d9-ddb5-4fa4-a97d-d965ccfc6d4b" outcome="Passed" testListId="8c84fa94-04c1-424b-9868-57a2d4851a1d" relativeResultsDirectory="a05e32ed-1f43-47af-83ce-79b35e66b54e" />
    <UnitTestResult executionId="1e8211b9-cc00-45f9-8d2b-16cc1b505904" testId="33c3cb8b-c320-d3e8-cc52-adc83ba1346f" testName="KooliProjekt.Application.UnitTests.Features.PruulimisLogiTests.Search_should_apply_individual_and_combined_filters(text: null, second: 0, expected: &quot;&quot;)" computerName="LAPTOP-D4AU3L2H" duration="00:00:00.0004386" startTime="2026-09-21T20:49:21.5129871+03:00" endTime="2026-09-21T20:49:21.5129872+03:00" testType="13cdc9d9-ddb5-4fa4-a97d-d965ccfc6d4b" outcome="Passed" testListId="8c84fa94-04c1-424b-9868-57a2d4851a1d" relativeResultsDirectory="1e8211b9-cc00-45f9-8d2b-16cc1b505904" />
    <UnitTestResult executionId="35eaa040-2030-45b6-b455-715259a6589d" testId="652a88f3-f53d-47ea-6858-ad7035fa9f3a" testName="KooliProjekt.Application.UnitTests.Features.MaitsmineTests.Delete_should_propagate_database_query_failure" computerName="LAPTOP-D4AU3L2H" duration="00:00:00.0006832" startTime="2026-09-21T20:49:21.5367258+03:00" endTime="2026-09-21T20:49:21.5367258+03:00" testType="13cdc9d9-ddb5-4fa4-a97d-d965ccfc6d4b" outcome="Passed" testListId="8c84fa94-04c1-424b-9868-57a2d4851a1d" relativeResultsDirectory="35eaa040-2030-45b6-b455-715259a6589d" />
    <UnitTestResult executionId="1037e035-c571-4459-ac19-27aae9825f22" testId="be2bb2be-7c44-8692-c223-9ed1a107080a" testName="KooliProjekt.Application.UnitTests.Features.SaveMaitsmineCommandValidatorTests.Kuupaev_must_be_set(setDate: True, valid: True)" computerName="LAPTOP-D4AU3L2H" duration="00:00:00.0002869" startTime="2026-09-21T20:49:21.0197170+03:00" endTime="2026-09-21T20:49:21.0197171+03:00" testType="13cdc9d9-ddb5-4fa4-a97d-d965ccfc6d4b" outcome="Passed" testListId="8c84fa94-04c1-424b-9868-57a2d4851a1d" relativeResultsDirectory="1037e035-c571-4459-ac19-27aae9825f22" />
    <UnitTestResult executionId="821b2843-0c9d-48e8-8845-167b09f30553" testId="4401f7b0-3155-9965-ebdf-81039e126bcf" testName="KooliProjekt.Application.UnitTests.Features.PruulimisLogiTests.List_should_throw_ArgumentException_when_page_size_is_invalid(pageSize: 0)" computerName="LAPTOP-D4AU3L2H" duration="00:00:00.0010991" startTime="2026-09-21T20:49:21.5618073+03:00" endTime="2026-09-21T20:49:21.5618073+03:00" testType="13cdc9d9-ddb5-4fa4-a97d-d965ccfc6d4b" outcome="Passed" testListId="8c84fa94-04c1-424b-9868-57a2d4851a1d" relativeResultsDirectory="821b2843-0c9d-48e8-8845-167b09f30553" />
    <UnitTestResult executionId="42a9890e-6248-4fba-9e61-e1e4c867087c" testId="6530d632-7549-4c0f-c82b-bd3dfd782c1c" testName="KooliProjekt.Application.UnitTests.Features.SaveOluCommandValidatorTests.Id_must_be_nonnegative(value: 0, valid: True)" computerName="LAPTOP-D4AU3L2H" duration="00:00:00.0005678" startTime="2026-09-21T20:49:20.9901166+03:00" endTime="2026-09-21T20:49:20.9901167+03:00" testType="13cdc9d9-ddb5-4fa4-a97d-d965ccfc6d4b" outcome="Passed" testListId="8c84fa94-04c1-424b-9868-57a2d4851a1d" relativeResultsDirectory="42a9890e-6248-4fba-9e61-e1e4c867087c" />
    <UnitTestResult executionId="d95e7ae1-dd3b-44b2-b389-e769948e02cb" testId="cee7c0c8-19fb-0928-ffd5-2b9f1d3a6921" testName="KooliProjekt.Application.UnitTests.Features.MaitsmineTests.Save_should_propagate_save_failure(id: 17)" computerName="LAPTOP-D4AU3L2H" duration="00:00:00.0029441" startTime="2026-09-21T20:49:21.5300417+03:00" endTime="2026-09-21T20:49:21.5300418+03:00" testType="13cdc9d9-ddb5-4fa4-a97d-d965ccfc6d4b" outcome="Passed" testListId="8c84fa94-04c1-424b-9868-57a2d4851a1d" relativeResultsDirectory="d95e7ae1-dd3b-44b2-b389-e769948e02cb" />
    <UnitTestResult executionId="ca965556-1963-4890-b529-3562254faf22" testId="249d53dd-9d8b-a5f3-5774-2c8b5c04a260" testName="KooliProjekt.Application.UnitTests.Features.OluTests.List_should_return_requested_page_in_id_order(page: 3, expectedCount: 2, firstId: 11)" computerName="LAPTOP-D4AU3L2H" duration="00:00:00.0007490" startTime="2026-09-21T20:49:21.4474006+03:00" endTime="2026-09-21T20:49:21.4474007+03:00" testType="13cdc9d9-ddb5-4fa4-a97d-d965ccfc6d4b" outcome="Passed" testListId="8c84fa94-04c1-424b-9868-57a2d4851a1d" relativeResultsDirectory="ca965556-1963-4890-b529-3562254faf22" />
    <UnitTestResult executionId="93903dd3-edf0-4a63-a7cc-6aef6e7013bb" testId="b82c8205-f1f0-d35d-b257-8bceeb88fc6d" testName="KooliProjekt.Application.UnitTests.Features.MaitsmineTests.Search_should_apply_individual_and_combined_filters(text: &quot;missing&quot;, second: null, expected: &quot;&quot;)" computerName="LAPTOP-D4AU3L2H" duration="00:00:00.4114750" startTime="2026-09-21T20:49:21.3995901+03:00" endTime="2026-09-21T20:49:21.3995902+03:00" testType="13cdc9d9-ddb5-4fa4-a97d-d965ccfc6d4b" outcome="Passed" testListId="8c84fa94-04c1-424b-9868-57a2d4851a1d" relativeResultsDirectory="93903dd3-edf0-4a63-a7cc-6aef6e7013bb" />
    <UnitTestResult executionId="0f005c0f-3860-49bd-bbb0-22ed67a6e555" testId="c9c588e3-1841-f357-6222-92ed0b4eaf91" testName="KooliProjekt.Application.UnitTests.Features.KoostisosaTests.Get_should_propagate_repository_exception" computerName="LAPTOP-D4AU3L2H" duration="00:00:00.0030752" startTime="2026-09-21T20:49:21.0827979+03:00" endTime="2026-09-21T20:49:21.0827979+03:00" testType="13cdc9d9-ddb5-4fa4-a97d-d965ccfc6d4b" outcome="Passed" testListId="8c84fa94-04c1-424b-9868-57a2d4851a1d" relativeResultsDirectory="0f005c0f-3860-49bd-bbb0-22ed67a6e555" />
    <UnitTestResult executionId="8f83f115-c02b-4bd8-b688-eb73305e7da6" testId="8b02ec4c-cad0-7eda-d1c6-19d671b0e461" testName="KooliProjekt.Application.UnitTests.Features.SaveKoostisosaCommandValidatorTests.Hind_checks_range_and_precision(value: &quot;0&quot;, valid: True)" computerName="LAPTOP-D4AU3L2H" duration="00:00:00.0001973" startTime="2026-09-21T20:49:21.0122452+03:00" endTime="2026-09-21T20:49:21.0122453+03:00" testType="13cdc9d9-ddb5-4fa4-a97d-d965ccfc6d4b" outcome="Passed" testListId="8c84fa94-04c1-424b-9868-57a2d4851a1d" relativeResultsDirectory="8f83f115-c02b-4bd8-b688-eb73305e7da6" />
    <UnitTestResult executionId="6aa21fa7-feda-473c-ad3c-d84bef8b8609" testId="d356d83b-53d2-2f69-55f2-374cca21f6fc" testName="KooliProjekt.Application.UnitTests.Features.PartiiFotoTests.Save_should_propagate_save_failure(id: 17)" computerName="LAPTOP-D4AU3L2H" duration="00:00:00.0031624" startTime="2026-09-21T20:49:21.5880866+03:00" endTime="2026-09-21T20:49:21.5880867+03:00" testType="13cdc9d9-ddb5-4fa4-a97d-d965ccfc6d4b" outcome="Passed" testListId="8c84fa94-04c1-424b-9868-57a2d4851a1d" relativeResultsDirectory="6aa21fa7-feda-473c-ad3c-d84bef8b8609" />
    <UnitTestResult executionId="93fec8d6-23dc-4b66-8110-daeb3dc74a8d" testId="4157d5f1-05a9-a772-89b9-151970cab4c8" testName="KooliProjekt.Application.UnitTests.Features.KoostisosaTests.Save_should_map_fields_and_return_saved_dto(id: 0)" computerName="LAPTOP-D4AU3L2H" duration="00:00:00.0030274" startTime="2026-09-21T20:49:21.5537215+03:00" endTime="2026-09-21T20:49:21.5537216+03:00" testType="13cdc9d9-ddb5-4fa4-a97d-d965ccfc6d4b" outcome="Passed" testListId="8c84fa94-04c1-424b-9868-57a2d4851a1d" relativeResultsDirectory="93fec8d6-23dc-4b66-8110-daeb3dc74a8d" />
    <UnitTestResult executionId="af06ede0-485b-4b29-9ecc-05703e903d39" testId="5dc50bec-889e-b9f1-6b4d-cfba5430cac9" testName="KooliProjekt.Application.UnitTests.Features.MaitsmineTests.Save_should_map_fields_and_return_saved_dto(id: 17)" computerName="LAPTOP-D4AU3L2H" duration="00:00:00.0039941" startTime="2026-09-21T20:49:21.5696101+03:00" endTime="2026-09-21T20:49:21.5696101+03:00" testType="13cdc9d9-ddb5-4fa4-a97d-d965ccfc6d4b" outcome="Passed" testListId="8c84fa94-04c1-424b-9868-57a2d4851a1d" relativeResultsDirectory="af06ede0-485b-4b29-9ecc-05703e903d39" />
    <UnitTestResult executionId="8ca12c65-b0bf-4407-8bdf-6c69a82e36ed" testId="daf0b563-ef69-b2b7-c11d-c1b870ba9d77" testName="KooliProjekt.Application.UnitTests.Features.MaitsmineTests.Search_should_apply_individual_and_combined_filters(text: &quot;Beta&quot;, second: 8, expected: &quot;&quot;)" computerName="LAPTOP-D4AU3L2H" duration="00:00:00.0138509" startTime="2026-09-21T20:49:21.4425079+03:00" endTime="2026-09-21T20:49:21.4425080+03:00" testType="13cdc9d9-ddb5-4fa4-a97d-d965ccfc6d4b" outcome="Passed" testListId="8c84fa94-04c1-424b-9868-57a2d4851a1d" relativeResultsDirectory="8ca12c65-b0bf-4407-8bdf-6c69a82e36ed" />
    <UnitTestResult executionId="49e443fb-cb2d-47ee-96c0-9ef8bd539b8c" testId="c1e4f33e-1b21-a804-31b7-aae627dc206b" testName="KooliProjekt.Application.UnitTests.Features.PartiiFotoTests.Delete_should_succeed_when_entity_does_not_exist" computerName="LAPTOP-D4AU3L2H" duration="00:00:00.0012013" startTime="2026-09-21T20:49:21.6074420+03:00" endTime="2026-09-21T20:49:21.6074421+03:00" testType="13cdc9d9-ddb5-4fa4-a97d-d965ccfc6d4b" outcome="Passed" testListId="8c84fa94-04c1-424b-9868-57a2d4851a1d" relativeResultsDirectory="49e443fb-cb2d-47ee-96c0-9ef8bd539b8c" />
    <UnitTestResult executionId="81dce040-6cdc-40e7-8d12-ee736c983d41" testId="c970b1df-f89e-7e44-9223-b908259c65d5" testName="KooliProjekt.Application.UnitTests.Features.SaveKoostisosaCommandValidatorTests.Nimetus_checks_length_boundary(length: 1, valid: True)" computerName="LAPTOP-D4AU3L2H" duration="00:00:00.0002181" startTime="2026-09-21T20:49:21.0585225+03:00" endTime="2026-09-21T20:49:21.0585226+03:00" testType="13cdc9d9-ddb5-4fa4-a97d-d965ccfc6d4b" outcome="Passed" testListId="8c84fa94-04c1-424b-9868-57a2d4851a1d" relativeResultsDirectory="81dce040-6cdc-40e7-8d12-ee736c983d41" />
[...]
    <TestEntry testId="6ce23900-8b6b-60fd-35cd-2660743e1884" executionId="43b88924-b876-4df8-a2d4-4c6ce3b952f2" testListId="8c84fa94-04c1-424b-9868-57a2d4851a1d" />
    <TestEntry testId="6c698b52-b1f6-c37d-3101-0ef84abc1c45" executionId="c2bbf9cb-deeb-45b5-ab1e-170aed3a0f1c" testListId="8c84fa94-04c1-424b-9868-57a2d4851a1d" />
    <TestEntry testId="86ffc7ec-1174-df43-bfaf-9de45b370e2c" executionId="46febef2-d7ab-484d-b5b1-83616857dc8e" testListId="8c84fa94-04c1-424b-9868-57a2d4851a1d" />
    <TestEntry testId="dfaf26fa-4729-ec5f-8608-eeaf5a8e091e" executionId="c968f401-57a4-4d78-ab49-17145fabac9a" testListId="8c84fa94-04c1-424b-9868-57a2d4851a1d" />
    <TestEntry testId="652f5638-44a4-9bf0-36df-f37fc58f1f6f" executionId="b6022587-a5d0-465f-8633-ae67e885e0b8" testListId="8c84fa94-04c1-424b-9868-57a2d4851a1d" />
    <TestEntry testId="327d5f87-3a02-dcb7-3be6-85b86a235fa8" executionId="99f46b12-aa58-4e18-9f8a-5f35c65b5d27" testListId="8c84fa94-04c1-424b-9868-57a2d4851a1d" />
    <TestEntry testId="d571deff-2654-0bef-09e0-174f822e8f43" executionId="480ae4b4-61d8-4250-8232-5ea503b30f41" testListId="8c84fa94-04c1-424b-9868-57a2d4851a1d" />
    <TestEntry testId="1089320f-f844-38f9-405e-dc1e0d84c9c8" executionId="1f7ba5e4-5764-43d4-8abb-a8bd03848436" testListId="8c84fa94-04c1-424b-9868-57a2d4851a1d" />
    <TestEntry testId="fea81dd3-d363-e983-42fd-ecae1b132aa6" executionId="7410c954-58b3-41e3-847d-35c15eb838a9" testListId="8c84fa94-04c1-424b-9868-57a2d4851a1d" />
    <TestEntry testId="df2d32ed-c548-c7a0-b886-07b0ccaa2200" executionId="acfb78bf-49b3-445b-b268-e66a8e7d0e5e" testListId="8c84fa94-04c1-424b-9868-57a2d4851a1d" />
    <TestEntry testId="06369cc9-2bf4-cc0a-5117-f4610e452b8c" executionId="c121bda5-235a-480a-bc8f-a3d0340afe01" testListId="8c84fa94-04c1-424b-9868-57a2d4851a1d" />
    <TestEntry testId="17e2a709-5297-7837-c3f1-f262e2621f2b" executionId="829d0556-48ee-459b-9d33-11347082db1d" testListId="8c84fa94-04c1-424b-9868-57a2d4851a1d" />
    <TestEntry testId="25dc7dd5-b5e4-023b-d02a-a0acf9203add" executionId="ec92c4b7-28d2-42d5-ad1f-0458bae28f6b" testListId="8c84fa94-04c1-424b-9868-57a2d4851a1d" />
    <TestEntry testId="19b560ff-c7bb-afa2-d167-bf8399c780d5" executionId="3857436f-a148-4ce5-a827-dd06f4f1a4ff" testListId="8c84fa94-04c1-424b-9868-57a2d4851a1d" />
    <TestEntry testId="d4f9eab2-9d3c-fe1d-11f3-3333f24aea5b" executionId="7ed8dfff-cc8f-4f43-a196-92a87056214a" testListId="8c84fa94-04c1-424b-9868-57a2d4851a1d" />
    <TestEntry testId="e4a456ba-99d0-53a7-c7d5-e4fd5eab2e2c" executionId="9b68dedb-d797-4731-89fb-bb9be73c4781" testListId="8c84fa94-04c1-424b-9868-57a2d4851a1d" />
    <TestEntry testId="16df9eb1-abc3-d78f-b42b-f91b3b626205" executionId="9d9c6cda-4db7-430e-af2c-d6e2c3eda625" testListId="8c84fa94-04c1-424b-9868-57a2d4851a1d" />
    <TestEntry testId="26c76e9e-19cd-9bd3-aaf6-3744908e7a47" executionId="98eccc5f-8bd1-4e5f-8125-500fce929392" testListId="8c84fa94-04c1-424b-9868-57a2d4851a1d" />
    <TestEntry testId="9db4be8d-2e31-4002-11cb-8bfc80bef400" executionId="a9cd71ac-9941-488f-bcfb-76438758a368" testListId="8c84fa94-04c1-424b-9868-57a2d4851a1d" />
    <TestEntry testId="da89c86a-499f-264b-f4a0-e39fa2987b08" executionId="8b3424e3-e6f6-4421-a883-659bb0c70b92" testListId="8c84fa94-04c1-424b-9868-57a2d4851a1d" />
    <TestEntry testId="b514c68d-57c0-45b4-4ca0-7bb70e6b1033" executionId="e8f93b68-a02b-4cfe-879e-1c3b70d5a3a3" testListId="8c84fa94-04c1-424b-9868-57a2d4851a1d" />
    <TestEntry testId="72de820b-9662-e37d-277c-08588a7a88ea" executionId="e983e98d-4b06-468c-9bdc-f056b576fdfc" testListId="8c84fa94-04c1-424b-9868-57a2d4851a1d" />
    <TestEntry testId="9e397a69-ba47-c753-55ca-6579999f2ca5" executionId="7191d7b6-00cc-44a7-a47d-78a40a3d42f8" testListId="8c84fa94-04c1-424b-9868-57a2d4851a1d" />
    <TestEntry testId="40a0bcd9-21ed-0b30-754e-172d2f1fc472" executionId="39384b7f-1598-4420-af88-bef9eb93fd22" testListId="8c84fa94-04c1-424b-9868-57a2d4851a1d" />
    <TestEntry testId="eed31b2d-b748-c43e-2cbb-aac43eca067c" executionId="3fa18b04-8440-4ba9-912c-7641cb915be4" testListId="8c84fa94-04c1-424b-9868-57a2d4851a1d" />
    <TestEntry testId="ad9237ff-61a4-30fb-896d-a34077b90d85" executionId="c050445e-dba0-4426-a314-655432e490c1" testListId="8c84fa94-04c1-424b-9868-57a2d4851a1d" />
    <TestEntry testId="dcaf6f4f-a9d7-2720-106e-c953b91f8c44" executionId="51f54686-4a02-40f1-96be-c188fd5b4bc7" testListId="8c84fa94-04c1-424b-9868-57a2d4851a1d" />
    <TestEntry testId="beeeba8e-fc30-53f6-d83a-34d6b38a35ed" executionId="348afcd5-d92d-485e-a084-1fe080cd3fa5" testListId="8c84fa94-04c1-424b-9868-57a2d4851a1d" />
    <TestEntry testId="da041f5b-d3a7-4bed-b4dd-3c837da7aff7" executionId="882c33cf-223b-4316-931c-478c029aec5c" testListId="8c84fa94-04c1-424b-9868-57a2d4851a1d" />
    <TestEntry testId="2efd8a48-bb03-c447-4b95-bffb5fc5b35b" executionId="901c6ffe-0ae0-4f81-8560-ba22b22863fd" testListId="8c84fa94-04c1-424b-9868-57a2d4851a1d" />
    <TestEntry testId="b40ea01a-06d3-6170-6cc7-c34f172d87aa" executionId="66144cf1-bb0b-42ba-8cc4-26e90e8f7e2e" testListId="8c84fa94-04c1-424b-9868-57a2d4851a1d" />
    <TestEntry testId="60dbf925-1d6f-d531-6c01-86b420eec0e6" executionId="417c25d8-5713-464f-8bcb-95c8b1a891fd" testListId="8c84fa94-04c1-424b-9868-57a2d4851a1d" />
    <TestEntry testId="69af9c9a-c051-5e6d-b51a-4261448f1315" executionId="6deecc9c-35b6-40f6-be1f-433b0da04c9a" testListId="8c84fa94-04c1-424b-9868-57a2d4851a1d" />
    <TestEntry testId="b247e94e-da62-7075-91c2-5cac48444523" executionId="4be2249c-d0bb-4558-a67b-2c60f6ef8421" testListId="8c84fa94-04c1-424b-9868-57a2d4851a1d" />
    <TestEntry testId="05efbf4e-6694-15af-b6d7-d55b6b26d35e" executionId="0cb5979f-7c21-4896-8267-ad1480383c9f" testListId="8c84fa94-04c1-424b-9868-57a2d4851a1d" />
    <TestEntry testId="db4a4b31-c0f9-be46-3a82-fd4b91d7ac64" executionId="56784b77-ba87-4aab-baa0-d0b314dd5944" testListId="8c84fa94-04c1-424b-9868-57a2d4851a1d" />
    <TestEntry testId="6faa1583-cca5-341a-6846-57291ea0c7f1" executionId="b219044f-6f82-4c71-a284-4b6123a8971a" testListId="8c84fa94-04c1-424b-9868-57a2d4851a1d" />
    <TestEntry testId="9c5470b9-b5d3-3718-67c5-adb61cc8574e" executionId="8278c22e-c25e-46ae-9a71-6ee9df02eab1" testListId="8c84fa94-04c1-424b-9868-57a2d4851a1d" />
    <TestEntry testId="67be39e3-e2dd-2142-8d92-885951edbc84" executionId="487fab41-6f55-465a-9660-4cf16f904277" testListId="8c84fa94-04c1-424b-9868-57a2d4851a1d" />
    <TestEntry testId="727b07ca-2971-e2a4-6195-7625b0934745" executionId="a803b551-aff4-498b-bfff-cea072c5457c" testListId="8c84fa94-04c1-424b-9868-57a2d4851a1d" />
    <TestEntry testId="d05c5ea5-3233-23f9-6c22-facf6da35047" executionId="7c6bf6c0-1e6d-4d94-9b94-d0cdefd61f48" testListId="8c84fa94-04c1-424b-9868-57a2d4851a1d" />
    <TestEntry testId="f83fe7f8-3b09-b85e-26c7-2d2647faba0e" executionId="f658d213-a810-4020-83ff-42fd8b17d0ee" testListId="8c84fa94-04c1-424b-9868-57a2d4851a1d" />
    <TestEntry testId="ddd84849-4778-fbde-af50-9c294d23a445" executionId="9a65b237-38ba-4bdf-916f-50b03920edc7" testListId="8c84fa94-04c1-424b-9868-57a2d4851a1d" />
    <TestEntry testId="7bd9f260-3bd2-a9dc-0a10-6031c3383e87" executionId="1bf4ebdb-2c1e-4a3b-a6e3-a9f24c1140b7" testListId="8c84fa94-04c1-424b-9868-57a2d4851a1d" />
    <TestEntry testId="9e31b330-eca7-9a8c-cfaf-fa574670034d" executionId="172293f4-d25b-431b-8c5b-cd9a7e9dde0d" testListId="8c84fa94-04c1-424b-9868-57a2d4851a1d" />
    <TestEntry testId="c20f4659-d45b-8886-a22e-df9ae7c79a52" executionId="12fd407e-e96c-4a65-966a-7df1febee236" testListId="8c84fa94-04c1-424b-9868-57a2d4851a1d" />
    <TestEntry testId="10579e89-2257-a42c-58bf-d223935f5291" executionId="819dcea9-6284-4526-bf02-9534aba4bbd9" testListId="8c84fa94-04c1-424b-9868-57a2d4851a1d" />
    <TestEntry testId="9e457fc7-3fab-45c8-aabf-79acb6f8e345" executionId="bbb55958-942e-4399-b486-6dafe92fa404" testListId="8c84fa94-04c1-424b-9868-57a2d4851a1d" />
    <TestEntry testId="e969194f-b5e3-76ea-12fd-87d5e8df8b78" executionId="51817594-dd28-4a7a-8f11-82b1e4be9e37" testListId="8c84fa94-04c1-424b-9868-57a2d4851a1d" />
    <TestEntry testId="0f2e0bf1-6dc2-1186-21fb-432685257a55" executionId="4c49f2fb-70d5-4db0-8bf8-9c6b8b385d9a" testListId="8c84fa94-04c1-424b-9868-57a2d4851a1d" />
    <TestEntry testId="17486ad6-ff6d-3adb-2b90-f7532ddd520b" executionId="7ba061a0-ab42-4b97-af29-e5208efdf59a" testListId="8c84fa94-04c1-424b-9868-57a2d4851a1d" />
    <TestEntry testId="9c6f381c-588d-d227-b7c0-da3cd86805d0" executionId="0c6ecb9e-cbc7-4b44-aff6-0cf2478aba44" testListId="8c84fa94-04c1-424b-9868-57a2d4851a1d" />
    <TestEntry testId="9931ac34-9a4f-5b82-cc9b-142112b5cd0f" executionId="71240d0e-bd9a-401c-8c26-0ec371bae09a" testListId="8c84fa94-04c1-424b-9868-57a2d4851a1d" />
    <TestEntry testId="a2701ce0-f976-64f6-ff1c-be5aa4814b08" executionId="236f86eb-20b7-4f35-a933-72cefaad3d5b" testListId="8c84fa94-04c1-424b-9868-57a2d4851a1d" />
    <TestEntry testId="fd5dccab-c84c-f0e4-15c2-712f9560c983" executionId="bd6cbd66-0f7d-451e-a02e-c1f023172954" testListId="8c84fa94-04c1-424b-9868-57a2d4851a1d" />
    <TestEntry testId="f8dbed48-dc13-956f-ed28-29f877e95db1" executionId="a5a3be3c-23d4-4958-8fd7-449da96529c1" testListId="8c84fa94-04c1-424b-9868-57a2d4851a1d" />
    <TestEntry testId="3951b66c-d150-81cb-9ce2-f9e90d99db1c" executionId="3ee9824b-95f6-4002-9ced-3bc6aaf1dd1e" testListId="8c84fa94-04c1-424b-9868-57a2d4851a1d" />
    <TestEntry testId="b76dabdb-66c0-9ceb-759f-f32e227be641" executionId="55445b65-7ea3-404d-8f1c-4ea502d3382c" testListId="8c84fa94-04c1-424b-9868-57a2d4851a1d" />
    <TestEntry testId="492f486d-9815-9f20-cbc9-cc40234e45ba" executionId="58f219f3-851e-4d95-80ab-b7556e00721e" testListId="8c84fa94-04c1-424b-9868-57a2d4851a1d" />
    <TestEntry testId="50908d66-dc98-a9cf-338b-f1b7612dc016" executionId="1ed39759-a028-43ae-bb84-89f71c1e8565" testListId="8c84fa94-04c1-424b-9868-57a2d4851a1d" />
    <TestEntry testId="a98adaea-d492-e36b-6764-c6c819b122d0" executionId="1262f47e-aa41-47c3-94b6-fa87c54ee2d4" testListId="8c84fa94-04c1-424b-9868-57a2d4851a1d" />
    <TestEntry testId="2e4b967e-3bb7-36b8-aed1-a272fb298bc3" executionId="b4ff1f7d-45c5-43ed-bc54-f19241a79dfd" testListId="8c84fa94-04c1-424b-9868-57a2d4851a1d" />
    <TestEntry testId="35a61e5d-7e69-1da6-3146-6dc29b6a123d" executionId="f2c53ba2-26f7-4f9b-b710-365783dad2e8" testListId="8c84fa94-04c1-424b-9868-57a2d4851a1d" />
    <TestEntry testId="09cec6e7-ddcf-cdcf-8e5b-9cb949fa8720" executionId="7e16dda7-b56a-4d6c-9f4c-fb5f32bf85aa" testListId="8c84fa94-04c1-424b-9868-57a2d4851a1d" />
    <TestEntry testId="3e28856c-7057-940a-4cca-ffa9f4c3d287" executionId="da94d0aa-9538-4791-8498-e1e9098c5eed" testListId="8c84fa94-04c1-424b-9868-57a2d4851a1d" />
    <TestEntry testId="18ea6a01-a281-60c4-92ad-7844ccdde4cb" executionId="f2dcd20a-190d-4ac9-9010-a3b7202e5e5f" testListId="8c84fa94-04c1-424b-9868-57a2d4851a1d" />
    <TestEntry testId="67f3b5b2-c61a-abff-ebab-96f5ad0c8763" executionId="f7ee6760-2e38-4ba9-afd5-4fb91478e5c8" testListId="8c84fa94-04c1-424b-9868-57a2d4851a1d" />
    <TestEntry testId="747487fc-9521-9acb-9bcd-5b82a969b4cf" executionId="c4c342ee-5428-4383-8943-cec85261fc65" testListId="8c84fa94-04c1-424b-9868-57a2d4851a1d" />
    <TestEntry testId="9dd113de-7439-1a29-e901-7e42c9b9fe4b" executionId="b2a9645b-a99b-44c5-877b-2f6defed66a0" testListId="8c84fa94-04c1-424b-9868-57a2d4851a1d" />
    <TestEntry testId="00719bfe-e6f4-b1f4-f379-25a5e3204807" executionId="23a4725d-82ed-40be-82dc-d79c64d77113" testListId="8c84fa94-04c1-424b-9868-57a2d4851a1d" />
    <TestEntry testId="c0ad2319-e830-2242-6c18-ee398396f2b5" executionId="4a5255a4-4c61-4b86-9022-b2326078295e" testListId="8c84fa94-04c1-424b-9868-57a2d4851a1d" />
    <TestEntry testId="db98b7cd-9310-039c-e020-9c8b447c2076" executionId="291ad2e9-d461-44eb-b8dc-908cbec6cf8b" testListId="8c84fa94-04c1-424b-9868-57a2d4851a1d" />
    <TestEntry testId="cdb483ce-ec9b-7b6a-1f64-54256f7b14ca" executionId="2b92653d-917f-4c9b-a991-bc54719d15ee" testListId="8c84fa94-04c1-424b-9868-57a2d4851a1d" />
    <TestEntry testId="b8e741a6-5d29-a74f-a28e-bad289aa24a7" executionId="6a8e3988-9b24-4a3d-a5d6-a7a41e31caf0" testListId="8c84fa94-04c1-424b-9868-57a2d4851a1d" />
    <TestEntry testId="49df9bc9-1c42-ab00-b0f5-ba9d0365d725" executionId="c56f99c3-1be1-4155-9fb2-278485f6fb10" testListId="8c84fa94-04c1-424b-9868-57a2d4851a1d" />
    <TestEntry testId="39ff7031-fe3c-fafd-25b0-7036e5078dea" executionId="570444c6-abd7-4a30-a56c-4ce152014194" testListId="8c84fa94-04c1-424b-9868-57a2d4851a1d" />
    <TestEntry testId="8e0a5412-3293-ab76-282d-51093b43763d" executionId="fbdbe634-0fcb-40be-ad4c-cb537822aac0" testListId="8c84fa94-04c1-424b-9868-57a2d4851a1d" />
    <TestEntry testId="550bf653-4328-df03-bbd4-a2d635b0d4ac" executionId="d1eb47aa-cf72-4213-a8c3-5a9f81e4f4a4" testListId="8c84fa94-04c1-424b-9868-57a2d4851a1d" />
    <TestEntry testId="bfd05650-e61c-031d-fd5a-c5330ff1b608" executionId="fa53f396-d84b-42d6-a5c8-5b816201d769" testListId="8c84fa94-04c1-424b-9868-57a2d4851a1d" />
    <TestEntry testId="bcb9002b-ea15-a21f-33bc-7ca1227ba66a" executionId="b49d98fb-107b-4bf8-8422-b6d35ad5df70" testListId="8c84fa94-04c1-424b-9868-57a2d4851a1d" />
    <TestEntry testId="d93f27ca-68f7-b3f7-972e-7a0cc106882a" executionId="166b7e37-8b42-4cdc-929e-db5920228c15" testListId="8c84fa94-04c1-424b-9868-57a2d4851a1d" />
    <TestEntry testId="18e6dbed-6342-78ce-c31b-6c0a287b05d2" executionId="1c9b195c-3851-4230-a223-cae1516551f3" testListId="8c84fa94-04c1-424b-9868-57a2d4851a1d" />
    <TestEntry testId="c20df486-c120-1a97-abbf-d3d7244d9a41" executionId="f61f2791-10f9-4ef1-bbee-e72d4494245b" testListId="8c84fa94-04c1-424b-9868-57a2d4851a1d" />
    <TestEntry testId="c9adc110-a89f-dc5f-bd18-59705c919447" executionId="3f4a85d9-febb-45fa-9ad9-fe96f4015fed" testListId="8c84fa94-04c1-424b-9868-57a2d4851a1d" />
    <TestEntry testId="6986950d-e64b-cdf3-3028-cdcd9291ee09" executionId="4c23cb22-3942-4a5a-87da-b10560d5a86d" testListId="8c84fa94-04c1-424b-9868-57a2d4851a1d" />
    <TestEntry testId="1b631876-434b-ba09-f2f5-ab7b6aefb838" executionId="e9d9b8f2-cf3e-4632-9514-4604191c4f48" testListId="8c84fa94-04c1-424b-9868-57a2d4851a1d" />
    <TestEntry testId="33699499-3084-0004-6790-bb916846f78f" executionId="1bfcdcb0-2a5c-4fbb-8800-6d9acb57bd5a" testListId="8c84fa94-04c1-424b-9868-57a2d4851a1d" />
    <TestEntry testId="1fb3ddee-1c70-93aa-dcee-c44714ee5e97" executionId="5b2afb0e-6c4a-42e1-bc13-f869dfab5834" testListId="8c84fa94-04c1-424b-9868-57a2d4851a1d" />
    <TestEntry testId="666f07de-d8ba-556a-7ddf-7456f944b0a3" executionId="4904ce3f-cb9d-4b5a-8226-cc1e5c9f1627" testListId="8c84fa94-04c1-424b-9868-57a2d4851a1d" />
    <TestEntry testId="70281cad-0b0c-ca0a-77a8-481c607f4b5a" executionId="c90019e7-0b86-4369-9839-594a7533fd92" testListId="8c84fa94-04c1-424b-9868-57a2d4851a1d" />
    <TestEntry testId="8ce3d8d0-22ad-f454-8f0b-af0c45e710ca" executionId="6f4c7b4e-6cbf-42fd-bc79-14b9f237cb87" testListId="8c84fa94-04c1-424b-9868-57a2d4851a1d" />
    <TestEntry testId="e53acf71-7d08-2289-d12e-c0f3749b9d96" executionId="84d77cde-bd63-484f-aa02-3dd5eb0cbf98" testListId="8c84fa94-04c1-424b-9868-57a2d4851a1d" />
    <TestEntry testId="5f3fbf33-5de3-9020-98f8-c8e846122dda" executionId="dc3e07e0-475b-4b1a-87f2-e5e9b29961f1" testListId="8c84fa94-04c1-424b-9868-57a2d4851a1d" />
    <TestEntry testId="e1bcd52c-ba05-dc0e-4753-3e0e535b88b6" executionId="9e2d82e3-356e-4663-aef2-53e7ff88bf87" testListId="8c84fa94-04c1-424b-9868-57a2d4851a1d" />
    <TestEntry testId="e91a5c90-23e5-6882-90ec-ddaf81ed6ef7" executionId="7d1aa4f6-1312-4092-9e32-7eee37528c22" testListId="8c84fa94-04c1-424b-9868-57a2d4851a1d" />
    <TestEntry testId="99cc23d4-dc55-7d87-40a0-74ae561dc49d" executionId="6cb18971-61f6-4ddc-9dc3-d7f6c1a836fa" testListId="8c84fa94-04c1-424b-9868-57a2d4851a1d" />
    <TestEntry testId="4b159191-7d70-3193-1faf-bf3f6fcf1cae" executionId="c508c3ac-865f-4690-81cc-3dd6f9879a60" testListId="8c84fa94-04c1-424b-9868-57a2d4851a1d" />
    <TestEntry testId="ac14b9ff-8c40-dfe4-2235-edf2dab2f9a8" executionId="12960157-fd3d-4356-9ea5-4191f2bdcf3e" testListId="8c84fa94-04c1-424b-9868-57a2d4851a1d" />
    <TestEntry testId="d8942630-b89f-acc5-7b8e-a26e79dc734a" executionId="8f94371b-cf6f-4aa6-8483-4bb295edbf63" testListId="8c84fa94-04c1-424b-9868-57a2d4851a1d" />
    <TestEntry testId="cffb390b-da32-af60-c9a8-d38b33e9e068" executionId="a711923c-a63f-4aad-b137-8da6a9c2a1aa" testListId="8c84fa94-04c1-424b-9868-57a2d4851a1d" />
    <TestEntry testId="88023bdd-373f-9c87-0376-feb46fdcb2cd" executionId="06b9a622-7b4d-41d0-872f-362f45025bf8" testListId="8c84fa94-04c1-424b-9868-57a2d4851a1d" />
    <TestEntry testId="c681060f-1f9a-d6b0-7fe5-e26a485ee47f" executionId="d3a9a51b-12d3-40ce-bd5d-1d9b829a3c04" testListId="8c84fa94-04c1-424b-9868-57a2d4851a1d" />
    <TestEntry testId="fcfd61b3-e077-d1ac-ce6e-e5c28dc0355b" executionId="4abbe887-7754-4a0d-bc2e-850baf137a5a" testListId="8c84fa94-04c1-424b-9868-57a2d4851a1d" />
    <TestEntry testId="5306c1b0-d9cd-d87f-d0a3-e07e1d85bf43" executionId="4d150e9e-7853-47b6-a712-3d6b57211594" testListId="8c84fa94-04c1-424b-9868-57a2d4851a1d" />
    <TestEntry testId="479a3bda-f0c4-ad33-37c9-ac4e1bc6d6df" executionId="bc18b82d-14c1-4e71-bed2-fde0cb3613c5" testListId="8c84fa94-04c1-424b-9868-57a2d4851a1d" />
    <TestEntry testId="b94ecb6e-592d-43d1-52a9-da130aef20f3" executionId="b61a32f1-fe2b-4b84-a0d9-d38e76729663" testListId="8c84fa94-04c1-424b-9868-57a2d4851a1d" />
    <TestEntry testId="aed01721-bdfc-6ae7-c2e4-63d622d90d08" executionId="76a5e260-9c5c-47b7-81dc-41aa69431991" testListId="8c84fa94-04c1-424b-9868-57a2d4851a1d" />
    <TestEntry testId="89d5fee8-5d5b-30cc-6360-9d187547133a" executionId="e0bd77dd-f911-4b4e-b3f7-dcf2d00809bd" testListId="8c84fa94-04c1-424b-9868-57a2d4851a1d" />
    <TestEntry testId="6749c112-edda-7397-4961-1e676250085b" executionId="8578e0c2-cc92-4421-815c-d5656fc2c56b" testListId="8c84fa94-04c1-424b-9868-57a2d4851a1d" />
    <TestEntry testId="c245c2a9-44ae-73af-3e8e-7358483b67d1" executionId="c35df1a0-3910-4ac9-a7f7-5e77eed83c44" testListId="8c84fa94-04c1-424b-9868-57a2d4851a1d" />
    <TestEntry testId="7f0fa5f5-9303-5167-5b42-f4029f006b83" executionId="974aecfe-4cb0-4886-809c-cc93569f8960" testListId="8c84fa94-04c1-424b-9868-57a2d4851a1d" />
    <TestEntry testId="d8e16160-0639-c863-3e22-bdf48cc47401" executionId="ef9aefb4-9da7-458e-882f-6798cc82dd09" testListId="8c84fa94-04c1-424b-9868-57a2d4851a1d" />
    <TestEntry testId="b4113b2a-ba7f-d9dc-1ea6-305db2c1049b" executionId="5e854885-2727-4152-bbc6-208b3396a118" testListId="8c84fa94-04c1-424b-9868-57a2d4851a1d" />
  </TestEntries>
  <TestLists>
    <TestList name="Results Not in a List" id="8c84fa94-04c1-424b-9868-57a2d4851a1d" />
    <TestList name="All Loaded Results" id="19431567-8539-422a-85d7-44ee4e166bda" />
  </TestLists>
  <ResultSummary outcome="Completed">
    <Counters total="497" executed="497" passed="497" failed="0" error="0" timeout="0" aborted="0" inconclusive="0" passedButRunAborted="0" notRunnable="0" notExecuted="0" disconnected="0" warning="0" completed="0" inProgress="0" pending="0" />
    <Output>
      <StdOut>[xUnit.net 00:00:00.00] xUnit.net VSTest Adapter v2.4.5+1caef2f33e (64-bit .NET 9.0.16)&#xD;
[xUnit.net 00:00:01.02]   Discovering: KooliProjekt.UnitTests&#xD;
[xUnit.net 00:00:01.08]   Discovered:  KooliProjekt.UnitTests&#xD;
[xUnit.net 00:00:01.08]   Starting:    KooliProjekt.UnitTests&#xD;
[xUnit.net 00:00:01.81]   Finished:    KooliProjekt.UnitTests&#xD;
</StdOut>
    </Output>
    <CollectorDataEntries>
      <Collector agentName="LAPTOP-D4AU3L2H" uri="datacollector://microsoft/CoverletCodeCoverage/1.0" collectorDisplayName="XPlat code coverage">
        <UriAttachments>
          <UriAttachment>
            <A href="LAPTOP-D4AU3L2H\coverage.cobertura.xml"></A>
          </UriAttachment>
        </UriAttachments>
      </Collector>
    </CollectorDataEntries>
  </ResultSummary>
</TestRun>