<?xml version="1.0" encoding="utf-8"?>
<TestRun id="e617517b-5e59-42fc-8cb0-0b00beaf3ab5" name="danii@LAPTOP-D4AU3L2H 2026-09-21 20:34:37" runUser="LAPTOP-D4AU3L2H\danii" xmlns="http://microsoft.com/schemas/VisualStudio/TeamTest/2010">
  <Times creation="2026-09-21T20:34:37.4576358+03:00" queuing="2026-09-21T20:34:37.4576360+03:00" start="2026-09-21T20:34:34.6947341+03:00" finish="2026-09-21T20:34:38.1734891+03:00" />
  <TestSettings name="default" id="e0879120-b4ee-40b4-a12b-8d793e396369">
    <Deployment runDeploymentRoot="danii_LAPTOP-D4AU3L2H_2026-09-21_20_34_37" />
  </TestSettings>
  <Results>
    <UnitTestResult executionId="5a1201bc-f105-4cd8-9016-831c639e8ea3" testId="b813ac2b-119d-9a96-bd07-f0c9cd0aee54" testName="KooliProjekt.Application.UnitTests.Features.PartiiTests.Save_should_return_empty_result_when_update_target_is_missing" computerName="LAPTOP-D4AU3L2H" duration="00:00:00.0049670" startTime="2026-09-21T20:34:37.9380751+03:00" endTime="2026-09-21T20:34:37.9380751+03:00" testType="13cdc9d9-ddb5-4fa4-a97d-d965ccfc6d4b" outcome="Passed" testListId="8c84fa94-04c1-424b-9868-57a2d4851a1d" relativeResultsDirectory="5a1201bc-f105-4cd8-9016-831c639e8ea3" />
    <UnitTestResult executionId="c90ea512-38c7-489b-bd9d-7bb4c0bf0abe" testId="bc78adda-179a-65b2-37a7-bc8a7f6e190e" testName="KooliProjekt.Application.UnitTests.Features.SavePartiiCommandValidatorTests.Kirjeldus_checks_length_boundary(length: 255, valid: True)" computerName="LAPTOP-D4AU3L2H" duration="00:00:00.0004109" startTime="2026-09-21T20:34:37.4502714+03:00" endTime="2026-09-21T20:34:37.4502714+03:00" testType="13cdc9d9-ddb5-4fa4-a97d-d965ccfc6d4b" outcome="Passed" testListId="8c84fa94-04c1-424b-9868-57a2d4851a1d" relativeResultsDirectory="c90ea512-38c7-489b-bd9d-7bb4c0bf0abe" />
    <UnitTestResult executionId="3553d0f8-099a-4383-8a78-85f2c5b37cb4" testId="00719bfe-e6f4-b1f4-f379-25a5e3204807" testName="KooliProjekt.Application.UnitTests.Features.PartiiTests.List_should_return_empty_page_when_database_is_empty" computerName="LAPTOP-D4AU3L2H" duration="00:00:00.0016038" startTime="2026-09-21T20:34:37.9686018+03:00" endTime="2026-09-21T20:34:37.9686018+03:00" testType="13cdc9d9-ddb5-4fa4-a97d-d965ccfc6d4b" outcome="Passed" testListId="8c84fa94-04c1-424b-9868-57a2d4851a1d" relativeResultsDirectory="3553d0f8-099a-4383-8a78-85f2c5b37cb4" />
    <UnitTestResult executionId="3012ee14-500b-462e-8c62-41bd9653076c" testId="86ffc7ec-1174-df43-bfaf-9de45b370e2c" testName="KooliProjekt.Application.UnitTests.Features.KoostisosaTests.Delete_should_throw_ArgumentNullException_when_request_is_null" computerName="LAPTOP-D4AU3L2H" duration="00:00:00.0005412" startTime="2026-09-21T20:34:37.9485012+03:00" endTime="2026-09-21T20:34:37.9485012+03:00" testType="13cdc9d9-ddb5-4fa4-a97d-d965ccfc6d4b" outcome="Passed" testListId="8c84fa94-04c1-424b-9868-57a2d4851a1d" relativeResultsDirectory="3012ee14-500b-462e-8c62-41bd9653076c" />
    <UnitTestResult executionId="74f3ef35-0aac-4a49-b6ee-c260d064ec3e" testId="1fb3ddee-1c70-93aa-dcee-c44714ee5e97" testName="KooliProjekt.Application.UnitTests.Features.SavePartiiFotoCommandValidatorTests.FailiTee_checks_empty_values(value: &quot;   &quot;, valid: False)" computerName="LAPTOP-D4AU3L2H" duration="00:00:00.0003992" startTime="2026-09-21T20:34:37.4526276+03:00" endTime="2026-09-21T20:34:37.4526276+03:00" testType="13cdc9d9-ddb5-4fa4-a97d-d965ccfc6d4b" outcome="Passed" testListId="8c84fa94-04c1-424b-9868-57a2d4851a1d" relativeResultsDirectory="74f3ef35-0aac-4a49-b6ee-c260d064ec3e" />
    <UnitTestResult executionId="fe17ab84-15d6-4d4e-80dc-e55b5f23f3a7" testId="c6585de0-e704-3fc2-bf12-d49f20738e43" testName="KooliProjekt.Application.UnitTests.Features.KoostisosaTests.List_should_accept_maximum_page_size" computerName="LAPTOP-D4AU3L2H" duration="00:00:00.3629279" startTime="2026-09-21T20:34:37.8420839+03:00" endTime="2026-09-21T20:34:37.8420841+03:00" testType="13cdc9d9-ddb5-4fa4-a97d-d965ccfc6d4b" outcome="Passed" testListId="8c84fa94-04c1-424b-9868-57a2d4851a1d" relativeResultsDirectory="fe17ab84-15d6-4d4e-80dc-e55b5f23f3a7" />
    <UnitTestResult executionId="997df341-0960-4a03-a474-7929a6649584" testId="7188aa68-d806-1d12-26d1-83c53698a03d" testName="KooliProjekt.Application.UnitTests.Features.SaveOluCommandValidatorTests.Alkoholiprotsent_checks_range_and_precision(value: &quot;100&quot;, valid: True)" computerName="LAPTOP-D4AU3L2H" duration="00:00:00.0000764" startTime="2026-09-21T20:34:37.4615569+03:00" endTime="2026-09-21T20:34:37.4615569+03:00" testType="13cdc9d9-ddb5-4fa4-a97d-d965ccfc6d4b" outcome="Passed" testListId="8c84fa94-04c1-424b-9868-57a2d4851a1d" relativeResultsDirectory="997df341-0960-4a03-a474-7929a6649584" />
    <UnitTestResult executionId="4420830b-f5f2-4593-bfdf-9e556cbc8051" testId="b514c68d-57c0-45b4-4ca0-7bb70e6b1033" testName="KooliProjekt.Application.UnitTests.Features.SaveMaitsmineCommandValidatorTests.Id_must_be_nonnegative(value: 1, valid: True)" computerName="LAPTOP-D4AU3L2H" duration="00:00:00.0002190" startTime="2026-09-21T20:34:37.4972445+03:00" endTime="2026-09-21T20:34:37.4972445+03:00" testType="13cdc9d9-ddb5-4fa4-a97d-d965ccfc6d4b" outcome="Passed" testListId="8c84fa94-04c1-424b-9868-57a2d4851a1d" relativeResultsDirectory="4420830b-f5f2-4593-bfdf-9e556cbc8051" />
    <UnitTestResult executionId="4da818cd-db60-497c-8f69-9f96b64eb2c6" testId="e1f87bd7-bbbb-6573-0169-8b081dd390c8" testName="KooliProjekt.Application.UnitTests.Features.SaveKoostisosaCommandValidatorTests.Kirjeldus_checks_length_boundary(length: 256, valid: False)" computerName="LAPTOP-D4AU3L2H" duration="00:00:00.0003348" startTime="2026-09-21T20:34:37.5324192+03:00" endTime="2026-09-21T20:34:37.5324192+03:00" testType="13cdc9d9-ddb5-4fa4-a97d-d965ccfc6d4b" outcome="Passed" testListId="8c84fa94-04c1-424b-9868-57a2d4851a1d" relativeResultsDirectory="4da818cd-db60-497c-8f69-9f96b64eb2c6" />
    <UnitTestResult executionId="3d3f870f-6edf-4e2e-aeb7-337d5347a55a" testId="37197aea-b2a8-ef3d-398a-fa8862a7f566" testName="KooliProjekt.Application.UnitTests.Features.PruulimisLogiTests.List_should_return_requested_page_in_id_order(page: 1, expectedCount: 5, firstId: 1)" computerName="LAPTOP-D4AU3L2H" duration="00:00:00.4737581" startTime="2026-09-21T20:34:37.8613512+03:00" endTime="2026-09-21T20:34:37.8613513+03:00" testType="13cdc9d9-ddb5-4fa4-a97d-d965ccfc6d4b" outcome="Passed" testListId="8c84fa94-04c1-424b-9868-57a2d4851a1d" relativeResultsDirectory="3d3f870f-6edf-4e2e-aeb7-337d5347a55a" />
    <UnitTestResult executionId="68f36aaf-26ad-4fa1-baf5-7a1656c489d0" testId="e1d2911f-502f-871a-04a9-526f3711970a" testName="KooliProjekt.Application.UnitTests.Features.SaveKoostisosaCommandValidatorTests.Kirjeldus_checks_length_boundary(length: 1, valid: True)" computerName="LAPTOP-D4AU3L2H" duration="00:00:00.0004473" startTime="2026-09-21T20:34:37.5322003+03:00" endTime="2026-09-21T20:34:37.5322003+03:00" testType="13cdc9d9-ddb5-4fa4-a97d-d965ccfc6d4b" outcome="Passed" testListId="8c84fa94-04c1-424b-9868-57a2d4851a1d" relativeResultsDirectory="68f36aaf-26ad-4fa1-baf5-7a1656c489d0" />
    <UnitTestResult executionId="64b57c17-e9ab-4997-ba2f-4063d8660c9f" testId="b3945f58-b31c-30b0-3a54-76c802178086" testName="KooliProjekt.Application.UnitTests.Features.PruulimisLogiTests.Get_should_throw_ArgumentNullException_when_request_is_null" computerName="LAPTOP-D4AU3L2H" duration="00:00:00.0004836" startTime="2026-09-21T20:34:37.9717549+03:00" endTime="2026-09-21T20:34:37.9717550+03:00" testType="13cdc9d9-ddb5-4fa4-a97d-d965ccfc6d4b" outcome="Passed" testListId="8c84fa94-04c1-424b-9868-57a2d4851a1d" relativeResultsDirectory="64b57c17-e9ab-4997-ba2f-4063d8660c9f" />
    <UnitTestResult executionId="3d0e02fd-f340-4ee8-a1e0-6aee4db1b61f" testId="685cc2a7-366a-e527-a087-252931a8cc46" testName="KooliProjekt.Application.UnitTests.Features.SaveMaitsmineCommandValidatorTests.Id_must_be_nonnegative(value: 0, valid: True)" computerName="LAPTOP-D4AU3L2H" duration="00:00:00.0000330" startTime="2026-09-21T20:34:37.4995612+03:00" endTime="2026-09-21T20:34:37.4995612+03:00" testType="13cdc9d9-ddb5-4fa4-a97d-d965ccfc6d4b" outcome="Passed" testListId="8c84fa94-04c1-424b-9868-57a2d4851a1d" relativeResultsDirectory="3d0e02fd-f340-4ee8-a1e0-6aee4db1b61f" />
    <UnitTestResult executionId="b640291d-872b-4df2-a7c0-32129c29e5ec" testId="2fd2ddf5-5488-4f2c-684a-04149fc15c20" testName="KooliProjekt.Application.UnitTests.Features.OluTests.Delete_should_remove_only_requested_entity_and_persist_changes" computerName="LAPTOP-D4AU3L2H" duration="00:00:00.0042727" startTime="2026-09-21T20:34:37.9580618+03:00" endTime="2026-09-21T20:34:37.9580619+03:00" testType="13cdc9d9-ddb5-4fa4-a97d-d965ccfc6d4b" outcome="Passed" testListId="8c84fa94-04c1-424b-9868-57a2d4851a1d" relativeResultsDirectory="b640291d-872b-4df2-a7c0-32129c29e5ec" />
    <UnitTestResult executionId="2c32a54a-a84b-42f8-8de0-9329535d1a6b" testId="5306c1b0-d9cd-d87f-d0a3-e07e1d85bf43" testName="KooliProjekt.Application.UnitTests.Features.SavePartiiCommandValidatorTests.Tulemus_checks_empty_values(value: &quot;&quot;, valid: True)" computerName="LAPTOP-D4AU3L2H" duration="00:00:00.0004024" startTime="2026-09-21T20:34:37.4617912+03:00" endTime="2026-09-21T20:34:37.4617913+03:00" testType="13cdc9d9-ddb5-4fa4-a97d-d965ccfc6d4b" outcome="Passed" testListId="8c84fa94-04c1-424b-9868-57a2d4851a1d" relativeResultsDirectory="2c32a54a-a84b-42f8-8de0-9329535d1a6b" />
    <UnitTestResult executionId="c4921589-e093-4470-af65-d145bb8ca7c4" testId="50908d66-dc98-a9cf-338b-f1b7612dc016" testName="KooliProjekt.Application.UnitTests.Features.SavePartiiCommandValidatorTests.Id_must_be_nonnegative(value: 1, valid: True)" computerName="LAPTOP-D4AU3L2H" duration="00:00:00.0002121" startTime="2026-09-21T20:34:37.4814259+03:00" endTime="2026-09-21T20:34:37.4814259+03:00" testType="13cdc9d9-ddb5-4fa4-a97d-d965ccfc6d4b" outcome="Passed" testListId="8c84fa94-04c1-424b-9868-57a2d4851a1d" relativeResultsDirectory="c4921589-e093-4470-af65-d145bb8ca7c4" />
    <UnitTestResult executionId="de2c661a-fb45-46eb-bfc6-1a5e6618ab58" testId="15336b29-fc95-a837-763f-0cda95672de2" testName="KooliProjekt.Application.UnitTests.Features.SavePruulimisLogiCommandValidatorTests.Kirjeldus_checks_length_boundary(length: 1999, valid: True)" computerName="LAPTOP-D4AU3L2H" duration="00:00:00.0001528" startTime="2026-09-21T20:34:37.5019085+03:00" endTime="2026-09-21T20:34:37.5019085+03:00" testType="13cdc9d9-ddb5-4fa4-a97d-d965ccfc6d4b" outcome="Passed" testListId="8c84fa94-04c1-424b-9868-57a2d4851a1d" relativeResultsDirectory="de2c661a-fb45-46eb-bfc6-1a5e6618ab58" />
    <UnitTestResult executionId="f2ef8b44-4123-4e8f-ae43-018a75a8cc30" testId="e7b97f44-dbcd-f8c4-91e2-0a37362f210a" testName="KooliProjekt.Application.UnitTests.Features.MaitsmineTests.Get_should_not_call_repository_when_id_is_zero_or_negative(id: 0)" computerName="LAPTOP-D4AU3L2H" duration="00:00:00.0007068" startTime="2026-09-21T20:34:37.8445649+03:00" endTime="2026-09-21T20:34:37.8445653+03:00" testType="13cdc9d9-ddb5-4fa4-a97d-d965ccfc6d4b" outcome="Passed" testListId="8c84fa94-04c1-424b-9868-57a2d4851a1d" relativeResultsDirectory="f2ef8b44-4123-4e8f-ae43-018a75a8cc30" />
    <UnitTestResult executionId="d3b64fe7-8ca0-4e11-bcfb-e42c6d8a0eb2" testId="49df9bc9-1c42-ab00-b0f5-ba9d0365d725" testName="KooliProjekt.Application.UnitTests.Features.SaveMaitsmineCommandValidatorTests.PartiiId_must_be_positive(value: -1, valid: False)" computerName="LAPTOP-D4AU3L2H" duration="00:00:00.0000667" startTime="2026-09-21T20:34:37.5051482+03:00" endTime="2026-09-21T20:34:37.5051482+03:00" testType="13cdc9d9-ddb5-4fa4-a97d-d965ccfc6d4b" outcome="Passed" testListId="8c84fa94-04c1-424b-9868-57a2d4851a1d" relativeResultsDirectory="d3b64fe7-8ca0-4e11-bcfb-e42c6d8a0eb2" />
    <UnitTestResult executionId="c5b533b6-2e54-4ed4-a964-687252ebc788" testId="b39746d6-5f52-e5bc-9f3e-fc5b68ba8603" testName="KooliProjekt.Application.UnitTests.Features.SaveOluCommandValidatorTests.Nimi_checks_length_boundary(length: 99, valid: True)" computerName="LAPTOP-D4AU3L2H" duration="00:00:00.0003945" startTime="2026-09-21T20:34:37.5129450+03:00" endTime="2026-09-21T20:34:37.5129450+03:00" testType="13cdc9d9-ddb5-4fa4-a97d-d965ccfc6d4b" outcome="Passed" testListId="8c84fa94-04c1-424b-9868-57a2d4851a1d" relativeResultsDirectory="c5b533b6-2e54-4ed4-a964-687252ebc788" />
    <UnitTestResult executionId="c5fc177e-8859-492b-9230-42045e19080d" testId="c3f96144-8f3a-5093-a66e-dfc3f813bfe7" testName="KooliProjekt.Application.UnitTests.Features.SavePartiiCommandValidatorTests.Tulemus_checks_length_boundary(length: 500, valid: True)" computerName="LAPTOP-D4AU3L2H" duration="00:00:00.0002584" startTime="2026-09-21T20:34:37.4760149+03:00" endTime="2026-09-21T20:34:37.4760152+03:00" testType="13cdc9d9-ddb5-4fa4-a97d-d965ccfc6d4b" outcome="Passed" testListId="8c84fa94-04c1-424b-9868-57a2d4851a1d" relativeResultsDirectory="c5fc177e-8859-492b-9230-42045e19080d" />
    <UnitTestResult executionId="b34965ab-872a-4536-83f8-5e5d2e71a5db" testId="05efbf4e-6694-15af-b6d7-d55b6b26d35e" testName="KooliProjekt.Application.UnitTests.Features.SaveKoostisosaCommandValidatorTests.Id_must_be_nonnegative(value: 1, valid: True)" computerName="LAPTOP-D4AU3L2H" duration="00:00:00.0000975" startTime="2026-09-21T20:34:37.5165164+03:00" endTime="2026-09-21T20:34:37.5165165+03:00" testType="13cdc9d9-ddb5-4fa4-a97d-d965ccfc6d4b" outcome="Passed" testListId="8c84fa94-04c1-424b-9868-57a2d4851a1d" relativeResultsDirectory="b34965ab-872a-4536-83f8-5e5d2e71a5db" />
    <UnitTestResult executionId="ad440c2b-ba81-46f3-bf17-6343ac01a18f" testId="d8942630-b89f-acc5-7b8e-a26e79dc734a" testName="KooliProjekt.Application.UnitTests.Features.MaitsmineTests.Get_should_propagate_repository_exception" computerName="LAPTOP-D4AU3L2H" duration="00:00:00.0017170" startTime="2026-09-21T20:34:37.5464202+03:00" endTime="2026-09-21T20:34:37.5464203+03:00" testType="13cdc9d9-ddb5-4fa4-a97d-d965ccfc6d4b" outcome="Passed" testListId="8c84fa94-04c1-424b-9868-57a2d4851a1d" relativeResultsDirectory="ad440c2b-ba81-46f3-bf17-6343ac01a18f" />
    <UnitTestResult executionId="41a1dff2-72bf-4245-9ad3-86c6729644b8" testId="f1682c93-2d03-f2fb-e515-0aadccbbafa1" testName="KooliProjekt.Application.UnitTests.Features.SaveKoostisosaCommandValidatorTests.Kirjeldus_checks_length_boundary(length: 254, valid: True)" computerName="LAPTOP-D4AU3L2H" duration="00:00:00.0000657" startTime="2026-09-21T20:34:37.5327722+03:00" endTime="2026-09-21T20:34:37.5327722+03:00" testType="13cdc9d9-ddb5-4fa4-a97d-d965ccfc6d4b" outcome="Passed" testListId="8c84fa94-04c1-424b-9868-57a2d4851a1d" relativeResultsDirectory="41a1dff2-72bf-4245-9ad3-86c6729644b8" />
    <UnitTestResult executionId="6f259225-3d33-4757-8878-55fa16cb2b9b" testId="7c1a8a72-13ee-330b-21ae-89f72256ed9d" testName="KooliProjekt.Application.UnitTests.Features.OluTests.List_should_return_requested_page_in_id_order(page: 4, expectedCount: 0, firstId: 16)" computerName="LAPTOP-D4AU3L2H" duration="00:00:00.0007852" startTime="2026-09-21T20:34:37.8730399+03:00" endTime="2026-09-21T20:34:37.8730401+03:00" testType="13cdc9d9-ddb5-4fa4-a97d-d965ccfc6d4b" outcome="Passed" testListId="8c84fa94-04c1-424b-9868-57a2d4851a1d" relativeResultsDirectory="6f259225-3d33-4757-8878-55fa16cb2b9b" />
    <UnitTestResult executionId="022e86bf-789a-4a8b-b965-ccf839a4d483" testId="4677398c-7676-d9dd-28df-91b4492ee2f9" testName="KooliProjekt.Application.UnitTests.Features.PartiiFotoTests.Save_should_propagate_save_failure(id: 0)" computerName="LAPTOP-D4AU3L2H" duration="00:00:00.0017758" startTime="2026-09-21T20:34:37.9392844+03:00" endTime="2026-09-21T20:34:37.9392844+03:00" testType="13cdc9d9-ddb5-4fa4-a97d-d965ccfc6d4b" outcome="Passed" testListId="8c84fa94-04c1-424b-9868-57a2d4851a1d" relativeResultsDirectory="022e86bf-789a-4a8b-b965-ccf839a4d483" />
    <UnitTestResult executionId="64134b30-64da-4024-919e-480c76e992b2" testId="fc5e74df-e43f-2b70-5dbb-c2e84e44864d" testName="KooliProjekt.Application.UnitTests.Features.PruulimisLogiTests.Get_should_return_null_value_when_entity_does_not_exist" computerName="LAPTOP-D4AU3L2H" duration="00:00:00.0019832" startTime="2026-09-21T20:34:37.9586774+03:00" endTime="2026-09-21T20:34:37.9586776+03:00" testType="13cdc9d9-ddb5-4fa4-a97d-d965ccfc6d4b" outcome="Passed" testListId="8c84fa94-04c1-424b-9868-57a2d4851a1d" relativeResultsDirectory="64134b30-64da-4024-919e-480c76e992b2" />
    <UnitTestResult executionId="6818217a-64aa-48e4-8b93-76c09a05210d" testId="41de65ff-261c-7500-6d26-8c87a431dfd5" testName="KooliProjekt.Application.UnitTests.Features.SaveKoostisosaCommandValidatorTests.Kogus_checks_range_and_precision(value: &quot;0&quot;, valid: False)" computerName="LAPTOP-D4AU3L2H" duration="00:00:00.0001142" startTime="2026-09-21T20:34:37.5288778+03:00" endTime="2026-09-21T20:34:37.5288778+03:00" testType="13cdc9d9-ddb5-4fa4-a97d-d965ccfc6d4b" outcome="Passed" testListId="8c84fa94-04c1-424b-9868-57a2d4851a1d" relativeResultsDirectory="6818217a-64aa-48e4-8b93-76c09a05210d" />
    <UnitTestResult executionId="a7591538-2a4a-44ed-9dbf-0029dbb52b21" testId="d81d7fd4-7956-695f-eec6-4b9f70d1e081" testName="KooliProjekt.Application.UnitTests.Features.PartiiTests.Save_should_propagate_parent_lookup_failure" computerName="LAPTOP-D4AU3L2H" duration="00:00:00.0030871" startTime="2026-09-21T20:34:37.9525404+03:00" endTime="2026-09-21T20:34:37.9525405+03:00" testType="13cdc9d9-ddb5-4fa4-a97d-d965ccfc6d4b" outcome="Passed" testListId="8c84fa94-04c1-424b-9868-57a2d4851a1d" relativeResultsDirectory="a7591538-2a4a-44ed-9dbf-0029dbb52b21" />
    <UnitTestResult executionId="1ebae796-dd17-4d12-a19a-9ee8de4cbba1" testId="cae3718f-633f-9183-f6a7-25f88f948f8d" testName="KooliProjekt.Application.UnitTests.Features.SaveOluCommandValidatorTests.Id_must_be_nonnegative(value: 1, valid: True)" computerName="LAPTOP-D4AU3L2H" duration="00:00:00.0000497" startTime="2026-09-21T20:34:37.4754850+03:00" endTime="2026-09-21T20:34:37.4754851+03:00" testType="13cdc9d9-ddb5-4fa4-a97d-d965ccfc6d4b" outcome="Passed" testListId="8c84fa94-04c1-424b-9868-57a2d4851a1d" relativeResultsDirectory="1ebae796-dd17-4d12-a19a-9ee8de4cbba1" />
    <UnitTestResult executionId="14a35d53-2efd-4a1e-b889-307d797fa416" testId="1b631876-434b-ba09-f2f5-ab7b6aefb838" testName="KooliProjekt.Application.UnitTests.Features.SaveKoostisosaCommandValidatorTests.Id_must_be_nonnegative(value: 0, valid: True)" computerName="LAPTOP-D4AU3L2H" duration="00:00:00.0002730" startTime="2026-09-21T20:34:37.5161296+03:00" endTime="2026-09-21T20:34:37.5161296+03:00" testType="13cdc9d9-ddb5-4fa4-a97d-d965ccfc6d4b" outcome="Passed" testListId="8c84fa94-04c1-424b-9868-57a2d4851a1d" relativeResultsDirectory="14a35d53-2efd-4a1e-b889-307d797fa416" />
    <UnitTestResult executionId="1f8906ce-ae2e-4a6f-a019-83f0194e27da" testId="39a278fa-1375-3327-4bf6-84c879c90f56" testName="KooliProjekt.Application.UnitTests.Features.PartiiTests.Save_should_normalize_null_Kirjeldus_to_empty_string" computerName="LAPTOP-D4AU3L2H" duration="00:00:00.0031348" startTime="2026-09-21T20:34:37.9681463+03:00" endTime="2026-09-21T20:34:37.9681464+03:00" testType="13cdc9d9-ddb5-4fa4-a97d-d965ccfc6d4b" outcome="Passed" testListId="8c84fa94-04c1-424b-9868-57a2d4851a1d" relativeResultsDirectory="1f8906ce-ae2e-4a6f-a019-83f0194e27da" />
    <UnitTestResult executionId="2a36fb5e-d1da-4a69-b19d-c3be8b9f6973" testId="492f486d-9815-9f20-cbc9-cc40234e45ba" testName="KooliProjekt.Application.UnitTests.Features.SaveMaitsmineCommandValidatorTests.Hinne_checks_range_boundaries(value: 11, valid: False)" computerName="LAPTOP-D4AU3L2H" duration="00:00:00.0000911" startTime="2026-09-21T20:34:37.4697670+03:00" endTime="2026-09-21T20:34:37.4697671+03:00" testType="13cdc9d9-ddb5-4fa4-a97d-d965ccfc6d4b" outcome="Passed" testListId="8c84fa94-04c1-424b-9868-57a2d4851a1d" relativeResultsDirectory="2a36fb5e-d1da-4a69-b19d-c3be8b9f6973" />
    <UnitTestResult executionId="3a4846b5-b4d3-4a57-8a61-868303083af2" testId="f34d9fbc-acd2-89de-6c25-b1f462b620ad" testName="KooliProjekt.Application.UnitTests.Features.MaitsmineTests.List_should_throw_ArgumentException_when_page_size_is_invalid(pageSize: 0)" computerName="LAPTOP-D4AU3L2H" duration="00:00:00.0001993" startTime="2026-09-21T20:34:37.8406203+03:00" endTime="2026-09-21T20:34:37.8406204+03:00" testType="13cdc9d9-ddb5-4fa4-a97d-d965ccfc6d4b" outcome="Passed" testListId="8c84fa94-04c1-424b-9868-57a2d4851a1d" relativeResultsDirectory="3a4846b5-b4d3-4a57-8a61-868303083af2" />
    <UnitTestResult executionId="bd5bbcf4-7351-4a3e-912e-45b64ee75ce4" testId="46897cd3-492f-0388-72e3-6e3f2904d4a0" testName="KooliProjekt.Application.UnitTests.Features.KoostisosaTests.Delete_should_return_id_error_without_query_when_id_is_invalid(id: 0)" computerName="LAPTOP-D4AU3L2H" duration="00:00:00.0002513" startTime="2026-09-21T20:34:37.5414409+03:00" endTime="2026-09-21T20:34:37.5414410+03:00" testType="13cdc9d9-ddb5-4fa4-a97d-d965ccfc6d4b" outcome="Passed" testListId="8c84fa94-04c1-424b-9868-57a2d4851a1d" relativeResultsDirectory="bd5bbcf4-7351-4a3e-912e-45b64ee75ce4" />
    <UnitTestResult executionId="5386b05f-9c54-45a9-8abb-0235a86afad5" testId="eb61c460-0993-d40c-744a-4307809b52fc" testName="KooliProjekt.Application.UnitTests.Features.SaveOluCommandValidatorTests.Kirjeldus_checks_length_boundary(length: 255, valid: True)" computerName="LAPTOP-D4AU3L2H" duration="00:00:00.0002317" startTime="2026-09-21T20:34:37.5041451+03:00" endTime="2026-09-21T20:34:37.5041451+03:00" testType="13cdc9d9-ddb5-4fa4-a97d-d965ccfc6d4b" outcome="Passed" testListId="8c84fa94-04c1-424b-9868-57a2d4851a1d" relativeResultsDirectory="5386b05f-9c54-45a9-8abb-0235a86afad5" />
    <UnitTestResult executionId="7b472711-27ad-4517-b838-acf01a62ee8a" testId="17486ad6-ff6d-3adb-2b90-f7532ddd520b" testName="KooliProjekt.Application.UnitTests.Features.SaveKoostisosaCommandValidatorTests.PartiiId_must_be_positive(value: 0, valid: False)" computerName="LAPTOP-D4AU3L2H" duration="00:00:00.0004900" startTime="2026-09-21T20:34:37.5217451+03:00" endTime="2026-09-21T20:34:37.5217451+03:00" testType="13cdc9d9-ddb5-4fa4-a97d-d965ccfc6d4b" outcome="Passed" testListId="8c84fa94-04c1-424b-9868-57a2d4851a1d" relativeResultsDirectory="7b472711-27ad-4517-b838-acf01a62ee8a" />
    <UnitTestResult executionId="39b17d75-1d4d-49b3-b339-f53516c38c9b" testId="60dbf925-1d6f-d531-6c01-86b420eec0e6" testName="KooliProjekt.Application.UnitTests.Features.PruulimisLogiTests.List_should_return_requested_page_in_id_order(page: 4, expectedCount: 0, firstId: 16)" computerName="LAPTOP-D4AU3L2H" duration="00:00:00.0007932" startTime="2026-09-21T20:34:37.8741266+03:00" endTime="2026-09-21T20:34:37.8741268+03:00" testType="13cdc9d9-ddb5-4fa4-a97d-d965ccfc6d4b" outcome="Passed" testListId="8c84fa94-04c1-424b-9868-57a2d4851a1d" relativeResultsDirectory="39b17d75-1d4d-49b3-b339-f53516c38c9b" />
    <UnitTestResult executionId="9b64416a-a2be-4b10-8725-91c579f18ba0" testId="1a44fc25-1a82-3314-0a33-0c71e6f109d1" testName="KooliProjekt.Application.UnitTests.Features.PartiiTests.Delete_should_propagate_database_query_failure" computerName="LAPTOP-D4AU3L2H" duration="00:00:00.0005491" startTime="2026-09-21T20:34:37.8528823+03:00" endTime="2026-09-21T20:34:37.8528824+03:00" testType="13cdc9d9-ddb5-4fa4-a97d-d965ccfc6d4b" outcome="Passed" testListId="8c84fa94-04c1-424b-9868-57a2d4851a1d" relativeResultsDirectory="9b64416a-a2be-4b10-8725-91c579f18ba0" />
    <UnitTestResult executionId="c2464df4-3237-4f53-8d93-a3a97a9e8535" testId="f50a1709-cfc4-e506-8de2-13f3e4eebd69" testName="KooliProjekt.Application.UnitTests.Features.PartiiFotoTests.Get_should_throw_ArgumentNullException_when_request_is_null" computerName="LAPTOP-D4AU3L2H" duration="00:00:00.0007775" startTime="2026-09-21T20:34:37.9467765+03:00" endTime="2026-09-21T20:34:37.9467767+03:00" testType="13cdc9d9-ddb5-4fa4-a97d-d965ccfc6d4b" outcome="Passed" testListId="8c84fa94-04c1-424b-9868-57a2d4851a1d" relativeResultsDirectory="c2464df4-3237-4f53-8d93-a3a97a9e8535" />
    <UnitTestResult executionId="f2a04c24-82af-4842-9e76-dbf2ea8b9f55" testId="65f719bd-65c9-8ea3-70ae-891c5e57b0f0" testName="KooliProjekt.Application.UnitTests.Features.PruulimisLogiTests.Save_should_reject_missing_parent_without_saving(id: 0)" computerName="LAPTOP-D4AU3L2H" duration="00:00:00.0014889" startTime="2026-09-21T20:34:37.9688599+03:00" endTime="2026-09-21T20:34:37.9688600+03:00" testType="13cdc9d9-ddb5-4fa4-a97d-d965ccfc6d4b" outcome="Passed" testListId="8c84fa94-04c1-424b-9868-57a2d4851a1d" relativeResultsDirectory="f2a04c24-82af-4842-9e76-dbf2ea8b9f55" />
    <UnitTestResult executionId="50bbd77a-3628-4253-a018-84087e7dc255" testId="fd078ed5-9fce-263a-5e82-2b6679bd305b" testName="KooliProjekt.Application.UnitTests.Features.SaveOluCommandValidatorTests.Nimi_checks_empty_values(value: &quot;&quot;, valid: False)" computerName="LAPTOP-D4AU3L2H" duration="00:00:00.0003565" startTime="2026-09-21T20:34:37.5098409+03:00" endTime="2026-09-21T20:34:37.5098409+03:00" testType="13cdc9d9-ddb5-4fa4-a97d-d965ccfc6d4b" outcome="Passed" testListId="8c84fa94-04c1-424b-9868-57a2d4851a1d" relativeResultsDirectory="50bbd77a-3628-4253-a018-84087e7dc255" />
    <UnitTestResult executionId="1960526b-5e91-4250-990f-8e1f0f7e7c9d" testId="0b6ac68a-367d-f2a1-1011-23bf523f94af" testName="KooliProjekt.Application.UnitTests.Features.SaveKoostisosaCommandValidatorTests.Nimetus_checks_empty_values(value: null, valid: False)" computerName="LAPTOP-D4AU3L2H" duration="00:00:00.0000729" startTime="2026-09-21T20:34:37.5333520+03:00" endTime="2026-09-21T20:34:37.5333520+03:00" testType="13cdc9d9-ddb5-4fa4-a97d-d965ccfc6d4b" outcome="Passed" testListId="8c84fa94-04c1-424b-9868-57a2d4851a1d" relativeResultsDirectory="1960526b-5e91-4250-990f-8e1f0f7e7c9d" />
    <UnitTestResult executionId="37be326e-2c78-4aa8-92a0-0cd071da12ba" testId="39ff7031-fe3c-fafd-25b0-7036e5078dea" testName="KooliProjekt.Application.UnitTests.Features.PartiiFotoTests.Save_should_propagate_lookup_failure" computerName="LAPTOP-D4AU3L2H" duration="00:00:00.0021154" startTime="2026-09-21T20:34:37.8575503+03:00" endTime="2026-09-21T20:34:37.8575505+03:00" testType="13cdc9d9-ddb5-4fa4-a97d-d965ccfc6d4b" outcome="Passed" testListId="8c84fa94-04c1-424b-9868-57a2d4851a1d" relativeResultsDirectory="37be326e-2c78-4aa8-92a0-0cd071da12ba" />
    <UnitTestResult executionId="ec8ce9a6-e3df-4b56-b02d-85c5ef929477" testId="85cf2898-d8be-32b9-a0bc-9591984b5d3b" testName="KooliProjekt.Application.UnitTests.Features.SaveOluCommandValidatorTests.Nimi_checks_length_boundary(length: 1, valid: True)" computerName="LAPTOP-D4AU3L2H" duration="00:00:00.0000248" startTime="2026-09-21T20:34:37.5135889+03:00" endTime="2026-09-21T20:34:37.5135889+03:00" testType="13cdc9d9-ddb5-4fa4-a97d-d965ccfc6d4b" outcome="Passed" testListId="8c84fa94-04c1-424b-9868-57a2d4851a1d" relativeResultsDirectory="ec8ce9a6-e3df-4b56-b02d-85c5ef929477" />
    <UnitTestResult executionId="e74b8eb3-8689-4579-81ff-c7f49ce39c40" testId="1c777894-47af-8cbe-40ca-955ef3a0f8a5" testName="KooliProjekt.Application.UnitTests.Features.MaitsmineTests.List_should_throw_ArgumentException_when_page_size_is_invalid(pageSize: 101)" computerName="LAPTOP-D4AU3L2H" duration="00:00:00.0010489" startTime="2026-09-21T20:34:37.8377737+03:00" endTime="2026-09-21T20:34:37.8377739+03:00" testType="13cdc9d9-ddb5-4fa4-a97d-d965ccfc6d4b" outcome="Passed" testListId="8c84fa94-04c1-424b-9868-57a2d4851a1d" relativeResultsDirectory="e74b8eb3-8689-4579-81ff-c7f49ce39c40" />
    <UnitTestResult executionId="473fac05-60d1-4b1c-9eff-c372bf00fc1c" testId="dfebb5df-e8c0-9f85-b456-d4e743560173" testName="KooliProjekt.Application.UnitTests.Features.SavePartiiCommandValidatorTests.Kirjeldus_checks_empty_values(value: &quot;&quot;, valid: True)" computerName="LAPTOP-D4AU3L2H" duration="00:00:00.0003539" startTime="2026-09-21T20:34:37.4940869+03:00" endTime="2026-09-21T20:34:37.4940870+03:00" testType="13cdc9d9-ddb5-4fa4-a97d-d965ccfc6d4b" outcome="Passed" testListId="8c84fa94-04c1-424b-9868-57a2d4851a1d" relativeResultsDirectory="473fac05-60d1-4b1c-9eff-c372bf00fc1c" />
    <UnitTestResult executionId="2a9f054b-12ff-4c9e-8b7d-6e82cb024a09" testId="5312c340-59e4-3269-dc71-b10afc8077b7" testName="KooliProjekt.Application.UnitTests.Features.SavePruulimisLogiCommandValidatorTests.PartiiId_must_be_positive(value: 2147483647, valid: True)" computerName="LAPTOP-D4AU3L2H" duration="00:00:00.0001193" startTime="2026-09-21T20:34:37.4438953+03:00" endTime="2026-09-21T20:34:37.4438954+03:00" testType="13cdc9d9-ddb5-4fa4-a97d-d965ccfc6d4b" outcome="Passed" testListId="8c84fa94-04c1-424b-9868-57a2d4851a1d" relativeResultsDirectory="2a9f054b-12ff-4c9e-8b7d-6e82cb024a09" />
    <UnitTestResult executionId="895d1a4f-173e-4623-bcf9-87133a0c984e" testId="c970b1df-f89e-7e44-9223-b908259c65d5" testName="KooliProjekt.Application.UnitTests.Features.SaveKoostisosaCommandValidatorTests.Nimetus_checks_length_boundary(length: 1, valid: True)" computerName="LAPTOP-D4AU3L2H" duration="00:00:00.0003317" startTime="2026-09-21T20:34:37.5301120+03:00" endTime="2026-09-21T20:34:37.5301120+03:00" testType="13cdc9d9-ddb5-4fa4-a97d-d965ccfc6d4b" outcome="Passed" testListId="8c84fa94-04c1-424b-9868-57a2d4851a1d" relativeResultsDirectory="895d1a4f-173e-4623-bcf9-87133a0c984e" />
    <UnitTestResult executionId="474e1c78-3bb5-41fa-a0ee-0cf70cc9bda9" testId="579b2d47-fd20-de46-b096-b5efb6f6a04c" testName="KooliProjekt.Application.UnitTests.Features.SaveMaitsmineCommandValidatorTests.Hinne_checks_range_boundaries(value: 0, valid: False)" computerName="LAPTOP-D4AU3L2H" duration="00:00:00.0001318" startTime="2026-09-21T20:34:37.4689588+03:00" endTime="2026-09-21T20:34:37.4689588+03:00" testType="13cdc9d9-ddb5-4fa4-a97d-d965ccfc6d4b" outcome="Passed" testListId="8c84fa94-04c1-424b-9868-57a2d4851a1d" relativeResultsDirectory="474e1c78-3bb5-41fa-a0ee-0cf70cc9bda9" />
    <UnitTestResult executionId="67d9416f-f0a1-4f74-aa59-9fbc251bf5af" testId="d04ebfd7-46a1-cccc-bd19-12b41a0710a2" testName="KooliProjekt.Application.UnitTests.Features.MaitsmineTests.Save_should_propagate_save_failure(id: 0)" computerName="LAPTOP-D4AU3L2H" duration="00:00:00.0028574" startTime="2026-09-21T20:34:37.5466324+03:00" endTime="2026-09-21T20:34:37.5466325+03:00" testType="13cdc9d9-ddb5-4fa4-a97d-d965ccfc6d4b" outcome="Passed" testListId="8c84fa94-04c1-424b-9868-57a2d4851a1d" relativeResultsDirectory="67d9416f-f0a1-4f74-aa59-9fbc251bf5af" />
    <UnitTestResult executionId="2a5fd69f-2fc9-475e-8b33-5c213c2aa2c0" testId="535a5e58-277c-734c-52fc-367b93207e96" testName="KooliProjekt.Application.UnitTests.Features.SavePruulimisLogiCommandValidatorTests.Kirjeldus_checks_length_boundary(length: 2000, valid: True)" computerName="LAPTOP-D4AU3L2H" duration="00:00:00.0006722" startTime="2026-09-21T20:34:37.4952415+03:00" endTime="2026-09-21T20:34:37.4952416+03:00" testType="13cdc9d9-ddb5-4fa4-a97d-d965ccfc6d4b" outcome="Passed" testListId="8c84fa94-04c1-424b-9868-57a2d4851a1d" relativeResultsDirectory="2a5fd69f-2fc9-475e-8b33-5c213c2aa2c0" />
    <UnitTestResult executionId="23fc2e3e-a87e-4485-b8e3-7258472171e0" testId="952c7452-24cd-f782-0f6f-284c6449ba6a" testName="KooliProjekt.Application.UnitTests.Features.SaveOluCommandValidatorTests.Tuup_checks_empty_values(value: &quot;&quot;, valid: True)" computerName="LAPTOP-D4AU3L2H" duration="00:00:00.0003175" startTime="2026-09-21T20:34:37.4804205+03:00" endTime="2026-09-21T20:34:37.4804206+03:00" testType="13cdc9d9-ddb5-4fa4-a97d-d965ccfc6d4b" outcome="Passed" testListId="8c84fa94-04c1-424b-9868-57a2d4851a1d" relativeResultsDirectory="23fc2e3e-a87e-4485-b8e3-7258472171e0" />
    <UnitTestResult executionId="43ec5fc0-2a47-4cc7-8753-80d78eb54d58" testId="677a8aba-c534-1207-d295-44b478c6854c" testName="KooliProjekt.Application.UnitTests.Features.OluTests.Save_should_map_fields_and_return_saved_dto(id: 0)" computerName="LAPTOP-D4AU3L2H" duration="00:00:00.0013279" startTime="2026-09-21T20:34:37.9094943+03:00" endTime="2026-09-21T20:34:37.9094945+03:00" testType="13cdc9d9-ddb5-4fa4-a97d-d965ccfc6d4b" outcome="Passed" testListId="8c84fa94-04c1-424b-9868-57a2d4851a1d" relativeResultsDirectory="43ec5fc0-2a47-4cc7-8753-80d78eb54d58" />
    <UnitTestResult executionId="a8bf8122-2f7b-4327-900a-1e4c7c671f45" testId="5ae9d7db-c193-069b-a2b8-98aeca589328" testName="KooliProjekt.Application.UnitTests.Features.PruulimisLogiTests.List_should_throw_ArgumentException_when_page_size_is_invalid(pageSize: 101)" computerName="LAPTOP-D4AU3L2H" duration="00:00:00.0006979" startTime="2026-09-21T20:34:37.9289776+03:00" endTime="2026-09-21T20:34:37.9289777+03:00" testType="13cdc9d9-ddb5-4fa4-a97d-d965ccfc6d4b" outcome="Passed" testListId="8c84fa94-04c1-424b-9868-57a2d4851a1d" relativeResultsDirectory="a8bf8122-2f7b-4327-900a-1e4c7c671f45" />
    <UnitTestResult executionId="6d08bbbe-9a22-4eec-9a53-f32705d3a9d8" testId="1f794d8c-a157-920d-c306-6320d790d05e" testName="KooliProjekt.Application.UnitTests.Features.PartiiFotoTests.Save_should_return_empty_result_when_update_target_is_missing" computerName="LAPTOP-D4AU3L2H" duration="00:00:00.0024405" startTime="2026-09-21T20:34:37.8538679+03:00" endTime="2026-09-21T20:34:37.8538680+03:00" testType="13cdc9d9-ddb5-4fa4-a97d-d965ccfc6d4b" outcome="Passed" testListId="8c84fa94-04c1-424b-9868-57a2d4851a1d" relativeResultsDirectory="6d08bbbe-9a22-4eec-9a53-f32705d3a9d8" />
    <UnitTestResult executionId="5d553773-2447-4a12-9278-2c0d4e338c92" testId="b5781588-976f-1487-a0ff-20c66a94c57e" testName="KooliProjekt.Application.UnitTests.Features.MaitsmineTests.List_should_return_requested_page_in_id_order(page: 3, expectedCount: 2, firstId: 11)" computerName="LAPTOP-D4AU3L2H" duration="00:00:00.0016207" startTime="2026-09-21T20:34:37.8811520+03:00" endTime="2026-09-21T20:34:37.8811521+03:00" testType="13cdc9d9-ddb5-4fa4-a97d-d965ccfc6d4b" outcome="Passed" testListId="8c84fa94-04c1-424b-9868-57a2d4851a1d" relativeResultsDirectory="5d553773-2447-4a12-9278-2c0d4e338c92" />
    <UnitTestResult executionId="977fdd39-9c3c-4895-bff0-e7c6352e01a9" testId="e1bcd52c-ba05-dc0e-4753-3e0e535b88b6" testName="KooliProjekt.Application.UnitTests.Features.KoostisosaTests.Delete_should_propagate_database_query_failure" computerName="LAPTOP-D4AU3L2H" duration="00:00:00.0006481" startTime="2026-09-21T20:34:37.8532744+03:00" endTime="2026-09-21T20:34:37.8532745+03:00" testType="13cdc9d9-ddb5-4fa4-a97d-d965ccfc6d4b" outcome="Passed" testListId="8c84fa94-04c1-424b-9868-57a2d4851a1d" relativeResultsDirectory="977fdd39-9c3c-4895-bff0-e7c6352e01a9" />
    <UnitTestResult executionId="9547c8c3-0a27-496f-aa4f-9e2deadd1f30" testId="59127261-4a94-e670-a698-92fd031862a3" testName="KooliProjekt.Application.UnitTests.Features.SavePruulimisLogiCommandValidatorTests.Kuupaev_must_be_set(setDate: True, valid: True)" computerName="LAPTOP-D4AU3L2H" duration="00:00:00.0005640" startTime="2026-09-21T20:34:37.5136799+03:00" endTime="2026-09-21T20:34:37.5136799+03:00" testType="13cdc9d9-ddb5-4fa4-a97d-d965ccfc6d4b" outcome="Passed" testListId="8c84fa94-04c1-424b-9868-57a2d4851a1d" relativeResultsDirectory="9547c8c3-0a27-496f-aa4f-9e2deadd1f30" />
    <UnitTestResult executionId="0ca7b369-fce3-4aaf-b647-2e2726e2ff39" testId="6faa1583-cca5-341a-6846-57291ea0c7f1" testName="KooliProjekt.Application.UnitTests.Features.SaveOluCommandValidatorTests.Tuup_checks_empty_values(value: &quot;   &quot;, valid: True)" computerName="LAPTOP-D4AU3L2H" duration="00:00:00.0004436" startTime="2026-09-21T20:34:37.4778214+03:00" endTime="2026-09-21T20:34:37.4778215+03:00" testType="13cdc9d9-ddb5-4fa4-a97d-d965ccfc6d4b" outcome="Passed" testListId="8c84fa94-04c1-424b-9868-57a2d4851a1d" relativeResultsDirectory="0ca7b369-fce3-4aaf-b647-2e2726e2ff39" />
    <UnitTestResult executionId="90a3e5a7-ab3a-4afb-9136-45e13cef3bfb" testId="a157349b-86c7-e347-ac15-93d6fb68dc87" testName="KooliProjekt.Application.UnitTests.Features.SaveOluCommandValidatorTests.Kirjeldus_checks_empty_values(value: &quot;   &quot;, valid: True)" computerName="LAPTOP-D4AU3L2H" duration="00:00:00.0002467" startTime="2026-09-21T20:34:37.4925847+03:00" endTime="2026-09-21T20:34:37.4925848+03:00" testType="13cdc9d9-ddb5-4fa4-a97d-d965ccfc6d4b" outcome="Passed" testListId="8c84fa94-04c1-424b-9868-57a2d4851a1d" relativeResultsDirectory="90a3e5a7-ab3a-4afb-9136-45e13cef3bfb" />
    <UnitTestResult executionId="bd0938de-e994-417c-a53f-fae15f88779e" testId="06369cc9-2bf4-cc0a-5117-f4610e452b8c" testName="KooliProjekt.Application.UnitTests.Features.SaveMaitsmineCommandValidatorTests.Degusteerija_checks_empty_values(value: &quot;   &quot;, valid: False)" computerName="LAPTOP-D4AU3L2H" duration="00:00:00.0003432" startTime="2026-09-21T20:34:37.5100246+03:00" endTime="2026-09-21T20:34:37.5100246+03:00" testType="13cdc9d9-ddb5-4fa4-a97d-d965ccfc6d4b" outcome="Passed" testListId="8c84fa94-04c1-424b-9868-57a2d4851a1d" relativeResultsDirectory="bd0938de-e994-417c-a53f-fae15f88779e" />
    <UnitTestResult executionId="5c39b482-33cc-4788-b66e-b24bffe3c8f9" testId="eedffacd-87ee-f473-8f3b-c1a2df6f2989" testName="KooliProjekt.Application.UnitTests.Features.PartiiTests.List_should_throw_ArgumentException_when_page_size_is_invalid(pageSize: -10)" computerName="LAPTOP-D4AU3L2H" duration="00:00:00.0008064" startTime="2026-09-21T20:34:37.8454488+03:00" endTime="2026-09-21T20:34:37.8454489+03:00" testType="13cdc9d9-ddb5-4fa4-a97d-d965ccfc6d4b" outcome="Passed" testListId="8c84fa94-04c1-424b-9868-57a2d4851a1d" relativeResultsDirectory="5c39b482-33cc-4788-b66e-b24bffe3c8f9" />
    <UnitTestResult executionId="9de55fc2-e144-406e-aa80-b7f4532425c6" testId="acec3a0a-95e8-908b-47d2-1e86ac17343c" testName="KooliProjekt.Application.UnitTests.Features.PruulimisLogiTests.Save_should_reject_null_request_without_repository_calls" computerName="LAPTOP-D4AU3L2H" duration="00:00:00.0008227" startTime="2026-09-21T20:34:37.9262499+03:00" endTime="2026-09-21T20:34:37.9262500+03:00" testType="13cdc9d9-ddb5-4fa4-a97d-d965ccfc6d4b" outcome="Passed" testListId="8c84fa94-04c1-424b-9868-57a2d4851a1d" relativeResultsDirectory="9de55fc2-e144-406e-aa80-b7f4532425c6" />
    <UnitTestResult executionId="ea0dcdb4-600c-40a1-a0b7-90e693727c5b" testId="7f92b07e-8fea-81cd-7745-a5186abd18ce" testName="KooliProjekt.Application.UnitTests.Features.KoostisosaTests.Save_should_propagate_save_failure(id: 17)" computerName="LAPTOP-D4AU3L2H" duration="00:00:00.0070958" startTime="2026-09-21T20:34:37.5385359+03:00" endTime="2026-09-21T20:34:37.5385359+03:00" testType="13cdc9d9-ddb5-4fa4-a97d-d965ccfc6d4b" outcome="Passed" testListId="8c84fa94-04c1-424b-9868-57a2d4851a1d" relativeResultsDirectory="ea0dcdb4-600c-40a1-a0b7-90e693727c5b" />
    <UnitTestResult executionId="24d4ce3e-c4b7-42e4-b947-9901353ea6ee" testId="3ed1cb47-d51c-7c8d-d627-46a93e423129" testName="KooliProjekt.Application.UnitTests.Features.SaveKoostisosaCommandValidatorTests.Nimetus_checks_length_boundary(length: 100, valid: True)" computerName="LAPTOP-D4AU3L2H" duration="00:00:00.0000879" startTime="2026-09-21T20:34:37.5317778+03:00" endTime="2026-09-21T20:34:37.5317779+03:00" testType="13cdc9d9-ddb5-4fa4-a97d-d965ccfc6d4b" outcome="Passed" testListId="8c84fa94-04c1-424b-9868-57a2d4851a1d" relativeResultsDirectory="24d4ce3e-c4b7-42e4-b947-9901353ea6ee" />
    <UnitTestResult executionId="da42601a-4271-46ad-a513-d7625a5aa3ff" testId="6ce23900-8b6b-60fd-35cd-2660743e1884" testName="KooliProjekt.Application.UnitTests.Features.KoostisosaTests.Delete_should_return_id_error_without_query_when_id_is_invalid(id: -10)" computerName="LAPTOP-D4AU3L2H" duration="00:00:00.0014123" startTime="2026-09-21T20:34:37.5410524+03:00" endTime="2026-09-21T20:34:37.5410524+03:00" testType="13cdc9d9-ddb5-4fa4-a97d-d965ccfc6d4b" outcome="Passed" testListId="8c84fa94-04c1-424b-9868-57a2d4851a1d" relativeResultsDirectory="da42601a-4271-46ad-a513-d7625a5aa3ff" />
    <UnitTestResult executionId="b3c48e9d-4510-4027-8ce6-1ae700e6cabb" testId="727b07ca-2971-e2a4-6195-7625b0934745" testName="KooliProjekt.Application.UnitTests.Features.OluTests.Save_should_normalize_null_Tuup_to_empty_string" computerName="LAPTOP-D4AU3L2H" duration="00:00:00.0099947" startTime="2026-09-21T20:34:37.5383400+03:00" endTime="2026-09-21T20:34:37.5383401+03:00" testType="13cdc9d9-ddb5-4fa4-a97d-d965ccfc6d4b" outcome="Passed" testListId="8c84fa94-04c1-424b-9868-57a2d4851a1d" relativeResultsDirectory="b3c48e9d-4510-4027-8ce6-1ae700e6cabb" />
    <UnitTestResult executionId="f4d8bdc4-f860-4136-a578-5f5455b9b161" testId="6749c112-edda-7397-4961-1e676250085b" testName="KooliProjekt.Application.UnitTests.Features.SavePartiiCommandValidatorTests.Kirjeldus_checks_length_boundary(length: 256, valid: False)" computerName="LAPTOP-D4AU3L2H" duration="00:00:00.0000755" startTime="2026-09-21T20:34:37.4533812+03:00" endTime="2026-09-21T20:34:37.4533812+03:00" testType="13cdc9d9-ddb5-4fa4-a97d-d965ccfc6d4b" outcome="Passed" testListId="8c84fa94-04c1-424b-9868-57a2d4851a1d" relativeResultsDirectory="f4d8bdc4-f860-4136-a578-5f5455b9b161" />
    <UnitTestResult executionId="7fa7b8d1-163a-4c48-ade2-e15b67ed891e" testId="747487fc-9521-9acb-9bcd-5b82a969b4cf" testName="KooliProjekt.Application.UnitTests.Features.SavePruulimisLogiCommandValidatorTests.Kuupaev_must_be_set(setDate: False, valid: False)" computerName="LAPTOP-D4AU3L2H" duration="00:00:00.0003190" startTime="2026-09-21T20:34:37.5154715+03:00" endTime="2026-09-21T20:34:37.5154715+03:00" testType="13cdc9d9-ddb5-4fa4-a97d-d965ccfc6d4b" outcome="Passed" testListId="8c84fa94-04c1-424b-9868-57a2d4851a1d" relativeResultsDirectory="7fa7b8d1-163a-4c48-ade2-e15b67ed891e" />
    <UnitTestResult executionId="1ffc8cd1-bcdb-4ea4-a895-33481102ad22" testId="dfaf26fa-4729-ec5f-8608-eeaf5a8e091e" testName="KooliProjekt.Application.UnitTests.Features.MaitsmineTests.Save_should_reject_missing_parent_without_saving(id: 17)" computerName="LAPTOP-D4AU3L2H" duration="00:00:00.0024350" startTime="2026-09-21T20:34:37.5442286+03:00" endTime="2026-09-21T20:34:37.5442286+03:00" testType="13cdc9d9-ddb5-4fa4-a97d-d965ccfc6d4b" outcome="Passed" testListId="8c84fa94-04c1-424b-9868-57a2d4851a1d" relativeResultsDirectory="1ffc8cd1-bcdb-4ea4-a895-33481102ad22" />
    <UnitTestResult executionId="d69d2683-a52b-466e-9707-757ff513e212" testId="1f4a6e2a-9672-27b6-0a4b-a179ff67676f" testName="KooliProjekt.Application.UnitTests.Features.MaitsmineTests.Save_should_return_validation_errors_without_repository_calls(id: 17)" computerName="LAPTOP-D4AU3L2H" duration="00:00:00.0006972" startTime="2026-09-21T20:34:37.5446835+03:00" endTime="2026-09-21T20:34:37.5446836+03:00" testType="13cdc9d9-ddb5-4fa4-a97d-d965ccfc6d4b" outcome="Passed" testListId="8c84fa94-04c1-424b-9868-57a2d4851a1d" relativeResultsDirectory="d69d2683-a52b-466e-9707-757ff513e212" />
    <UnitTestResult executionId="bcbcf3ee-eff2-4f0e-8b2f-3c0024f2743c" testId="666f07de-d8ba-556a-7ddf-7456f944b0a3" testName="KooliProjekt.Application.UnitTests.Features.SaveKoostisosaCommandValidatorTests.Kogus_checks_range_and_precision(value: &quot;0.0001&quot;, valid: True)" computerName="LAPTOP-D4AU3L2H" duration="00:00:00.0000643" startTime="2026-09-21T20:34:37.5255713+03:00" endTime="2026-09-21T20:34:37.5255714+03:00" testType="13cdc9d9-ddb5-4fa4-a97d-d965ccfc6d4b" outcome="Passed" testListId="8c84fa94-04c1-424b-9868-57a2d4851a1d" relativeResultsDirectory="bcbcf3ee-eff2-4f0e-8b2f-3c0024f2743c" />
    <UnitTestResult executionId="fed4e6df-f04d-4ebc-99dd-ac3f052411e3" testId="be7c679e-7e7d-c769-99c6-3db07a2ea9fa" testName="KooliProjekt.Application.UnitTests.Features.SaveOluCommandValidatorTests.Kirjeldus_checks_empty_values(value: &quot;&quot;, valid: True)" computerName="LAPTOP-D4AU3L2H" duration="00:00:00.0000571" startTime="2026-09-21T20:34:37.4943963+03:00" endTime="2026-09-21T20:34:37.4943964+03:00" testType="13cdc9d9-ddb5-4fa4-a97d-d965ccfc6d4b" outcome="Passed" testListId="8c84fa94-04c1-424b-9868-57a2d4851a1d" relativeResultsDirectory="fed4e6df-f04d-4ebc-99dd-ac3f052411e3" />
    <UnitTestResult executionId="66f36da1-f9fd-4408-a6b6-de1f3a2c3984" testId="f931dbc8-c16c-2899-e00a-b9716ecde604" testName="KooliProjekt.Application.UnitTests.Features.PruulimisLogiTests.Delete_should_propagate_save_failure_without_persisting_delete" computerName="LAPTOP-D4AU3L2H" duration="00:00:00.0274009" startTime="2026-09-21T20:34:37.9517476+03:00" endTime="2026-09-21T20:34:37.9517477+03:00" testType="13cdc9d9-ddb5-4fa4-a97d-d965ccfc6d4b" outcome="Passed" testListId="8c84fa94-04c1-424b-9868-57a2d4851a1d" relativeResultsDirectory="66f36da1-f9fd-4408-a6b6-de1f3a2c3984" />
    <UnitTestResult executionId="4f66e391-23ec-43f2-866a-91f7024c13ce" testId="718f1fe3-5487-3d01-c71a-551ee4a2a09f" testName="KooliProjekt.Application.UnitTests.Features.PartiiTests.Delete_should_return_id_error_without_query_when_id_is_invalid(id: -10)" computerName="LAPTOP-D4AU3L2H" duration="00:00:00.0005434" startTime="2026-09-21T20:34:37.9255871+03:00" endTime="2026-09-21T20:34:37.9255871+03:00" testType="13cdc9d9-ddb5-4fa4-a97d-d965ccfc6d4b" outcome="Passed" testListId="8c84fa94-04c1-424b-9868-57a2d4851a1d" relativeResultsDirectory="4f66e391-23ec-43f2-866a-91f7024c13ce" />
    <UnitTestResult executionId="dbeb20cd-e420-467a-852e-8945046fabca" testId="cbc9fa74-7cc6-eca1-5b51-02dd03f63294" testName="KooliProjekt.Application.UnitTests.Features.PruulimisLogiTests.Delete_should_return_id_error_without_query_when_id_is_invalid(id: 0)" computerName="LAPTOP-D4AU3L2H" duration="00:00:00.0003161" startTime="2026-09-21T20:34:37.9622618+03:00" endTime="2026-09-21T20:34:37.9622618+03:00" testType="13cdc9d9-ddb5-4fa4-a97d-d965ccfc6d4b" outcome="Passed" testListId="8c84fa94-04c1-424b-9868-57a2d4851a1d" relativeResultsDirectory="dbeb20cd-e420-467a-852e-8945046fabca" />
    <UnitTestResult executionId="a48b7988-9680-4292-8667-5da5d3be655f" testId="dfb80e32-3f5e-1e91-6fb0-fb74c72e4de5" testName="KooliProjekt.Application.UnitTests.Features.KoostisosaTests.Get_should_not_call_repository_when_id_is_zero_or_negative(id: 0)" computerName="LAPTOP-D4AU3L2H" duration="00:00:00.0002029" startTime="2026-09-21T20:34:37.5404772+03:00" endTime="2026-09-21T20:34:37.5404772+03:00" testType="13cdc9d9-ddb5-4fa4-a97d-d965ccfc6d4b" outcome="Passed" testListId="8c84fa94-04c1-424b-9868-57a2d4851a1d" relativeResultsDirectory="a48b7988-9680-4292-8667-5da5d3be655f" />
    <UnitTestResult executionId="54f83613-57ad-4d81-b5c7-e2eeaab2b521" testId="18ea6a01-a281-60c4-92ad-7844ccdde4cb" testName="KooliProjekt.Application.UnitTests.Features.PartiiFotoTests.List_should_return_requested_page_in_id_order(page: 4, expectedCount: 0, firstId: 16)" computerName="LAPTOP-D4AU3L2H" duration="00:00:00.0017507" startTime="2026-09-21T20:34:37.9133189+03:00" endTime="2026-09-21T20:34:37.9133191+03:00" testType="13cdc9d9-ddb5-4fa4-a97d-d965ccfc6d4b" outcome="Passed" testListId="8c84fa94-04c1-424b-9868-57a2d4851a1d" relativeResultsDirectory="54f83613-57ad-4d81-b5c7-e2eeaab2b521" />
    <UnitTestResult executionId="62e0b371-da27-4d73-aa38-f3a76322b683" testId="cdb483ce-ec9b-7b6a-1f64-54256f7b14ca" testName="KooliProjekt.Application.UnitTests.Features.SavePartiiFotoCommandValidatorTests.Id_must_be_nonnegative(value: 2147483647, valid: True)" computerName="LAPTOP-D4AU3L2H" duration="00:00:00.0000497" startTime="2026-09-21T20:34:37.4498503+03:00" endTime="2026-09-21T20:34:37.4498504+03:00" testType="13cdc9d9-ddb5-4fa4-a97d-d965ccfc6d4b" outcome="Passed" testListId="8c84fa94-04c1-424b-9868-57a2d4851a1d" relativeResultsDirectory="62e0b371-da27-4d73-aa38-f3a76322b683" />
    <UnitTestResult executionId="5b3f625d-80ed-4d3a-be62-b79d69069209" testId="da8bfa87-6a41-4cd2-3c44-45e1086ba4fe" testName="KooliProjekt.Application.UnitTests.Features.SavePartiiCommandValidatorTests.Kood_checks_length_boundary(length: 51, valid: False)" computerName="LAPTOP-D4AU3L2H" duration="00:00:00.0003576" startTime="2026-09-21T20:34:37.4442348+03:00" endTime="2026-09-21T20:34:37.4442349+03:00" testType="13cdc9d9-ddb5-4fa4-a97d-d965ccfc6d4b" outcome="Passed" testListId="8c84fa94-04c1-424b-9868-57a2d4851a1d" relativeResultsDirectory="5b3f625d-80ed-4d3a-be62-b79d69069209" />
    <UnitTestResult executionId="2a6e86e0-cb13-4494-b78d-b24caa0cc10c" testId="748ebb02-a57a-06fb-ccb7-49824b0c0fe9" testName="KooliProjekt.Application.UnitTests.Features.SaveOluCommandValidatorTests.Valid_command_has_no_errors" computerName="LAPTOP-D4AU3L2H" duration="00:00:00.0003363" startTime="2026-09-21T20:34:37.5153536+03:00" endTime="2026-09-21T20:34:37.5153537+03:00" testType="13cdc9d9-ddb5-4fa4-a97d-d965ccfc6d4b" outcome="Passed" testListId="8c84fa94-04c1-424b-9868-57a2d4851a1d" relativeResultsDirectory="2a6e86e0-cb13-4494-b78d-b24caa0cc10c" />
    <UnitTestResult executionId="4bd874a2-c9f5-4d96-ad70-8716a5ac6e05" testId="163860b6-b5e4-35f4-d663-dba3ae59176f" testName="KooliProjekt.Application.UnitTests.Features.SaveOluCommandValidatorTests.Nimi_checks_length_boundary(length: 100, valid: True)" computerName="LAPTOP-D4AU3L2H" duration="00:00:00.0002190" startTime="2026-09-21T20:34:37.5132246+03:00" endTime="2026-09-21T20:34:37.5132246+03:00" testType="13cdc9d9-ddb5-4fa4-a97d-d965ccfc6d4b" outcome="Passed" testListId="8c84fa94-04c1-424b-9868-57a2d4851a1d" relativeResultsDirectory="4bd874a2-c9f5-4d96-ad70-8716a5ac6e05" />
    <UnitTestResult executionId="afef69c0-9e2a-4178-9086-f48af46ce28b" testId="d8e16160-0639-c863-3e22-bdf48cc47401" testName="KooliProjekt.Application.UnitTests.Features.KoostisosaTests.Get_should_return_dto_when_entity_exists" computerName="LAPTOP-D4AU3L2H" duration="00:00:00.0088093" startTime="2026-09-21T20:34:37.5375906+03:00" endTime="2026-09-21T20:34:37.5375907+03:00" testType="13cdc9d9-ddb5-4fa4-a97d-d965ccfc6d4b" outcome="Passed" testListId="8c84fa94-04c1-424b-9868-57a2d4851a1d" relativeResultsDirectory="afef69c0-9e2a-4178-9086-f48af46ce28b" />
    <UnitTestResult executionId="1bbb035c-94da-4509-9a76-7a85a1dad135" testId="f3c485c1-d1c3-6640-00f6-bc8415f2519a" testName="KooliProjekt.Application.UnitTests.Features.PartiiFotoTests.List_should_return_empty_page_when_database_is_empty" computerName="LAPTOP-D4AU3L2H" duration="00:00:00.0012829" startTime="2026-09-21T20:34:37.9436677+03:00" endTime="2026-09-21T20:34:37.9436678+03:00" testType="13cdc9d9-ddb5-4fa4-a97d-d965ccfc6d4b" outcome="Passed" testListId="8c84fa94-04c1-424b-9868-57a2d4851a1d" relativeResultsDirectory="1bbb035c-94da-4509-9a76-7a85a1dad135" />
    <UnitTestResult executionId="6a92cb7e-278c-4665-90fd-e0263965aad3" testId="c245c2a9-44ae-73af-3e8e-7358483b67d1" testName="KooliProjekt.Application.UnitTests.Features.SavePruulimisLogiCommandValidatorTests.Kasutaja_checks_length_boundary(length: 100, valid: True)" computerName="LAPTOP-D4AU3L2H" duration="00:00:00.0001522" startTime="2026-09-21T20:34:37.4531155+03:00" endTime="2026-09-21T20:34:37.4531158+03:00" testType="13cdc9d9-ddb5-4fa4-a97d-d965ccfc6d4b" outcome="Passed" testListId="8c84fa94-04c1-424b-9868-57a2d4851a1d" relativeResultsDirectory="6a92cb7e-278c-4665-90fd-e0263965aad3" />
    <UnitTestResult executionId="c77b0dd2-c0ad-4cd7-a70e-634fb5a9cdcd" testId="d93f27ca-68f7-b3f7-972e-7a0cc106882a" testName="KooliProjekt.Application.UnitTests.Features.PruulimisLogiTests.List_should_return_empty_page_when_database_is_empty" computerName="LAPTOP-D4AU3L2H" duration="00:00:00.0014509" startTime="2026-09-21T20:34:37.9355573+03:00" endTime="2026-09-21T20:34:37.9355573+03:00" testType="13cdc9d9-ddb5-4fa4-a97d-d965ccfc6d4b" outcome="Passed" testListId="8c84fa94-04c1-424b-9868-57a2d4851a1d" relativeResultsDirectory="c77b0dd2-c0ad-4cd7-a70e-634fb5a9cdcd" />
    <UnitTestResult executionId="93f2c7b2-c06b-4513-88fb-95613a1407de" testId="29ab4c4a-89f6-b743-7c8a-1282325caf65" testName="KooliProjekt.Application.UnitTests.Features.SaveKoostisosaCommandValidatorTests.Kirjeldus_checks_empty_values(value: &quot;   &quot;, valid: True)" computerName="LAPTOP-D4AU3L2H" duration="00:00:00.0003104" startTime="2026-09-21T20:34:37.5292397+03:00" endTime="2026-09-21T20:34:37.5292397+03:00" testType="13cdc9d9-ddb5-4fa4-a97d-d965ccfc6d4b" outcome="Passed" testListId="8c84fa94-04c1-424b-9868-57a2d4851a1d" relativeResultsDirectory="93f2c7b2-c06b-4513-88fb-95613a1407de" />
    <UnitTestResult executionId="9cf153ae-abd8-4f06-becf-119292965b40" testId="f5478696-552c-c6f1-dfef-1a3fcb236716" testName="KooliProjekt.Application.UnitTests.Features.KoostisosaTests.Get_should_return_null_value_when_entity_does_not_exist" computerName="LAPTOP-D4AU3L2H" duration="00:00:00.0011287" startTime="2026-09-21T20:34:37.9515416+03:00" endTime="2026-09-21T20:34:37.9515418+03:00" testType="13cdc9d9-ddb5-4fa4-a97d-d965ccfc6d4b" outcome="Passed" testListId="8c84fa94-04c1-424b-9868-57a2d4851a1d" relativeResultsDirectory="9cf153ae-abd8-4f06-becf-119292965b40" />
    <UnitTestResult executionId="4857e0dd-0d92-4f4d-ae80-fa791c379b36" testId="3e28856c-7057-940a-4cca-ffa9f4c3d287" testName="KooliProjekt.Application.UnitTests.Features.SavePartiiCommandValidatorTests.Kirjeldus_checks_length_boundary(length: 1, valid: True)" computerName="LAPTOP-D4AU3L2H" duration="00:00:00.0000577" startTime="2026-09-21T20:34:37.4553604+03:00" endTime="2026-09-21T20:34:37.4553604+03:00" testType="13cdc9d9-ddb5-4fa4-a97d-d965ccfc6d4b" outcome="Passed" testListId="8c84fa94-04c1-424b-9868-57a2d4851a1d" relativeResultsDirectory="4857e0dd-0d92-4f4d-ae80-fa791c379b36" />
    <UnitTestResult executionId="ee1a0b5f-f7ff-4e76-82b1-487e6e339056" testId="c3ac0842-8add-841c-f944-078f4bca3a6d" testName="KooliProjekt.Application.UnitTests.Features.PruulimisLogiTests.Save_should_return_validation_errors_without_repository_calls(id: 17)" computerName="LAPTOP-D4AU3L2H" duration="00:00:00.0007790" startTime="2026-09-21T20:34:37.9724735+03:00" endTime="2026-09-21T20:34:37.9724735+03:00" testType="13cdc9d9-ddb5-4fa4-a97d-d965ccfc6d4b" outcome="Passed" testListId="8c84fa94-04c1-424b-9868-57a2d4851a1d" relativeResultsDirectory="ee1a0b5f-f7ff-4e76-82b1-487e6e339056" />
    <UnitTestResult executionId="8935ba2a-f2ec-48d8-8372-05035b778fa1" testId="a9d844a8-33ce-ace8-a4b9-11f2418b30bb" testName="KooliProjekt.Application.UnitTests.Features.PartiiFotoTests.Get_should_not_call_repository_when_id_is_zero_or_negative(id: 0)" computerName="LAPTOP-D4AU3L2H" duration="00:00:00.0002339" startTime="2026-09-21T20:34:37.9428878+03:00" endTime="2026-09-21T20:34:37.9428878+03:00" testType="13cdc9d9-ddb5-4fa4-a97d-d965ccfc6d4b" outcome="Passed" testListId="8c84fa94-04c1-424b-9868-57a2d4851a1d" relativeResultsDirectory="8935ba2a-f2ec-48d8-8372-05035b778fa1" />
    <UnitTestResult executionId="c031bd65-502b-4939-9693-ca2f58c43779" testId="db98b7cd-9310-039c-e020-9c8b447c2076" testName="KooliProjekt.Application.UnitTests.Features.MaitsmineTests.Delete_should_return_id_error_without_query_when_id_is_invalid(id: -10)" computerName="LAPTOP-D4AU3L2H" duration="00:00:00.0003172" startTime="2026-09-21T20:34:37.5408637+03:00" endTime="2026-09-21T20:34:37.5408637+03:00" testType="13cdc9d9-ddb5-4fa4-a97d-d965ccfc6d4b" outcome="Passed" testListId="8c84fa94-04c1-424b-9868-57a2d4851a1d" relativeResultsDirectory="c031bd65-502b-4939-9693-ca2f58c43779" />
    <UnitTestResult executionId="f87da960-4f51-4e79-b4f9-308b0f96912c" testId="38401eb1-4f4a-edd2-d961-d1968a35527a" testName="KooliProjekt.Application.UnitTests.Features.SavePartiiCommandValidatorTests.Id_must_be_nonnegative(value: 0, valid: True)" computerName="LAPTOP-D4AU3L2H" duration="00:00:00.0000345" startTime="2026-09-21T20:34:37.4912853+03:00" endTime="2026-09-21T20:34:37.4912854+03:00" testType="13cdc9d9-ddb5-4fa4-a97d-d965ccfc6d4b" outcome="Passed" testListId="8c84fa94-04c1-424b-9868-57a2d4851a1d" relativeResultsDirectory="f87da960-4f51-4e79-b4f9-308b0f96912c" />
    <UnitTestResult executionId="c151254a-b4fd-44e4-8e80-122593460e19" testId="ec9e8c50-c330-51d0-4ec3-09d183b45ecc" testName="KooliProjekt.Application.UnitTests.Features.SaveOluCommandValidatorTests.Kirjeldus_checks_length_boundary(length: 254, valid: True)" computerName="LAPTOP-D4AU3L2H" duration="00:00:00.0000319" startTime="2026-09-21T20:34:37.5043729+03:00" endTime="2026-09-21T20:34:37.5043730+03:00" testType="13cdc9d9-ddb5-4fa4-a97d-d965ccfc6d4b" outcome="Passed" testListId="8c84fa94-04c1-424b-9868-57a2d4851a1d" relativeResultsDirectory="c151254a-b4fd-44e4-8e80-122593460e19" />
    <UnitTestResult executionId="67770131-87f1-4746-a434-645fea8635af" testId="4eabed76-7bc7-2962-b02c-f0452dcaa617" testName="KooliProjekt.Application.UnitTests.Features.SaveKoostisosaCommandValidatorTests.Kogus_checks_range_and_precision(value: &quot;99999999999999.9999&quot;, valid: True)" computerName="LAPTOP-D4AU3L2H" duration="00:00:00.0002434" startTime="2026-09-21T20:34:37.5251690+03:00" endTime="2026-09-21T20:34:37.5251690+03:00" testType="13cdc9d9-ddb5-4fa4-a97d-d965ccfc6d4b" outcome="Passed" testListId="8c84fa94-04c1-424b-9868-57a2d4851a1d" relativeResultsDirectory="67770131-87f1-4746-a434-645fea8635af" />
    <UnitTestResult executionId="2fff3a3c-cc39-4dad-a08d-3ffb276cc30d" testId="91b7d28b-8e9b-4276-2cd1-e4491fd036e6" testName="KooliProjekt.Application.UnitTests.Features.PruulimisLogiTests.List_should_return_requested_page_in_id_order(page: 2, expectedCount: 5, firstId: 6)" computerName="LAPTOP-D4AU3L2H" duration="00:00:00.0129862" startTime="2026-09-21T20:34:37.8671527+03:00" endTime="2026-09-21T20:34:37.8671528+03:00" testType="13cdc9d9-ddb5-4fa4-a97d-d965ccfc6d4b" outcome="Passed" testListId="8c84fa94-04c1-424b-9868-57a2d4851a1d" relativeResultsDirectory="2fff3a3c-cc39-4dad-a08d-3ffb276cc30d" />
    <UnitTestResult executionId="96fc2317-47d7-4656-bd1d-0a317e0674fc" testId="4b3f05bf-238e-8981-a78b-2df57e50271c" testName="KooliProjekt.Application.UnitTests.Features.SaveMaitsmineCommandValidatorTests.Degusteerija_checks_length_boundary(length: 100, valid: True)" computerName="LAPTOP-D4AU3L2H" duration="00:00:00.0002226" startTime="2026-09-21T20:34:37.4613418+03:00" endTime="2026-09-21T20:34:37.4613419+03:00" testType="13cdc9d9-ddb5-4fa4-a97d-d965ccfc6d4b" outcome="Passed" testListId="8c84fa94-04c1-424b-9868-57a2d4851a1d" relativeResultsDirectory="96fc2317-47d7-4656-bd1d-0a317e0674fc" />
    <UnitTestResult executionId="b0b47cdf-ee7f-4b6c-b881-5d43af94cbef" testId="249d53dd-9d8b-a5f3-5774-2c8b5c04a260" testName="KooliProjekt.Application.UnitTests.Features.OluTests.List_should_return_requested_page_in_id_order(page: 3, expectedCount: 2, firstId: 11)" computerName="LAPTOP-D4AU3L2H" duration="00:00:00.0082008" startTime="2026-09-21T20:34:37.8628195+03:00" endTime="2026-09-21T20:34:37.8628196+03:00" testType="13cdc9d9-ddb5-4fa4-a97d-d965ccfc6d4b" outcome="Passed" testListId="8c84fa94-04c1-424b-9868-57a2d4851a1d" relativeResultsDirectory="b0b47cdf-ee7f-4b6c-b881-5d43af94cbef" />
    <UnitTestResult executionId="2c94fab7-1674-4860-bf50-1d564f7ab598" testId="e7dceb88-be93-d447-a02a-e5d7a3b10682" testName="KooliProjekt.Application.UnitTests.Features.MaitsmineTests.Get_should_throw_ArgumentNullException_when_request_is_null" computerName="LAPTOP-D4AU3L2H" duration="00:00:00.0008162" startTime="2026-09-21T20:34:37.9253468+03:00" endTime="2026-09-21T20:34:37.9253468+03:00" testType="13cdc9d9-ddb5-4fa4-a97d-d965ccfc6d4b" outcome="Passed" testListId="8c84fa94-04c1-424b-9868-57a2d4851a1d" relativeResultsDirectory="2c94fab7-1674-4860-bf50-1d564f7ab598" />
    <UnitTestResult executionId="8e3775c2-6a3d-4811-9cc7-bcc268b7c53d" testId="b34135e2-d35c-8ba7-3aac-b7068d730bba" testName="KooliProjekt.Application.UnitTests.Features.SaveKoostisosaCommandValidatorTests.Nimetus_checks_length_boundary(length: 99, valid: True)" computerName="LAPTOP-D4AU3L2H" duration="00:00:00.0003816" startTime="2026-09-21T20:34:37.5296037+03:00" endTime="2026-09-21T20:34:37.5296038+03:00" testType="13cdc9d9-ddb5-4fa4-a97d-d965ccfc6d4b" outcome="Passed" testListId="8c84fa94-04c1-424b-9868-57a2d4851a1d" relativeResultsDirectory="8e3775c2-6a3d-4811-9cc7-bcc268b7c53d" />
    <UnitTestResult executionId="46db84cd-1198-47e0-9fae-35b27a492194" testId="2ff83284-0b4a-117a-4ba3-974ca6cc5daa" testName="KooliProjekt.Application.UnitTests.Features.KoostisosaTests.Save_should_map_fields_and_return_saved_dto(id: 17)" computerName="LAPTOP-D4AU3L2H" duration="00:00:00.0042716" startTime="2026-09-21T20:34:37.9049851+03:00" endTime="2026-09-21T20:34:37.9049852+03:00" testType="13cdc9d9-ddb5-4fa4-a97d-d965ccfc6d4b" outcome="Passed" testListId="8c84fa94-04c1-424b-9868-57a2d4851a1d" relativeResultsDirectory="46db84cd-1198-47e0-9fae-35b27a492194" />
    <UnitTestResult executionId="91f3982c-22b5-43e2-b286-b8c8c5cf3dee" testId="6986950d-e64b-cdf3-3028-cdcd9291ee09" testName="KooliProjekt.Application.UnitTests.Features.KoostisosaTests.List_should_throw_ArgumentException_when_page_size_is_invalid(pageSize: 101)" computerName="LAPTOP-D4AU3L2H" duration="00:00:00.0003962" startTime="2026-09-21T20:34:37.9216763+03:00" endTime="2026-09-21T20:34:37.9216766+03:00" testType="13cdc9d9-ddb5-4fa4-a97d-d965ccfc6d4b" outcome="Passed" testListId="8c84fa94-04c1-424b-9868-57a2d4851a1d" relativeResultsDirectory="91f3982c-22b5-43e2-b286-b8c8c5cf3dee" />
    <UnitTestResult executionId="b81b5d75-23cc-4a46-84a0-f690c75d06f2" testId="33699499-3084-0004-6790-bb916846f78f" testName="KooliProjekt.Application.UnitTests.Features.PartiiFotoTests.List_should_throw_ArgumentException_when_page_size_is_invalid(pageSize: -10)" computerName="LAPTOP-D4AU3L2H" duration="00:00:00.0002660" startTime="2026-09-21T20:34:37.7221418+03:00" endTime="2026-09-21T20:34:37.7221419+03:00" testType="13cdc9d9-ddb5-4fa4-a97d-d965ccfc6d4b" outcome="Passed" testListId="8c84fa94-04c1-424b-9868-57a2d4851a1d" relativeResultsDirectory="b81b5d75-23cc-4a46-84a0-f690c75d06f2" />
    <UnitTestResult executionId="30a5ff6b-29a3-4581-864d-6433fce39352" testId="b1e83db9-43ea-45d0-1cf4-8ad05e8b6f31" testName="KooliProjekt.Application.UnitTests.Features.PartiiTests.Delete_should_succeed_when_called_twice" computerName="LAPTOP-D4AU3L2H" duration="00:00:00.0033473" startTime="2026-09-21T20:34:37.9723642+03:00" endTime="2026-09-21T20:34:37.9723643+03:00" testType="13cdc9d9-ddb5-4fa4-a97d-d965ccfc6d4b" outcome="Passed" testListId="8c84fa94-04c1-424b-9868-57a2d4851a1d" relativeResultsDirectory="30a5ff6b-29a3-4581-864d-6433fce39352" />
    <UnitTestResult executionId="bd4bf536-7562-482a-b46c-a2242821cc4b" testId="d08c0ef7-92cf-13da-11a6-5309b439ed4f" testName="KooliProjekt.Application.UnitTests.Features.PruulimisLogiTests.List_should_return_requested_page_in_id_order(page: 3, expectedCount: 2, firstId: 11)" computerName="LAPTOP-D4AU3L2H" duration="00:00:00.0007605" startTime="2026-09-21T20:34:37.8748421+03:00" endTime="2026-09-21T20:34:37.8748422+03:00" testType="13cdc9d9-ddb5-4fa4-a97d-d965ccfc6d4b" outcome="Passed" testListId="8c84fa94-04c1-424b-9868-57a2d4851a1d" relativeResultsDirectory="bd4bf536-7562-482a-b46c-a2242821cc4b" />
    <UnitTestResult executionId="a56b6211-a76e-4e69-a102-006dd254d454" testId="4157d5f1-05a9-a772-89b9-151970cab4c8" testName="KooliProjekt.Application.UnitTests.Features.KoostisosaTests.Save_should_map_fields_and_return_saved_dto(id: 0)" computerName="LAPTOP-D4AU3L2H" duration="00:00:00.0103018" startTime="2026-09-21T20:34:37.9059419+03:00" endTime="2026-09-21T20:34:37.9059422+03:00" testType="13cdc9d9-ddb5-4fa4-a97d-d965ccfc6d4b" outcome="Passed" testListId="8c84fa94-04c1-424b-9868-57a2d4851a1d" relativeResultsDirectory="a56b6211-a76e-4e69-a102-006dd254d454" />
    <UnitTestResult executionId="3e3fcae8-2c33-4882-841c-5716b14db588" testId="f230dbb3-a877-2540-fd05-b0ca3a2558ee" testName="KooliProjekt.Application.UnitTests.Features.PruulimisLogiTests.Save_should_map_fields_and_return_saved_dto(id: 17)" computerName="LAPTOP-D4AU3L2H" duration="00:00:00.0118963" startTime="2026-09-21T20:34:37.9099698+03:00" endTime="2026-09-21T20:34:37.9099699+03:00" testType="13cdc9d9-ddb5-4fa4-a97d-d965ccfc6d4b" outcome="Passed" testListId="8c84fa94-04c1-424b-9868-57a2d4851a1d" relativeResultsDirectory="3e3fcae8-2c33-4882-841c-5716b14db588" />
    <UnitTestResult executionId="36af5fb2-d9e8-4071-b04f-176cd0ccfac0" testId="e2fff2da-1f0c-b499-1eba-799f88d955a4" testName="KooliProjekt.Application.UnitTests.Features.PartiiTests.Delete_should_throw_ArgumentNullException_when_request_is_null" computerName="LAPTOP-D4AU3L2H" duration="00:00:00.0005743" startTime="2026-09-21T20:34:37.9715088+03:00" endTime="2026-09-21T20:34:37.9715088+03:00" testType="13cdc9d9-ddb5-4fa4-a97d-d965ccfc6d4b" outcome="Passed" testListId="8c84fa94-04c1-424b-9868-57a2d4851a1d" relativeResultsDirectory="36af5fb2-d9e8-4071-b04f-176cd0ccfac0" />
    <UnitTestResult executionId="83563080-7585-4058-9230-88f18a1fb5d5" testId="fcfd61b3-e077-d1ac-ce6e-e5c28dc0355b" testName="KooliProjekt.Application.UnitTests.Features.PruulimisLogiTests.List_should_throw_ArgumentException_when_page_is_invalid(page: 0)" computerName="LAPTOP-D4AU3L2H" duration="00:00:00.0008242" startTime="2026-09-21T20:34:37.9568970+03:00" endTime="2026-09-21T20:34:37.9568970+03:00" testType="13cdc9d9-ddb5-4fa4-a97d-d965ccfc6d4b" outcome="Passed" testListId="8c84fa94-04c1-424b-9868-57a2d4851a1d" relativeResultsDirectory="83563080-7585-4058-9230-88f18a1fb5d5" />
    <UnitTestResult executionId="3e0963d0-79f4-421e-954a-725cfcc4748d" testId="a1391945-1ede-e11b-5b89-09f823f164b4" testName="KooliProjekt.Application.UnitTests.Features.PruulimisLogiTests.Save_should_return_validation_errors_without_repository_calls(id: 0)" computerName="LAPTOP-D4AU3L2H" duration="00:00:00.0002882" startTime="2026-09-21T20:34:37.9742400+03:00" endTime="2026-09-21T20:34:37.9742403+03:00" testType="13cdc9d9-ddb5-4fa4-a97d-d965ccfc6d4b" outcome="Passed" testListId="8c84fa94-04c1-424b-9868-57a2d4851a1d" relativeResultsDirectory="3e0963d0-79f4-421e-954a-725cfcc4748d" />
    <UnitTestResult executionId="a0139600-531b-401a-a3b3-263e8cf5c49a" testId="a72d9644-e202-a5eb-abbe-dc93e33af996" testName="KooliProjekt.Application.UnitTests.Features.MaitsmineTests.List_should_return_requested_page_in_id_order(page: 1, expectedCount: 5, firstId: 1)" computerName="LAPTOP-D4AU3L2H" duration="00:00:00.0162796" startTime="2026-09-21T20:34:37.8774889+03:00" endTime="2026-09-21T20:34:37.8774890+03:00" testType="13cdc9d9-ddb5-4fa4-a97d-d965ccfc6d4b" outcome="Passed" testListId="8c84fa94-04c1-424b-9868-57a2d4851a1d" relativeResultsDirectory="a0139600-531b-401a-a3b3-263e8cf5c49a" />
    <UnitTestResult executionId="8baf793c-2df8-4a80-9244-76b3b65fe3bf" testId="a7b636c8-2fd4-0d28-669e-ca4787ade8f9" testName="KooliProjekt.Application.UnitTests.Features.SaveKoostisosaCommandValidatorTests.PartiiId_must_be_positive(value: 2147483647, valid: True)" computerName="LAPTOP-D4AU3L2H" duration="00:00:00.0007040" startTime="2026-09-21T20:34:37.5215689+03:00" endTime="2026-09-21T20:34:37.5215689+03:00" testType="13cdc9d9-ddb5-4fa4-a97d-d965ccfc6d4b" outcome="Passed" testListId="8c84fa94-04c1-424b-9868-57a2d4851a1d" relativeResultsDirectory="8baf793c-2df8-4a80-9244-76b3b65fe3bf" />
    <UnitTestResult executionId="27f44caf-54a1-451f-a6b7-caa6791bd056" testId="2e4b967e-3bb7-36b8-aed1-a272fb298bc3" testName="KooliProjekt.Application.UnitTests.Features.PartiiFotoTests.List_should_return_requested_page_in_id_order(page: 2, expectedCount: 5, firstId: 6)" computerName="LAPTOP-D4AU3L2H" duration="00:00:00.0144199" startTime="2026-09-21T20:34:37.9067287+03:00" endTime="2026-09-21T20:34:37.9067287+03:00" testType="13cdc9d9-ddb5-4fa4-a97d-d965ccfc6d4b" outcome="Passed" testListId="8c84fa94-04c1-424b-9868-57a2d4851a1d" relativeResultsDirectory="27f44caf-54a1-451f-a6b7-caa6791bd056" />
    <UnitTestResult executionId="9f7bc144-45a7-4c67-99ea-41369957c39a" testId="beeeba8e-fc30-53f6-d83a-34d6b38a35ed" testName="KooliProjekt.Application.UnitTests.Features.SaveKoostisosaCommandValidatorTests.Nimetus_checks_empty_values(value: &quot;   &quot;, valid: False)" computerName="LAPTOP-D4AU3L2H" duration="00:00:00.0005787" startTime="2026-09-21T20:34:37.5329531+03:00" endTime="2026-09-21T20:34:37.5329532+03:00" testType="13cdc9d9-ddb5-4fa4-a97d-d965ccfc6d4b" outcome="Passed" testListId="8c84fa94-04c1-424b-9868-57a2d4851a1d" relativeResultsDirectory="9f7bc144-45a7-4c67-99ea-41369957c39a" />
    <UnitTestResult executionId="751fdbf0-c2d2-4e79-a56a-4e6049b4f50e" testId="90808403-c424-4a19-5264-5e2980976265" testName="KooliProjekt.Application.UnitTests.Features.PartiiTests.Get_should_propagate_repository_exception" computerName="LAPTOP-D4AU3L2H" duration="00:00:00.0019207" startTime="2026-09-21T20:34:37.9388413+03:00" endTime="2026-09-21T20:34:37.9388414+03:00" testType="13cdc9d9-ddb5-4fa4-a97d-d965ccfc6d4b" outcome="Passed" testListId="8c84fa94-04c1-424b-9868-57a2d4851a1d" relativeResultsDirectory="751fdbf0-c2d2-4e79-a56a-4e6049b4f50e" />
    <UnitTestResult executionId="c4a10d5c-a7b3-48f4-9a8d-39b47cc7a279" testId="db4a4b31-c0f9-be46-3a82-fd4b91d7ac64" testName="KooliProjekt.Application.UnitTests.Features.SaveMaitsmineCommandValidatorTests.PartiiId_must_be_positive(value: 0, valid: False)" computerName="LAPTOP-D4AU3L2H" duration="00:00:00.0006672" startTime="2026-09-21T20:34:37.5027292+03:00" endTime="2026-09-21T20:34:37.5027293+03:00" testType="13cdc9d9-ddb5-4fa4-a97d-d965ccfc6d4b" outcome="Passed" testListId="8c84fa94-04c1-424b-9868-57a2d4851a1d" relativeResultsDirectory="c4a10d5c-a7b3-48f4-9a8d-39b47cc7a279" />
    <UnitTestResult executionId="65285e09-220a-4333-a3fd-9c8167a9a3fd" testId="6cfa55a1-af06-fa86-6692-7ff4b6c70f57" testName="KooliProjekt.Application.UnitTests.Features.PartiiFotoTests.Get_should_propagate_repository_exception" computerName="LAPTOP-D4AU3L2H" duration="00:00:00.0023719" startTime="2026-09-21T20:34:37.7257745+03:00" endTime="2026-09-21T20:34:37.7257748+03:00" testType="13cdc9d9-ddb5-4fa4-a97d-d965ccfc6d4b" outcome="Passed" testListId="8c84fa94-04c1-424b-9868-57a2d4851a1d" relativeResultsDirectory="65285e09-220a-4333-a3fd-9c8167a9a3fd" />
    <UnitTestResult executionId="c865dba6-376d-40d5-b9d0-be1d34128ebf" testId="8e0a5412-3293-ab76-282d-51093b43763d" testName="KooliProjekt.Application.UnitTests.Features.MaitsmineTests.Save_should_propagate_parent_lookup_failure" computerName="LAPTOP-D4AU3L2H" duration="00:00:00.0026613" startTime="2026-09-21T20:34:37.8582814+03:00" endTime="2026-09-21T20:34:37.8582815+03:00" testType="13cdc9d9-ddb5-4fa4-a97d-d965ccfc6d4b" outcome="Passed" testListId="8c84fa94-04c1-424b-9868-57a2d4851a1d" relativeResultsDirectory="c865dba6-376d-40d5-b9d0-be1d34128ebf" />
    <UnitTestResult executionId="002b535e-0161-4dd1-b3b1-872dfcc8ede2" testId="33f71ed0-b72b-be0a-14d1-deda409a7e55" testName="KooliProjekt.Application.UnitTests.Features.SavePartiiFotoCommandValidatorTests.Id_must_be_nonnegative(value: -1, valid: False)" computerName="LAPTOP-D4AU3L2H" duration="00:00:00.0001399" startTime="2026-09-21T20:34:37.4496172+03:00" endTime="2026-09-21T20:34:37.4496173+03:00" testType="13cdc9d9-ddb5-4fa4-a97d-d965ccfc6d4b" outcome="Passed" testListId="8c84fa94-04c1-424b-9868-57a2d4851a1d" relativeResultsDirectory="002b535e-0161-4dd1-b3b1-872dfcc8ede2" />
    <UnitTestResult executionId="14672c7e-7464-4488-a51b-1b8efa2f82d8" testId="d4f9eab2-9d3c-fe1d-11f3-3333f24aea5b" testName="KooliProjekt.Application.UnitTests.Features.SaveKoostisosaCommandValidatorTests.Kirjeldus_checks_empty_values(value: null, valid: True)" computerName="LAPTOP-D4AU3L2H" duration="00:00:00.0005628" startTime="2026-09-21T20:34:37.5290654+03:00" endTime="2026-09-21T20:34:37.5290654+03:00" testType="13cdc9d9-ddb5-4fa4-a97d-d965ccfc6d4b" outcome="Passed" testListId="8c84fa94-04c1-424b-9868-57a2d4851a1d" relativeResultsDirectory="14672c7e-7464-4488-a51b-1b8efa2f82d8" />
    <UnitTestResult executionId="7cc43940-e5f0-435c-a2da-d153c64412d0" testId="2038b92d-1f22-4dfb-fd30-6e4bd0a05cdb" testName="KooliProjekt.Application.UnitTests.Features.SavePartiiFotoCommandValidatorTests.FailiTee_checks_length_boundary(length: 500, valid: True)" computerName="LAPTOP-D4AU3L2H" duration="00:00:00.0004031" startTime="2026-09-21T20:34:37.4380261+03:00" endTime="2026-09-21T20:34:37.4380264+03:00" testType="13cdc9d9-ddb5-4fa4-a97d-d965ccfc6d4b" outcome="Passed" testListId="8c84fa94-04c1-424b-9868-57a2d4851a1d" relativeResultsDirectory="7cc43940-e5f0-435c-a2da-d153c64412d0" />
    <UnitTestResult executionId="04cd5651-0f03-49b7-9a25-73103b4896e1" testId="b0fedf36-efe8-5567-8f97-edb557ee9b2c" testName="KooliProjekt.Application.UnitTests.Features.PruulimisLogiTests.Save_should_map_fields_and_return_saved_dto(id: 0)" computerName="LAPTOP-D4AU3L2H" duration="00:00:00.0049301" startTime="2026-09-21T20:34:37.9042836+03:00" endTime="2026-09-21T20:34:37.9042837+03:00" testType="13cdc9d9-ddb5-4fa4-a97d-d965ccfc6d4b" outcome="Passed" testListId="8c84fa94-04c1-424b-9868-57a2d4851a1d" relativeResultsDirectory="04cd5651-0f03-49b7-9a25-73103b4896e1" />
    <UnitTestResult executionId="96b177ab-31c5-4c39-9444-15ebf68afdf3" testId="67be39e3-e2dd-2142-8d92-885951edbc84" testName="KooliProjekt.Application.UnitTests.Features.PartiiFotoTests.Delete_should_succeed_when_called_twice" computerName="LAPTOP-D4AU3L2H" duration="00:00:00.0057845" startTime="2026-09-21T20:34:37.9292105+03:00" endTime="2026-09-21T20:34:37.9292106+03:00" testType="13cdc9d9-ddb5-4fa4-a97d-d965ccfc6d4b" outcome="Passed" testListId="8c84fa94-04c1-424b-9868-57a2d4851a1d" relativeResultsDirectory="96b177ab-31c5-4c39-9444-15ebf68afdf3" />
    <UnitTestResult executionId="c9ea59fc-9429-4feb-a50f-cd9c6770921e" testId="f411a178-3bd1-71f7-f7ce-eaf2363e1395" testName="KooliProjekt.Application.UnitTests.Features.PruulimisLogiTests.Get_should_propagate_repository_exception" computerName="LAPTOP-D4AU3L2H" duration="00:00:00.0061005" startTime="2026-09-21T20:34:37.8807381+03:00" endTime="2026-09-21T20:34:37.8807382+03:00" testType="13cdc9d9-ddb5-4fa4-a97d-d965ccfc6d4b" outcome="Passed" testListId="8c84fa94-04c1-424b-9868-57a2d4851a1d" relativeResultsDirectory="c9ea59fc-9429-4feb-a50f-cd9c6770921e" />
    <UnitTestResult executionId="23c15d28-46d9-4921-8ab6-1bd43822b3d9" testId="9e397a69-ba47-c753-55ca-6579999f2ca5" testName="KooliProjekt.Application.UnitTests.Features.SaveMaitsmineCommandValidatorTests.Kommentaar_checks_length_boundary(length: 1, valid: True)" computerName="LAPTOP-D4AU3L2H" duration="00:00:00.0005838" startTime="2026-09-21T20:34:37.4467694+03:00" endTime="2026-09-21T20:34:37.4467695+03:00" testType="13cdc9d9-ddb5-4fa4-a97d-d965ccfc6d4b" outcome="Passed" testListId="8c84fa94-04c1-424b-9868-57a2d4851a1d" relativeResultsDirectory="23c15d28-46d9-4921-8ab6-1bd43822b3d9" />
    <UnitTestResult executionId="e5933be3-d0e4-4c8e-a99d-ae962e06daa8" testId="b8c0e74f-3c51-4f25-d9e2-d868e1c1931d" testName="KooliProjekt.Application.UnitTests.Features.PartiiFotoTests.Save_should_map_fields_and_return_saved_dto(id: 17)" computerName="LAPTOP-D4AU3L2H" duration="00:00:00.0030685" startTime="2026-09-21T20:34:37.8656883+03:00" endTime="2026-09-21T20:34:37.8656884+03:00" testType="13cdc9d9-ddb5-4fa4-a97d-d965ccfc6d4b" outcome="Passed" testListId="8c84fa94-04c1-424b-9868-57a2d4851a1d" relativeResultsDirectory="e5933be3-d0e4-4c8e-a99d-ae962e06daa8" />
    <UnitTestResult executionId="e2a34a7c-6eca-4b8a-b778-fcedc7d8ae16" testId="4946bd15-dd79-d2d9-fa50-2314fb128634" testName="KooliProjekt.Application.UnitTests.Features.SavePruulimisLogiCommandValidatorTests.Id_must_be_nonnegative(value: -1, valid: False)" computerName="LAPTOP-D4AU3L2H" duration="00:00:00.0001694" startTime="2026-09-21T20:34:37.4893035+03:00" endTime="2026-09-21T20:34:37.4893037+03:00" testType="13cdc9d9-ddb5-4fa4-a97d-d965ccfc6d4b" outcome="Passed" testListId="8c84fa94-04c1-424b-9868-57a2d4851a1d" relativeResultsDirectory="e2a34a7c-6eca-4b8a-b778-fcedc7d8ae16" />
    <UnitTestResult executionId="fab5cc87-0ed3-4e20-a416-eddad536e491" testId="6daa31f0-349a-883a-735c-112ff5f3e208" testName="KooliProjekt.Application.UnitTests.Features.SavePartiiCommandValidatorTests.Kirjeldus_checks_empty_values(value: null, valid: True)" computerName="LAPTOP-D4AU3L2H" duration="00:00:00.0000298" startTime="2026-09-21T20:34:37.4950370+03:00" endTime="2026-09-21T20:34:37.4950371+03:00" testType="13cdc9d9-ddb5-4fa4-a97d-d965ccfc6d4b" outcome="Passed" testListId="8c84fa94-04c1-424b-9868-57a2d4851a1d" relativeResultsDirectory="fab5cc87-0ed3-4e20-a416-eddad536e491" />
    <UnitTestResult executionId="e6e1576e-2aab-4aab-8dd2-0f1c55d6926c" testId="99cc23d4-dc55-7d87-40a0-74ae561dc49d" testName="KooliProjekt.Application.UnitTests.Features.SaveOluCommandValidatorTests.Nimi_checks_empty_values(value: null, valid: False)" computerName="LAPTOP-D4AU3L2H" duration="00:00:00.0002031" startTime="2026-09-21T20:34:37.5101959+03:00" endTime="2026-09-21T20:34:37.5101960+03:00" testType="13cdc9d9-ddb5-4fa4-a97d-d965ccfc6d4b" outcome="Passed" testListId="8c84fa94-04c1-424b-9868-57a2d4851a1d" relativeResultsDirectory="e6e1576e-2aab-4aab-8dd2-0f1c55d6926c" />
    <UnitTestResult executionId="1ada2fb2-c3d2-4e1a-bf7a-57b3292787f9" testId="c1e4f33e-1b21-a804-31b7-aae627dc206b" testName="KooliProjekt.Application.UnitTests.Features.PartiiFotoTests.Delete_should_succeed_when_entity_does_not_exist" computerName="LAPTOP-D4AU3L2H" duration="00:00:00.0013930" startTime="2026-09-21T20:34:37.9653908+03:00" endTime="2026-09-21T20:34:37.9653908+03:00" testType="13cdc9d9-ddb5-4fa4-a97d-d965ccfc6d4b" outcome="Passed" testListId="8c84fa94-04c1-424b-9868-57a2d4851a1d" relativeResultsDirectory="1ada2fb2-c3d2-4e1a-bf7a-57b3292787f9" />
    <UnitTestResult executionId="ebb7b18e-c4e9-4c68-9c5c-3bd47f13bfa3" testId="ff5743f4-901c-8b55-5a41-c3feebcf6cd3" testName="KooliProjekt.Application.UnitTests.Features.PartiiFotoTests.Save_should_return_validation_errors_without_repository_calls(id: 0)" computerName="LAPTOP-D4AU3L2H" duration="00:00:00.0004075" startTime="2026-09-21T20:34:37.9008803+03:00" endTime="2026-09-21T20:34:37.9008804+03:00" testType="13cdc9d9-ddb5-4fa4-a97d-d965ccfc6d4b" outcome="Passed" testListId="8c84fa94-04c1-424b-9868-57a2d4851a1d" relativeResultsDirectory="ebb7b18e-c4e9-4c68-9c5c-3bd47f13bfa3" />
    <UnitTestResult executionId="6c36bef8-ed7f-460d-9821-ef0fa1d1b6c0" testId="85610ac3-e9b5-6b98-65ee-1fd253baa275" testName="KooliProjekt.Application.UnitTests.Features.SavePartiiCommandValidatorTests.Tulemus_checks_empty_values(value: null, valid: True)" computerName="LAPTOP-D4AU3L2H" duration="00:00:00.0002576" startTime="2026-09-21T20:34:37.4644721+03:00" endTime="2026-09-21T20:34:37.4644722+03:00" testType="13cdc9d9-ddb5-4fa4-a97d-d965ccfc6d4b" outcome="Passed" testListId="8c84fa94-04c1-424b-9868-57a2d4851a1d" relativeResultsDirectory="6c36bef8-ed7f-460d-9821-ef0fa1d1b6c0" />
    <UnitTestResult executionId="fca7e673-3255-4008-a168-d7f857e4444d" testId="201756bf-9f53-9da8-a25f-7695649a06e5" testName="KooliProjekt.Application.UnitTests.Features.SaveOluCommandValidatorTests.Tuup_checks_empty_values(value: null, valid: True)" computerName="LAPTOP-D4AU3L2H" duration="00:00:00.0000590" startTime="2026-09-21T20:34:37.4806590+03:00" endTime="2026-09-21T20:34:37.4806590+03:00" testType="13cdc9d9-ddb5-4fa4-a97d-d965ccfc6d4b" outcome="Passed" testListId="8c84fa94-04c1-424b-9868-57a2d4851a1d" relativeResultsDirectory="fca7e673-3255-4008-a168-d7f857e4444d" />
    <UnitTestResult executionId="0fa897a9-8639-4e5c-8840-baae366f69de" testId="1b867575-b0f6-f93d-fc42-b5a7f721fbd7" testName="KooliProjekt.Application.UnitTests.Features.PartiiTests.List_should_throw_ArgumentException_when_page_is_invalid(page: -10)" computerName="LAPTOP-D4AU3L2H" duration="00:00:00.0012317" startTime="2026-09-21T20:34:37.9177683+03:00" endTime="2026-09-21T20:34:37.9177684+03:00" testType="13cdc9d9-ddb5-4fa4-a97d-d965ccfc6d4b" outcome="Passed" testListId="8c84fa94-04c1-424b-9868-57a2d4851a1d" relativeResultsDirectory="0fa897a9-8639-4e5c-8840-baae366f69de" />
[...]
    <TestEntry testId="c5c59c74-27b0-17cb-2c9c-8409369d9d16" executionId="e15c504d-5447-48f7-bca4-511ccbc7c3b2" testListId="8c84fa94-04c1-424b-9868-57a2d4851a1d" />
    <TestEntry testId="6eded2f7-cb6a-44f0-d7c5-99a501601dc9" executionId="7d039387-25da-4b28-b039-1750346634fd" testListId="8c84fa94-04c1-424b-9868-57a2d4851a1d" />
    <TestEntry testId="bd40b8b0-4ea4-24ea-af95-b775b7743639" executionId="25985149-033a-4600-895d-f8ef41e49ae6" testListId="8c84fa94-04c1-424b-9868-57a2d4851a1d" />
    <TestEntry testId="c0f75f1d-b6d7-d630-e35b-e8a895935067" executionId="bd9ee527-e833-489f-bca9-c68072f5e72a" testListId="8c84fa94-04c1-424b-9868-57a2d4851a1d" />
    <TestEntry testId="19b560ff-c7bb-afa2-d167-bf8399c780d5" executionId="e7238b31-b46c-4b06-815e-6fc554d70583" testListId="8c84fa94-04c1-424b-9868-57a2d4851a1d" />
    <TestEntry testId="3a1a547a-fb8e-7cac-16c1-7b52f7127aa2" executionId="00ad5ff2-d0d1-40d8-8cb6-b1df741194cd" testListId="8c84fa94-04c1-424b-9868-57a2d4851a1d" />
    <TestEntry testId="1242fc24-91b3-7393-8407-95cd3eb277eb" executionId="b20d1864-c3dc-4d45-a65c-327d0120fb97" testListId="8c84fa94-04c1-424b-9868-57a2d4851a1d" />
    <TestEntry testId="bddc5ef4-ff7f-fc29-c8d9-f29ce018ee70" executionId="f6e4e18a-03fb-4bf3-9a54-a6bff101d2d6" testListId="8c84fa94-04c1-424b-9868-57a2d4851a1d" />
    <TestEntry testId="d05c5ea5-3233-23f9-6c22-facf6da35047" executionId="a0e9658e-004d-4263-b0da-e603d7dc7fb8" testListId="8c84fa94-04c1-424b-9868-57a2d4851a1d" />
    <TestEntry testId="0b4b1bcd-c44e-582d-e21b-6833ce2e2c39" executionId="8bb14031-6ca1-4c54-a9d3-1b7964f41b68" testListId="8c84fa94-04c1-424b-9868-57a2d4851a1d" />
    <TestEntry testId="25e44f5c-37d9-d96a-c5fe-e6beebe6b191" executionId="5b1f723b-2d13-4f24-8c17-6502576e2c1c" testListId="8c84fa94-04c1-424b-9868-57a2d4851a1d" />
    <TestEntry testId="4aeda965-6e03-3d31-8b2c-f669d2ebeba2" executionId="2871ce8e-6ea8-440c-b3a5-246d30d27c4c" testListId="8c84fa94-04c1-424b-9868-57a2d4851a1d" />
    <TestEntry testId="13063da8-0cba-34df-bc70-c1e280dced2d" executionId="4f6f2bbf-0628-4378-ad64-cca2af93a4c1" testListId="8c84fa94-04c1-424b-9868-57a2d4851a1d" />
    <TestEntry testId="c30552e6-6b2f-a42f-6d7a-67a70e7a09a8" executionId="50a10c1f-8bcc-48a9-8ae9-3b811ad7a3d0" testListId="8c84fa94-04c1-424b-9868-57a2d4851a1d" />
    <TestEntry testId="d356d83b-53d2-2f69-55f2-374cca21f6fc" executionId="81e3878e-b866-4548-9dcf-04be5b3369d4" testListId="8c84fa94-04c1-424b-9868-57a2d4851a1d" />
    <TestEntry testId="e7c9ec37-146b-b9fd-4912-9eaf5728e850" executionId="86335afd-7471-43a4-b2da-2ccdbb494582" testListId="8c84fa94-04c1-424b-9868-57a2d4851a1d" />
    <TestEntry testId="db420a94-325e-b8cc-6994-eac676727eb0" executionId="a87d25a4-4601-4e00-ae8e-000264f43c77" testListId="8c84fa94-04c1-424b-9868-57a2d4851a1d" />
    <TestEntry testId="5a57a2f7-c450-1ea7-4100-8fdebf2cded6" executionId="8b734058-982a-43a6-b855-65d6f631a0f0" testListId="8c84fa94-04c1-424b-9868-57a2d4851a1d" />
    <TestEntry testId="b9b5ed6d-caf9-c998-b0bc-17d4260f440a" executionId="205be0bb-f472-4b55-b53d-3345e18ecddc" testListId="8c84fa94-04c1-424b-9868-57a2d4851a1d" />
    <TestEntry testId="336c9dc1-74f1-cb62-a3d4-7d10ae25c4bc" executionId="907bf84c-8cee-4843-bc9f-4b8efd3fdb84" testListId="8c84fa94-04c1-424b-9868-57a2d4851a1d" />
    <TestEntry testId="b247e94e-da62-7075-91c2-5cac48444523" executionId="1a59042d-f45c-47ff-97a5-2facfb8ba757" testListId="8c84fa94-04c1-424b-9868-57a2d4851a1d" />
    <TestEntry testId="550bf653-4328-df03-bbd4-a2d635b0d4ac" executionId="a339ae45-57dc-4913-8a9a-506c8b28b487" testListId="8c84fa94-04c1-424b-9868-57a2d4851a1d" />
    <TestEntry testId="9130ef79-e22c-5bf8-a267-d649fa7a5e28" executionId="f9cf04d2-a614-492b-89fb-7b03154c0d3f" testListId="8c84fa94-04c1-424b-9868-57a2d4851a1d" />
    <TestEntry testId="e57848b2-a950-f9a1-48ae-909d0bd474bd" executionId="be237029-ae17-462c-b9a7-0e30f6629e8b" testListId="8c84fa94-04c1-424b-9868-57a2d4851a1d" />
    <TestEntry testId="c20df486-c120-1a97-abbf-d3d7244d9a41" executionId="8e6252c6-3e0d-438f-8d67-3af1a065c2af" testListId="8c84fa94-04c1-424b-9868-57a2d4851a1d" />
    <TestEntry testId="b1c955a1-5184-4bd0-aed1-37cc0b89816e" executionId="fbc3c1fa-f152-42b9-b8b8-557297cccb3d" testListId="8c84fa94-04c1-424b-9868-57a2d4851a1d" />
    <TestEntry testId="80ae7a4c-b2f5-40f1-b0a8-99ca7ccb2c47" executionId="d4ec6166-8ada-428f-b91c-35401fe466df" testListId="8c84fa94-04c1-424b-9868-57a2d4851a1d" />
    <TestEntry testId="149122a4-710f-bfb0-cca2-ccf408966ad3" executionId="0b4ff15a-a38e-4882-a21c-ead3c7e4d414" testListId="8c84fa94-04c1-424b-9868-57a2d4851a1d" />
    <TestEntry testId="637fa7f1-6a09-b515-d5f9-426807845e7d" executionId="c47d3973-2c0a-4151-a7f9-31e2cb070241" testListId="8c84fa94-04c1-424b-9868-57a2d4851a1d" />
    <TestEntry testId="b4113b2a-ba7f-d9dc-1ea6-305db2c1049b" executionId="c65de3bd-14bc-4063-8e06-d9f3d35a1161" testListId="8c84fa94-04c1-424b-9868-57a2d4851a1d" />
    <TestEntry testId="5bdf7e21-3fcb-e117-9598-f890312314ec" executionId="51b02ea6-acf3-4f03-9a81-eb68d694f4e8" testListId="8c84fa94-04c1-424b-9868-57a2d4851a1d" />
    <TestEntry testId="74be7f98-a7e4-b325-fabe-8d54c43f4edb" executionId="69b98953-db92-496f-9d6f-883f0ad55fbc" testListId="8c84fa94-04c1-424b-9868-57a2d4851a1d" />
    <TestEntry testId="dcaf6f4f-a9d7-2720-106e-c953b91f8c44" executionId="09ccaa7e-f82e-4fa2-9e7a-8f0f1294dd76" testListId="8c84fa94-04c1-424b-9868-57a2d4851a1d" />
    <TestEntry testId="9eb8a0d2-7311-d45a-d6b9-1731062dd4c0" executionId="a5789560-07e4-4f09-b5e9-2488ad37c21c" testListId="8c84fa94-04c1-424b-9868-57a2d4851a1d" />
    <TestEntry testId="13ca5ee4-134a-66aa-1a65-b569f53d3e94" executionId="67ff8afb-3184-43cf-bd8e-359122a6169b" testListId="8c84fa94-04c1-424b-9868-57a2d4851a1d" />
    <TestEntry testId="79fe65e5-42a8-cc94-3f34-32af4d7a5aa9" executionId="f43bd5a4-d508-4bb7-a363-855cf8d7b872" testListId="8c84fa94-04c1-424b-9868-57a2d4851a1d" />
    <TestEntry testId="256c8bbb-0020-d718-53d7-7e694ace2d50" executionId="fa5c62fc-5940-4594-8916-f44f90707750" testListId="8c84fa94-04c1-424b-9868-57a2d4851a1d" />
    <TestEntry testId="735afef4-fc32-f784-ce8f-3f8d473c0a5f" executionId="a760b120-911a-471d-aff5-968d66fdc0a0" testListId="8c84fa94-04c1-424b-9868-57a2d4851a1d" />
    <TestEntry testId="690c10ca-5ea9-9b82-0540-f9cf3e6f1be4" executionId="d7fa907d-84ad-41b2-846a-3d499d560fa1" testListId="8c84fa94-04c1-424b-9868-57a2d4851a1d" />
    <TestEntry testId="588eefcf-a87e-73bc-66f1-d01f87c18f0c" executionId="3e136bad-d498-46f0-a254-514860e7877a" testListId="8c84fa94-04c1-424b-9868-57a2d4851a1d" />
    <TestEntry testId="a98adaea-d492-e36b-6764-c6c819b122d0" executionId="3f2726ae-6d9b-4813-af5b-5084582e44e6" testListId="8c84fa94-04c1-424b-9868-57a2d4851a1d" />
    <TestEntry testId="47af9d3b-2cae-827c-11f8-27e79682f476" executionId="119d5f83-276a-4da3-a17d-851de123f939" testListId="8c84fa94-04c1-424b-9868-57a2d4851a1d" />
    <TestEntry testId="42680f86-7765-7cd7-628b-f83b24e6ff12" executionId="34eff656-1a33-4cd4-95a2-486453810ec4" testListId="8c84fa94-04c1-424b-9868-57a2d4851a1d" />
    <TestEntry testId="b868c675-42d3-5cf9-34d0-1594b1e3b407" executionId="65c0f1a3-3a14-4340-b1fa-1b17018d4a8f" testListId="8c84fa94-04c1-424b-9868-57a2d4851a1d" />
    <TestEntry testId="26c76e9e-19cd-9bd3-aaf6-3744908e7a47" executionId="30f3d44d-6750-4550-a1f2-71571be93cef" testListId="8c84fa94-04c1-424b-9868-57a2d4851a1d" />
    <TestEntry testId="2d23b2b5-b30b-80f2-7e90-2c4670c1e3a2" executionId="1d82d47e-ca43-4683-971e-53985a811775" testListId="8c84fa94-04c1-424b-9868-57a2d4851a1d" />
    <TestEntry testId="db83ba3f-b8ce-478c-7770-e1fcada4a4fd" executionId="e36ab354-6dba-41a0-92af-6844df490eb7" testListId="8c84fa94-04c1-424b-9868-57a2d4851a1d" />
    <TestEntry testId="ecf4a7a1-5e72-4a88-1d53-bb65b2ce2fb0" executionId="1f667c86-20cc-4cef-b0ed-4694fcb94eeb" testListId="8c84fa94-04c1-424b-9868-57a2d4851a1d" />
    <TestEntry testId="6adfc5f1-b795-1d9b-cf2d-f05744636241" executionId="73dd69b6-8b08-4c23-b19e-4d07b4c50802" testListId="8c84fa94-04c1-424b-9868-57a2d4851a1d" />
    <TestEntry testId="6e072852-d6fa-9e33-ef13-7b28068dd74b" executionId="5d9a3dce-5dec-4aa3-92f4-e2627dc96669" testListId="8c84fa94-04c1-424b-9868-57a2d4851a1d" />
    <TestEntry testId="6cafe82f-2642-103f-3326-7a72f6e0e619" executionId="1bab7b57-7a35-4759-a064-e47e05d10a0b" testListId="8c84fa94-04c1-424b-9868-57a2d4851a1d" />
    <TestEntry testId="3951b66c-d150-81cb-9ce2-f9e90d99db1c" executionId="b8db4707-b67a-477c-9a67-66d9acb87d74" testListId="8c84fa94-04c1-424b-9868-57a2d4851a1d" />
    <TestEntry testId="efc5c0ec-89ab-ab86-afad-a1caeb2d6ea6" executionId="f7bcc65b-cb21-4a2b-93e8-5af2ecb2d5a1" testListId="8c84fa94-04c1-424b-9868-57a2d4851a1d" />
    <TestEntry testId="9c5470b9-b5d3-3718-67c5-adb61cc8574e" executionId="bb2126ac-b405-41a2-beda-b70dcccccbe1" testListId="8c84fa94-04c1-424b-9868-57a2d4851a1d" />
    <TestEntry testId="d9bb146a-2975-fb60-1aa6-88dbc991b0a6" executionId="b8e9a858-b0ae-477c-9075-f3fa909ca68e" testListId="8c84fa94-04c1-424b-9868-57a2d4851a1d" />
    <TestEntry testId="04d2e971-a794-5dd4-a974-f5f5562d22d6" executionId="5c973960-6c18-4901-a453-a419a855df92" testListId="8c84fa94-04c1-424b-9868-57a2d4851a1d" />
    <TestEntry testId="03ac8ab6-19bb-3b6b-cd8d-514fb3dd3d91" executionId="132262bd-7678-4b54-8fc0-7ef0e2d8cc7b" testListId="8c84fa94-04c1-424b-9868-57a2d4851a1d" />
    <TestEntry testId="ab26b175-e5f5-bb80-310d-09180d1c7df9" executionId="012c7745-da34-499a-8612-48249390f5d6" testListId="8c84fa94-04c1-424b-9868-57a2d4851a1d" />
    <TestEntry testId="70281cad-0b0c-ca0a-77a8-481c607f4b5a" executionId="3f4ba5e2-c688-4b95-a456-8c9e9503790d" testListId="8c84fa94-04c1-424b-9868-57a2d4851a1d" />
    <TestEntry testId="6026fd03-7b08-3065-91e0-b94186363b9f" executionId="b4823f10-d606-4750-9b6c-5ff3d834ba3d" testListId="8c84fa94-04c1-424b-9868-57a2d4851a1d" />
    <TestEntry testId="4822edc9-e145-c770-92bc-9fc69bc7ac9e" executionId="3984b944-f31c-4c5f-8cd9-27e14b055673" testListId="8c84fa94-04c1-424b-9868-57a2d4851a1d" />
    <TestEntry testId="cec22d98-de03-e7d0-03bd-62dd3268aab3" executionId="7a241616-6acb-40a1-a6c8-ce533418e771" testListId="8c84fa94-04c1-424b-9868-57a2d4851a1d" />
    <TestEntry testId="758c8ada-e9fe-0d4b-e9a7-eb5b0912bba1" executionId="234ddee0-3ca0-4e41-84db-9e73dbe52d8d" testListId="8c84fa94-04c1-424b-9868-57a2d4851a1d" />
    <TestEntry testId="dcc0d9fd-0b0b-c3cf-8421-90d2d4538b5b" executionId="f3ed9f3b-c61f-42d6-909d-46c80590dfc1" testListId="8c84fa94-04c1-424b-9868-57a2d4851a1d" />
    <TestEntry testId="256e7ce6-5184-7894-d9b2-cadf6393dda2" executionId="a9e954c6-b91a-4bb7-90f7-bff7f73a84b7" testListId="8c84fa94-04c1-424b-9868-57a2d4851a1d" />
    <TestEntry testId="2efd8a48-bb03-c447-4b95-bffb5fc5b35b" executionId="57d2eb0f-c662-4ed7-9373-84e7a526d0cb" testListId="8c84fa94-04c1-424b-9868-57a2d4851a1d" />
    <TestEntry testId="55246716-f2f5-fa74-b9ed-191b8007340b" executionId="995f0ca0-7fac-49c1-9b0c-e5230b6c151a" testListId="8c84fa94-04c1-424b-9868-57a2d4851a1d" />
    <TestEntry testId="b94ecb6e-592d-43d1-52a9-da130aef20f3" executionId="6d33c3ee-6b5d-4304-88bc-cfc03902c7ca" testListId="8c84fa94-04c1-424b-9868-57a2d4851a1d" />
    <TestEntry testId="eed31b2d-b748-c43e-2cbb-aac43eca067c" executionId="8a1dd37f-dd72-465e-811e-ba4678a502a8" testListId="8c84fa94-04c1-424b-9868-57a2d4851a1d" />
    <TestEntry testId="e91a5c90-23e5-6882-90ec-ddaf81ed6ef7" executionId="4588a0b8-bcc3-48d7-97b4-1447f126e2cf" testListId="8c84fa94-04c1-424b-9868-57a2d4851a1d" />
    <TestEntry testId="c37a7b85-7061-50a0-8ea8-b3dc635081c1" executionId="0ad8091f-686a-4952-8aad-653f449f675e" testListId="8c84fa94-04c1-424b-9868-57a2d4851a1d" />
    <TestEntry testId="843fce6a-7bc9-93ff-4a77-c6fd525aab6a" executionId="76fde82a-1361-46f7-8433-7db9e462718b" testListId="8c84fa94-04c1-424b-9868-57a2d4851a1d" />
    <TestEntry testId="b01033cd-2ae0-4494-f0c0-ae3cdb1dbaa0" executionId="8aada5af-45d9-468a-9b2f-10355babca10" testListId="8c84fa94-04c1-424b-9868-57a2d4851a1d" />
    <TestEntry testId="2caef3ef-6a3c-b5a9-33ea-75c52f4d11ac" executionId="b40f6c54-9b06-4f26-a57a-c0cef2769ef2" testListId="8c84fa94-04c1-424b-9868-57a2d4851a1d" />
    <TestEntry testId="cb9adffe-c409-b9ce-0aa2-5dbadce7b5b6" executionId="734c0274-3a6d-4957-96d6-3a63c010d6c7" testListId="8c84fa94-04c1-424b-9868-57a2d4851a1d" />
    <TestEntry testId="45911c1b-f250-e321-c05f-221279ea7cc5" executionId="d816dd67-abdf-4a94-b451-ebaf74fea1ad" testListId="8c84fa94-04c1-424b-9868-57a2d4851a1d" />
    <TestEntry testId="0ab395ce-e8ce-62f3-bc1b-87f8726260ef" executionId="76edfc07-c0c1-4c54-896a-7d7c6e4d032a" testListId="8c84fa94-04c1-424b-9868-57a2d4851a1d" />
    <TestEntry testId="4401f7b0-3155-9965-ebdf-81039e126bcf" executionId="4776b741-9d87-4d66-b37b-38b55e9cfc65" testListId="8c84fa94-04c1-424b-9868-57a2d4851a1d" />
    <TestEntry testId="cffb390b-da32-af60-c9a8-d38b33e9e068" executionId="537b03c4-bc87-4e74-9778-39a7d4c90b1f" testListId="8c84fa94-04c1-424b-9868-57a2d4851a1d" />
    <TestEntry testId="04263930-f953-0e5f-c730-7fe0ba6ac93b" executionId="b17302a3-4e45-4d03-9f82-498d2e3ef879" testListId="8c84fa94-04c1-424b-9868-57a2d4851a1d" />
    <TestEntry testId="6f64c3b2-52d3-75c2-2a72-d8b8d20e84a1" executionId="5e05d493-2dff-4af7-9e1f-7d6046ea809b" testListId="8c84fa94-04c1-424b-9868-57a2d4851a1d" />
    <TestEntry testId="fc0b504b-28e2-61da-e61d-8082ad51edbf" executionId="4d7e04ca-82e7-4910-b918-f92196dba92f" testListId="8c84fa94-04c1-424b-9868-57a2d4851a1d" />
    <TestEntry testId="c0ad2319-e830-2242-6c18-ee398396f2b5" executionId="b750961a-07c7-4414-9e29-6f08eb581aa6" testListId="8c84fa94-04c1-424b-9868-57a2d4851a1d" />
    <TestEntry testId="b1f6029c-849b-44d6-b5e7-f02787739bf5" executionId="b0500022-19d2-4eea-a40e-b6e6d72de187" testListId="8c84fa94-04c1-424b-9868-57a2d4851a1d" />
    <TestEntry testId="e7f0fbfd-c64a-71f3-16c6-29ee70700bd3" executionId="b243b0bf-f8eb-47b1-8bb6-75ee91b8b2ad" testListId="8c84fa94-04c1-424b-9868-57a2d4851a1d" />
    <TestEntry testId="e969194f-b5e3-76ea-12fd-87d5e8df8b78" executionId="3de8d808-0570-4e47-8ec3-5e23170bab64" testListId="8c84fa94-04c1-424b-9868-57a2d4851a1d" />
    <TestEntry testId="d6433a7d-d0c2-4ccb-f0ca-0ab0f0e12874" executionId="9cdb5643-55bd-4480-b0dd-fff92898056c" testListId="8c84fa94-04c1-424b-9868-57a2d4851a1d" />
    <TestEntry testId="9931ac34-9a4f-5b82-cc9b-142112b5cd0f" executionId="302c262f-ca24-4741-8d44-bfa0e885eaa3" testListId="8c84fa94-04c1-424b-9868-57a2d4851a1d" />
    <TestEntry testId="0de1eb5f-c592-aa51-325f-c50ec9649edb" executionId="803e4d3d-f4bc-4009-a1db-04d0c931def7" testListId="8c84fa94-04c1-424b-9868-57a2d4851a1d" />
    <TestEntry testId="51fa3c70-7eb8-acb9-dd29-deefccb066d0" executionId="3fc0422c-addd-4254-95fa-8cc68a580cad" testListId="8c84fa94-04c1-424b-9868-57a2d4851a1d" />
    <TestEntry testId="26c4d281-51d7-06fd-98fb-c4426e1fee11" executionId="a4388315-3e20-4ef2-acbc-d175003bc1cf" testListId="8c84fa94-04c1-424b-9868-57a2d4851a1d" />
    <TestEntry testId="8999a76f-b531-a9ab-1b01-7191d7c3e8a8" executionId="b0fbc540-a5f4-4bee-af83-f23bb57495f2" testListId="8c84fa94-04c1-424b-9868-57a2d4851a1d" />
    <TestEntry testId="6407b32c-234a-ad78-b4fd-ae136b711d9e" executionId="597d6a44-ea06-4f58-ab49-40892848ef5a" testListId="8c84fa94-04c1-424b-9868-57a2d4851a1d" />
    <TestEntry testId="f2031027-b5bc-5b6d-b45a-892137bc49fd" executionId="18fb165d-0425-4502-8c37-23ce33d03945" testListId="8c84fa94-04c1-424b-9868-57a2d4851a1d" />
    <TestEntry testId="e9218918-8668-54d3-d399-e6e88ac03073" executionId="db77052b-9950-4504-a59e-7404f7f4c923" testListId="8c84fa94-04c1-424b-9868-57a2d4851a1d" />
    <TestEntry testId="9aa4b03b-26df-3672-79dc-371f9e6af9da" executionId="e306ed03-1203-4899-8d1e-98489cb21e20" testListId="8c84fa94-04c1-424b-9868-57a2d4851a1d" />
    <TestEntry testId="382d37dc-486d-520a-e48f-0a9c6f3a6033" executionId="4d9499c7-b20a-4ce0-9468-cdd578d7e3af" testListId="8c84fa94-04c1-424b-9868-57a2d4851a1d" />
    <TestEntry testId="37969406-3cfb-a1a2-6303-1eb1b7f4b39d" executionId="5cdb80a5-330a-4091-a70b-0ce54860e852" testListId="8c84fa94-04c1-424b-9868-57a2d4851a1d" />
    <TestEntry testId="7f2abe29-8722-d6c5-35e4-453cda8fe0d8" executionId="e08d842b-0b59-4613-a5e9-9170219d5aae" testListId="8c84fa94-04c1-424b-9868-57a2d4851a1d" />
    <TestEntry testId="49b7d31e-bc12-b527-7098-64bc91b1e536" executionId="34ca5309-02f2-49f2-8269-0b000d4d82d4" testListId="8c84fa94-04c1-424b-9868-57a2d4851a1d" />
    <TestEntry testId="652a88f3-f53d-47ea-6858-ad7035fa9f3a" executionId="f6eea660-f03e-4c6b-83c0-71874e571ebd" testListId="8c84fa94-04c1-424b-9868-57a2d4851a1d" />
    <TestEntry testId="27095a81-e3d9-ced6-e0b0-de2581df44eb" executionId="7ac0bd1e-4197-41e9-8b5c-febd648cb24e" testListId="8c84fa94-04c1-424b-9868-57a2d4851a1d" />
    <TestEntry testId="9d8a5128-ef5b-e01a-95ac-1698e5d328df" executionId="0ecb987a-b689-4913-be4b-af78bd9a68a2" testListId="8c84fa94-04c1-424b-9868-57a2d4851a1d" />
    <TestEntry testId="d932c9c1-3286-0d54-1830-77e1f4353fed" executionId="02dd3664-0f0b-401b-bf62-10480b1c45ae" testListId="8c84fa94-04c1-424b-9868-57a2d4851a1d" />
    <TestEntry testId="b4634698-063b-19ba-4849-a03593da4316" executionId="e07a2b74-3c8f-4a2c-9b98-99c72669926b" testListId="8c84fa94-04c1-424b-9868-57a2d4851a1d" />
    <TestEntry testId="a1a988c6-5e79-1c34-3cdb-46595c0f8df6" executionId="c5ab2002-be05-4f83-a028-e95abad9d3d1" testListId="8c84fa94-04c1-424b-9868-57a2d4851a1d" />
    <TestEntry testId="88023bdd-373f-9c87-0376-feb46fdcb2cd" executionId="13941e66-4b33-4efc-abc7-49a8ce072ee1" testListId="8c84fa94-04c1-424b-9868-57a2d4851a1d" />
    <TestEntry testId="8e90b492-df0f-e6af-cccd-5e743c27507a" executionId="a3590301-f585-4537-82a5-8687217181ed" testListId="8c84fa94-04c1-424b-9868-57a2d4851a1d" />
    <TestEntry testId="ca9184af-eec7-e859-5ec1-10174848e8ce" executionId="03627c06-46f9-4ad2-ad59-1e7b258ab8b7" testListId="8c84fa94-04c1-424b-9868-57a2d4851a1d" />
    <TestEntry testId="0375cffa-e6df-9905-a958-5bafc1a35d34" executionId="6d92007b-b185-4041-8192-f351d1fda737" testListId="8c84fa94-04c1-424b-9868-57a2d4851a1d" />
    <TestEntry testId="8a4fd653-3aac-9946-c0cd-ce718f278509" executionId="5e2c3b8c-1f08-4770-9ff5-d46198903d92" testListId="8c84fa94-04c1-424b-9868-57a2d4851a1d" />
    <TestEntry testId="817526df-b492-1d96-627a-3ab90d4778fd" executionId="b9e57b13-3235-4feb-9b2a-94785f46d8c7" testListId="8c84fa94-04c1-424b-9868-57a2d4851a1d" />
    <TestEntry testId="4fc48307-a538-d660-a65b-ca023d71ac43" executionId="f8a94bf1-936f-4a71-9e34-81996b63ad0c" testListId="8c84fa94-04c1-424b-9868-57a2d4851a1d" />
  </TestEntries>
  <TestLists>
    <TestList name="Results Not in a List" id="8c84fa94-04c1-424b-9868-57a2d4851a1d" />
    <TestList name="All Loaded Results" id="19431567-8539-422a-85d7-44ee4e166bda" />
  </TestLists>
  <ResultSummary outcome="Completed">
    <Counters total="417" executed="417" passed="417" failed="0" error="0" timeout="0" aborted="0" inconclusive="0" passedButRunAborted="0" notRunnable="0" notExecuted="0" disconnected="0" warning="0" completed="0" inProgress="0" pending="0" />
    <Output>
      <StdOut>[xUnit.net 00:00:00.00] xUnit.net VSTest Adapter v2.4.5+1caef2f33e (64-bit .NET 9.0.16)&#xD;
[xUnit.net 00:00:01.24]   Discovering: KooliProjekt.UnitTests&#xD;
[xUnit.net 00:00:01.31]   Discovered:  KooliProjekt.UnitTests&#xD;
[xUnit.net 00:00:01.31]   Starting:    KooliProjekt.UnitTests&#xD;
[xUnit.net 00:00:01.97]   Finished:    KooliProjekt.UnitTests&#xD;
</StdOut>
    </Output>
    <CollectorDataEntries>
      <Collector agentName="LAPTOP-D4AU3L2H" uri="datacollector://microsoft/CoverletCodeCoverage/1.0" collectorDisplayName="XPlat code coverage">
        <UriAttachments>
          <UriAttachment>
            <A href="LAPTOP-D4AU3L2H\coverage.cobertura.xml"></A>
          </UriAttachment>
        </UriAttachments>
      </Collector>
    </CollectorDataEntries>
  </ResultSummary>
</TestRun>